{"D:\\Whisper_BackEnd\\src\\app.ts": {"path":"D:\\Whisper_BackEnd\\src\\app.ts","statementMap":{"0":{"start":{"line":1,"column":0},"end":{"line":1,"column":43}},"1":{"start":{"line":2,"column":0},"end":{"line":2,"column":28}},"2":{"start":{"line":3,"column":0},"end":{"line":3,"column":24}},"3":{"start":{"line":4,"column":0},"end":{"line":4,"column":24}},"4":{"start":{"line":5,"column":0},"end":{"line":5,"column":41}},"5":{"start":{"line":6,"column":0},"end":{"line":6,"column":47}},"6":{"start":{"line":7,"column":0},"end":{"line":7,"column":38}},"7":{"start":{"line":8,"column":0},"end":{"line":8,"column":48}},"8":{"start":{"line":9,"column":0},"end":{"line":9,"column":54}},"9":{"start":{"line":10,"column":0},"end":{"line":10,"column":57}},"10":{"start":{"line":11,"column":0},"end":{"line":11,"column":63}},"11":{"start":{"line":12,"column":0},"end":{"line":12,"column":75}},"12":{"start":{"line":13,"column":0},"end":{"line":13,"column":74}},"13":{"start":{"line":14,"column":0},"end":{"line":14,"column":47}},"14":{"start":{"line":15,"column":0},"end":{"line":15,"column":55}},"15":{"start":{"line":17,"column":0},"end":{"line":17,"column":16}},"16":{"start":{"line":19,"column":21},"end":{"line":19,"column":30}},"17":{"start":{"line":69,"column":17},"end":{"line":69,"column":20}},"18":{"start":{"line":20,"column":15},"end":{"line":20,"column":37}},"19":{"start":{"line":69,"column":9},"end":{"line":69,"column":15}},"20":{"start":{"line":22,"column":0},"end":{"line":34,"column":2}},"21":{"start":{"line":25,"column":12},"end":{"line":29,"column":13}},"22":{"start":{"line":26,"column":16},"end":{"line":26,"column":39}},"23":{"start":{"line":28,"column":16},"end":{"line":28,"column":36}},"24":{"start":{"line":36,"column":0},"end":{"line":36,"column":24}},"25":{"start":{"line":37,"column":0},"end":{"line":37,"column":48}},"26":{"start":{"line":38,"column":0},"end":{"line":38,"column":24}},"27":{"start":{"line":39,"column":0},"end":{"line":45,"column":2}},"28":{"start":{"line":46,"column":0},"end":{"line":46,"column":29}},"29":{"start":{"line":48,"column":0},"end":{"line":48,"column":28}},"30":{"start":{"line":49,"column":0},"end":{"line":49,"column":17}},"31":{"start":{"line":51,"column":0},"end":{"line":51,"column":22}},"32":{"start":{"line":53,"column":47},"end":{"line":53,"column":94}},"33":{"start":{"line":54,"column":46},"end":{"line":54,"column":98}},"34":{"start":{"line":54,"column":79},"end":{"line":54,"column":97}},"35":{"start":{"line":56,"column":17},"end":{"line":67,"column":2}},"36":{"start":{"line":56,"column":28},"end":{"line":67,"column":2}},"37":{"start":{"line":57,"column":4},"end":{"line":57,"column":35}},"38":{"start":{"line":58,"column":4},"end":{"line":58,"column":34}},"39":{"start":{"line":60,"column":4},"end":{"line":62,"column":5}},"40":{"start":{"line":61,"column":8},"end":{"line":61,"column":33}},"41":{"start":{"line":64,"column":4},"end":{"line":66,"column":5}},"42":{"start":{"line":65,"column":8},"end":{"line":65,"column":37}},"43":{"start":{"line":69,"column":22},"end":{"line":69,"column":30}}},"fnMap":{"0":{"name":"(anonymous_8)","decl":{"start":{"line":24,"column":16},"end":{"line":24,"column":26}},"loc":{"start":{"line":24,"column":42},"end":{"line":30,"column":9}}},"1":{"name":"(anonymous_9)","decl":{"start":{"line":54,"column":73},"end":{"line":54,"column":76}},"loc":{"start":{"line":54,"column":79},"end":{"line":54,"column":97}}},"2":{"name":"(anonymous_10)","decl":{"start":{"line":56,"column":17},"end":{"line":56,"column":26}},"loc":{"start":{"line":56,"column":28},"end":{"line":67,"column":2}}},"3":{"name":"(anonymous_11)","decl":{"start":{"line":56,"column":28},"end":{"line":56,"column":null}},"loc":{"start":{"line":56,"column":28},"end":{"line":67,"column":1}}}},"branchMap":{"0":{"loc":{"start":{"line":25,"column":12},"end":{"line":29,"column":13}},"type":"if","locations":[{"start":{"line":25,"column":12},"end":{"line":29,"column":13}},{"start":{"line":27,"column":19},"end":{"line":29,"column":13}}]},"1":{"loc":{"start":{"line":60,"column":4},"end":{"line":62,"column":5}},"type":"if","locations":[{"start":{"line":60,"column":4},"end":{"line":62,"column":5}}]},"2":{"loc":{"start":{"line":64,"column":4},"end":{"line":66,"column":5}},"type":"if","locations":[{"start":{"line":64,"column":4},"end":{"line":66,"column":5}}]}},"s":{"0":16,"1":16,"2":16,"3":16,"4":16,"5":16,"6":16,"7":16,"8":16,"9":16,"10":16,"11":16,"12":16,"13":16,"14":16,"15":16,"16":16,"17":16,"18":16,"19":16,"20":16,"21":62,"22":0,"23":62,"24":16,"25":16,"26":16,"27":16,"28":16,"29":16,"30":16,"31":16,"32":16,"33":16,"34":0,"35":16,"36":16,"37":16,"38":16,"39":16,"40":16,"41":16,"42":16,"43":16},"f":{"0":62,"1":0,"2":16,"3":16},"b":{"0":[0,62],"1":[16],"2":[16]}}
,"D:\\Whisper_BackEnd\\src\\@types\\redis.operation.ts": {"path":"D:\\Whisper_BackEnd\\src\\@types\\redis.operation.ts","statementMap":{"0":{"start":{"line":3,"column":0},"end":{"line":3,"column":null}},"1":{"start":{"line":4,"column":4},"end":{"line":4,"column":null}},"2":{"start":{"line":5,"column":4},"end":{"line":5,"column":null}},"3":{"start":{"line":6,"column":4},"end":{"line":6,"column":null}},"4":{"start":{"line":9,"column":0},"end":{"line":9,"column":30}}},"fnMap":{"0":{"name":"(anonymous_0)","decl":{"start":{"line":3,"column":0},"end":{"line":3,"column":5}},"loc":{"start":{"line":3,"column":19},"end":{"line":7,"column":1}}}},"branchMap":{"0":{"loc":{"start":{"line":3,"column":5},"end":{"line":3,"column":null}},"type":"binary-expr","locations":[{"start":{"line":3,"column":5},"end":{"line":3,"column":19}},{"start":{"line":3,"column":5},"end":{"line":3,"column":null}}]}},"s":{"0":53,"1":53,"2":53,"3":53,"4":53},"f":{"0":53},"b":{"0":[53,53]}}
,"D:\\Whisper_BackEnd\\src\\config\\constants.config.ts": {"path":"D:\\Whisper_BackEnd\\src\\config\\constants.config.ts","statementMap":{"0":{"start":{"line":1,"column":13},"end":{"line":1,"column":36}}},"fnMap":{},"branchMap":{},"s":{"0":16},"f":{},"b":{}}
,"D:\\Whisper_BackEnd\\src\\config\\email.config.ts": {"path":"D:\\Whisper_BackEnd\\src\\config\\email.config.ts","statementMap":{"0":{"start":{"line":1,"column":0},"end":{"line":1,"column":53}},"1":{"start":{"line":7,"column":33},"end":{"line":15,"column":2}},"2":{"start":{"line":17,"column":0},"end":{"line":17,"column":27}}},"fnMap":{},"branchMap":{},"s":{"0":52,"1":52,"2":52},"f":{},"b":{}}
,"D:\\Whisper_BackEnd\\src\\config\\google.config.ts": {"path":"D:\\Whisper_BackEnd\\src\\config\\google.config.ts","statementMap":{"0":{"start":{"line":1,"column":0},"end":{"line":1,"column":51}},"1":{"start":{"line":8,"column":28},"end":{"line":8,"column":69}},"2":{"start":{"line":12,"column":33},"end":{"line":15,"column":null}},"3":{"start":{"line":18,"column":0},"end":{"line":18,"column":26}}},"fnMap":{},"branchMap":{},"s":{"0":16,"1":16,"2":16,"3":16},"f":{},"b":{}}
,"D:\\Whisper_BackEnd\\src\\controllers\\auth\\confirmation.controller.ts": {"path":"D:\\Whisper_BackEnd\\src\\controllers\\auth\\confirmation.controller.ts","statementMap":{"0":{"start":{"line":2,"column":0},"end":{"line":2,"column":63}},"1":{"start":{"line":4,"column":0},"end":{"line":4,"column":57}},"2":{"start":{"line":5,"column":0},"end":{"line":5,"column":81}},"3":{"start":{"line":8,"column":0},"end":{"line":8,"column":46}},"4":{"start":{"line":9,"column":0},"end":{"line":9,"column":79}},"5":{"start":{"line":10,"column":0},"end":{"line":10,"column":61}},"6":{"start":{"line":11,"column":0},"end":{"line":11,"column":63}},"7":{"start":{"line":13,"column":26},"end":{"line":28,"column":2}},"8":{"start":{"line":13,"column":79},"end":{"line":28,"column":2}},"9":{"start":{"line":14,"column":16},"end":{"line":14,"column":30}},"10":{"start":{"line":15,"column":4},"end":{"line":15,"column":40}},"11":{"start":{"line":16,"column":4},"end":{"line":16,"column":25}},"12":{"start":{"line":18,"column":23},"end":{"line":18,"column":70}},"13":{"start":{"line":19,"column":17},"end":{"line":19,"column":81}},"14":{"start":{"line":21,"column":25},"end":{"line":21,"column":45}},"15":{"start":{"line":22,"column":22},"end":{"line":22,"column":132}},"16":{"start":{"line":23,"column":4},"end":{"line":23,"column":51}},"17":{"start":{"line":25,"column":4},"end":{"line":27,"column":7}},"18":{"start":{"line":56,"column":9},"end":{"line":56,"column":26}},"19":{"start":{"line":30,"column":21},"end":{"line":54,"column":2}},"20":{"start":{"line":30,"column":74},"end":{"line":54,"column":2}},"21":{"start":{"line":31,"column":26},"end":{"line":31,"column":60}},"22":{"start":{"line":32,"column":4},"end":{"line":32,"column":40}},"23":{"start":{"line":33,"column":4},"end":{"line":33,"column":24}},"24":{"start":{"line":35,"column":4},"end":{"line":35,"column":25}},"25":{"start":{"line":36,"column":4},"end":{"line":36,"column":23}},"26":{"start":{"line":38,"column":4},"end":{"line":38,"column":63}},"27":{"start":{"line":40,"column":23},"end":{"line":40,"column":76}},"28":{"start":{"line":41,"column":4},"end":{"line":42,"column":86}},"29":{"start":{"line":42,"column":8},"end":{"line":42,"column":86}},"30":{"start":{"line":44,"column":17},"end":{"line":44,"column":41}},"31":{"start":{"line":45,"column":49},"end":{"line":45,"column":53}},"32":{"start":{"line":45,"column":44},"end":{"line":45,"column":49}},"33":{"start":{"line":46,"column":30},"end":{"line":46,"column":59}},"34":{"start":{"line":47,"column":4},"end":{"line":47,"column":38}},"35":{"start":{"line":49,"column":4},"end":{"line":53,"column":7}},"36":{"start":{"line":56,"column":28},"end":{"line":56,"column":40}}},"fnMap":{"0":{"name":"(anonymous_9)","decl":{"start":{"line":13,"column":26},"end":{"line":13,"column":33}},"loc":{"start":{"line":13,"column":79},"end":{"line":28,"column":2}}},"1":{"name":"(anonymous_10)","decl":{"start":{"line":13,"column":79},"end":{"line":13,"column":null}},"loc":{"start":{"line":13,"column":79},"end":{"line":28,"column":1}}},"2":{"name":"(anonymous_11)","decl":{"start":{"line":30,"column":21},"end":{"line":30,"column":28}},"loc":{"start":{"line":30,"column":74},"end":{"line":54,"column":2}}},"3":{"name":"(anonymous_12)","decl":{"start":{"line":30,"column":74},"end":{"line":30,"column":null}},"loc":{"start":{"line":30,"column":74},"end":{"line":54,"column":1}}}},"branchMap":{"0":{"loc":{"start":{"line":15,"column":12},"end":{"line":15,"column":39}},"type":"cond-expr","locations":[{"start":{"line":15,"column":17},"end":{"line":15,"column":19}},{"start":{"line":15,"column":12},"end":{"line":15,"column":39}}]},"1":{"loc":{"start":{"line":15,"column":12},"end":{"line":15,"column":19}},"type":"binary-expr","locations":[{"start":{"line":15,"column":12},"end":{"line":15,"column":19}},{"start":{"line":15,"column":12},"end":{"line":15,"column":19}}]},"2":{"loc":{"start":{"line":32,"column":12},"end":{"line":32,"column":39}},"type":"cond-expr","locations":[{"start":{"line":32,"column":17},"end":{"line":32,"column":19}},{"start":{"line":32,"column":12},"end":{"line":32,"column":39}}]},"3":{"loc":{"start":{"line":32,"column":12},"end":{"line":32,"column":19}},"type":"binary-expr","locations":[{"start":{"line":32,"column":12},"end":{"line":32,"column":19}},{"start":{"line":32,"column":12},"end":{"line":32,"column":19}}]},"4":{"loc":{"start":{"line":33,"column":11},"end":{"line":33,"column":23}},"type":"cond-expr","locations":[{"start":{"line":33,"column":15},"end":{"line":33,"column":17}},{"start":{"line":33,"column":11},"end":{"line":33,"column":23}}]},"5":{"loc":{"start":{"line":33,"column":11},"end":{"line":33,"column":17}},"type":"binary-expr","locations":[{"start":{"line":33,"column":11},"end":{"line":33,"column":17}},{"start":{"line":33,"column":11},"end":{"line":33,"column":17}}]},"6":{"loc":{"start":{"line":41,"column":4},"end":{"line":42,"column":86}},"type":"if","locations":[{"start":{"line":41,"column":4},"end":{"line":42,"column":86}}]}},"s":{"0":16,"1":16,"2":16,"3":16,"4":16,"5":16,"6":16,"7":16,"8":0,"9":0,"10":0,"11":0,"12":0,"13":0,"14":0,"15":0,"16":0,"17":0,"18":16,"19":16,"20":0,"21":0,"22":0,"23":0,"24":0,"25":0,"26":0,"27":0,"28":0,"29":0,"30":0,"31":0,"32":0,"33":0,"34":0,"35":0,"36":16},"f":{"0":0,"1":0,"2":0,"3":0},"b":{"0":[0,0],"1":[0,0],"2":[0,0],"3":[0,0],"4":[0,0],"5":[0,0],"6":[0]}}
,"D:\\Whisper_BackEnd\\src\\controllers\\auth\\facebook.auth.controller.ts": {"path":"D:\\Whisper_BackEnd\\src\\controllers\\auth\\facebook.auth.controller.ts","statementMap":{"0":{"start":{"line":46,"column":9},"end":{"line":46,"column":21}},"1":{"start":{"line":2,"column":0},"end":{"line":2,"column":83}},"2":{"start":{"line":3,"column":0},"end":{"line":3,"column":73}},"3":{"start":{"line":4,"column":0},"end":{"line":4,"column":81}},"4":{"start":{"line":8,"column":4},"end":{"line":43,"column":5}},"5":{"start":{"line":9,"column":25},"end":{"line":9,"column":33}},"6":{"start":{"line":11,"column":8},"end":{"line":13,"column":9}},"7":{"start":{"line":12,"column":12},"end":{"line":12,"column":61}},"8":{"start":{"line":15,"column":28},"end":{"line":15,"column":54}},"9":{"start":{"line":17,"column":58},"end":{"line":17,"column":88}},"10":{"start":{"line":18,"column":8},"end":{"line":20,"column":9}},"11":{"start":{"line":19,"column":12},"end":{"line":19,"column":52}},"12":{"start":{"line":21,"column":8},"end":{"line":21,"column":30}},"13":{"start":{"line":22,"column":27},"end":{"line":22,"column":53}},"14":{"start":{"line":24,"column":26},"end":{"line":24,"column":55}},"15":{"start":{"line":25,"column":8},"end":{"line":25,"column":42}},"16":{"start":{"line":27,"column":8},"end":{"line":36,"column":11}},"17":{"start":{"line":38,"column":8},"end":{"line":38,"column":25}},"18":{"start":{"line":39,"column":8},"end":{"line":42,"column":11}}},"fnMap":{"0":{"name":"facebookAuth","decl":{"start":{"line":7,"column":15},"end":{"line":7,"column":27}},"loc":{"start":{"line":7,"column":55},"end":{"line":44,"column":null}}}},"branchMap":{"0":{"loc":{"start":{"line":11,"column":8},"end":{"line":13,"column":9}},"type":"if","locations":[{"start":{"line":11,"column":8},"end":{"line":13,"column":9}}]},"1":{"loc":{"start":{"line":18,"column":8},"end":{"line":20,"column":9}},"type":"if","locations":[{"start":{"line":18,"column":8},"end":{"line":20,"column":9}}]}},"s":{"0":16,"1":16,"2":16,"3":16,"4":0,"5":0,"6":0,"7":0,"8":0,"9":0,"10":0,"11":0,"12":0,"13":0,"14":0,"15":0,"16":0,"17":0,"18":0},"f":{"0":0},"b":{"0":[0],"1":[0]}}
,"D:\\Whisper_BackEnd\\src\\controllers\\auth\\github.auth.controller.ts": {"path":"D:\\Whisper_BackEnd\\src\\controllers\\auth\\github.auth.controller.ts","statementMap":{"0":{"start":{"line":41,"column":9},"end":{"line":41,"column":19}},"1":{"start":{"line":2,"column":0},"end":{"line":2,"column":81}},"2":{"start":{"line":3,"column":0},"end":{"line":3,"column":73}},"3":{"start":{"line":4,"column":0},"end":{"line":4,"column":81}},"4":{"start":{"line":8,"column":4},"end":{"line":38,"column":5}},"5":{"start":{"line":9,"column":33},"end":{"line":9,"column":46}},"6":{"start":{"line":10,"column":8},"end":{"line":12,"column":9}},"7":{"start":{"line":11,"column":12},"end":{"line":11,"column":62}},"8":{"start":{"line":14,"column":28},"end":{"line":14,"column":58}},"9":{"start":{"line":16,"column":58},"end":{"line":16,"column":88}},"10":{"start":{"line":17,"column":8},"end":{"line":19,"column":9}},"11":{"start":{"line":18,"column":12},"end":{"line":18,"column":54}},"12":{"start":{"line":21,"column":27},"end":{"line":21,"column":53}},"13":{"start":{"line":22,"column":53},"end":{"line":22,"column":57}},"14":{"start":{"line":22,"column":48},"end":{"line":22,"column":53}},"15":{"start":{"line":24,"column":26},"end":{"line":24,"column":55}},"16":{"start":{"line":25,"column":8},"end":{"line":25,"column":42}},"17":{"start":{"line":27,"column":8},"end":{"line":31,"column":11}},"18":{"start":{"line":33,"column":8},"end":{"line":33,"column":33}},"19":{"start":{"line":34,"column":8},"end":{"line":37,"column":11}}},"fnMap":{"0":{"name":"githubAuth","decl":{"start":{"line":7,"column":15},"end":{"line":7,"column":25}},"loc":{"start":{"line":7,"column":53},"end":{"line":39,"column":null}}}},"branchMap":{"0":{"loc":{"start":{"line":10,"column":8},"end":{"line":12,"column":9}},"type":"if","locations":[{"start":{"line":10,"column":8},"end":{"line":12,"column":9}}]},"1":{"loc":{"start":{"line":17,"column":8},"end":{"line":19,"column":9}},"type":"if","locations":[{"start":{"line":17,"column":8},"end":{"line":19,"column":9}}]}},"s":{"0":16,"1":16,"2":16,"3":16,"4":0,"5":0,"6":0,"7":0,"8":0,"9":0,"10":0,"11":0,"12":0,"13":0,"14":0,"15":0,"16":0,"17":0,"18":0,"19":0},"f":{"0":0},"b":{"0":[0],"1":[0]}}
,"D:\\Whisper_BackEnd\\src\\controllers\\auth\\google.auth.controller.ts": {"path":"D:\\Whisper_BackEnd\\src\\controllers\\auth\\google.auth.controller.ts","statementMap":{"0":{"start":{"line":2,"column":0},"end":{"line":2,"column":81}},"1":{"start":{"line":3,"column":0},"end":{"line":3,"column":73}},"2":{"start":{"line":4,"column":0},"end":{"line":4,"column":81}},"3":{"start":{"line":8,"column":4},"end":{"line":39,"column":5}},"4":{"start":{"line":9,"column":45},"end":{"line":9,"column":58}},"5":{"start":{"line":10,"column":8},"end":{"line":12,"column":9}},"6":{"start":{"line":11,"column":12},"end":{"line":11,"column":62}},"7":{"start":{"line":14,"column":28},"end":{"line":14,"column":58}},"8":{"start":{"line":16,"column":58},"end":{"line":16,"column":88}},"9":{"start":{"line":17,"column":8},"end":{"line":19,"column":9}},"10":{"start":{"line":18,"column":12},"end":{"line":18,"column":52}},"11":{"start":{"line":21,"column":27},"end":{"line":21,"column":53}},"12":{"start":{"line":22,"column":53},"end":{"line":22,"column":57}},"13":{"start":{"line":22,"column":48},"end":{"line":22,"column":53}},"14":{"start":{"line":24,"column":26},"end":{"line":24,"column":55}},"15":{"start":{"line":26,"column":8},"end":{"line":26,"column":42}},"16":{"start":{"line":28,"column":8},"end":{"line":32,"column":11}},"17":{"start":{"line":34,"column":8},"end":{"line":34,"column":33}},"18":{"start":{"line":35,"column":8},"end":{"line":38,"column":11}},"19":{"start":{"line":42,"column":0},"end":{"line":42,"column":26}}},"fnMap":{"0":{"name":"googleAuth","decl":{"start":{"line":7,"column":15},"end":{"line":7,"column":25}},"loc":{"start":{"line":7,"column":53},"end":{"line":40,"column":null}}}},"branchMap":{"0":{"loc":{"start":{"line":10,"column":8},"end":{"line":12,"column":9}},"type":"if","locations":[{"start":{"line":10,"column":8},"end":{"line":12,"column":9}}]},"1":{"loc":{"start":{"line":17,"column":8},"end":{"line":19,"column":9}},"type":"if","locations":[{"start":{"line":17,"column":8},"end":{"line":19,"column":9}}]}},"s":{"0":16,"1":16,"2":16,"3":0,"4":0,"5":0,"6":0,"7":0,"8":0,"9":0,"10":0,"11":0,"12":0,"13":0,"14":0,"15":0,"16":0,"17":0,"18":0,"19":16},"f":{"0":0},"b":{"0":[0],"1":[0]}}
,"D:\\Whisper_BackEnd\\src\\controllers\\auth\\login.controller.ts": {"path":"D:\\Whisper_BackEnd\\src\\controllers\\auth\\login.controller.ts","statementMap":{"0":{"start":{"line":2,"column":0},"end":{"line":2,"column":81}},"1":{"start":{"line":3,"column":0},"end":{"line":3,"column":87}},"2":{"start":{"line":4,"column":0},"end":{"line":4,"column":67}},"3":{"start":{"line":7,"column":14},"end":{"line":24,"column":2}},"4":{"start":{"line":7,"column":52},"end":{"line":24,"column":2}},"5":{"start":{"line":8,"column":4},"end":{"line":8,"column":58}},"6":{"start":{"line":9,"column":56},"end":{"line":9,"column":64}},"7":{"start":{"line":10,"column":4},"end":{"line":10,"column":25}},"8":{"start":{"line":11,"column":4},"end":{"line":11,"column":31}},"9":{"start":{"line":13,"column":17},"end":{"line":13,"column":47}},"10":{"start":{"line":14,"column":65},"end":{"line":14,"column":69}},"11":{"start":{"line":14,"column":60},"end":{"line":14,"column":65}},"12":{"start":{"line":15,"column":4},"end":{"line":15,"column":50}},"13":{"start":{"line":17,"column":22},"end":{"line":17,"column":51}},"14":{"start":{"line":18,"column":4},"end":{"line":18,"column":38}},"15":{"start":{"line":19,"column":4},"end":{"line":23,"column":7}},"16":{"start":{"line":26,"column":0},"end":{"line":26,"column":21}}},"fnMap":{"0":{"name":"(anonymous_8)","decl":{"start":{"line":7,"column":14},"end":{"line":7,"column":21}},"loc":{"start":{"line":7,"column":52},"end":{"line":24,"column":2}}},"1":{"name":"(anonymous_9)","decl":{"start":{"line":7,"column":52},"end":{"line":7,"column":null}},"loc":{"start":{"line":7,"column":52},"end":{"line":24,"column":1}}}},"branchMap":{"0":{"loc":{"start":{"line":8,"column":21},"end":{"line":8,"column":57}},"type":"cond-expr","locations":[{"start":{"line":8,"column":35},"end":{"line":8,"column":37}},{"start":{"line":8,"column":35},"end":{"line":8,"column":57}}]},"1":{"loc":{"start":{"line":8,"column":21},"end":{"line":8,"column":37}},"type":"binary-expr","locations":[{"start":{"line":8,"column":21},"end":{"line":8,"column":37}},{"start":{"line":8,"column":35},"end":{"line":8,"column":37}}]}},"s":{"0":16,"1":16,"2":16,"3":16,"4":2,"5":2,"6":2,"7":2,"8":1,"9":1,"10":1,"11":1,"12":1,"13":1,"14":1,"15":1,"16":16},"f":{"0":2,"1":2},"b":{"0":[0,2],"1":[2,2]}}
,"D:\\Whisper_BackEnd\\src\\controllers\\auth\\logout.controller.ts": {"path":"D:\\Whisper_BackEnd\\src\\controllers\\auth\\logout.controller.ts","statementMap":{"0":{"start":{"line":25,"column":9},"end":{"line":25,"column":18}},"1":{"start":{"line":25,"column":20},"end":{"line":25,"column":29}},"2":{"start":{"line":2,"column":0},"end":{"line":2,"column":64}},"3":{"start":{"line":3,"column":0},"end":{"line":3,"column":92}},"4":{"start":{"line":4,"column":0},"end":{"line":4,"column":56}},"5":{"start":{"line":7,"column":22},"end":{"line":7,"column":35}},"6":{"start":{"line":8,"column":4},"end":{"line":8,"column":49}},"7":{"start":{"line":9,"column":4},"end":{"line":9,"column":26}},"8":{"start":{"line":10,"column":4},"end":{"line":13,"column":7}},"9":{"start":{"line":17,"column":4},"end":{"line":17,"column":42}},"10":{"start":{"line":18,"column":4},"end":{"line":18,"column":26}},"11":{"start":{"line":19,"column":4},"end":{"line":22,"column":7}}},"fnMap":{"0":{"name":"logoutOne","decl":{"start":{"line":6,"column":15},"end":{"line":6,"column":24}},"loc":{"start":{"line":6,"column":52},"end":{"line":14,"column":null}}},"1":{"name":"logoutAll","decl":{"start":{"line":16,"column":15},"end":{"line":16,"column":24}},"loc":{"start":{"line":16,"column":52},"end":{"line":23,"column":null}}}},"branchMap":{},"s":{"0":16,"1":16,"2":16,"3":16,"4":16,"5":2,"6":2,"7":1,"8":1,"9":2,"10":2,"11":1},"f":{"0":2,"1":2},"b":{}}
,"D:\\Whisper_BackEnd\\src\\controllers\\auth\\reset.password.controller.ts": {"path":"D:\\Whisper_BackEnd\\src\\controllers\\auth\\reset.password.controller.ts","statementMap":{"0":{"start":{"line":60,"column":9},"end":{"line":60,"column":22}},"1":{"start":{"line":60,"column":24},"end":{"line":60,"column":37}},"2":{"start":{"line":3,"column":0},"end":{"line":3,"column":null}},"3":{"start":{"line":9,"column":0},"end":{"line":9,"column":70}},"4":{"start":{"line":10,"column":0},"end":{"line":10,"column":65}},"5":{"start":{"line":11,"column":0},"end":{"line":11,"column":79}},"6":{"start":{"line":12,"column":0},"end":{"line":12,"column":81}},"7":{"start":{"line":13,"column":0},"end":{"line":13,"column":57}},"8":{"start":{"line":16,"column":4},"end":{"line":16,"column":58}},"9":{"start":{"line":17,"column":22},"end":{"line":17,"column":56}},"10":{"start":{"line":18,"column":4},"end":{"line":18,"column":25}},"11":{"start":{"line":20,"column":4},"end":{"line":20,"column":35}},"12":{"start":{"line":22,"column":23},"end":{"line":22,"column":70}},"13":{"start":{"line":23,"column":17},"end":{"line":23,"column":82}},"14":{"start":{"line":25,"column":25},"end":{"line":25,"column":41}},"15":{"start":{"line":26,"column":22},"end":{"line":26,"column":101}},"16":{"start":{"line":27,"column":4},"end":{"line":27,"column":51}},"17":{"start":{"line":29,"column":4},"end":{"line":31,"column":7}},"18":{"start":{"line":35,"column":4},"end":{"line":35,"column":58}},"19":{"start":{"line":36,"column":4},"end":{"line":36,"column":42}},"20":{"start":{"line":37,"column":38},"end":{"line":37,"column":69}},"21":{"start":{"line":38,"column":4},"end":{"line":38,"column":25}},"22":{"start":{"line":39,"column":4},"end":{"line":39,"column":31}},"23":{"start":{"line":40,"column":4},"end":{"line":40,"column":64}},"24":{"start":{"line":41,"column":4},"end":{"line":41,"column":23}},"25":{"start":{"line":43,"column":4},"end":{"line":43,"column":35}},"26":{"start":{"line":45,"column":4},"end":{"line":45,"column":64}},"27":{"start":{"line":47,"column":23},"end":{"line":47,"column":60}},"28":{"start":{"line":48,"column":63},"end":{"line":48,"column":67}},"29":{"start":{"line":48,"column":58},"end":{"line":48,"column":63}},"30":{"start":{"line":50,"column":22},"end":{"line":50,"column":51}},"31":{"start":{"line":51,"column":4},"end":{"line":51,"column":38}},"32":{"start":{"line":53,"column":4},"end":{"line":57,"column":7}}},"fnMap":{"0":{"name":"sendResetCode","decl":{"start":{"line":15,"column":15},"end":{"line":15,"column":28}},"loc":{"start":{"line":15,"column":56},"end":{"line":32,"column":null}}},"1":{"name":"resetPassword","decl":{"start":{"line":34,"column":15},"end":{"line":34,"column":28}},"loc":{"start":{"line":34,"column":56},"end":{"line":58,"column":null}}}},"branchMap":{"0":{"loc":{"start":{"line":16,"column":21},"end":{"line":16,"column":57}},"type":"cond-expr","locations":[{"start":{"line":16,"column":35},"end":{"line":16,"column":37}},{"start":{"line":16,"column":35},"end":{"line":16,"column":57}}]},"1":{"loc":{"start":{"line":16,"column":21},"end":{"line":16,"column":37}},"type":"binary-expr","locations":[{"start":{"line":16,"column":21},"end":{"line":16,"column":37}},{"start":{"line":16,"column":35},"end":{"line":16,"column":37}}]},"2":{"loc":{"start":{"line":35,"column":21},"end":{"line":35,"column":57}},"type":"cond-expr","locations":[{"start":{"line":35,"column":35},"end":{"line":35,"column":37}},{"start":{"line":35,"column":35},"end":{"line":35,"column":57}}]},"3":{"loc":{"start":{"line":35,"column":21},"end":{"line":35,"column":37}},"type":"binary-expr","locations":[{"start":{"line":35,"column":21},"end":{"line":35,"column":37}},{"start":{"line":35,"column":35},"end":{"line":35,"column":37}}]},"4":{"loc":{"start":{"line":36,"column":20},"end":{"line":36,"column":41}},"type":"cond-expr","locations":[{"start":{"line":36,"column":33},"end":{"line":36,"column":35}},{"start":{"line":36,"column":33},"end":{"line":36,"column":41}}]},"5":{"loc":{"start":{"line":36,"column":20},"end":{"line":36,"column":35}},"type":"binary-expr","locations":[{"start":{"line":36,"column":20},"end":{"line":36,"column":35}},{"start":{"line":36,"column":33},"end":{"line":36,"column":35}}]}},"s":{"0":16,"1":16,"2":16,"3":16,"4":16,"5":16,"6":16,"7":16,"8":0,"9":0,"10":0,"11":0,"12":0,"13":0,"14":0,"15":0,"16":0,"17":0,"18":0,"19":0,"20":0,"21":0,"22":0,"23":0,"24":0,"25":0,"26":0,"27":0,"28":0,"29":0,"30":0,"31":0,"32":0},"f":{"0":0,"1":0},"b":{"0":[0,0],"1":[0,0],"2":[0,0],"3":[0,0],"4":[0,0],"5":[0,0]}}
,"D:\\Whisper_BackEnd\\src\\controllers\\auth\\signup.controller.ts": {"path":"D:\\Whisper_BackEnd\\src\\controllers\\auth\\signup.controller.ts","statementMap":{"0":{"start":{"line":2,"column":0},"end":{"line":2,"column":50}},"1":{"start":{"line":3,"column":0},"end":{"line":3,"column":79}},"2":{"start":{"line":4,"column":0},"end":{"line":4,"column":67}},"3":{"start":{"line":5,"column":0},"end":{"line":5,"column":57}},"4":{"start":{"line":6,"column":0},"end":{"line":6,"column":28}},"5":{"start":{"line":7,"column":0},"end":{"line":7,"column":72}},"6":{"start":{"line":9,"column":22},"end":{"line":13,"column":1}},"7":{"start":{"line":10,"column":4},"end":{"line":10,"column":50}},"8":{"start":{"line":11,"column":4},"end":{"line":11,"column":56}},"9":{"start":{"line":12,"column":4},"end":{"line":12,"column":48}},"10":{"start":{"line":14,"column":15},"end":{"line":46,"column":2}},"11":{"start":{"line":14,"column":68},"end":{"line":46,"column":2}},"12":{"start":{"line":15,"column":17},"end":{"line":15,"column":25}},"13":{"start":{"line":17,"column":4},"end":{"line":17,"column":24}},"14":{"start":{"line":18,"column":4},"end":{"line":18,"column":39}},"15":{"start":{"line":19,"column":4},"end":{"line":19,"column":55}},"16":{"start":{"line":21,"column":4},"end":{"line":21,"column":68}},"17":{"start":{"line":26,"column":23},"end":{"line":26,"column":70}},"18":{"start":{"line":27,"column":17},"end":{"line":27,"column":86}},"19":{"start":{"line":29,"column":25},"end":{"line":29,"column":45}},"20":{"start":{"line":30,"column":22},"end":{"line":30,"column":132}},"21":{"start":{"line":31,"column":4},"end":{"line":31,"column":56}},"22":{"start":{"line":33,"column":23},"end":{"line":33,"column":70}},"23":{"start":{"line":34,"column":59},"end":{"line":34,"column":63}},"24":{"start":{"line":34,"column":54},"end":{"line":34,"column":59}},"25":{"start":{"line":36,"column":4},"end":{"line":36,"column":71}},"26":{"start":{"line":37,"column":4},"end":{"line":37,"column":75}},"27":{"start":{"line":39,"column":4},"end":{"line":45,"column":7}},"28":{"start":{"line":48,"column":0},"end":{"line":48,"column":22}}},"fnMap":{"0":{"name":"(anonymous_15)","decl":{"start":{"line":9,"column":22},"end":{"line":9,"column":23}},"loc":{"start":{"line":9,"column":36},"end":{"line":13,"column":1}}},"1":{"name":"(anonymous_16)","decl":{"start":{"line":14,"column":15},"end":{"line":14,"column":22}},"loc":{"start":{"line":14,"column":68},"end":{"line":46,"column":2}}},"2":{"name":"(anonymous_17)","decl":{"start":{"line":14,"column":68},"end":{"line":14,"column":null}},"loc":{"start":{"line":14,"column":68},"end":{"line":46,"column":1}}}},"branchMap":{"0":{"loc":{"start":{"line":10,"column":17},"end":{"line":10,"column":49}},"type":"cond-expr","locations":[{"start":{"line":10,"column":27},"end":{"line":10,"column":29}},{"start":{"line":10,"column":27},"end":{"line":10,"column":49}}]},"1":{"loc":{"start":{"line":10,"column":17},"end":{"line":10,"column":29}},"type":"binary-expr","locations":[{"start":{"line":10,"column":17},"end":{"line":10,"column":29}},{"start":{"line":10,"column":27},"end":{"line":10,"column":29}}]},"2":{"loc":{"start":{"line":11,"column":20},"end":{"line":11,"column":55}},"type":"cond-expr","locations":[{"start":{"line":11,"column":33},"end":{"line":11,"column":35}},{"start":{"line":11,"column":33},"end":{"line":11,"column":55}}]},"3":{"loc":{"start":{"line":11,"column":20},"end":{"line":11,"column":35}},"type":"binary-expr","locations":[{"start":{"line":11,"column":20},"end":{"line":11,"column":35}},{"start":{"line":11,"column":33},"end":{"line":11,"column":35}}]},"4":{"loc":{"start":{"line":12,"column":23},"end":{"line":12,"column":47}},"type":"cond-expr","locations":[{"start":{"line":12,"column":39},"end":{"line":12,"column":41}},{"start":{"line":12,"column":39},"end":{"line":12,"column":47}}]},"5":{"loc":{"start":{"line":12,"column":23},"end":{"line":12,"column":41}},"type":"binary-expr","locations":[{"start":{"line":12,"column":23},"end":{"line":12,"column":41}},{"start":{"line":12,"column":39},"end":{"line":12,"column":41}}]}},"s":{"0":16,"1":16,"2":16,"3":16,"4":16,"5":16,"6":16,"7":0,"8":0,"9":0,"10":16,"11":0,"12":0,"13":0,"14":0,"15":0,"16":0,"17":0,"18":0,"19":0,"20":0,"21":0,"22":0,"23":0,"24":0,"25":0,"26":0,"27":0,"28":16},"f":{"0":0,"1":0,"2":0},"b":{"0":[0,0],"1":[0,0],"2":[0,0],"3":[0,0],"4":[0,0],"5":[0,0]}}
,"D:\\Whisper_BackEnd\\src\\controllers\\chat\\chat.participants.ts": {"path":"D:\\Whisper_BackEnd\\src\\controllers\\chat\\chat.participants.ts","statementMap":{"0":{"start":{"line":2,"column":0},"end":{"line":2,"column":61}},"1":{"start":{"line":3,"column":0},"end":{"line":3,"column":55}},"2":{"start":{"line":5,"column":36},"end":{"line":10,"column":2}},"3":{"start":{"line":5,"column":74},"end":{"line":10,"column":2}},"4":{"start":{"line":6,"column":19},"end":{"line":6,"column":44}},"5":{"start":{"line":7,"column":4},"end":{"line":7,"column":70}},"6":{"start":{"line":7,"column":63},"end":{"line":7,"column":70}},"7":{"start":{"line":8,"column":24},"end":{"line":8,"column":52}},"8":{"start":{"line":9,"column":4},"end":{"line":9,"column":38}},"9":{"start":{"line":5,"column":13},"end":{"line":5,"column":36}}},"fnMap":{"0":{"name":"(anonymous_7)","decl":{"start":{"line":5,"column":36},"end":{"line":5,"column":43}},"loc":{"start":{"line":5,"column":74},"end":{"line":10,"column":2}}},"1":{"name":"(anonymous_8)","decl":{"start":{"line":5,"column":74},"end":{"line":5,"column":null}},"loc":{"start":{"line":5,"column":74},"end":{"line":10,"column":1}}}},"branchMap":{"0":{"loc":{"start":{"line":7,"column":4},"end":{"line":7,"column":70}},"type":"if","locations":[{"start":{"line":7,"column":4},"end":{"line":7,"column":70}}]}},"s":{"0":16,"1":16,"2":16,"3":3,"4":3,"5":3,"6":2,"7":1,"8":1,"9":16},"f":{"0":3,"1":3},"b":{"0":[2]}}
,"D:\\Whisper_BackEnd\\src\\controllers\\chat\\create.chat.ts": {"path":"D:\\Whisper_BackEnd\\src\\controllers\\chat\\create.chat.ts","statementMap":{"0":{"start":{"line":1,"column":0},"end":{"line":1,"column":66}},"1":{"start":{"line":3,"column":0},"end":{"line":3,"column":55}},"2":{"start":{"line":5,"column":32},"end":{"line":19,"column":2}},"3":{"start":{"line":5,"column":93},"end":{"line":19,"column":2}},"4":{"start":{"line":6,"column":4},"end":{"line":18,"column":5}},"5":{"start":{"line":7,"column":8},"end":{"line":7,"column":49}},"6":{"start":{"line":8,"column":23},"end":{"line":8,"column":81}},"7":{"start":{"line":9,"column":22},"end":{"line":12,"column":null}},"8":{"start":{"line":10,"column":37},"end":{"line":12,"column":14}},"9":{"start":{"line":11,"column":16},"end":{"line":11,"column":71}},"10":{"start":{"line":14,"column":8},"end":{"line":14,"column":21}},"11":{"start":{"line":16,"column":8},"end":{"line":16,"column":37}},"12":{"start":{"line":17,"column":8},"end":{"line":17,"column":20}},"13":{"start":{"line":5,"column":13},"end":{"line":5,"column":32}}},"fnMap":{"0":{"name":"(anonymous_7)","decl":{"start":{"line":5,"column":32},"end":{"line":5,"column":39}},"loc":{"start":{"line":5,"column":93},"end":{"line":19,"column":2}}},"1":{"name":"(anonymous_8)","decl":{"start":{"line":5,"column":93},"end":{"line":5,"column":null}},"loc":{"start":{"line":5,"column":93},"end":{"line":19,"column":1}}},"2":{"name":"(anonymous_9)","decl":{"start":{"line":10,"column":22},"end":{"line":10,"column":29}},"loc":{"start":{"line":10,"column":37},"end":{"line":12,"column":14}}},"3":{"name":"(anonymous_10)","decl":{"start":{"line":10,"column":37},"end":{"line":10,"column":null}},"loc":{"start":{"line":10,"column":37},"end":{"line":12,"column":13}}}},"branchMap":{},"s":{"0":17,"1":17,"2":17,"3":4,"4":4,"5":4,"6":1,"7":1,"8":2,"9":2,"10":1,"11":3,"12":3,"13":17},"f":{"0":4,"1":4,"2":2,"3":2},"b":{}}
,"D:\\Whisper_BackEnd\\src\\controllers\\chat\\edit.chat.ts": {"path":"D:\\Whisper_BackEnd\\src\\controllers\\chat\\edit.chat.ts","statementMap":{"0":{"start":{"line":2,"column":0},"end":{"line":2,"column":67}},"1":{"start":{"line":3,"column":0},"end":{"line":3,"column":64}},"2":{"start":{"line":4,"column":0},"end":{"line":4,"column":55}},"3":{"start":{"line":6,"column":30},"end":{"line":14,"column":2}},"4":{"start":{"line":6,"column":68},"end":{"line":14,"column":2}},"5":{"start":{"line":7,"column":19},"end":{"line":7,"column":29}},"6":{"start":{"line":8,"column":19},"end":{"line":8,"column":44}},"7":{"start":{"line":9,"column":4},"end":{"line":9,"column":66}},"8":{"start":{"line":9,"column":59},"end":{"line":9,"column":66}},"9":{"start":{"line":10,"column":21},"end":{"line":10,"column":38}},"10":{"start":{"line":11,"column":4},"end":{"line":11,"column":35}},"11":{"start":{"line":12,"column":4},"end":{"line":12,"column":67}},"12":{"start":{"line":12,"column":18},"end":{"line":12,"column":67}},"13":{"start":{"line":13,"column":4},"end":{"line":13,"column":75}},"14":{"start":{"line":6,"column":13},"end":{"line":6,"column":30}},"15":{"start":{"line":16,"column":32},"end":{"line":23,"column":2}},"16":{"start":{"line":16,"column":70},"end":{"line":23,"column":2}},"17":{"start":{"line":17,"column":19},"end":{"line":17,"column":29}},"18":{"start":{"line":18,"column":19},"end":{"line":18,"column":44}},"19":{"start":{"line":19,"column":4},"end":{"line":19,"column":66}},"20":{"start":{"line":19,"column":59},"end":{"line":19,"column":66}},"21":{"start":{"line":21,"column":4},"end":{"line":21,"column":37}},"22":{"start":{"line":22,"column":4},"end":{"line":22,"column":77}},"23":{"start":{"line":16,"column":13},"end":{"line":16,"column":32}}},"fnMap":{"0":{"name":"(anonymous_7)","decl":{"start":{"line":6,"column":30},"end":{"line":6,"column":37}},"loc":{"start":{"line":6,"column":68},"end":{"line":14,"column":2}}},"1":{"name":"(anonymous_8)","decl":{"start":{"line":6,"column":68},"end":{"line":6,"column":null}},"loc":{"start":{"line":6,"column":68},"end":{"line":14,"column":1}}},"2":{"name":"(anonymous_9)","decl":{"start":{"line":16,"column":32},"end":{"line":16,"column":39}},"loc":{"start":{"line":16,"column":70},"end":{"line":23,"column":2}}},"3":{"name":"(anonymous_10)","decl":{"start":{"line":16,"column":70},"end":{"line":16,"column":null}},"loc":{"start":{"line":16,"column":70},"end":{"line":23,"column":1}}}},"branchMap":{"0":{"loc":{"start":{"line":9,"column":4},"end":{"line":9,"column":66}},"type":"if","locations":[{"start":{"line":9,"column":4},"end":{"line":9,"column":66}}]},"1":{"loc":{"start":{"line":12,"column":4},"end":{"line":12,"column":67}},"type":"if","locations":[{"start":{"line":12,"column":4},"end":{"line":12,"column":67}}]},"2":{"loc":{"start":{"line":19,"column":4},"end":{"line":19,"column":66}},"type":"if","locations":[{"start":{"line":19,"column":4},"end":{"line":19,"column":66}}]}},"s":{"0":16,"1":16,"2":16,"3":16,"4":3,"5":3,"6":3,"7":3,"8":1,"9":2,"10":2,"11":2,"12":1,"13":2,"14":16,"15":16,"16":2,"17":2,"18":2,"19":2,"20":1,"21":1,"22":1,"23":16},"f":{"0":3,"1":3,"2":2,"3":2},"b":{"0":[1],"1":[1],"2":[1]}}
,"D:\\Whisper_BackEnd\\src\\controllers\\chat\\encryption.ts": {"path":"D:\\Whisper_BackEnd\\src\\controllers\\chat\\encryption.ts","statementMap":{"0":{"start":{"line":2,"column":0},"end":{"line":2,"column":null}},"1":{"start":{"line":8,"column":0},"end":{"line":8,"column":55}},"2":{"start":{"line":10,"column":31},"end":{"line":15,"column":2}},"3":{"start":{"line":10,"column":69},"end":{"line":15,"column":2}},"4":{"start":{"line":11,"column":19},"end":{"line":11,"column":29}},"5":{"start":{"line":12,"column":16},"end":{"line":12,"column":28}},"6":{"start":{"line":13,"column":18},"end":{"line":13,"column":50}},"7":{"start":{"line":14,"column":4},"end":{"line":14,"column":32}},"8":{"start":{"line":10,"column":13},"end":{"line":10,"column":31}},"9":{"start":{"line":17,"column":28},"end":{"line":30,"column":2}},"10":{"start":{"line":17,"column":66},"end":{"line":30,"column":2}},"11":{"start":{"line":18,"column":22},"end":{"line":18,"column":37}},"12":{"start":{"line":19,"column":18},"end":{"line":19,"column":35}},"13":{"start":{"line":20,"column":4},"end":{"line":23,"column":5}},"14":{"start":{"line":21,"column":8},"end":{"line":21,"column":59}},"15":{"start":{"line":22,"column":8},"end":{"line":22,"column":15}},"16":{"start":{"line":24,"column":16},"end":{"line":24,"column":39}},"17":{"start":{"line":25,"column":4},"end":{"line":28,"column":5}},"18":{"start":{"line":26,"column":8},"end":{"line":26,"column":59}},"19":{"start":{"line":27,"column":8},"end":{"line":27,"column":15}},"20":{"start":{"line":29,"column":4},"end":{"line":29,"column":30}},"21":{"start":{"line":17,"column":13},"end":{"line":17,"column":28}},"22":{"start":{"line":32,"column":45},"end":{"line":44,"column":2}},"23":{"start":{"line":32,"column":83},"end":{"line":44,"column":2}},"24":{"start":{"line":33,"column":19},"end":{"line":33,"column":29}},"25":{"start":{"line":34,"column":19},"end":{"line":34,"column":44}},"26":{"start":{"line":35,"column":4},"end":{"line":35,"column":45}},"27":{"start":{"line":36,"column":22},"end":{"line":36,"column":37}},"28":{"start":{"line":37,"column":18},"end":{"line":37,"column":35}},"29":{"start":{"line":38,"column":4},"end":{"line":41,"column":5}},"30":{"start":{"line":39,"column":8},"end":{"line":39,"column":59}},"31":{"start":{"line":40,"column":8},"end":{"line":40,"column":15}},"32":{"start":{"line":42,"column":4},"end":{"line":42,"column":57}},"33":{"start":{"line":43,"column":4},"end":{"line":43,"column":56}},"34":{"start":{"line":32,"column":13},"end":{"line":32,"column":45}},"35":{"start":{"line":46,"column":37},"end":{"line":56,"column":2}},"36":{"start":{"line":46,"column":75},"end":{"line":56,"column":2}},"37":{"start":{"line":47,"column":19},"end":{"line":47,"column":29}},"38":{"start":{"line":48,"column":19},"end":{"line":48,"column":44}},"39":{"start":{"line":49,"column":4},"end":{"line":49,"column":45}},"40":{"start":{"line":50,"column":16},"end":{"line":50,"column":53}},"41":{"start":{"line":51,"column":4},"end":{"line":54,"column":5}},"42":{"start":{"line":52,"column":8},"end":{"line":52,"column":59}},"43":{"start":{"line":53,"column":8},"end":{"line":53,"column":15}},"44":{"start":{"line":55,"column":4},"end":{"line":55,"column":30}},"45":{"start":{"line":46,"column":13},"end":{"line":46,"column":37}}},"fnMap":{"0":{"name":"(anonymous_7)","decl":{"start":{"line":10,"column":31},"end":{"line":10,"column":38}},"loc":{"start":{"line":10,"column":69},"end":{"line":15,"column":2}}},"1":{"name":"(anonymous_8)","decl":{"start":{"line":10,"column":69},"end":{"line":10,"column":null}},"loc":{"start":{"line":10,"column":69},"end":{"line":15,"column":1}}},"2":{"name":"(anonymous_9)","decl":{"start":{"line":17,"column":28},"end":{"line":17,"column":35}},"loc":{"start":{"line":17,"column":66},"end":{"line":30,"column":2}}},"3":{"name":"(anonymous_10)","decl":{"start":{"line":17,"column":66},"end":{"line":17,"column":null}},"loc":{"start":{"line":17,"column":66},"end":{"line":30,"column":1}}},"4":{"name":"(anonymous_11)","decl":{"start":{"line":32,"column":45},"end":{"line":32,"column":52}},"loc":{"start":{"line":32,"column":83},"end":{"line":44,"column":2}}},"5":{"name":"(anonymous_12)","decl":{"start":{"line":32,"column":83},"end":{"line":32,"column":null}},"loc":{"start":{"line":32,"column":83},"end":{"line":44,"column":1}}},"6":{"name":"(anonymous_13)","decl":{"start":{"line":46,"column":37},"end":{"line":46,"column":44}},"loc":{"start":{"line":46,"column":75},"end":{"line":56,"column":2}}},"7":{"name":"(anonymous_14)","decl":{"start":{"line":46,"column":75},"end":{"line":46,"column":null}},"loc":{"start":{"line":46,"column":75},"end":{"line":56,"column":1}}}},"branchMap":{"0":{"loc":{"start":{"line":20,"column":4},"end":{"line":23,"column":5}},"type":"if","locations":[{"start":{"line":20,"column":4},"end":{"line":23,"column":5}}]},"1":{"loc":{"start":{"line":20,"column":8},"end":{"line":20,"column":34}},"type":"binary-expr","locations":[{"start":{"line":20,"column":8},"end":{"line":20,"column":18}},{"start":{"line":20,"column":22},"end":{"line":20,"column":34}}]},"2":{"loc":{"start":{"line":25,"column":4},"end":{"line":28,"column":5}},"type":"if","locations":[{"start":{"line":25,"column":4},"end":{"line":28,"column":5}}]},"3":{"loc":{"start":{"line":38,"column":4},"end":{"line":41,"column":5}},"type":"if","locations":[{"start":{"line":38,"column":4},"end":{"line":41,"column":5}}]},"4":{"loc":{"start":{"line":38,"column":8},"end":{"line":38,"column":34}},"type":"binary-expr","locations":[{"start":{"line":38,"column":8},"end":{"line":38,"column":18}},{"start":{"line":38,"column":22},"end":{"line":38,"column":34}}]},"5":{"loc":{"start":{"line":51,"column":4},"end":{"line":54,"column":5}},"type":"if","locations":[{"start":{"line":51,"column":4},"end":{"line":54,"column":5}}]}},"s":{"0":16,"1":16,"2":16,"3":1,"4":1,"5":1,"6":1,"7":1,"8":16,"9":16,"10":3,"11":3,"12":3,"13":3,"14":1,"15":1,"16":2,"17":2,"18":1,"19":1,"20":1,"21":16,"22":16,"23":2,"24":2,"25":2,"26":2,"27":2,"28":2,"29":2,"30":1,"31":1,"32":1,"33":1,"34":16,"35":16,"36":2,"37":2,"38":2,"39":2,"40":2,"41":2,"42":1,"43":1,"44":1,"45":16},"f":{"0":1,"1":1,"2":3,"3":3,"4":2,"5":2,"6":2,"7":2},"b":{"0":[1],"1":[3,3],"2":[1],"3":[1],"4":[2,2],"5":[1]}}
,"D:\\Whisper_BackEnd\\src\\controllers\\chat\\get.chats.ts": {"path":"D:\\Whisper_BackEnd\\src\\controllers\\chat\\get.chats.ts","statementMap":{"0":{"start":{"line":2,"column":0},"end":{"line":2,"column":64}},"1":{"start":{"line":5,"column":33},"end":{"line":25,"column":2}},"2":{"start":{"line":5,"column":71},"end":{"line":25,"column":2}},"3":{"start":{"line":6,"column":19},"end":{"line":6,"column":29}},"4":{"start":{"line":8,"column":20},"end":{"line":8,"column":25}},"5":{"start":{"line":9,"column":4},"end":{"line":10,"column":50}},"6":{"start":{"line":9,"column":43},"end":{"line":9,"column":61}},"7":{"start":{"line":10,"column":9},"end":{"line":10,"column":50}},"8":{"start":{"line":12,"column":34},"end":{"line":12,"column":39}},"9":{"start":{"line":13,"column":4},"end":{"line":14,"column":53}},"10":{"start":{"line":13,"column":39},"end":{"line":13,"column":53}},"11":{"start":{"line":14,"column":9},"end":{"line":14,"column":53}},"12":{"start":{"line":17,"column":24},"end":{"line":17,"column":29}},"13":{"start":{"line":18,"column":4},"end":{"line":19,"column":58}},"14":{"start":{"line":18,"column":47},"end":{"line":18,"column":68}},"15":{"start":{"line":19,"column":9},"end":{"line":19,"column":58}},"16":{"start":{"line":22,"column":26},"end":{"line":22,"column":49}},"17":{"start":{"line":23,"column":4},"end":{"line":23,"column":66}},"18":{"start":{"line":24,"column":4},"end":{"line":24,"column":32}},"19":{"start":{"line":5,"column":13},"end":{"line":5,"column":33}}},"fnMap":{"0":{"name":"(anonymous_7)","decl":{"start":{"line":5,"column":33},"end":{"line":5,"column":40}},"loc":{"start":{"line":5,"column":71},"end":{"line":25,"column":2}}},"1":{"name":"(anonymous_8)","decl":{"start":{"line":5,"column":71},"end":{"line":5,"column":null}},"loc":{"start":{"line":5,"column":71},"end":{"line":25,"column":1}}}},"branchMap":{"0":{"loc":{"start":{"line":9,"column":4},"end":{"line":10,"column":50}},"type":"if","locations":[{"start":{"line":9,"column":4},"end":{"line":10,"column":50}},{"start":{"line":10,"column":9},"end":{"line":10,"column":50}}]},"1":{"loc":{"start":{"line":13,"column":4},"end":{"line":14,"column":53}},"type":"if","locations":[{"start":{"line":13,"column":4},"end":{"line":14,"column":53}},{"start":{"line":14,"column":9},"end":{"line":14,"column":53}}]},"2":{"loc":{"start":{"line":18,"column":4},"end":{"line":19,"column":58}},"type":"if","locations":[{"start":{"line":18,"column":4},"end":{"line":19,"column":58}},{"start":{"line":19,"column":9},"end":{"line":19,"column":58}}]},"3":{"loc":{"start":{"line":22,"column":26},"end":{"line":22,"column":49}},"type":"cond-expr","locations":[{"start":{"line":22,"column":38},"end":{"line":22,"column":42}},{"start":{"line":22,"column":45},"end":{"line":22,"column":49}}]}},"s":{"0":16,"1":16,"2":6,"3":6,"4":6,"5":6,"6":5,"7":1,"8":6,"9":6,"10":5,"11":1,"12":6,"13":6,"14":5,"15":1,"16":6,"17":6,"18":6,"19":16},"f":{"0":6,"1":6},"b":{"0":[5,1],"1":[5,1],"2":[5,1],"3":[1,5]}}
,"D:\\Whisper_BackEnd\\src\\controllers\\media\\blob.controller.ts": {"path":"D:\\Whisper_BackEnd\\src\\controllers\\media\\blob.controller.ts","statementMap":{"0":{"start":{"line":2,"column":0},"end":{"line":2,"column":63}},"1":{"start":{"line":3,"column":0},"end":{"line":3,"column":64}},"2":{"start":{"line":5,"column":18},"end":{"line":21,"column":2}},"3":{"start":{"line":5,"column":56},"end":{"line":21,"column":2}},"4":{"start":{"line":6,"column":4},"end":{"line":20,"column":5}},"5":{"start":{"line":7,"column":30},"end":{"line":7,"column":52}},"6":{"start":{"line":8,"column":23},"end":{"line":8,"column":33}},"7":{"start":{"line":9,"column":25},"end":{"line":9,"column":66}},"8":{"start":{"line":10,"column":8},"end":{"line":12,"column":9}},"9":{"start":{"line":11,"column":12},"end":{"line":11,"column":39}},"10":{"start":{"line":13,"column":29},"end":{"line":13,"column":69}},"11":{"start":{"line":16,"column":8},"end":{"line":16,"column":45}},"12":{"start":{"line":18,"column":8},"end":{"line":18,"column":64}},"13":{"start":{"line":19,"column":8},"end":{"line":19,"column":64}},"14":{"start":{"line":35,"column":9},"end":{"line":35,"column":18}},"15":{"start":{"line":23,"column":17},"end":{"line":33,"column":2}},"16":{"start":{"line":23,"column":55},"end":{"line":33,"column":2}},"17":{"start":{"line":25,"column":21},"end":{"line":25,"column":38}},"18":{"start":{"line":26,"column":4},"end":{"line":32,"column":5}},"19":{"start":{"line":27,"column":29},"end":{"line":27,"column":68}},"20":{"start":{"line":28,"column":8},"end":{"line":28,"column":35}},"21":{"start":{"line":30,"column":8},"end":{"line":30,"column":64}},"22":{"start":{"line":31,"column":8},"end":{"line":31,"column":64}},"23":{"start":{"line":35,"column":20},"end":{"line":35,"column":28}}},"fnMap":{"0":{"name":"(anonymous_7)","decl":{"start":{"line":5,"column":18},"end":{"line":5,"column":25}},"loc":{"start":{"line":5,"column":56},"end":{"line":21,"column":2}}},"1":{"name":"(anonymous_8)","decl":{"start":{"line":5,"column":56},"end":{"line":5,"column":null}},"loc":{"start":{"line":5,"column":56},"end":{"line":21,"column":1}}},"2":{"name":"(anonymous_9)","decl":{"start":{"line":23,"column":17},"end":{"line":23,"column":24}},"loc":{"start":{"line":23,"column":55},"end":{"line":33,"column":2}}},"3":{"name":"(anonymous_10)","decl":{"start":{"line":23,"column":55},"end":{"line":23,"column":null}},"loc":{"start":{"line":23,"column":55},"end":{"line":33,"column":1}}}},"branchMap":{"0":{"loc":{"start":{"line":10,"column":8},"end":{"line":12,"column":9}},"type":"if","locations":[{"start":{"line":10,"column":8},"end":{"line":12,"column":9}}]}},"s":{"0":16,"1":16,"2":16,"3":0,"4":0,"5":0,"6":0,"7":0,"8":0,"9":0,"10":0,"11":0,"12":0,"13":0,"14":16,"15":16,"16":0,"17":0,"18":0,"19":0,"20":0,"21":0,"22":0,"23":16},"f":{"0":0,"1":0,"2":0,"3":0},"b":{"0":[0]}}
,"D:\\Whisper_BackEnd\\src\\controllers\\messages\\delete.message.ts": {"path":"D:\\Whisper_BackEnd\\src\\controllers\\messages\\delete.message.ts","statementMap":{"0":{"start":{"line":2,"column":0},"end":{"line":2,"column":93}},"1":{"start":{"line":3,"column":0},"end":{"line":3,"column":64}},"2":{"start":{"line":5,"column":44},"end":{"line":12,"column":2}},"3":{"start":{"line":5,"column":82},"end":{"line":12,"column":2}},"4":{"start":{"line":6,"column":19},"end":{"line":6,"column":29}},"5":{"start":{"line":7,"column":16},"end":{"line":7,"column":63}},"6":{"start":{"line":8,"column":19},"end":{"line":8,"column":44}},"7":{"start":{"line":9,"column":4},"end":{"line":9,"column":45}},"8":{"start":{"line":10,"column":4},"end":{"line":10,"column":36}},"9":{"start":{"line":11,"column":4},"end":{"line":11,"column":71}},"10":{"start":{"line":5,"column":13},"end":{"line":5,"column":44}},"11":{"start":{"line":14,"column":41},"end":{"line":21,"column":2}},"12":{"start":{"line":14,"column":81},"end":{"line":21,"column":2}},"13":{"start":{"line":15,"column":4},"end":{"line":20,"column":5}},"14":{"start":{"line":16,"column":8},"end":{"line":16,"column":40}},"15":{"start":{"line":17,"column":8},"end":{"line":17,"column":40}},"16":{"start":{"line":19,"column":8},"end":{"line":19,"column":56}},"17":{"start":{"line":14,"column":13},"end":{"line":14,"column":41}},"18":{"start":{"line":23,"column":0},"end":{"line":23,"column":41}}},"fnMap":{"0":{"name":"(anonymous_7)","decl":{"start":{"line":5,"column":44},"end":{"line":5,"column":51}},"loc":{"start":{"line":5,"column":82},"end":{"line":12,"column":2}}},"1":{"name":"(anonymous_8)","decl":{"start":{"line":5,"column":82},"end":{"line":5,"column":null}},"loc":{"start":{"line":5,"column":82},"end":{"line":12,"column":1}}},"2":{"name":"(anonymous_9)","decl":{"start":{"line":14,"column":41},"end":{"line":14,"column":48}},"loc":{"start":{"line":14,"column":81},"end":{"line":21,"column":2}}},"3":{"name":"(anonymous_10)","decl":{"start":{"line":14,"column":81},"end":{"line":14,"column":null}},"loc":{"start":{"line":14,"column":81},"end":{"line":21,"column":1}}}},"branchMap":{},"s":{"0":16,"1":16,"2":16,"3":0,"4":0,"5":0,"6":0,"7":0,"8":0,"9":0,"10":16,"11":16,"12":0,"13":0,"14":0,"15":0,"16":0,"17":16,"18":16},"f":{"0":0,"1":0,"2":0,"3":0},"b":{}}
,"D:\\Whisper_BackEnd\\src\\controllers\\messages\\draft.message.ts": {"path":"D:\\Whisper_BackEnd\\src\\controllers\\messages\\draft.message.ts","statementMap":{"0":{"start":{"line":2,"column":0},"end":{"line":2,"column":97}},"1":{"start":{"line":4,"column":0},"end":{"line":4,"column":55}},"2":{"start":{"line":6,"column":34},"end":{"line":12,"column":2}},"3":{"start":{"line":6,"column":72},"end":{"line":12,"column":2}},"4":{"start":{"line":7,"column":19},"end":{"line":7,"column":29}},"5":{"start":{"line":8,"column":19},"end":{"line":8,"column":44}},"6":{"start":{"line":9,"column":34},"end":{"line":9,"column":42}},"7":{"start":{"line":10,"column":4},"end":{"line":10,"column":48}},"8":{"start":{"line":11,"column":4},"end":{"line":11,"column":57}},"9":{"start":{"line":6,"column":13},"end":{"line":6,"column":34}},"10":{"start":{"line":14,"column":39},"end":{"line":24,"column":2}},"11":{"start":{"line":14,"column":77},"end":{"line":24,"column":2}},"12":{"start":{"line":15,"column":19},"end":{"line":15,"column":29}},"13":{"start":{"line":16,"column":19},"end":{"line":16,"column":44}},"14":{"start":{"line":17,"column":19},"end":{"line":17,"column":58}},"15":{"start":{"line":18,"column":4},"end":{"line":21,"column":5}},"16":{"start":{"line":19,"column":8},"end":{"line":19,"column":70}},"17":{"start":{"line":20,"column":8},"end":{"line":20,"column":15}},"18":{"start":{"line":22,"column":27},"end":{"line":22,"column":76}},"19":{"start":{"line":23,"column":4},"end":{"line":23,"column":41}},"20":{"start":{"line":14,"column":13},"end":{"line":14,"column":39}},"21":{"start":{"line":26,"column":36},"end":{"line":31,"column":2}},"22":{"start":{"line":26,"column":74},"end":{"line":31,"column":2}},"23":{"start":{"line":27,"column":19},"end":{"line":27,"column":29}},"24":{"start":{"line":28,"column":19},"end":{"line":28,"column":44}},"25":{"start":{"line":29,"column":4},"end":{"line":29,"column":41}},"26":{"start":{"line":30,"column":4},"end":{"line":30,"column":59}},"27":{"start":{"line":26,"column":13},"end":{"line":26,"column":36}}},"fnMap":{"0":{"name":"(anonymous_7)","decl":{"start":{"line":6,"column":34},"end":{"line":6,"column":41}},"loc":{"start":{"line":6,"column":72},"end":{"line":12,"column":2}}},"1":{"name":"(anonymous_8)","decl":{"start":{"line":6,"column":72},"end":{"line":6,"column":null}},"loc":{"start":{"line":6,"column":72},"end":{"line":12,"column":1}}},"2":{"name":"(anonymous_9)","decl":{"start":{"line":14,"column":39},"end":{"line":14,"column":46}},"loc":{"start":{"line":14,"column":77},"end":{"line":24,"column":2}}},"3":{"name":"(anonymous_10)","decl":{"start":{"line":14,"column":77},"end":{"line":14,"column":null}},"loc":{"start":{"line":14,"column":77},"end":{"line":24,"column":1}}},"4":{"name":"(anonymous_11)","decl":{"start":{"line":26,"column":36},"end":{"line":26,"column":43}},"loc":{"start":{"line":26,"column":74},"end":{"line":31,"column":2}}},"5":{"name":"(anonymous_12)","decl":{"start":{"line":26,"column":74},"end":{"line":26,"column":null}},"loc":{"start":{"line":26,"column":74},"end":{"line":31,"column":1}}}},"branchMap":{"0":{"loc":{"start":{"line":18,"column":4},"end":{"line":21,"column":5}},"type":"if","locations":[{"start":{"line":18,"column":4},"end":{"line":21,"column":5}}]},"1":{"loc":{"start":{"line":18,"column":8},"end":{"line":18,"column":46}},"type":"binary-expr","locations":[{"start":{"line":18,"column":8},"end":{"line":18,"column":15}},{"start":{"line":18,"column":19},"end":{"line":18,"column":46}}]},"2":{"loc":{"start":{"line":18,"column":19},"end":{"line":18,"column":39}},"type":"cond-expr","locations":[{"start":{"line":18,"column":25},"end":{"line":18,"column":27}},{"start":{"line":18,"column":19},"end":{"line":18,"column":39}}]},"3":{"loc":{"start":{"line":18,"column":19},"end":{"line":18,"column":27}},"type":"binary-expr","locations":[{"start":{"line":18,"column":19},"end":{"line":18,"column":27}},{"start":{"line":18,"column":19},"end":{"line":18,"column":27}}]}},"s":{"0":16,"1":16,"2":16,"3":0,"4":0,"5":0,"6":0,"7":0,"8":0,"9":16,"10":16,"11":0,"12":0,"13":0,"14":0,"15":0,"16":0,"17":0,"18":0,"19":0,"20":16,"21":16,"22":0,"23":0,"24":0,"25":0,"26":0,"27":16},"f":{"0":0,"1":0,"2":0,"3":0,"4":0,"5":0},"b":{"0":[0],"1":[0,0],"2":[0,0],"3":[0,0]}}
,"D:\\Whisper_BackEnd\\src\\controllers\\messages\\edit.message.ts": {"path":"D:\\Whisper_BackEnd\\src\\controllers\\messages\\edit.message.ts","statementMap":{"0":{"start":{"line":2,"column":0},"end":{"line":2,"column":null}},"1":{"start":{"line":13,"column":38},"end":{"line":22,"column":2}},"2":{"start":{"line":13,"column":76},"end":{"line":22,"column":2}},"3":{"start":{"line":14,"column":19},"end":{"line":14,"column":29}},"4":{"start":{"line":15,"column":22},"end":{"line":15,"column":50}},"5":{"start":{"line":16,"column":26},"end":{"line":16,"column":67}},"6":{"start":{"line":17,"column":4},"end":{"line":20,"column":5}},"7":{"start":{"line":18,"column":8},"end":{"line":18,"column":63}},"8":{"start":{"line":19,"column":8},"end":{"line":19,"column":15}},"9":{"start":{"line":21,"column":4},"end":{"line":21,"column":40}},"10":{"start":{"line":13,"column":13},"end":{"line":13,"column":38}},"11":{"start":{"line":24,"column":33},"end":{"line":32,"column":2}},"12":{"start":{"line":24,"column":78},"end":{"line":32,"column":2}},"13":{"start":{"line":25,"column":4},"end":{"line":31,"column":5}},"14":{"start":{"line":26,"column":30},"end":{"line":26,"column":67}},"15":{"start":{"line":27,"column":8},"end":{"line":27,"column":72}},"16":{"start":{"line":29,"column":8},"end":{"line":29,"column":29}},"17":{"start":{"line":30,"column":8},"end":{"line":30,"column":20}},"18":{"start":{"line":24,"column":13},"end":{"line":24,"column":33}},"19":{"start":{"line":34,"column":32},"end":{"line":42,"column":2}},"20":{"start":{"line":34,"column":84},"end":{"line":42,"column":2}},"21":{"start":{"line":35,"column":4},"end":{"line":41,"column":5}},"22":{"start":{"line":36,"column":30},"end":{"line":36,"column":57}},"23":{"start":{"line":37,"column":8},"end":{"line":37,"column":32}},"24":{"start":{"line":39,"column":8},"end":{"line":39,"column":29}},"25":{"start":{"line":40,"column":8},"end":{"line":40,"column":20}},"26":{"start":{"line":34,"column":13},"end":{"line":34,"column":32}},"27":{"start":{"line":44,"column":34},"end":{"line":52,"column":2}},"28":{"start":{"line":44,"column":86},"end":{"line":52,"column":2}},"29":{"start":{"line":45,"column":4},"end":{"line":51,"column":5}},"30":{"start":{"line":46,"column":32},"end":{"line":46,"column":61}},"31":{"start":{"line":47,"column":8},"end":{"line":47,"column":34}},"32":{"start":{"line":49,"column":8},"end":{"line":49,"column":29}},"33":{"start":{"line":50,"column":8},"end":{"line":50,"column":20}},"34":{"start":{"line":44,"column":13},"end":{"line":44,"column":34}},"35":{"start":{"line":54,"column":40},"end":{"line":61,"column":2}},"36":{"start":{"line":54,"column":65},"end":{"line":61,"column":2}},"37":{"start":{"line":55,"column":4},"end":{"line":60,"column":5}},"38":{"start":{"line":56,"column":8},"end":{"line":56,"column":48}},"39":{"start":{"line":58,"column":8},"end":{"line":58,"column":29}},"40":{"start":{"line":59,"column":8},"end":{"line":59,"column":20}},"41":{"start":{"line":54,"column":13},"end":{"line":54,"column":40}},"42":{"start":{"line":63,"column":36},"end":{"line":70,"column":2}},"43":{"start":{"line":63,"column":80},"end":{"line":70,"column":2}},"44":{"start":{"line":64,"column":4},"end":{"line":69,"column":5}},"45":{"start":{"line":65,"column":8},"end":{"line":65,"column":55}},"46":{"start":{"line":67,"column":8},"end":{"line":67,"column":29}},"47":{"start":{"line":68,"column":8},"end":{"line":68,"column":20}},"48":{"start":{"line":63,"column":13},"end":{"line":63,"column":36}},"49":{"start":{"line":72,"column":34},"end":{"line":79,"column":2}},"50":{"start":{"line":72,"column":95},"end":{"line":79,"column":2}},"51":{"start":{"line":73,"column":4},"end":{"line":78,"column":5}},"52":{"start":{"line":74,"column":8},"end":{"line":74,"column":60}},"53":{"start":{"line":76,"column":8},"end":{"line":76,"column":29}},"54":{"start":{"line":77,"column":8},"end":{"line":77,"column":20}},"55":{"start":{"line":72,"column":13},"end":{"line":72,"column":34}},"56":{"start":{"line":81,"column":37},"end":{"line":88,"column":2}},"57":{"start":{"line":81,"column":78},"end":{"line":88,"column":2}},"58":{"start":{"line":82,"column":4},"end":{"line":87,"column":5}},"59":{"start":{"line":83,"column":8},"end":{"line":83,"column":53}},"60":{"start":{"line":85,"column":8},"end":{"line":85,"column":29}},"61":{"start":{"line":86,"column":8},"end":{"line":86,"column":20}},"62":{"start":{"line":81,"column":13},"end":{"line":81,"column":37}},"63":{"start":{"line":90,"column":0},"end":{"line":90,"column":33}}},"fnMap":{"0":{"name":"(anonymous_7)","decl":{"start":{"line":13,"column":38},"end":{"line":13,"column":45}},"loc":{"start":{"line":13,"column":76},"end":{"line":22,"column":2}}},"1":{"name":"(anonymous_8)","decl":{"start":{"line":13,"column":76},"end":{"line":13,"column":null}},"loc":{"start":{"line":13,"column":76},"end":{"line":22,"column":1}}},"2":{"name":"(anonymous_9)","decl":{"start":{"line":24,"column":33},"end":{"line":24,"column":40}},"loc":{"start":{"line":24,"column":78},"end":{"line":32,"column":2}}},"3":{"name":"(anonymous_10)","decl":{"start":{"line":24,"column":78},"end":{"line":24,"column":null}},"loc":{"start":{"line":24,"column":78},"end":{"line":32,"column":1}}},"4":{"name":"(anonymous_11)","decl":{"start":{"line":34,"column":32},"end":{"line":34,"column":39}},"loc":{"start":{"line":34,"column":84},"end":{"line":42,"column":2}}},"5":{"name":"(anonymous_12)","decl":{"start":{"line":34,"column":84},"end":{"line":34,"column":null}},"loc":{"start":{"line":34,"column":84},"end":{"line":42,"column":1}}},"6":{"name":"(anonymous_13)","decl":{"start":{"line":44,"column":34},"end":{"line":44,"column":41}},"loc":{"start":{"line":44,"column":86},"end":{"line":52,"column":2}}},"7":{"name":"(anonymous_14)","decl":{"start":{"line":44,"column":86},"end":{"line":44,"column":null}},"loc":{"start":{"line":44,"column":86},"end":{"line":52,"column":1}}},"8":{"name":"(anonymous_15)","decl":{"start":{"line":54,"column":40},"end":{"line":54,"column":47}},"loc":{"start":{"line":54,"column":65},"end":{"line":61,"column":2}}},"9":{"name":"(anonymous_16)","decl":{"start":{"line":54,"column":65},"end":{"line":54,"column":null}},"loc":{"start":{"line":54,"column":65},"end":{"line":61,"column":1}}},"10":{"name":"(anonymous_17)","decl":{"start":{"line":63,"column":36},"end":{"line":63,"column":43}},"loc":{"start":{"line":63,"column":80},"end":{"line":70,"column":2}}},"11":{"name":"(anonymous_18)","decl":{"start":{"line":63,"column":80},"end":{"line":63,"column":null}},"loc":{"start":{"line":63,"column":80},"end":{"line":70,"column":1}}},"12":{"name":"(anonymous_19)","decl":{"start":{"line":72,"column":34},"end":{"line":72,"column":41}},"loc":{"start":{"line":72,"column":95},"end":{"line":79,"column":2}}},"13":{"name":"(anonymous_20)","decl":{"start":{"line":72,"column":95},"end":{"line":72,"column":null}},"loc":{"start":{"line":72,"column":95},"end":{"line":79,"column":1}}},"14":{"name":"(anonymous_21)","decl":{"start":{"line":81,"column":37},"end":{"line":81,"column":44}},"loc":{"start":{"line":81,"column":78},"end":{"line":88,"column":2}}},"15":{"name":"(anonymous_22)","decl":{"start":{"line":81,"column":78},"end":{"line":81,"column":null}},"loc":{"start":{"line":81,"column":78},"end":{"line":88,"column":1}}}},"branchMap":{"0":{"loc":{"start":{"line":17,"column":4},"end":{"line":20,"column":5}},"type":"if","locations":[{"start":{"line":17,"column":4},"end":{"line":20,"column":5}}]}},"s":{"0":16,"1":16,"2":0,"3":0,"4":0,"5":0,"6":0,"7":0,"8":0,"9":0,"10":16,"11":16,"12":0,"13":0,"14":0,"15":0,"16":0,"17":0,"18":16,"19":16,"20":0,"21":0,"22":0,"23":0,"24":0,"25":0,"26":16,"27":16,"28":0,"29":0,"30":0,"31":0,"32":0,"33":0,"34":16,"35":16,"36":0,"37":0,"38":0,"39":0,"40":0,"41":16,"42":16,"43":0,"44":0,"45":0,"46":0,"47":0,"48":16,"49":16,"50":0,"51":0,"52":0,"53":0,"54":0,"55":16,"56":16,"57":0,"58":0,"59":0,"60":0,"61":0,"62":16,"63":16},"f":{"0":0,"1":0,"2":0,"3":0,"4":0,"5":0,"6":0,"7":0,"8":0,"9":0,"10":0,"11":0,"12":0,"13":0,"14":0,"15":0},"b":{"0":[0]}}
,"D:\\Whisper_BackEnd\\src\\controllers\\messages\\format.message.ts": {"path":"D:\\Whisper_BackEnd\\src\\controllers\\messages\\format.message.ts","statementMap":{"0":{"start":{"line":8,"column":0},"end":{"line":8,"column":null}},"1":{"start":{"line":18,"column":0},"end":{"line":18,"column":60}},"2":{"start":{"line":20,"column":23},"end":{"line":29,"column":2}},"3":{"start":{"line":25,"column":4},"end":{"line":29,"column":2}},"4":{"start":{"line":26,"column":21},"end":{"line":26,"column":53}},"5":{"start":{"line":27,"column":4},"end":{"line":27,"column":56}},"6":{"start":{"line":27,"column":19},"end":{"line":27,"column":56}},"7":{"start":{"line":28,"column":4},"end":{"line":28,"column":39}},"8":{"start":{"line":31,"column":45},"end":{"line":53,"column":2}},"9":{"start":{"line":34,"column":32},"end":{"line":53,"column":2}},"10":{"start":{"line":35,"column":26},"end":{"line":35,"column":95}},"11":{"start":{"line":36,"column":28},"end":{"line":36,"column":98}},"12":{"start":{"line":38,"column":40},"end":{"line":50,"column":6}},"13":{"start":{"line":48,"column":12},"end":{"line":48,"column":15}},"14":{"start":{"line":47,"column":19},"end":{"line":48,"column":12}},"15":{"start":{"line":49,"column":8},"end":{"line":49,"column":27}},"16":{"start":{"line":52,"column":4},"end":{"line":52,"column":20}},"17":{"start":{"line":31,"column":13},"end":{"line":31,"column":45}},"18":{"start":{"line":55,"column":28},"end":{"line":68,"column":2}},"19":{"start":{"line":55,"column":91},"end":{"line":68,"column":2}},"20":{"start":{"line":56,"column":4},"end":{"line":56,"column":36}},"21":{"start":{"line":56,"column":24},"end":{"line":56,"column":36}},"22":{"start":{"line":57,"column":4},"end":{"line":57,"column":83}},"23":{"start":{"line":57,"column":31},"end":{"line":57,"column":83}},"24":{"start":{"line":58,"column":23},"end":{"line":62,"column":6}},"25":{"start":{"line":63,"column":4},"end":{"line":66,"column":null}},"26":{"start":{"line":70,"column":27},"end":{"line":74,"column":2}},"27":{"start":{"line":70,"column":80},"end":{"line":74,"column":2}},"28":{"start":{"line":71,"column":26},"end":{"line":71,"column":59}},"29":{"start":{"line":72,"column":33},"end":{"line":72,"column":73}},"30":{"start":{"line":73,"column":4},"end":{"line":73,"column":74}},"31":{"start":{"line":76,"column":32},"end":{"line":80,"column":2}},"32":{"start":{"line":76,"column":98},"end":{"line":80,"column":2}},"33":{"start":{"line":77,"column":26},"end":{"line":77,"column":59}},"34":{"start":{"line":78,"column":33},"end":{"line":78,"column":83}},"35":{"start":{"line":79,"column":4},"end":{"line":79,"column":74}},"36":{"start":{"line":82,"column":36},"end":{"line":105,"column":2}},"37":{"start":{"line":85,"column":32},"end":{"line":105,"column":2}},"38":{"start":{"line":86,"column":28},"end":{"line":86,"column":89}},"39":{"start":{"line":87,"column":19},"end":{"line":87,"column":56}},"40":{"start":{"line":88,"column":4},"end":{"line":88,"column":53}},"41":{"start":{"line":88,"column":17},"end":{"line":88,"column":53}},"42":{"start":{"line":90,"column":21},"end":{"line":90,"column":50}},"43":{"start":{"line":92,"column":26},"end":{"line":94,"column":null}},"44":{"start":{"line":97,"column":16},"end":{"line":102,"column":null}},"45":{"start":{"line":104,"column":4},"end":{"line":104,"column":57}},"46":{"start":{"line":82,"column":13},"end":{"line":82,"column":36}},"47":{"start":{"line":107,"column":35},"end":{"line":119,"column":2}},"48":{"start":{"line":111,"column":35},"end":{"line":119,"column":2}},"49":{"start":{"line":112,"column":4},"end":{"line":112,"column":82}},"50":{"start":{"line":112,"column":39},"end":{"line":112,"column":82}},"51":{"start":{"line":113,"column":28},"end":{"line":116,"column":null}},"52":{"start":{"line":118,"column":4},"end":{"line":118,"column":58}},"53":{"start":{"line":107,"column":13},"end":{"line":107,"column":35}}},"fnMap":{"0":{"name":"(anonymous_8)","decl":{"start":{"line":20,"column":23},"end":{"line":20,"column":null}},"loc":{"start":{"line":25,"column":4},"end":{"line":29,"column":2}}},"1":{"name":"(anonymous_9)","decl":{"start":{"line":25,"column":4},"end":{"line":25,"column":null}},"loc":{"start":{"line":25,"column":4},"end":{"line":29,"column":1}}},"2":{"name":"(anonymous_10)","decl":{"start":{"line":31,"column":45},"end":{"line":31,"column":null}},"loc":{"start":{"line":34,"column":32},"end":{"line":53,"column":2}}},"3":{"name":"(anonymous_11)","decl":{"start":{"line":34,"column":32},"end":{"line":34,"column":null}},"loc":{"start":{"line":34,"column":32},"end":{"line":53,"column":1}}},"4":{"name":"(anonymous_12)","decl":{"start":{"line":38,"column":77},"end":{"line":38,"column":78}},"loc":{"start":{"line":38,"column":85},"end":{"line":50,"column":5}}},"5":{"name":"(anonymous_13)","decl":{"start":{"line":55,"column":28},"end":{"line":55,"column":35}},"loc":{"start":{"line":55,"column":91},"end":{"line":68,"column":2}}},"6":{"name":"(anonymous_14)","decl":{"start":{"line":55,"column":91},"end":{"line":55,"column":null}},"loc":{"start":{"line":55,"column":91},"end":{"line":68,"column":1}}},"7":{"name":"(anonymous_15)","decl":{"start":{"line":70,"column":27},"end":{"line":70,"column":34}},"loc":{"start":{"line":70,"column":80},"end":{"line":74,"column":2}}},"8":{"name":"(anonymous_16)","decl":{"start":{"line":70,"column":80},"end":{"line":70,"column":null}},"loc":{"start":{"line":70,"column":80},"end":{"line":74,"column":1}}},"9":{"name":"(anonymous_17)","decl":{"start":{"line":76,"column":32},"end":{"line":76,"column":39}},"loc":{"start":{"line":76,"column":98},"end":{"line":80,"column":2}}},"10":{"name":"(anonymous_18)","decl":{"start":{"line":76,"column":98},"end":{"line":76,"column":null}},"loc":{"start":{"line":76,"column":98},"end":{"line":80,"column":1}}},"11":{"name":"(anonymous_19)","decl":{"start":{"line":82,"column":36},"end":{"line":82,"column":null}},"loc":{"start":{"line":85,"column":32},"end":{"line":105,"column":2}}},"12":{"name":"(anonymous_20)","decl":{"start":{"line":85,"column":32},"end":{"line":85,"column":null}},"loc":{"start":{"line":85,"column":32},"end":{"line":105,"column":1}}},"13":{"name":"(anonymous_21)","decl":{"start":{"line":107,"column":35},"end":{"line":107,"column":null}},"loc":{"start":{"line":111,"column":35},"end":{"line":119,"column":2}}},"14":{"name":"(anonymous_22)","decl":{"start":{"line":111,"column":35},"end":{"line":111,"column":null}},"loc":{"start":{"line":111,"column":35},"end":{"line":119,"column":1}}}},"branchMap":{"0":{"loc":{"start":{"line":27,"column":4},"end":{"line":27,"column":56}},"type":"if","locations":[{"start":{"line":27,"column":4},"end":{"line":27,"column":56}}]},"1":{"loc":{"start":{"line":56,"column":4},"end":{"line":56,"column":36}},"type":"if","locations":[{"start":{"line":56,"column":4},"end":{"line":56,"column":36}}]},"2":{"loc":{"start":{"line":57,"column":4},"end":{"line":57,"column":83}},"type":"if","locations":[{"start":{"line":57,"column":4},"end":{"line":57,"column":83}}]},"3":{"loc":{"start":{"line":88,"column":4},"end":{"line":88,"column":53}},"type":"if","locations":[{"start":{"line":88,"column":4},"end":{"line":88,"column":53}}]},"4":{"loc":{"start":{"line":112,"column":4},"end":{"line":112,"column":82}},"type":"if","locations":[{"start":{"line":112,"column":4},"end":{"line":112,"column":82}}]}},"s":{"0":38,"1":38,"2":38,"3":0,"4":0,"5":0,"6":0,"7":0,"8":38,"9":0,"10":0,"11":0,"12":0,"13":0,"14":0,"15":0,"16":0,"17":38,"18":38,"19":0,"20":0,"21":0,"22":0,"23":0,"24":0,"25":0,"26":38,"27":0,"28":0,"29":0,"30":0,"31":38,"32":0,"33":0,"34":0,"35":0,"36":38,"37":0,"38":0,"39":0,"40":0,"41":0,"42":0,"43":0,"44":0,"45":0,"46":38,"47":38,"48":15,"49":15,"50":15,"51":0,"52":0,"53":38},"f":{"0":0,"1":0,"2":0,"3":0,"4":0,"5":0,"6":0,"7":0,"8":0,"9":0,"10":0,"11":0,"12":0,"13":15,"14":15},"b":{"0":[0],"1":[0],"2":[0],"3":[0],"4":[15]}}
,"D:\\Whisper_BackEnd\\src\\controllers\\messages\\get.messages.ts": {"path":"D:\\Whisper_BackEnd\\src\\controllers\\messages\\get.messages.ts","statementMap":{"0":{"start":{"line":2,"column":0},"end":{"line":2,"column":98}},"1":{"start":{"line":3,"column":0},"end":{"line":3,"column":56}},"2":{"start":{"line":4,"column":0},"end":{"line":4,"column":61}},"3":{"start":{"line":7,"column":26},"end":{"line":10,"column":2}},"4":{"start":{"line":7,"column":69},"end":{"line":10,"column":2}},"5":{"start":{"line":8,"column":22},"end":{"line":8,"column":57}},"6":{"start":{"line":9,"column":4},"end":{"line":9,"column":68}},"7":{"start":{"line":12,"column":36},"end":{"line":28,"column":2}},"8":{"start":{"line":12,"column":74},"end":{"line":28,"column":2}},"9":{"start":{"line":13,"column":19},"end":{"line":13,"column":29}},"10":{"start":{"line":14,"column":19},"end":{"line":14,"column":44}},"11":{"start":{"line":15,"column":19},"end":{"line":15,"column":52}},"12":{"start":{"line":17,"column":21},"end":{"line":20,"column":null}},"13":{"start":{"line":18,"column":37},"end":{"line":20,"column":10}},"14":{"start":{"line":19,"column":12},"end":{"line":19,"column":60}},"15":{"start":{"line":23,"column":27},"end":{"line":23,"column":58}},"16":{"start":{"line":25,"column":30},"end":{"line":25,"column":58}},"17":{"start":{"line":27,"column":4},"end":{"line":27,"column":44}},"18":{"start":{"line":12,"column":13},"end":{"line":12,"column":36}},"19":{"start":{"line":30,"column":32},"end":{"line":40,"column":2}},"20":{"start":{"line":30,"column":70},"end":{"line":40,"column":2}},"21":{"start":{"line":31,"column":19},"end":{"line":31,"column":29}},"22":{"start":{"line":32,"column":22},"end":{"line":32,"column":50}},"23":{"start":{"line":33,"column":19},"end":{"line":33,"column":60}},"24":{"start":{"line":34,"column":4},"end":{"line":37,"column":5}},"25":{"start":{"line":35,"column":8},"end":{"line":35,"column":63}},"26":{"start":{"line":36,"column":8},"end":{"line":36,"column":15}},"27":{"start":{"line":38,"column":20},"end":{"line":38,"column":67}},"28":{"start":{"line":39,"column":4},"end":{"line":39,"column":34}},"29":{"start":{"line":30,"column":13},"end":{"line":30,"column":32}},"30":{"start":{"line":42,"column":36},"end":{"line":47,"column":2}},"31":{"start":{"line":42,"column":74},"end":{"line":47,"column":2}},"32":{"start":{"line":43,"column":19},"end":{"line":43,"column":29}},"33":{"start":{"line":44,"column":19},"end":{"line":44,"column":50}},"34":{"start":{"line":45,"column":24},"end":{"line":45,"column":60}},"35":{"start":{"line":46,"column":4},"end":{"line":46,"column":38}},"36":{"start":{"line":42,"column":13},"end":{"line":42,"column":36}}},"fnMap":{"0":{"name":"(anonymous_7)","decl":{"start":{"line":7,"column":26},"end":{"line":7,"column":33}},"loc":{"start":{"line":7,"column":69},"end":{"line":10,"column":2}}},"1":{"name":"(anonymous_8)","decl":{"start":{"line":7,"column":69},"end":{"line":7,"column":null}},"loc":{"start":{"line":7,"column":69},"end":{"line":10,"column":1}}},"2":{"name":"(anonymous_9)","decl":{"start":{"line":12,"column":36},"end":{"line":12,"column":43}},"loc":{"start":{"line":12,"column":74},"end":{"line":28,"column":2}}},"3":{"name":"(anonymous_10)","decl":{"start":{"line":12,"column":74},"end":{"line":12,"column":null}},"loc":{"start":{"line":12,"column":74},"end":{"line":28,"column":1}}},"4":{"name":"(anonymous_11)","decl":{"start":{"line":18,"column":19},"end":{"line":18,"column":26}},"loc":{"start":{"line":18,"column":37},"end":{"line":20,"column":10}}},"5":{"name":"(anonymous_12)","decl":{"start":{"line":18,"column":37},"end":{"line":18,"column":null}},"loc":{"start":{"line":18,"column":37},"end":{"line":20,"column":9}}},"6":{"name":"(anonymous_13)","decl":{"start":{"line":30,"column":32},"end":{"line":30,"column":39}},"loc":{"start":{"line":30,"column":70},"end":{"line":40,"column":2}}},"7":{"name":"(anonymous_14)","decl":{"start":{"line":30,"column":70},"end":{"line":30,"column":null}},"loc":{"start":{"line":30,"column":70},"end":{"line":40,"column":1}}},"8":{"name":"(anonymous_15)","decl":{"start":{"line":42,"column":36},"end":{"line":42,"column":43}},"loc":{"start":{"line":42,"column":74},"end":{"line":47,"column":2}}},"9":{"name":"(anonymous_16)","decl":{"start":{"line":42,"column":74},"end":{"line":42,"column":null}},"loc":{"start":{"line":42,"column":74},"end":{"line":47,"column":1}}}},"branchMap":{"0":{"loc":{"start":{"line":8,"column":22},"end":{"line":8,"column":57}},"type":"cond-expr","locations":[{"start":{"line":8,"column":52},"end":{"line":8,"column":53}},{"start":{"line":8,"column":56},"end":{"line":8,"column":57}}]},"1":{"loc":{"start":{"line":34,"column":4},"end":{"line":37,"column":5}},"type":"if","locations":[{"start":{"line":34,"column":4},"end":{"line":37,"column":5}}]}},"s":{"0":16,"1":16,"2":16,"3":16,"4":0,"5":0,"6":0,"7":16,"8":0,"9":0,"10":0,"11":0,"12":0,"13":0,"14":0,"15":0,"16":0,"17":0,"18":16,"19":16,"20":0,"21":0,"22":0,"23":0,"24":0,"25":0,"26":0,"27":0,"28":0,"29":16,"30":16,"31":0,"32":0,"33":0,"34":0,"35":0,"36":16},"f":{"0":0,"1":0,"2":0,"3":0,"4":0,"5":0,"6":0,"7":0,"8":0,"9":0},"b":{"0":[0,0],"1":[0]}}
,"D:\\Whisper_BackEnd\\src\\controllers\\messages\\search.messages.ts": {"path":"D:\\Whisper_BackEnd\\src\\controllers\\messages\\search.messages.ts","statementMap":{"0":{"start":{"line":4,"column":23},"end":{"line":18,"column":1}},"1":{"start":{"line":5,"column":4},"end":{"line":17,"column":7}},"2":{"start":{"line":6,"column":71},"end":{"line":6,"column":78}},"3":{"start":{"line":6,"column":66},"end":{"line":6,"column":71}},"4":{"start":{"line":7,"column":8},"end":{"line":7,"column":27}},"5":{"start":{"line":8,"column":8},"end":{"line":15,"column":null}},"6":{"start":{"line":20,"column":36},"end":{"line":25,"column":2}},"7":{"start":{"line":20,"column":74},"end":{"line":25,"column":2}},"8":{"start":{"line":21,"column":19},"end":{"line":21,"column":29}},"9":{"start":{"line":22,"column":19},"end":{"line":22,"column":44}},"10":{"start":{"line":23,"column":18},"end":{"line":23,"column":43}},"11":{"start":{"line":24,"column":4},"end":{"line":24,"column":27}},"12":{"start":{"line":20,"column":13},"end":{"line":20,"column":36}}},"fnMap":{"0":{"name":"(anonymous_8)","decl":{"start":{"line":4,"column":23},"end":{"line":4,"column":24}},"loc":{"start":{"line":4,"column":52},"end":{"line":18,"column":1}}},"1":{"name":"(anonymous_9)","decl":{"start":{"line":5,"column":24},"end":{"line":5,"column":25}},"loc":{"start":{"line":5,"column":36},"end":{"line":17,"column":5}}},"2":{"name":"(anonymous_10)","decl":{"start":{"line":20,"column":36},"end":{"line":20,"column":43}},"loc":{"start":{"line":20,"column":74},"end":{"line":25,"column":2}}},"3":{"name":"(anonymous_11)","decl":{"start":{"line":20,"column":74},"end":{"line":20,"column":null}},"loc":{"start":{"line":20,"column":74},"end":{"line":25,"column":1}}}},"branchMap":{},"s":{"0":16,"1":0,"2":0,"3":0,"4":0,"5":0,"6":16,"7":0,"8":0,"9":0,"10":0,"11":0,"12":16},"f":{"0":0,"1":0,"2":0,"3":0},"b":{}}
[...]
12,"column":19},"end":{"line":125,"column":2}}},"11":{"name":"(anonymous_25)","decl":{"start":{"line":112,"column":19},"end":{"line":112,"column":null}},"loc":{"start":{"line":112,"column":19},"end":{"line":125,"column":1}}},"12":{"name":"(anonymous_26)","decl":{"start":{"line":127,"column":18},"end":{"line":127,"column":null}},"loc":{"start":{"line":131,"column":19},"end":{"line":139,"column":2}}},"13":{"name":"(anonymous_27)","decl":{"start":{"line":131,"column":19},"end":{"line":131,"column":null}},"loc":{"start":{"line":131,"column":19},"end":{"line":139,"column":1}}}},"branchMap":{"0":{"loc":{"start":{"line":11,"column":8},"end":{"line":12,"column":37}},"type":"if","locations":[{"start":{"line":11,"column":8},"end":{"line":12,"column":37}},{"start":{"line":12,"column":13},"end":{"line":12,"column":37}}]},"1":{"loc":{"start":{"line":15,"column":8},"end":{"line":25,"column":9}},"type":"switch","locations":[{"start":{"line":16,"column":12},"end":{"line":18,"column":22}},{"start":{"line":19,"column":12},"end":{"line":21,"column":22}},{"start":{"line":22,"column":12},"end":{"line":24,"column":22}}]},"2":{"loc":{"start":{"line":39,"column":8},"end":{"line":43,"column":9}},"type":"if","locations":[{"start":{"line":39,"column":8},"end":{"line":43,"column":9}}]},"3":{"loc":{"start":{"line":74,"column":8},"end":{"line":74,"column":27}},"type":"if","locations":[{"start":{"line":74,"column":8},"end":{"line":74,"column":27}}]},"4":{"loc":{"start":{"line":77,"column":8},"end":{"line":77,"column":27}},"type":"if","locations":[{"start":{"line":77,"column":8},"end":{"line":77,"column":27}}]}},"s":{"0":16,"1":16,"2":16,"3":16,"4":16,"5":0,"6":0,"7":0,"8":0,"9":0,"10":0,"11":0,"12":0,"13":0,"14":0,"15":0,"16":0,"17":0,"18":0,"19":0,"20":16,"21":16,"22":0,"23":0,"24":0,"25":0,"26":0,"27":0,"28":0,"29":16,"30":16,"31":0,"32":0,"33":0,"34":0,"35":0,"36":0,"37":16,"38":16,"39":0,"40":0,"41":0,"42":0,"43":0,"44":0,"45":0,"46":0,"47":0,"48":0,"49":0,"50":0,"51":0,"52":0,"53":0,"54":0,"55":16,"56":16,"57":0,"58":0,"59":0,"60":0,"61":0,"62":0,"63":16,"64":16,"65":0,"66":0,"67":0,"68":0,"69":0,"70":16,"71":16,"72":0,"73":0,"74":0,"75":16},"f":{"0":0,"1":0,"2":0,"3":0,"4":0,"5":0,"6":0,"7":0,"8":0,"9":0,"10":0,"11":0,"12":0,"13":0},"b":{"0":[0,0],"1":[0,0,0],"2":[0],"3":[0],"4":[0]}}
,"D:\\Whisper_BackEnd\\src\\socket\\utils\\socket.utils.ts": {"path":"D:\\Whisper_BackEnd\\src\\socket\\utils\\socket.utils.ts","statementMap":{"0":{"start":{"line":3,"column":28},"end":{"line":15,"column":1}},"1":{"start":{"line":9,"column":4},"end":{"line":14,"column":5}},"2":{"start":{"line":10,"column":23},"end":{"line":10,"column":42}},"3":{"start":{"line":11,"column":8},"end":{"line":13,"column":9}},"4":{"start":{"line":12,"column":12},"end":{"line":12,"column":48}},"5":{"start":{"line":3,"column":13},"end":{"line":3,"column":28}}},"fnMap":{"0":{"name":"(anonymous_0)","decl":{"start":{"line":3,"column":28},"end":{"line":3,"column":null}},"loc":{"start":{"line":8,"column":4},"end":{"line":15,"column":1}}}},"branchMap":{"0":{"loc":{"start":{"line":9,"column":4},"end":{"line":14,"column":5}},"type":"if","locations":[{"start":{"line":9,"column":4},"end":{"line":14,"column":5}}]},"1":{"loc":{"start":{"line":11,"column":8},"end":{"line":13,"column":9}},"type":"if","locations":[{"start":{"line":11,"column":8},"end":{"line":13,"column":9}}]}},"s":{"0":16,"1":0,"2":0,"3":0,"4":0,"5":16},"f":{"0":0},"b":{"0":[0],"1":[0]}}
,"D:\\Whisper_BackEnd\\src\\validators\\auth.ts": {"path":"D:\\Whisper_BackEnd\\src\\validators\\auth.ts","statementMap":{"0":{"start":{"line":1,"column":0},"end":{"line":1,"column":46}},"1":{"start":{"line":2,"column":0},"end":{"line":2,"column":57}},"2":{"start":{"line":3,"column":0},"end":{"line":3,"column":43}},"3":{"start":{"line":5,"column":23},"end":{"line":13,"column":1}},"4":{"start":{"line":6,"column":4},"end":{"line":6,"column":28}},"5":{"start":{"line":7,"column":4},"end":{"line":7,"column":36}},"6":{"start":{"line":8,"column":4},"end":{"line":8,"column":30}},"7":{"start":{"line":9,"column":4},"end":{"line":9,"column":61}},"8":{"start":{"line":10,"column":4},"end":{"line":10,"column":36}},"9":{"start":{"line":11,"column":4},"end":{"line":11,"column":65}},"10":{"start":{"line":12,"column":4},"end":{"line":12,"column":40}},"11":{"start":{"line":200,"column":4},"end":{"line":200,"column":18}},"12":{"start":{"line":14,"column":21},"end":{"line":35,"column":1}},"13":{"start":{"line":15,"column":33},"end":{"line":27,"column":6}},"14":{"start":{"line":28,"column":47},"end":{"line":31,"column":11}},"15":{"start":{"line":32,"column":4},"end":{"line":34,"column":5}},"16":{"start":{"line":33,"column":8},"end":{"line":33,"column":59}},"17":{"start":{"line":192,"column":4},"end":{"line":192,"column":16}},"18":{"start":{"line":37,"column":25},"end":{"line":58,"column":1}},"19":{"start":{"line":38,"column":33},"end":{"line":50,"column":6}},"20":{"start":{"line":51,"column":47},"end":{"line":54,"column":11}},"21":{"start":{"line":55,"column":4},"end":{"line":57,"column":5}},"22":{"start":{"line":56,"column":8},"end":{"line":56,"column":59}},"23":{"start":{"line":193,"column":4},"end":{"line":193,"column":20}},"24":{"start":{"line":60,"column":22},"end":{"line":79,"column":1}},"25":{"start":{"line":61,"column":33},"end":{"line":71,"column":6}},"26":{"start":{"line":72,"column":47},"end":{"line":75,"column":11}},"27":{"start":{"line":76,"column":4},"end":{"line":78,"column":5}},"28":{"start":{"line":77,"column":8},"end":{"line":77,"column":59}},"29":{"start":{"line":194,"column":4},"end":{"line":194,"column":17}},"30":{"start":{"line":81,"column":28},"end":{"line":103,"column":1}},"31":{"start":{"line":82,"column":33},"end":{"line":92,"column":6}},"32":{"start":{"line":93,"column":47},"end":{"line":98,"column":11}},"33":{"start":{"line":99,"column":4},"end":{"line":101,"column":5}},"34":{"start":{"line":100,"column":8},"end":{"line":100,"column":59}},"35":{"start":{"line":102,"column":4},"end":{"line":102,"column":41}},"36":{"start":{"line":195,"column":4},"end":{"line":195,"column":23}},"37":{"start":{"line":105,"column":25},"end":{"line":126,"column":1}},"38":{"start":{"line":106,"column":33},"end":{"line":118,"column":6}},"39":{"start":{"line":119,"column":47},"end":{"line":122,"column":11}},"40":{"start":{"line":123,"column":4},"end":{"line":125,"column":5}},"41":{"start":{"line":124,"column":8},"end":{"line":124,"column":59}},"42":{"start":{"line":196,"column":4},"end":{"line":196,"column":20}},"43":{"start":{"line":128,"column":32},"end":{"line":149,"column":1}},"44":{"start":{"line":129,"column":33},"end":{"line":141,"column":6}},"45":{"start":{"line":142,"column":47},"end":{"line":145,"column":11}},"46":{"start":{"line":146,"column":4},"end":{"line":148,"column":5}},"47":{"start":{"line":147,"column":8},"end":{"line":147,"column":59}},"48":{"start":{"line":197,"column":4},"end":{"line":197,"column":27}},"49":{"start":{"line":151,"column":27},"end":{"line":168,"column":1}},"50":{"start":{"line":152,"column":33},"end":{"line":160,"column":6}},"51":{"start":{"line":161,"column":47},"end":{"line":164,"column":11}},"52":{"start":{"line":165,"column":4},"end":{"line":167,"column":5}},"53":{"start":{"line":166,"column":8},"end":{"line":166,"column":59}},"54":{"start":{"line":198,"column":4},"end":{"line":198,"column":22}},"55":{"start":{"line":170,"column":21},"end":{"line":189,"column":1}},"56":{"start":{"line":171,"column":33},"end":{"line":181,"column":6}},"57":{"start":{"line":182,"column":47},"end":{"line":185,"column":11}},"58":{"start":{"line":186,"column":4},"end":{"line":188,"column":5}},"59":{"start":{"line":187,"column":8},"end":{"line":187,"column":59}},"60":{"start":{"line":199,"column":4},"end":{"line":199,"column":16}}},"fnMap":{"0":{"name":"(anonymous_1)","decl":{"start":{"line":5,"column":23},"end":{"line":5,"column":24}},"loc":{"start":{"line":5,"column":42},"end":{"line":13,"column":1}}},"1":{"name":"(anonymous_2)","decl":{"start":{"line":14,"column":21},"end":{"line":14,"column":22}},"loc":{"start":{"line":14,"column":35},"end":{"line":35,"column":1}}},"2":{"name":"(anonymous_3)","decl":{"start":{"line":37,"column":25},"end":{"line":37,"column":26}},"loc":{"start":{"line":37,"column":43},"end":{"line":58,"column":1}}},"3":{"name":"(anonymous_4)","decl":{"start":{"line":60,"column":22},"end":{"line":60,"column":23}},"loc":{"start":{"line":60,"column":37},"end":{"line":79,"column":1}}},"4":{"name":"(anonymous_5)","decl":{"start":{"line":81,"column":28},"end":{"line":81,"column":29}},"loc":{"start":{"line":81,"column":49},"end":{"line":103,"column":1}}},"5":{"name":"(anonymous_6)","decl":{"start":{"line":105,"column":25},"end":{"line":105,"column":26}},"loc":{"start":{"line":105,"column":43},"end":{"line":126,"column":1}}},"6":{"name":"(anonymous_7)","decl":{"start":{"line":128,"column":32},"end":{"line":128,"column":33}},"loc":{"start":{"line":128,"column":72},"end":{"line":149,"column":1}}},"7":{"name":"(anonymous_8)","decl":{"start":{"line":151,"column":27},"end":{"line":151,"column":28}},"loc":{"start":{"line":151,"column":47},"end":{"line":168,"column":1}}},"8":{"name":"(anonymous_9)","decl":{"start":{"line":170,"column":21},"end":{"line":170,"column":22}},"loc":{"start":{"line":170,"column":35},"end":{"line":189,"column":1}}}},"branchMap":{"0":{"loc":{"start":{"line":32,"column":4},"end":{"line":34,"column":5}},"type":"if","locations":[{"start":{"line":32,"column":4},"end":{"line":34,"column":5}}]},"1":{"loc":{"start":{"line":55,"column":4},"end":{"line":57,"column":5}},"type":"if","locations":[{"start":{"line":55,"column":4},"end":{"line":57,"column":5}}]},"2":{"loc":{"start":{"line":76,"column":4},"end":{"line":78,"column":5}},"type":"if","locations":[{"start":{"line":76,"column":4},"end":{"line":78,"column":5}}]},"3":{"loc":{"start":{"line":99,"column":4},"end":{"line":101,"column":5}},"type":"if","locations":[{"start":{"line":99,"column":4},"end":{"line":101,"column":5}}]},"4":{"loc":{"start":{"line":123,"column":4},"end":{"line":125,"column":5}},"type":"if","locations":[{"start":{"line":123,"column":4},"end":{"line":125,"column":5}}]},"5":{"loc":{"start":{"line":146,"column":4},"end":{"line":148,"column":5}},"type":"if","locations":[{"start":{"line":146,"column":4},"end":{"line":148,"column":5}}]},"6":{"loc":{"start":{"line":165,"column":4},"end":{"line":167,"column":5}},"type":"if","locations":[{"start":{"line":165,"column":4},"end":{"line":167,"column":5}}]},"7":{"loc":{"start":{"line":186,"column":4},"end":{"line":188,"column":5}},"type":"if","locations":[{"start":{"line":186,"column":4},"end":{"line":188,"column":5}}]}},"s":{"0":53,"1":53,"2":53,"3":53,"4":0,"5":0,"6":0,"7":0,"8":0,"9":0,"10":0,"11":53,"12":53,"13":6,"14":6,"15":6,"16":5,"17":53,"18":53,"19":6,"20":6,"21":6,"22":5,"23":53,"24":53,"25":5,"26":5,"27":5,"28":4,"29":53,"30":53,"31":6,"32":6,"33":6,"34":5,"35":1,"36":53,"37":53,"38":6,"39":6,"40":6,"41":5,"42":53,"43":53,"44":8,"45":8,"46":8,"47":7,"48":53,"49":53,"50":4,"51":4,"52":4,"53":3,"54":53,"55":53,"56":5,"57":5,"58":5,"59":4,"60":53},"f":{"0":0,"1":6,"2":6,"3":5,"4":6,"5":6,"6":8,"7":4,"8":5},"b":{"0":[5],"1":[5],"2":[4],"3":[5],"4":[5],"5":[7],"6":[3],"7":[4]}}
,"D:\\Whisper_BackEnd\\src\\validators\\chat.ts": {"path":"D:\\Whisper_BackEnd\\src\\validators\\chat.ts","statementMap":{"0":{"start":{"line":2,"column":0},"end":{"line":2,"column":72}},"1":{"start":{"line":5,"column":35},"end":{"line":19,"column":2}},"2":{"start":{"line":9,"column":22},"end":{"line":19,"column":2}},"3":{"start":{"line":10,"column":4},"end":{"line":13,"column":5}},"4":{"start":{"line":11,"column":8},"end":{"line":11,"column":60}},"5":{"start":{"line":12,"column":8},"end":{"line":12,"column":21}},"6":{"start":{"line":14,"column":4},"end":{"line":17,"column":5}},"7":{"start":{"line":15,"column":8},"end":{"line":15,"column":79}},"8":{"start":{"line":16,"column":8},"end":{"line":16,"column":21}},"9":{"start":{"line":18,"column":4},"end":{"line":18,"column":16}},"10":{"start":{"line":5,"column":13},"end":{"line":5,"column":35}},"11":{"start":{"line":21,"column":35},"end":{"line":34,"column":1}},"12":{"start":{"line":22,"column":24},"end":{"line":22,"column":38}},"13":{"start":{"line":23,"column":4},"end":{"line":25,"column":5}},"14":{"start":{"line":24,"column":8},"end":{"line":24,"column":68}},"15":{"start":{"line":26,"column":4},"end":{"line":28,"column":5}},"16":{"start":{"line":27,"column":8},"end":{"line":27,"column":48}},"17":{"start":{"line":29,"column":4},"end":{"line":33,"column":5}},"18":{"start":{"line":30,"column":8},"end":{"line":32,"column":9}},"19":{"start":{"line":31,"column":12},"end":{"line":31,"column":57}},"20":{"start":{"line":21,"column":13},"end":{"line":21,"column":35}}},"fnMap":{"0":{"name":"(anonymous_7)","decl":{"start":{"line":5,"column":35},"end":{"line":5,"column":null}},"loc":{"start":{"line":9,"column":22},"end":{"line":19,"column":2}}},"1":{"name":"(anonymous_8)","decl":{"start":{"line":9,"column":22},"end":{"line":9,"column":null}},"loc":{"start":{"line":9,"column":22},"end":{"line":19,"column":1}}},"2":{"name":"(anonymous_9)","decl":{"start":{"line":21,"column":35},"end":{"line":21,"column":36}},"loc":{"start":{"line":21,"column":90},"end":{"line":34,"column":1}}}},"branchMap":{"0":{"loc":{"start":{"line":10,"column":4},"end":{"line":13,"column":5}},"type":"if","locations":[{"start":{"line":10,"column":4},"end":{"line":13,"column":5}}]},"1":{"loc":{"start":{"line":14,"column":4},"end":{"line":17,"column":5}},"type":"if","locations":[{"start":{"line":14,"column":4},"end":{"line":17,"column":5}}]},"2":{"loc":{"start":{"line":23,"column":4},"end":{"line":25,"column":5}},"type":"if","locations":[{"start":{"line":23,"column":4},"end":{"line":25,"column":5}}]},"3":{"loc":{"start":{"line":26,"column":4},"end":{"line":28,"column":5}},"type":"if","locations":[{"start":{"line":26,"column":4},"end":{"line":28,"column":5}}]},"4":{"loc":{"start":{"line":29,"column":4},"end":{"line":33,"column":5}},"type":"if","locations":[{"start":{"line":29,"column":4},"end":{"line":33,"column":5}}]},"5":{"loc":{"start":{"line":30,"column":8},"end":{"line":32,"column":9}},"type":"if","locations":[{"start":{"line":30,"column":8},"end":{"line":32,"column":9}}]}},"s":{"0":17,"1":17,"2":12,"3":12,"4":1,"5":1,"6":11,"7":3,"8":3,"9":8,"10":17,"11":17,"12":4,"13":4,"14":1,"15":3,"16":1,"17":2,"18":2,"19":1,"20":17},"f":{"0":12,"1":12,"2":4},"b":{"0":[1],"1":[3],"2":[1],"3":[1],"4":[2],"5":[1]}}
,"D:\\Whisper_BackEnd\\src\\validators\\phone.ts": {"path":"D:\\Whisper_BackEnd\\src\\validators\\phone.ts","statementMap":{"0":{"start":{"line":20,"column":9},"end":{"line":20,"column":25}},"1":{"start":{"line":1,"column":0},"end":{"line":1,"column":30}},"2":{"start":{"line":2,"column":0},"end":{"line":2,"column":46}},"3":{"start":{"line":5,"column":17},"end":{"line":5,"column":33}},"4":{"start":{"line":6,"column":4},"end":{"line":8,"column":5}},"5":{"start":{"line":7,"column":8},"end":{"line":7,"column":72}},"6":{"start":{"line":9,"column":28},"end":{"line":9,"column":46}},"7":{"start":{"line":10,"column":4},"end":{"line":12,"column":5}},"8":{"start":{"line":11,"column":8},"end":{"line":11,"column":72}},"9":{"start":{"line":13,"column":26},"end":{"line":13,"column":70}},"10":{"start":{"line":14,"column":4},"end":{"line":16,"column":5}},"11":{"start":{"line":15,"column":8},"end":{"line":15,"column":72}},"12":{"start":{"line":17,"column":4},"end":{"line":17,"column":37}}},"fnMap":{"0":{"name":"checkPhoneNumber","decl":{"start":{"line":4,"column":9},"end":{"line":4,"column":25}},"loc":{"start":{"line":4,"column":45},"end":{"line":18,"column":1}}}},"branchMap":{"0":{"loc":{"start":{"line":6,"column":4},"end":{"line":8,"column":5}},"type":"if","locations":[{"start":{"line":6,"column":4},"end":{"line":8,"column":5}}]},"1":{"loc":{"start":{"line":10,"column":4},"end":{"line":12,"column":5}},"type":"if","locations":[{"start":{"line":10,"column":4},"end":{"line":12,"column":5}}]},"2":{"loc":{"start":{"line":14,"column":4},"end":{"line":16,"column":5}},"type":"if","locations":[{"start":{"line":14,"column":4},"end":{"line":16,"column":5}}]}},"s":{"0":54,"1":54,"2":54,"3":5,"4":5,"5":2,"6":3,"7":3,"8":2,"9":1,"10":1,"11":0,"12":1},"f":{"0":5},"b":{"0":[2],"1":[2],"2":[0]}}
,"D:\\Whisper_BackEnd\\src\\validators\\socket.ts": {"path":"D:\\Whisper_BackEnd\\src\\validators\\socket.ts","statementMap":{"0":{"start":{"line":3,"column":0},"end":{"line":3,"column":61}},"1":{"start":{"line":4,"column":0},"end":{"line":4,"column":63}},"2":{"start":{"line":6,"column":30},"end":{"line":16,"column":2}},"3":{"start":{"line":6,"column":84},"end":{"line":16,"column":2}},"4":{"start":{"line":7,"column":19},"end":{"line":7,"column":50}},"5":{"start":{"line":8,"column":18},"end":{"line":8,"column":46}},"6":{"start":{"line":9,"column":4},"end":{"line":15,"column":5}},"7":{"start":{"line":10,"column":8},"end":{"line":10,"column":61}},"8":{"start":{"line":11,"column":11},"end":{"line":15,"column":5}},"9":{"start":{"line":12,"column":8},"end":{"line":12,"column":85}},"10":{"start":{"line":14,"column":8},"end":{"line":14,"column":65}},"11":{"start":{"line":6,"column":13},"end":{"line":6,"column":30}}},"fnMap":{"0":{"name":"(anonymous_7)","decl":{"start":{"line":6,"column":30},"end":{"line":6,"column":37}},"loc":{"start":{"line":6,"column":84},"end":{"line":16,"column":2}}},"1":{"name":"(anonymous_8)","decl":{"start":{"line":6,"column":84},"end":{"line":6,"column":null}},"loc":{"start":{"line":6,"column":84},"end":{"line":16,"column":1}}}},"branchMap":{"0":{"loc":{"start":{"line":9,"column":4},"end":{"line":15,"column":5}},"type":"if","locations":[{"start":{"line":9,"column":4},"end":{"line":15,"column":5}},{"start":{"line":11,"column":11},"end":{"line":15,"column":5}}]},"1":{"loc":{"start":{"line":11,"column":11},"end":{"line":15,"column":5}},"type":"if","locations":[{"start":{"line":11,"column":11},"end":{"line":15,"column":5}},{"start":{"line":13,"column":11},"end":{"line":15,"column":5}}]}},"s":{"0":16,"1":16,"2":16,"3":0,"4":0,"5":0,"6":0,"7":0,"8":0,"9":0,"10":0,"11":16},"f":{"0":0,"1":0},"b":{"0":[0,0],"1":[0,0]}}
,"D:\\Whisper_BackEnd\\src\\validators\\user.ts": {"path":"D:\\Whisper_BackEnd\\src\\validators\\user.ts","statementMap":{"0":{"start":{"line":1,"column":0},"end":{"line":1,"column":57}},"1":{"start":{"line":2,"column":0},"end":{"line":2,"column":46}},"2":{"start":{"line":4,"column":26},"end":{"line":27,"column":1}},"3":{"start":{"line":5,"column":33},"end":{"line":20,"column":6}},"4":{"start":{"line":21,"column":47},"end":{"line":23,"column":12}},"5":{"start":{"line":24,"column":4},"end":{"line":26,"column":5}},"6":{"start":{"line":25,"column":8},"end":{"line":25,"column":59}},"7":{"start":{"line":44,"column":9},"end":{"line":44,"column":26}},"8":{"start":{"line":29,"column":28},"end":{"line":42,"column":1}},"9":{"start":{"line":30,"column":33},"end":{"line":35,"column":6}},"10":{"start":{"line":36,"column":47},"end":{"line":38,"column":12}},"11":{"start":{"line":39,"column":4},"end":{"line":41,"column":5}},"12":{"start":{"line":40,"column":8},"end":{"line":40,"column":59}},"13":{"start":{"line":44,"column":28},"end":{"line":44,"column":47}}},"fnMap":{"0":{"name":"(anonymous_1)","decl":{"start":{"line":4,"column":26},"end":{"line":4,"column":27}},"loc":{"start":{"line":4,"column":64},"end":{"line":27,"column":1}}},"1":{"name":"(anonymous_2)","decl":{"start":{"line":29,"column":28},"end":{"line":29,"column":29}},"loc":{"start":{"line":29,"column":54},"end":{"line":42,"column":1}}}},"branchMap":{"0":{"loc":{"start":{"line":24,"column":4},"end":{"line":26,"column":5}},"type":"if","locations":[{"start":{"line":24,"column":4},"end":{"line":26,"column":5}}]},"1":{"loc":{"start":{"line":39,"column":4},"end":{"line":41,"column":5}},"type":"if","locations":[{"start":{"line":39,"column":4},"end":{"line":41,"column":5}}]}},"s":{"0":17,"1":17,"2":17,"3":5,"4":5,"5":5,"6":4,"7":17,"8":17,"9":3,"10":3,"11":3,"12":2,"13":17},"f":{"0":5,"1":3},"b":{"0":[4],"1":[2]}}
}
