{"C:\\omar\\faculty\\third year\\first term\\SW\\Project\\Whisper_BackEnd\\src\\app.ts": {"path":"C:\\omar\\faculty\\third year\\first term\\SW\\Project\\Whisper_BackEnd\\src\\app.ts","statementMap":{"0":{"start":{"line":1,"column":0},"end":{"line":1,"column":43}},"1":{"start":{"line":2,"column":0},"end":{"line":2,"column":28}},"2":{"start":{"line":3,"column":0},"end":{"line":3,"column":24}},"3":{"start":{"line":4,"column":0},"end":{"line":4,"column":24}},"4":{"start":{"line":5,"column":0},"end":{"line":5,"column":41}},"5":{"start":{"line":6,"column":0},"end":{"line":6,"column":47}},"6":{"start":{"line":7,"column":0},"end":{"line":7,"column":38}},"7":{"start":{"line":8,"column":0},"end":{"line":8,"column":48}},"8":{"start":{"line":9,"column":0},"end":{"line":9,"column":54}},"9":{"start":{"line":10,"column":0},"end":{"line":10,"column":57}},"10":{"start":{"line":11,"column":0},"end":{"line":11,"column":63}},"11":{"start":{"line":12,"column":0},"end":{"line":12,"column":75}},"12":{"start":{"line":13,"column":0},"end":{"line":13,"column":74}},"13":{"start":{"line":14,"column":0},"end":{"line":14,"column":47}},"14":{"start":{"line":15,"column":0},"end":{"line":15,"column":55}},"15":{"start":{"line":17,"column":0},"end":{"line":17,"column":16}},"16":{"start":{"line":19,"column":21},"end":{"line":19,"column":30}},"17":{"start":{"line":69,"column":17},"end":{"line":69,"column":20}},"18":{"start":{"line":20,"column":15},"end":{"line":20,"column":37}},"19":{"start":{"line":69,"column":9},"end":{"line":69,"column":15}},"20":{"start":{"line":22,"column":0},"end":{"line":34,"column":2}},"21":{"start":{"line":25,"column":12},"end":{"line":29,"column":13}},"22":{"start":{"line":26,"column":16},"end":{"line":26,"column":39}},"23":{"start":{"line":28,"column":16},"end":{"line":28,"column":36}},"24":{"start":{"line":36,"column":0},"end":{"line":36,"column":24}},"25":{"start":{"line":37,"column":0},"end":{"line":37,"column":48}},"26":{"start":{"line":38,"column":0},"end":{"line":38,"column":24}},"27":{"start":{"line":39,"column":0},"end":{"line":45,"column":2}},"28":{"start":{"line":46,"column":0},"end":{"line":46,"column":29}},"29":{"start":{"line":48,"column":0},"end":{"line":48,"column":28}},"30":{"start":{"line":49,"column":0},"end":{"line":49,"column":17}},"31":{"start":{"line":51,"column":0},"end":{"line":51,"column":22}},"32":{"start":{"line":53,"column":47},"end":{"line":53,"column":94}},"33":{"start":{"line":54,"column":46},"end":{"line":54,"column":98}},"34":{"start":{"line":54,"column":79},"end":{"line":54,"column":97}},"35":{"start":{"line":56,"column":17},"end":{"line":67,"column":2}},"36":{"start":{"line":56,"column":28},"end":{"line":67,"column":2}},"37":{"start":{"line":57,"column":4},"end":{"line":57,"column":35}},"38":{"start":{"line":58,"column":4},"end":{"line":58,"column":34}},"39":{"start":{"line":60,"column":4},"end":{"line":62,"column":5}},"40":{"start":{"line":61,"column":8},"end":{"line":61,"column":33}},"41":{"start":{"line":64,"column":4},"end":{"line":66,"column":5}},"42":{"start":{"line":65,"column":8},"end":{"line":65,"column":37}},"43":{"start":{"line":69,"column":22},"end":{"line":69,"column":30}}},"fnMap":{"0":{"name":"(anonymous_8)","decl":{"start":{"line":24,"column":16},"end":{"line":24,"column":26}},"loc":{"start":{"line":24,"column":42},"end":{"line":30,"column":9}}},"1":{"name":"(anonymous_9)","decl":{"start":{"line":54,"column":73},"end":{"line":54,"column":76}},"loc":{"start":{"line":54,"column":79},"end":{"line":54,"column":97}}},"2":{"name":"(anonymous_10)","decl":{"start":{"line":56,"column":17},"end":{"line":56,"column":26}},"loc":{"start":{"line":56,"column":28},"end":{"line":67,"column":2}}},"3":{"name":"(anonymous_11)","decl":{"start":{"line":56,"column":28},"end":{"line":56,"column":null}},"loc":{"start":{"line":56,"column":28},"end":{"line":67,"column":1}}}},"branchMap":{"0":{"loc":{"start":{"line":25,"column":12},"end":{"line":29,"column":13}},"type":"if","locations":[{"start":{"line":25,"column":12},"end":{"line":29,"column":13}},{"start":{"line":27,"column":19},"end":{"line":29,"column":13}}]},"1":{"loc":{"start":{"line":60,"column":4},"end":{"line":62,"column":5}},"type":"if","locations":[{"start":{"line":60,"column":4},"end":{"line":62,"column":5}}]},"2":{"loc":{"start":{"line":64,"column":4},"end":{"line":66,"column":5}},"type":"if","locations":[{"start":{"line":64,"column":4},"end":{"line":66,"column":5}}]}},"s":{"0":14,"1":14,"2":14,"3":14,"4":14,"5":14,"6":14,"7":14,"8":14,"9":14,"10":14,"11":14,"12":14,"13":14,"14":14,"15":14,"16":14,"17":14,"18":14,"19":14,"20":14,"21":48,"22":0,"23":48,"24":14,"25":14,"26":14,"27":14,"28":14,"29":14,"30":14,"31":14,"32":14,"33":14,"34":0,"35":14,"36":14,"37":14,"38":14,"39":14,"40":14,"41":14,"42":14,"43":14},"f":{"0":48,"1":0,"2":14,"3":14},"b":{"0":[0,48],"1":[14],"2":[14]}}
,"C:\\omar\\faculty\\third year\\first term\\SW\\Project\\Whisper_BackEnd\\src\\@types\\redis.operation.ts": {"path":"C:\\omar\\faculty\\third year\\first term\\SW\\Project\\Whisper_BackEnd\\src\\@types\\redis.operation.ts","statementMap":{"0":{"start":{"line":3,"column":0},"end":{"line":3,"column":null}},"1":{"start":{"line":4,"column":4},"end":{"line":4,"column":null}},"2":{"start":{"line":5,"column":4},"end":{"line":5,"column":null}},"3":{"start":{"line":6,"column":4},"end":{"line":6,"column":null}},"4":{"start":{"line":9,"column":0},"end":{"line":9,"column":30}}},"fnMap":{"0":{"name":"(anonymous_0)","decl":{"start":{"line":3,"column":0},"end":{"line":3,"column":5}},"loc":{"start":{"line":3,"column":19},"end":{"line":7,"column":1}}}},"branchMap":{"0":{"loc":{"start":{"line":3,"column":5},"end":{"line":3,"column":null}},"type":"binary-expr","locations":[{"start":{"line":3,"column":5},"end":{"line":3,"column":19}},{"start":{"line":3,"column":5},"end":{"line":3,"column":null}}]}},"s":{"0":29,"1":29,"2":29,"3":29,"4":29},"f":{"0":29},"b":{"0":[29,29]}}
,"C:\\omar\\faculty\\third year\\first term\\SW\\Project\\Whisper_BackEnd\\src\\FCM\\admin.ts": {"path":"C:\\omar\\faculty\\third year\\first term\\SW\\Project\\Whisper_BackEnd\\src\\FCM\\admin.ts","statementMap":{"0":{"start":{"line":1,"column":0},"end":{"line":1,"column":40}},"1":{"start":{"line":11,"column":8},"end":{"line":19,"column":9}},"2":{"start":{"line":12,"column":12},"end":{"line":18,"column":15}},"3":{"start":{"line":20,"column":8},"end":{"line":20,"column":38}},"4":{"start":{"line":24,"column":8},"end":{"line":28,"column":9}},"5":{"start":{"line":25,"column":12},"end":{"line":25,"column":50}},"6":{"start":{"line":26,"column":12},"end":{"line":26,"column":42}},"7":{"start":{"line":27,"column":12},"end":{"line":27,"column":64}},"8":{"start":{"line":4,"column":19},"end":{"line":4,"column":57}},"9":{"start":{"line":32,"column":0},"end":{"line":32,"column":29}}},"fnMap":{"0":{"name":"(anonymous_13)","decl":{"start":{"line":6,"column":4},"end":{"line":6,"column":null}},"loc":{"start":{"line":6,"column":4},"end":{"line":8,"column":5}}},"1":{"name":"(anonymous_14)","decl":{"start":{"line":10,"column":11},"end":{"line":10,"column":17}},"loc":{"start":{"line":10,"column":29},"end":{"line":21,"column":5}}},"2":{"name":"(anonymous_15)","decl":{"start":{"line":23,"column":11},"end":{"line":23,"column":17}},"loc":{"start":{"line":23,"column":32},"end":{"line":29,"column":null}}}},"branchMap":{"0":{"loc":{"start":{"line":11,"column":8},"end":{"line":19,"column":9}},"type":"if","locations":[{"start":{"line":11,"column":8},"end":{"line":19,"column":9}}]},"1":{"loc":{"start":{"line":24,"column":8},"end":{"line":28,"column":9}},"type":"if","locations":[{"start":{"line":24,"column":8},"end":{"line":28,"column":9}}]}},"s":{"0":14,"1":0,"2":0,"3":0,"4":0,"5":0,"6":0,"7":0,"8":14,"9":14},"f":{"0":0,"1":0,"2":0},"b":{"0":[0],"1":[0]}}
,"C:\\omar\\faculty\\third year\\first term\\SW\\Project\\Whisper_BackEnd\\src\\agora\\src\\AccessToken2.js": {"path":"C:\\omar\\faculty\\third year\\first term\\SW\\Project\\Whisper_BackEnd\\src\\agora\\src\\AccessToken2.js","statementMap":{"0":{"start":{"line":1,"column":13},"end":{"line":1,"column":30}},"1":{"start":{"line":2,"column":13},"end":{"line":2,"column":28}},"2":{"start":{"line":3,"column":23},"end":{"line":3,"column":24}},"3":{"start":{"line":4,"column":22},"end":{"line":4,"column":24}},"4":{"start":{"line":6,"column":19},"end":{"line":8,"column":1}},"5":{"start":{"line":7,"column":4},"end":{"line":7,"column":16}},"6":{"start":{"line":12,"column":8},"end":{"line":12,"column":34}},"7":{"start":{"line":13,"column":8},"end":{"line":13,"column":30}},"8":{"start":{"line":17,"column":18},"end":{"line":17,"column":31}},"9":{"start":{"line":18,"column":8},"end":{"line":18,"column":34}},"10":{"start":{"line":19,"column":8},"end":{"line":19,"column":25}},"11":{"start":{"line":23,"column":18},"end":{"line":23,"column":31}},"12":{"start":{"line":24,"column":8},"end":{"line":24,"column":47}},"13":{"start":{"line":25,"column":8},"end":{"line":25,"column":25}},"14":{"start":{"line":29,"column":8},"end":{"line":29,"column":26}},"15":{"start":{"line":33,"column":8},"end":{"line":33,"column":45}},"16":{"start":{"line":37,"column":8},"end":{"line":37,"column":76}},"17":{"start":{"line":41,"column":24},"end":{"line":41,"column":47}},"18":{"start":{"line":42,"column":8},"end":{"line":42,"column":56}},"19":{"start":{"line":43,"column":8},"end":{"line":43,"column":24}},"20":{"start":{"line":47,"column":24},"end":{"line":47,"column":25}},"21":{"start":{"line":51,"column":8},"end":{"line":51,"column":30}},"22":{"start":{"line":52,"column":8},"end":{"line":52,"column":42}},"23":{"start":{"line":53,"column":8},"end":{"line":53,"column":46}},"24":{"start":{"line":57,"column":21},"end":{"line":57,"column":34}},"25":{"start":{"line":58,"column":8},"end":{"line":58,"column":67}},"26":{"start":{"line":59,"column":8},"end":{"line":59,"column":59}},"27":{"start":{"line":63,"column":24},"end":{"line":63,"column":44}},"28":{"start":{"line":64,"column":8},"end":{"line":64,"column":51}},"29":{"start":{"line":65,"column":8},"end":{"line":65,"column":42}},"30":{"start":{"line":66,"column":8},"end":{"line":66,"column":24}},"31":{"start":{"line":70,"column":0},"end":{"line":70,"column":36}},"32":{"start":{"line":71,"column":0},"end":{"line":71,"column":43}},"33":{"start":{"line":72,"column":0},"end":{"line":72,"column":43}},"34":{"start":{"line":73,"column":0},"end":{"line":73,"column":42}},"35":{"start":{"line":75,"column":24},"end":{"line":75,"column":25}},"36":{"start":{"line":79,"column":8},"end":{"line":79,"column":30}},"37":{"start":{"line":80,"column":8},"end":{"line":80,"column":38}},"38":{"start":{"line":84,"column":21},"end":{"line":84,"column":34}},"39":{"start":{"line":85,"column":8},"end":{"line":85,"column":40}},"40":{"start":{"line":86,"column":8},"end":{"line":86,"column":59}},"41":{"start":{"line":90,"column":24},"end":{"line":90,"column":44}},"42":{"start":{"line":91,"column":8},"end":{"line":91,"column":46}},"43":{"start":{"line":92,"column":8},"end":{"line":92,"column":24}},"44":{"start":{"line":96,"column":0},"end":{"line":96,"column":30}},"45":{"start":{"line":98,"column":24},"end":{"line":98,"column":25}},"46":{"start":{"line":102,"column":8},"end":{"line":102,"column":30}},"47":{"start":{"line":106,"column":8},"end":{"line":106,"column":27}},"48":{"start":{"line":110,"column":24},"end":{"line":110,"column":44}},"49":{"start":{"line":111,"column":8},"end":{"line":111,"column":24}},"50":{"start":{"line":115,"column":0},"end":{"line":115,"column":30}},"51":{"start":{"line":117,"column":25},"end":{"line":117,"column":26}},"52":{"start":{"line":121,"column":8},"end":{"line":121,"column":31}},"53":{"start":{"line":122,"column":8},"end":{"line":122,"column":38}},"54":{"start":{"line":126,"column":21},"end":{"line":126,"column":34}},"55":{"start":{"line":127,"column":8},"end":{"line":127,"column":40}},"56":{"start":{"line":128,"column":8},"end":{"line":128,"column":59}},"57":{"start":{"line":132,"column":24},"end":{"line":132,"column":44}},"58":{"start":{"line":133,"column":8},"end":{"line":133,"column":46}},"59":{"start":{"line":134,"column":8},"end":{"line":134,"column":24}},"60":{"start":{"line":138,"column":0},"end":{"line":138,"column":30}},"61":{"start":{"line":139,"column":0},"end":{"line":139,"column":29}},"62":{"start":{"line":141,"column":26},"end":{"line":141,"column":27}},"63":{"start":{"line":145,"column":8},"end":{"line":145,"column":32}},"64":{"start":{"line":146,"column":8},"end":{"line":146,"column":41}},"65":{"start":{"line":147,"column":8},"end":{"line":147,"column":41}},"66":{"start":{"line":148,"column":8},"end":{"line":148,"column":32}},"67":{"start":{"line":152,"column":21},"end":{"line":152,"column":34}},"68":{"start":{"line":153,"column":8},"end":{"line":153,"column":42}},"69":{"start":{"line":154,"column":8},"end":{"line":154,"column":42}},"70":{"start":{"line":155,"column":8},"end":{"line":155,"column":36}},"71":{"start":{"line":156,"column":8},"end":{"line":156,"column":59}},"72":{"start":{"line":160,"column":24},"end":{"line":160,"column":44}},"73":{"start":{"line":161,"column":8},"end":{"line":161,"column":48}},"74":{"start":{"line":162,"column":8},"end":{"line":162,"column":48}},"75":{"start":{"line":163,"column":8},"end":{"line":163,"column":42}},"76":{"start":{"line":164,"column":8},"end":{"line":164,"column":24}},"77":{"start":{"line":168,"column":0},"end":{"line":168,"column":36}},"78":{"start":{"line":169,"column":0},"end":{"line":169,"column":31}},"79":{"start":{"line":170,"column":0},"end":{"line":170,"column":30}},"80":{"start":{"line":174,"column":8},"end":{"line":174,"column":26}},"81":{"start":{"line":175,"column":8},"end":{"line":175,"column":44}},"82":{"start":{"line":176,"column":8},"end":{"line":176,"column":61}},"83":{"start":{"line":177,"column":8},"end":{"line":177,"column":28}},"84":{"start":{"line":179,"column":8},"end":{"line":179,"column":60}},"85":{"start":{"line":180,"column":8},"end":{"line":180,"column":26}},"86":{"start":{"line":184,"column":22},"end":{"line":184,"column":99}},"87":{"start":{"line":185,"column":8},"end":{"line":185,"column":80}},"88":{"start":{"line":186,"column":8},"end":{"line":186,"column":22}},"89":{"start":{"line":190,"column":22},"end":{"line":196,"column":9}},"90":{"start":{"line":191,"column":12},"end":{"line":193,"column":13}},"91":{"start":{"line":192,"column":16},"end":{"line":192,"column":28}},"92":{"start":{"line":194,"column":22},"end":{"line":194,"column":46}},"93":{"start":{"line":195,"column":12},"end":{"line":195,"column":24}},"94":{"start":{"line":198,"column":52},"end":{"line":198,"column":56}},"95":{"start":{"line":199,"column":8},"end":{"line":201,"column":9}},"96":{"start":{"line":200,"column":12},"end":{"line":200,"column":24}},"97":{"start":{"line":203,"column":8},"end":{"line":205,"column":9}},"98":{"start":{"line":204,"column":12},"end":{"line":204,"column":24}},"99":{"start":{"line":206,"column":8},"end":{"line":206,"column":19}},"100":{"start":{"line":210,"column":8},"end":{"line":210,"column":55}},"101":{"start":{"line":214,"column":8},"end":{"line":216,"column":9}},"102":{"start":{"line":215,"column":12},"end":{"line":215,"column":21}},"103":{"start":{"line":218,"column":22},"end":{"line":218,"column":38}},"104":{"start":{"line":219,"column":27},"end":{"line":225,"column":19}},"105":{"start":{"line":226,"column":8},"end":{"line":228,"column":10}},"106":{"start":{"line":227,"column":12},"end":{"line":227,"column":72}},"107":{"start":{"line":230,"column":24},"end":{"line":230,"column":57}},"108":{"start":{"line":231,"column":22},"end":{"line":231,"column":94}},"109":{"start":{"line":232,"column":25},"end":{"line":232,"column":50}},"110":{"start":{"line":233,"column":8},"end":{"line":233,"column":77}},"111":{"start":{"line":237,"column":29},"end":{"line":237,"column":70}},"112":{"start":{"line":238,"column":8},"end":{"line":240,"column":9}},"113":{"start":{"line":239,"column":12},"end":{"line":239,"column":24}},"114":{"start":{"line":242,"column":29},"end":{"line":242,"column":88}},"115":{"start":{"line":243,"column":21},"end":{"line":243,"column":75}},"116":{"start":{"line":244,"column":27},"end":{"line":244,"column":50}},"117":{"start":{"line":246,"column":24},"end":{"line":246,"column":48}},"118":{"start":{"line":247,"column":8},"end":{"line":247,"column":45}},"119":{"start":{"line":248,"column":8},"end":{"line":248,"column":47}},"120":{"start":{"line":249,"column":8},"end":{"line":249,"column":46}},"121":{"start":{"line":250,"column":8},"end":{"line":250,"column":44}},"122":{"start":{"line":251,"column":28},"end":{"line":251,"column":52}},"123":{"start":{"line":253,"column":24},"end":{"line":253,"column":43}},"124":{"start":{"line":254,"column":8},"end":{"line":260,"column":9}},"125":{"start":{"line":254,"column":21},"end":{"line":254,"column":22}},"126":{"start":{"line":255,"column":38},"end":{"line":255,"column":64}},"127":{"start":{"line":256,"column":31},"end":{"line":256,"column":62}},"128":{"start":{"line":257,"column":26},"end":{"line":257,"column":68}},"129":{"start":{"line":258,"column":12},"end":{"line":258,"column":73}},"130":{"start":{"line":259,"column":12},"end":{"line":259,"column":49}},"131":{"start":{"line":264,"column":17},"end":{"line":266,"column":1}},"132":{"start":{"line":265,"column":4},"end":{"line":265,"column":68}},"133":{"start":{"line":268,"column":14},"end":{"line":347,"column":1}},"134":{"start":{"line":269,"column":15},"end":{"line":272,"column":5}},"135":{"start":{"line":274,"column":4},"end":{"line":274,"column":23}},"136":{"start":{"line":276,"column":4},"end":{"line":280,"column":5}},"137":{"start":{"line":277,"column":18},"end":{"line":277,"column":45}},"138":{"start":{"line":278,"column":8},"end":{"line":278,"column":47}},"139":{"start":{"line":279,"column":8},"end":{"line":279,"column":18}},"140":{"start":{"line":282,"column":4},"end":{"line":286,"column":5}},"141":{"start":{"line":283,"column":8},"end":{"line":283,"column":51}},"142":{"start":{"line":284,"column":8},"end":{"line":284,"column":26}},"143":{"start":{"line":285,"column":8},"end":{"line":285,"column":19}},"144":{"start":{"line":288,"column":4},"end":{"line":292,"column":5}},"145":{"start":{"line":289,"column":8},"end":{"line":289,"column":51}},"146":{"start":{"line":290,"column":8},"end":{"line":290,"column":26}},"147":{"start":{"line":291,"column":8},"end":{"line":291,"column":19}},"148":{"start":{"line":293,"column":4},"end":{"line":297,"column":5}},"149":{"start":{"line":294,"column":8},"end":{"line":294,"column":50}},"150":{"start":{"line":295,"column":8},"end":{"line":295,"column":26}},"151":{"start":{"line":296,"column":8},"end":{"line":296,"column":19}},"152":{"start":{"line":299,"column":4},"end":{"line":303,"column":5}},"153":{"start":{"line":300,"column":8},"end":{"line":300,"column":50}},"154":{"start":{"line":301,"column":8},"end":{"line":301,"column":26}},"155":{"start":{"line":302,"column":8},"end":{"line":302,"column":19}},"156":{"start":{"line":305,"column":4},"end":{"line":310,"column":5}},"157":{"start":{"line":306,"column":8},"end":{"line":306,"column":36}},"158":{"start":{"line":307,"column":8},"end":{"line":307,"column":46}},"159":{"start":{"line":308,"column":8},"end":{"line":308,"column":37}},"160":{"start":{"line":309,"column":8},"end":{"line":309,"column":19}},"161":{"start":{"line":312,"column":4},"end":{"line":314,"column":5}},"162":{"start":{"line":313,"column":8},"end":{"line":313,"column":46}},"163":{"start":{"line":316,"column":4},"end":{"line":329,"column":5}},"164":{"start":{"line":317,"column":8},"end":{"line":320,"column":9}},"165":{"start":{"line":318,"column":12},"end":{"line":318,"column":29}},"166":{"start":{"line":319,"column":12},"end":{"line":319,"column":23}},"167":{"start":{"line":322,"column":8},"end":{"line":322,"column":47}},"168":{"start":{"line":323,"column":8},"end":{"line":326,"column":9}},"169":{"start":{"line":324,"column":12},"end":{"line":324,"column":31}},"170":{"start":{"line":325,"column":12},"end":{"line":325,"column":36}},"171":{"start":{"line":328,"column":8},"end":{"line":328,"column":19}},"172":{"start":{"line":331,"column":4},"end":{"line":344,"column":5}},"173":{"start":{"line":332,"column":8},"end":{"line":335,"column":9}},"174":{"start":{"line":333,"column":12},"end":{"line":333,"column":29}},"175":{"start":{"line":334,"column":12},"end":{"line":334,"column":23}},"176":{"start":{"line":337,"column":8},"end":{"line":337,"column":47}},"177":{"start":{"line":338,"column":8},"end":{"line":341,"column":9}},"178":{"start":{"line":339,"column":12},"end":{"line":339,"column":31}},"179":{"start":{"line":340,"column":12},"end":{"line":340,"column":36}},"180":{"start":{"line":343,"column":8},"end":{"line":343,"column":19}},"181":{"start":{"line":346,"column":4},"end":{"line":346,"column":15}},"182":{"start":{"line":349,"column":18},"end":{"line":401,"column":1}},"183":{"start":{"line":350,"column":15},"end":{"line":353,"column":5}},"184":{"start":{"line":355,"column":4},"end":{"line":359,"column":5}},"185":{"start":{"line":356,"column":18},"end":{"line":356,"column":57}},"186":{"start":{"line":357,"column":8},"end":{"line":357,"column":26}},"187":{"start":{"line":358,"column":8},"end":{"line":358,"column":18}},"188":{"start":{"line":361,"column":4},"end":{"line":365,"column":5}},"189":{"start":{"line":362,"column":18},"end":{"line":362,"column":57}},"190":{"start":{"line":363,"column":8},"end":{"line":363,"column":26}},"191":{"start":{"line":364,"column":8},"end":{"line":364,"column":18}},"192":{"start":{"line":367,"column":4},"end":{"line":371,"column":5}},"193":{"start":{"line":368,"column":18},"end":{"line":368,"column":57}},"194":{"start":{"line":369,"column":8},"end":{"line":369,"column":26}},"195":{"start":{"line":370,"column":8},"end":{"line":370,"column":18}},"196":{"start":{"line":373,"column":4},"end":{"line":380,"column":5}},"197":{"start":{"line":374,"column":18},"end":{"line":374,"column":34}},"198":{"start":{"line":376,"column":18},"end":{"line":376,"column":35}},"199":{"start":{"line":377,"column":8},"end":{"line":377,"column":68}},"200":{"start":{"line":378,"column":8},"end":{"line":378,"column":28}},"201":{"start":{"line":379,"column":8},"end":{"line":379,"column":18}},"202":{"start":{"line":382,"column":4},"end":{"line":391,"column":5}},"203":{"start":{"line":383,"column":18},"end":{"line":383,"column":20}},"204":{"start":{"line":384,"column":18},"end":{"line":384,"column":34}},"205":{"start":{"line":385,"column":8},"end":{"line":389,"column":9}},"206":{"start":{"line":385,"column":21},"end":{"line":385,"column":22}},"207":{"start":{"line":386,"column":22},"end":{"line":386,"column":38}},"208":{"start":{"line":387,"column":24},"end":{"line":387,"column":40}},"209":{"start":{"line":388,"column":12},"end":{"line":388,"column":28}},"210":{"start":{"line":390,"column":8},"end":{"line":390,"column":18}},"211":{"start":{"line":393,"column":4},"end":{"line":398,"column":5}},"212":{"start":{"line":394,"column":21},"end":{"line":394,"column":39}},"213":{"start":{"line":395,"column":18},"end":{"line":395,"column":38}},"214":{"start":{"line":396,"column":8},"end":{"line":396,"column":55}},"215":{"start":{"line":397,"column":8},"end":{"line":397,"column":18}},"216":{"start":{"line":400,"column":4},"end":{"line":400,"column":15}},"217":{"start":{"line":403,"column":0},"end":{"line":403,"column":27}},"218":{"start":{"line":404,"column":0},"end":{"line":404,"column":56}},"219":{"start":{"line":405,"column":0},"end":{"line":405,"column":54}},"220":{"start":{"line":406,"column":0},"end":{"line":406,"column":52}},"221":{"start":{"line":407,"column":0},"end":{"line":407,"column":52}},"222":{"start":{"line":408,"column":0},"end":{"line":408,"column":52}},"223":{"start":{"line":410,"column":0},"end":{"line":422,"column":1}}},"fnMap":{"0":{"name":"(anonymous_0)","decl":{"start":{"line":6,"column":19},"end":{"line":6,"column":20}},"loc":{"start":{"line":6,"column":25},"end":{"line":8,"column":1}},"line":6},"1":{"name":"(anonymous_1)","decl":{"start":{"line":11,"column":4},"end":{"line":11,"column":5}},"loc":{"start":{"line":11,"column":30},"end":{"line":14,"column":5}},"line":11},"2":{"name":"(anonymous_2)","decl":{"start":{"line":16,"column":4},"end":{"line":16,"column":5}},"loc":{"start":{"line":16,"column":18},"end":{"line":20,"column":5}},"line":16},"3":{"name":"(anonymous_3)","decl":{"start":{"line":22,"column":4},"end":{"line":22,"column":5}},"loc":{"start":{"line":22,"column":24},"end":{"line":26,"column":5}},"line":22},"4":{"name":"(anonymous_4)","decl":{"start":{"line":28,"column":4},"end":{"line":28,"column":5}},"loc":{"start":{"line":28,"column":19},"end":{"line":30,"column":5}},"line":28},"5":{"name":"(anonymous_5)","decl":{"start":{"line":32,"column":4},"end":{"line":32,"column":5}},"loc":{"start":{"line":32,"column":37},"end":{"line":34,"column":5}},"line":32},"6":{"name":"(anonymous_6)","decl":{"start":{"line":36,"column":4},"end":{"line":36,"column":5}},"loc":{"start":{"line":36,"column":11},"end":{"line":38,"column":5}},"line":36},"7":{"name":"(anonymous_7)","decl":{"start":{"line":40,"column":4},"end":{"line":40,"column":5}},"loc":{"start":{"line":40,"column":19},"end":{"line":44,"column":5}},"line":40},"8":{"name":"(anonymous_8)","decl":{"start":{"line":50,"column":4},"end":{"line":50,"column":5}},"loc":{"start":{"line":50,"column":35},"end":{"line":54,"column":5}},"line":50},"9":{"name":"(anonymous_9)","decl":{"start":{"line":56,"column":4},"end":{"line":56,"column":5}},"loc":{"start":{"line":56,"column":11},"end":{"line":60,"column":5}},"line":56},"10":{"name":"(anonymous_10)","decl":{"start":{"line":62,"column":4},"end":{"line":62,"column":5}},"loc":{"start":{"line":62,"column":19},"end":{"line":67,"column":5}},"line":62},"11":{"name":"(anonymous_11)","decl":{"start":{"line":78,"column":4},"end":{"line":78,"column":5}},"loc":{"start":{"line":78,"column":25},"end":{"line":81,"column":5}},"line":78},"12":{"name":"(anonymous_12)","decl":{"start":{"line":83,"column":4},"end":{"line":83,"column":5}},"loc":{"start":{"line":83,"column":11},"end":{"line":87,"column":5}},"line":83},"13":{"name":"(anonymous_13)","decl":{"start":{"line":89,"column":4},"end":{"line":89,"column":5}},"loc":{"start":{"line":89,"column":19},"end":{"line":93,"column":5}},"line":89},"14":{"name":"(anonymous_14)","decl":{"start":{"line":101,"column":4},"end":{"line":101,"column":5}},"loc":{"start":{"line":101,"column":18},"end":{"line":103,"column":5}},"line":101},"15":{"name":"(anonymous_15)","decl":{"start":{"line":105,"column":4},"end":{"line":105,"column":5}},"loc":{"start":{"line":105,"column":11},"end":{"line":107,"column":5}},"line":105},"16":{"name":"(anonymous_16)","decl":{"start":{"line":109,"column":4},"end":{"line":109,"column":5}},"loc":{"start":{"line":109,"column":19},"end":{"line":112,"column":5}},"line":109},"17":{"name":"(anonymous_17)","decl":{"start":{"line":120,"column":4},"end":{"line":120,"column":5}},"loc":{"start":{"line":120,"column":25},"end":{"line":123,"column":5}},"line":120},"18":{"name":"(anonymous_18)","decl":{"start":{"line":125,"column":4},"end":{"line":125,"column":5}},"loc":{"start":{"line":125,"column":11},"end":{"line":129,"column":5}},"line":125},"19":{"name":"(anonymous_19)","decl":{"start":{"line":131,"column":4},"end":{"line":131,"column":5}},"loc":{"start":{"line":131,"column":19},"end":{"line":135,"column":5}},"line":131},"20":{"name":"(anonymous_20)","decl":{"start":{"line":144,"column":4},"end":{"line":144,"column":5}},"loc":{"start":{"line":144,"column":42},"end":{"line":149,"column":5}},"line":144},"21":{"name":"(anonymous_21)","decl":{"start":{"line":151,"column":4},"end":{"line":151,"column":5}},"loc":{"start":{"line":151,"column":11},"end":{"line":157,"column":5}},"line":151},"22":{"name":"(anonymous_22)","decl":{"start":{"line":159,"column":4},"end":{"line":159,"column":5}},"loc":{"start":{"line":159,"column":19},"end":{"line":165,"column":5}},"line":159},"23":{"name":"(anonymous_23)","decl":{"start":{"line":173,"column":4},"end":{"line":173,"column":5}},"loc":{"start":{"line":173,"column":56},"end":{"line":181,"column":5}},"line":173},"24":{"name":"(anonymous_24)","decl":{"start":{"line":183,"column":4},"end":{"line":183,"column":5}},"loc":{"start":{"line":183,"column":16},"end":{"line":187,"column":5}},"line":183},"25":{"name":"(anonymous_25)","decl":{"start":{"line":189,"column":4},"end":{"line":189,"column":5}},"loc":{"start":{"line":189,"column":20},"end":{"line":207,"column":5}},"line":189},"26":{"name":"(anonymous_26)","decl":{"start":{"line":190,"column":22},"end":{"line":190,"column":23}},"loc":{"start":{"line":190,"column":30},"end":{"line":196,"column":9}},"line":190},"27":{"name":"(anonymous_27)","decl":{"start":{"line":209,"column":4},"end":{"line":209,"column":5}},"loc":{"start":{"line":209,"column":25},"end":{"line":211,"column":5}},"line":209},"28":{"name":"(anonymous_28)","decl":{"start":{"line":213,"column":4},"end":{"line":213,"column":5}},"loc":{"start":{"line":213,"column":12},"end":{"line":234,"column":5}},"line":213},"29":{"name":"(anonymous_29)","decl":{"start":{"line":226,"column":45},"end":{"line":226,"column":46}},"loc":{"start":{"line":226,"column":56},"end":{"line":228,"column":9}},"line":226},"30":{"name":"(anonymous_30)","decl":{"start":{"line":236,"column":4},"end":{"line":236,"column":5}},"loc":{"start":{"line":236,"column":30},"end":{"line":261,"column":5}},"line":236},"31":{"name":"(anonymous_31)","decl":{"start":{"line":264,"column":17},"end":{"line":264,"column":18}},"loc":{"start":{"line":264,"column":41},"end":{"line":266,"column":1}},"line":264},"32":{"name":"(anonymous_32)","decl":{"start":{"line":268,"column":14},"end":{"line":268,"column":15}},"loc":{"start":{"line":268,"column":26},"end":{"line":347,"column":1}},"line":268},"33":{"name":"(anonymous_33)","decl":{"start":{"line":276,"column":16},"end":{"line":276,"column":17}},"loc":{"start":{"line":276,"column":28},"end":{"line":280,"column":5}},"line":276},"34":{"name":"(anonymous_34)","decl":{"start":{"line":282,"column":21},"end":{"line":282,"column":22}},"loc":{"start":{"line":282,"column":34},"end":{"line":286,"column":5}},"line":282},"35":{"name":"(anonymous_35)","decl":{"start":{"line":288,"column":21},"end":{"line":288,"column":22}},"loc":{"start":{"line":288,"column":34},"end":{"line":292,"column":5}},"line":288},"36":{"name":"(anonymous_36)","decl":{"start":{"line":293,"column":20},"end":{"line":293,"column":21}},"loc":{"start":{"line":293,"column":33},"end":{"line":297,"column":5}},"line":293},"37":{"name":"(anonymous_37)","decl":{"start":{"line":299,"column":20},"end":{"line":299,"column":21}},"loc":{"start":{"line":299,"column":33},"end":{"line":303,"column":5}},"line":299},"38":{"name":"(anonymous_38)","decl":{"start":{"line":305,"column":20},"end":{"line":305,"column":21}},"loc":{"start":{"line":305,"column":37},"end":{"line":310,"column":5}},"line":305},"39":{"name":"(anonymous_39)","decl":{"start":{"line":312,"column":21},"end":{"line":312,"column":22}},"loc":{"start":{"line":312,"column":36},"end":{"line":314,"column":5}},"line":312},"40":{"name":"(anonymous_40)","decl":{"start":{"line":316,"column":22},"end":{"line":316,"column":23}},"loc":{"start":{"line":316,"column":37},"end":{"line":329,"column":5}},"line":316},"41":{"name":"(anonymous_41)","decl":{"start":{"line":331,"column":28},"end":{"line":331,"column":29}},"loc":{"start":{"line":331,"column":43},"end":{"line":344,"column":5}},"line":331},"42":{"name":"(anonymous_42)","decl":{"start":{"line":349,"column":18},"end":{"line":349,"column":19}},"loc":{"start":{"line":349,"column":35},"end":{"line":401,"column":1}},"line":349},"43":{"name":"(anonymous_43)","decl":{"start":{"line":355,"column":21},"end":{"line":355,"column":22}},"loc":{"start":{"line":355,"column":33},"end":{"line":359,"column":5}},"line":355},"44":{"name":"(anonymous_44)","decl":{"start":{"line":361,"column":21},"end":{"line":361,"column":22}},"loc":{"start":{"line":361,"column":33},"end":{"line":365,"column":5}},"line":361},"45":{"name":"(anonymous_45)","decl":{"start":{"line":367,"column":20},"end":{"line":367,"column":21}},"loc":{"start":{"line":367,"column":32},"end":{"line":371,"column":5}},"line":367},"46":{"name":"(anonymous_46)","decl":{"start":{"line":373,"column":21},"end":{"line":373,"column":22}},"loc":{"start":{"line":373,"column":33},"end":{"line":380,"column":5}},"line":373},"47":{"name":"(anonymous_47)","decl":{"start":{"line":382,"column":28},"end":{"line":382,"column":29}},"loc":{"start":{"line":382,"column":40},"end":{"line":391,"column":5}},"line":382},"48":{"name":"(anonymous_48)","decl":{"start":{"line":393,"column":16},"end":{"line":393,"column":17}},"loc":{"start":{"line":393,"column":28},"end":{"line":398,"column":5}},"line":393}},"branchMap":{"0":{"loc":{"start":{"line":53,"column":21},"end":{"line":53,"column":46}},"type":"cond-expr","locations":[{"start":{"line":53,"column":33},"end":{"line":53,"column":35}},{"start":{"line":53,"column":38},"end":{"line":53,"column":46}}],"line":53},"1":{"loc":{"start":{"line":80,"column":25},"end":{"line":80,"column":38}},"type":"binary-expr","locations":[{"start":{"line":80,"column":25},"end":{"line":80,"column":32}},{"start":{"line":80,"column":36},"end":{"line":80,"column":38}}],"line":80},"2":{"loc":{"start":{"line":122,"column":25},"end":{"line":122,"column":38}},"type":"binary-expr","locations":[{"start":{"line":122,"column":25},"end":{"line":122,"column":32}},{"start":{"line":122,"column":36},"end":{"line":122,"column":38}}],"line":122},"3":{"loc":{"start":{"line":146,"column":27},"end":{"line":146,"column":41}},"type":"binary-expr","locations":[{"start":{"line":146,"column":27},"end":{"line":146,"column":35}},{"start":{"line":146,"column":39},"end":{"line":146,"column":41}}],"line":146},"4":{"loc":{"start":{"line":147,"column":27},"end":{"line":147,"column":41}},"type":"binary-expr","locations":[{"start":{"line":147,"column":27},"end":{"line":147,"column":35}},{"start":{"line":147,"column":39},"end":{"line":147,"column":41}}],"line":147},"5":{"loc":{"start":{"line":148,"column":22},"end":{"line":148,"column":32}},"type":"binary-expr","locations":[{"start":{"line":148,"column":22},"end":{"line":148,"column":26}},{"start":{"line":148,"column":30},"end":{"line":148,"column":32}}],"line":148},"6":{"loc":{"start":{"line":176,"column":23},"end":{"line":176,"column":61}},"type":"binary-expr","locations":[{"start":{"line":176,"column":23},"end":{"line":176,"column":30}},{"start":{"line":176,"column":34},"end":{"line":176,"column":61}}],"line":176},"7":{"loc":{"start":{"line":191,"column":12},"end":{"line":193,"column":13}},"type":"if","locations":[{"start":{"line":191,"column":12},"end":{"line":193,"column":13}},{"start":{},"end":{}}],"line":191},"8":{"loc":{"start":{"line":199,"column":8},"end":{"line":201,"column":9}},"type":"if","locations":[{"start":{"line":199,"column":8},"end":{"line":201,"column":9}},{"start":{},"end":{}}],"line":199},"9":{"loc":{"start":{"line":199,"column":12},"end":{"line":199,"column":55}},"type":"binary-expr","locations":[{"start":{"line":199,"column":12},"end":{"line":199,"column":27}},{"start":{"line":199,"column":31},"end":{"line":199,"column":55}}],"line":199},"10":{"loc":{"start":{"line":203,"column":8},"end":{"line":205,"column":9}},"type":"if","locations":[{"start":{"line":203,"column":8},"end":{"line":205,"column":9}},{"start":{},"end":{}}],"line":203},"11":{"loc":{"start":{"line":214,"column":8},"end":{"line":216,"column":9}},"type":"if","locations":[{"start":{"line":214,"column":8},"end":{"line":216,"column":9}},{"start":{},"end":{}}],"line":214},"12":{"loc":{"start":{"line":238,"column":8},"end":{"line":240,"column":9}},"type":"if","locations":[{"start":{"line":238,"column":8},"end":{"line":240,"column":9}},{"start":{},"end":{}}],"line":238},"13":{"loc":{"start":{"line":317,"column":8},"end":{"line":320,"column":9}},"type":"if","locations":[{"start":{"line":317,"column":8},"end":{"line":320,"column":9}},{"start":{},"end":{}}],"line":317},"14":{"loc":{"start":{"line":332,"column":8},"end":{"line":335,"column":9}},"type":"if","locations":[{"start":{"line":332,"column":8},"end":{"line":335,"column":9}},{"start":{},"end":{}}],"line":332}},"s":{"0":14,"1":14,"2":14,"3":14,"4":14,"5":0,"6":0,"7":0,"8":0,"9":0,"10":0,"11":0,"12":0,"13":0,"14":0,"15":0,"16":0,"17":0,"18":0,"19":0,"20":14,"21":0,"22":0,"23":0,"24":0,"25":0,"26":0,"27":0,"28":0,"29":0,"30":0,"31":14,"32":14,"33":14,"34":14,"35":14,"36":0,"37":0,"38":0,"39":0,"40":0,"41":0,"42":0,"43":0,"44":14,"45":14,"46":0,"47":0,"48":0,"49":0,"50":14,"51":14,"52":0,"53":0,"54":0,"55":0,"56":0,"57":0,"58":0,"59":0,"60":14,"61":14,"62":14,"63":0,"64":0,"65":0,"66":0,"67":0,"68":0,"69":0,"70":0,"71":0,"72":0,"73":0,"74":0,"75":0,"76":0,"77":14,"78":14,"79":14,"80":0,"81":0,"82":0,"83":0,"84":0,"85":0,"86":0,"87":0,"88":0,"89":0,"90":0,"91":0,"92":0,"93":0,"94":0,"95":0,"96":0,"97":0,"98":0,"99":0,"100":0,"101":0,"102":0,"103":0,"104":0,"105":0,"106":0,"107":0,"108":0,"109":0,"110":0,"111":0,"112":0,"113":0,"114":0,"115":0,"116":0,"117":0,"118":0,"119":0,"120":0,"121":0,"122":0,"123":0,"124":0,"125":0,"126":0,"127":0,"128":0,"129":0,"130":0,"131":14,"132":0,"133":14,"134":0,"135":0,"136":0,"137":0,"138":0,"139":0,"140":0,"141":0,"142":0,"143":0,"144":0,"145":0,"146":0,"147":0,"148":0,"149":0,"150":0,"151":0,"152":0,"153":0,"154":0,"155":0,"156":0,"157":0,"158":0,"159":0,"160":0,"161":0,"162":0,"163":0,"164":0,"165":0,"166":0,"167":0,"168":0,"169":0,"170":0,"171":0,"172":0,"173":0,"174":0,"175":0,"176":0,"177":0,"178":0,"179":0,"180":0,"181":0,"182":14,"183":0,"184":0,"185":0,"186":0,"187":0,"188":0,"189":0,"190":0,"191":0,"192":0,"193":0,"194":0,"195":0,"196":0,"197":0,"198":0,"199":0,"200":0,"201":0,"202":0,"203":0,"204":0,"205":0,"206":0,"207":0,"208":0,"209":0,"210":0,"211":0,"212":0,"213":0,"214":0,"215":0,"216":0,"217":14,"218":14,"219":14,"220":14,"221":14,"222":14,"223":14},"f":{"0":0,"1":0,"2":0,"3":0,"4":0,"5":0,"6":0,"7":0,"8":0,"9":0,"10":0,"11":0,"12":0,"13":0,"14":0,"15":0,"16":0,"17":0,"18":0,"19":0,"20":0,"21":0,"22":0,"23":0,"24":0,"25":0,"26":0,"27":0,"28":0,"29":0,"30":0,"31":0,"32":0,"33":0,"34":0,"35":0,"36":0,"37":0,"38":0,"39":0,"40":0,"41":0,"42":0,"43":0,"44":0,"45":0,"46":0,"47":0,"48":0},"b":{"0":[0,0],"1":[0,0],"2":[0,0],"3":[0,0],"4":[0,0],"5":[0,0],"6":[0,0],"7":[0,0],"8":[0,0],"9":[0,0],"10":[0,0],"11":[0,0],"12":[0,0],"13":[0,0],"14":[0,0]},"inputSourceMap":null,"_coverageSchema":"1a1c01bbd47fc00a2c39e90264f33305004495a9","hash":"4642938931c20d37d4e611459f4a33875bc737a4"}
,"C:\\omar\\faculty\\third year\\first term\\SW\\Project\\Whisper_BackEnd\\src\\agora\\src\\RtcTokenBuilder2.js": {"path":"C:\\omar\\faculty\\third year\\first term\\SW\\Project\\Whisper_BackEnd\\src\\agora\\src\\RtcTokenBuilder2.js","statementMap":{"0":{"start":{"line":1,"column":20},"end":{"line":1,"column":63}},"1":{"start":{"line":2,"column":19},"end":{"line":2,"column":60}},"2":{"start":{"line":3,"column":19},"end":{"line":3,"column":60}},"3":{"start":{"line":5,"column":13},"end":{"line":22,"column":1}},"4":{"start":{"line":44,"column":8},"end":{"line":52,"column":9}},"5":{"start":{"line":82,"column":20},"end":{"line":82,"column":74}},"6":{"start":{"line":84,"column":25},"end":{"line":84,"column":61}},"7":{"start":{"line":85,"column":8},"end":{"line":85,"column":83}},"8":{"start":{"line":86,"column":8},"end":{"line":90,"column":9}},"9":{"start":{"line":87,"column":12},"end":{"line":87,"column":94}},"10":{"start":{"line":88,"column":12},"end":{"line":88,"column":94}},"11":{"start":{"line":89,"column":12},"end":{"line":89,"column":93}},"12":{"start":{"line":91,"column":8},"end":{"line":91,"column":37}},"13":{"start":{"line":93,"column":8},"end":{"line":93,"column":28}},"14":{"start":{"line":153,"column":8},"end":{"line":163,"column":9}},"15":{"start":{"line":223,"column":20},"end":{"line":223,"column":74}},"16":{"start":{"line":225,"column":25},"end":{"line":225,"column":61}},"17":{"start":{"line":226,"column":8},"end":{"line":226,"column":94}},"18":{"start":{"line":227,"column":8},"end":{"line":227,"column":98}},"19":{"start":{"line":228,"column":8},"end":{"line":228,"column":98}},"20":{"start":{"line":229,"column":8},"end":{"line":229,"column":102}},"21":{"start":{"line":230,"column":8},"end":{"line":230,"column":37}},"22":{"start":{"line":232,"column":8},"end":{"line":232,"column":28}},"23":{"start":{"line":254,"column":20},"end":{"line":254,"column":74}},"24":{"start":{"line":256,"column":25},"end":{"line":256,"column":61}},"25":{"start":{"line":257,"column":8},"end":{"line":257,"column":83}},"26":{"start":{"line":258,"column":8},"end":{"line":262,"column":9}},"27":{"start":{"line":259,"column":12},"end":{"line":259,"column":94}},"28":{"start":{"line":260,"column":12},"end":{"line":260,"column":94}},"29":{"start":{"line":261,"column":12},"end":{"line":261,"column":93}},"30":{"start":{"line":263,"column":8},"end":{"line":263,"column":37}},"31":{"start":{"line":265,"column":25},"end":{"line":265,"column":48}},"32":{"start":{"line":266,"column":8},"end":{"line":266,"column":73}},"33":{"start":{"line":267,"column":8},"end":{"line":267,"column":37}},"34":{"start":{"line":269,"column":8},"end":{"line":269,"column":28}},"35":{"start":{"line":273,"column":0},"end":{"line":273,"column":48}},"36":{"start":{"line":274,"column":0},"end":{"line":274,"column":26}}},"fnMap":{"0":{"name":"(anonymous_0)","decl":{"start":{"line":43,"column":4},"end":{"line":43,"column":5}},"loc":{"start":{"line":43,"column":110},"end":{"line":53,"column":5}},"line":43},"1":{"name":"(anonymous_1)","decl":{"start":{"line":73,"column":4},"end":{"line":73,"column":5}},"loc":{"start":{"line":81,"column":6},"end":{"line":94,"column":5}},"line":81},"2":{"name":"(anonymous_2)","decl":{"start":{"line":142,"column":4},"end":{"line":142,"column":5}},"loc":{"start":{"line":152,"column":6},"end":{"line":164,"column":5}},"line":152},"3":{"name":"(anonymous_3)","decl":{"start":{"line":212,"column":4},"end":{"line":212,"column":5}},"loc":{"start":{"line":222,"column":6},"end":{"line":233,"column":5}},"line":222},"4":{"name":"(anonymous_4)","decl":{"start":{"line":253,"column":4},"end":{"line":253,"column":5}},"loc":{"start":{"line":253,"column":114},"end":{"line":270,"column":5}},"line":253}},"branchMap":{"0":{"loc":{"start":{"line":43,"column":89},"end":{"line":43,"column":108}},"type":"default-arg","locations":[{"start":{"line":43,"column":107},"end":{"line":43,"column":108}}],"line":43},"1":{"loc":{"start":{"line":80,"column":8},"end":{"line":80,"column":27}},"type":"default-arg","locations":[{"start":{"line":80,"column":26},"end":{"line":80,"column":27}}],"line":80},"2":{"loc":{"start":{"line":86,"column":8},"end":{"line":90,"column":9}},"type":"if","locations":[{"start":{"line":86,"column":8},"end":{"line":90,"column":9}},{"start":{},"end":{}}],"line":86},"3":{"loc":{"start":{"line":253,"column":93},"end":{"line":253,"column":112}},"type":"default-arg","locations":[{"start":{"line":253,"column":111},"end":{"line":253,"column":112}}],"line":253},"4":{"loc":{"start":{"line":258,"column":8},"end":{"line":262,"column":9}},"type":"if","locations":[{"start":{"line":258,"column":8},"end":{"line":262,"column":9}},{"start":{},"end":{}}],"line":258}},"s":{"0":14,"1":14,"2":14,"3":14,"4":0,"5":0,"6":0,"7":0,"8":0,"9":0,"10":0,"11":0,"12":0,"13":0,"14":0,"15":0,"16":0,"17":0,"18":0,"19":0,"20":0,"21":0,"22":0,"23":0,"24":0,"25":0,"26":0,"27":0,"28":0,"29":0,"30":0,"31":0,"32":0,"33":0,"34":0,"35":14,"36":14},"f":{"0":0,"1":0,"2":0,"3":0,"4":0},"b":{"0":[0],"1":[0],"2":[0,0],"3":[0],"4":[0,0]},"inputSourceMap":null,"_coverageSchema":"1a1c01bbd47fc00a2c39e90264f33305004495a9","hash":"c6115c6562ebbad354a2b10a636abcf87248fffb"}
,"C:\\omar\\faculty\\third year\\first term\\SW\\Project\\Whisper_BackEnd\\src\\config\\constants.config.ts": {"path":"C:\\omar\\faculty\\third year\\first term\\SW\\Project\\Whisper_BackEnd\\src\\config\\constants.config.ts","statementMap":{"0":{"start":{"line":1,"column":13},"end":{"line":1,"column":36}}},"fnMap":{},"branchMap":{},"s":{"0":14},"f":{},"b":{}}
,"C:\\omar\\faculty\\third year\\first term\\SW\\Project\\Whisper_BackEnd\\src\\config\\email.config.ts": {"path":"C:\\omar\\faculty\\third year\\first term\\SW\\Project\\Whisper_BackEnd\\src\\config\\email.config.ts","statementMap":{"0":{"start":{"line":1,"column":0},"end":{"line":1,"column":53}},"1":{"start":{"line":7,"column":33},"end":{"line":15,"column":2}},"2":{"start":{"line":17,"column":0},"end":{"line":17,"column":27}}},"fnMap":{},"branchMap":{},"s":{"0":28,"1":28,"2":28},"f":{},"b":{}}
,"C:\\omar\\faculty\\third year\\first term\\SW\\Project\\Whisper_BackEnd\\src\\config\\google.config.ts": {"path":"C:\\omar\\faculty\\third year\\first term\\SW\\Project\\Whisper_BackEnd\\src\\config\\google.config.ts","statementMap":{"0":{"start":{"line":1,"column":0},"end":{"line":1,"column":51}},"1":{"start":{"line":8,"column":28},"end":{"line":8,"column":69}},"2":{"start":{"line":12,"column":33},"end":{"line":15,"column":null}},"3":{"start":{"line":18,"column":0},"end":{"line":18,"column":26}}},"fnMap":{},"branchMap":{},"s":{"0":14,"1":14,"2":14,"3":14},"f":{},"b":{}}
,"C:\\omar\\faculty\\third year\\first term\\SW\\Project\\Whisper_BackEnd\\src\\controllers\\auth\\confirmation.controller.ts": {"path":"C:\\omar\\faculty\\third year\\first term\\SW\\Project\\Whisper_BackEnd\\src\\controllers\\auth\\confirmation.controller.ts","statementMap":{"0":{"start":{"line":2,"column":0},"end":{"line":2,"column":63}},"1":{"start":{"line":4,"column":0},"end":{"line":4,"column":57}},"2":{"start":{"line":5,"column":0},"end":{"line":5,"column":81}},"3":{"start":{"line":8,"column":0},"end":{"line":8,"column":46}},"4":{"start":{"line":9,"column":0},"end":{"line":9,"column":79}},"5":{"start":{"line":10,"column":0},"end":{"line":10,"column":61}},"6":{"start":{"line":11,"column":0},"end":{"line":11,"column":63}},"7":{"start":{"line":13,"column":26},"end":{"line":28,"column":2}},"8":{"start":{"line":13,"column":79},"end":{"line":28,"column":2}},"9":{"start":{"line":14,"column":16},"end":{"line":14,"column":30}},"10":{"start":{"line":15,"column":4},"end":{"line":15,"column":40}},"11":{"start":{"line":16,"column":4},"end":{"line":16,"column":25}},"12":{"start":{"line":18,"column":23},"end":{"line":18,"column":70}},"13":{"start":{"line":19,"column":17},"end":{"line":19,"column":81}},"14":{"start":{"line":21,"column":25},"end":{"line":21,"column":45}},"15":{"start":{"line":22,"column":22},"end":{"line":22,"column":132}},"16":{"start":{"line":23,"column":4},"end":{"line":23,"column":51}},"17":{"start":{"line":25,"column":4},"end":{"line":27,"column":7}},"18":{"start":{"line":56,"column":9},"end":{"line":56,"column":26}},"19":{"start":{"line":30,"column":21},"end":{"line":54,"column":2}},"20":{"start":{"line":30,"column":74},"end":{"line":54,"column":2}},"21":{"start":{"line":31,"column":26},"end":{"line":31,"column":60}},"22":{"start":{"line":32,"column":4},"end":{"line":32,"column":40}},"23":{"start":{"line":33,"column":4},"end":{"line":33,"column":24}},"24":{"start":{"line":35,"column":4},"end":{"line":35,"column":25}},"25":{"start":{"line":36,"column":4},"end":{"line":36,"column":23}},"26":{"start":{"line":38,"column":4},"end":{"line":38,"column":63}},"27":{"start":{"line":40,"column":23},"end":{"line":40,"column":76}},"28":{"start":{"line":41,"column":4},"end":{"line":42,"column":86}},"29":{"start":{"line":42,"column":8},"end":{"line":42,"column":86}},"30":{"start":{"line":44,"column":17},"end":{"line":44,"column":41}},"31":{"start":{"line":45,"column":49},"end":{"line":45,"column":53}},"32":{"start":{"line":45,"column":44},"end":{"line":45,"column":49}},"33":{"start":{"line":46,"column":30},"end":{"line":46,"column":59}},"34":{"start":{"line":47,"column":4},"end":{"line":47,"column":38}},"35":{"start":{"line":49,"column":4},"end":{"line":53,"column":7}},"36":{"start":{"line":56,"column":28},"end":{"line":56,"column":40}}},"fnMap":{"0":{"name":"(anonymous_9)","decl":{"start":{"line":13,"column":26},"end":{"line":13,"column":33}},"loc":{"start":{"line":13,"column":79},"end":{"line":28,"column":2}}},"1":{"name":"(anonymous_10)","decl":{"start":{"line":13,"column":79},"end":{"line":13,"column":null}},"loc":{"start":{"line":13,"column":79},"end":{"line":28,"column":1}}},"2":{"name":"(anonymous_11)","decl":{"start":{"line":30,"column":21},"end":{"line":30,"column":28}},"loc":{"start":{"line":30,"column":74},"end":{"line":54,"column":2}}},"3":{"name":"(anonymous_12)","decl":{"start":{"line":30,"column":74},"end":{"line":30,"column":null}},"loc":{"start":{"line":30,"column":74},"end":{"line":54,"column":1}}}},"branchMap":{"0":{"loc":{"start":{"line":15,"column":12},"end":{"line":15,"column":39}},"type":"cond-expr","locations":[{"start":{"line":15,"column":17},"end":{"line":15,"column":19}},{"start":{"line":15,"column":12},"end":{"line":15,"column":39}}]},"1":{"loc":{"start":{"line":15,"column":12},"end":{"line":15,"column":19}},"type":"binary-expr","locations":[{"start":{"line":15,"column":12},"end":{"line":15,"column":19}},{"start":{"line":15,"column":12},"end":{"line":15,"column":19}}]},"2":{"loc":{"start":{"line":32,"column":12},"end":{"line":32,"column":39}},"type":"cond-expr","locations":[{"start":{"line":32,"column":17},"end":{"line":32,"column":19}},{"start":{"line":32,"column":12},"end":{"line":32,"column":39}}]},"3":{"loc":{"start":{"line":32,"column":12},"end":{"line":32,"column":19}},"type":"binary-expr","locations":[{"start":{"line":32,"column":12},"end":{"line":32,"column":19}},{"start":{"line":32,"column":12},"end":{"line":32,"column":19}}]},"4":{"loc":{"start":{"line":33,"column":11},"end":{"line":33,"column":23}},"type":"cond-expr","locations":[{"start":{"line":33,"column":15},"end":{"line":33,"column":17}},{"start":{"line":33,"column":11},"end":{"line":33,"column":23}}]},"5":{"loc":{"start":{"line":33,"column":11},"end":{"line":33,"column":17}},"type":"binary-expr","locations":[{"start":{"line":33,"column":11},"end":{"line":33,"column":17}},{"start":{"line":33,"column":11},"end":{"line":33,"column":17}}]},"6":{"loc":{"start":{"line":41,"column":4},"end":{"line":42,"column":86}},"type":"if","locations":[{"start":{"line":41,"column":4},"end":{"line":42,"column":86}}]}},"s":{"0":14,"1":14,"2":14,"3":14,"4":14,"5":14,"6":14,"7":14,"8":0,"9":0,"10":0,"11":0,"12":0,"13":0,"14":0,"15":0,"16":0,"17":0,"18":14,"19":14,"20":0,"21":0,"22":0,"23":0,"24":0,"25":0,"26":0,"27":0,"28":0,"29":0,"30":0,"31":0,"32":0,"33":0,"34":0,"35":0,"36":14},"f":{"0":0,"1":0,"2":0,"3":0},"b":{"0":[0,0],"1":[0,0],"2":[0,0],"3":[0,0],"4":[0,0],"5":[0,0],"6":[0]}}
,"C:\\omar\\faculty\\third year\\first term\\SW\\Project\\Whisper_BackEnd\\src\\controllers\\auth\\facebook.auth.controller.ts": {"path":"C:\\omar\\faculty\\third year\\first term\\SW\\Project\\Whisper_BackEnd\\src\\controllers\\auth\\facebook.auth.controller.ts","statementMap":{"0":{"start":{"line":46,"column":9},"end":{"line":46,"column":21}},"1":{"start":{"line":2,"column":0},"end":{"line":2,"column":83}},"2":{"start":{"line":3,"column":0},"end":{"line":3,"column":73}},"3":{"start":{"line":4,"column":0},"end":{"line":4,"column":81}},"4":{"start":{"line":8,"column":4},"end":{"line":43,"column":5}},"5":{"start":{"line":9,"column":25},"end":{"line":9,"column":33}},"6":{"start":{"line":11,"column":8},"end":{"line":13,"column":9}},"7":{"start":{"line":12,"column":12},"end":{"line":12,"column":61}},"8":{"start":{"line":15,"column":28},"end":{"line":15,"column":54}},"9":{"start":{"line":17,"column":58},"end":{"line":17,"column":88}},"10":{"start":{"line":18,"column":8},"end":{"line":20,"column":9}},"11":{"start":{"line":19,"column":12},"end":{"line":19,"column":52}},"12":{"start":{"line":21,"column":8},"end":{"line":21,"column":30}},"13":{"start":{"line":22,"column":27},"end":{"line":22,"column":53}},"14":{"start":{"line":24,"column":26},"end":{"line":24,"column":55}},"15":{"start":{"line":25,"column":8},"end":{"line":25,"column":42}},"16":{"start":{"line":27,"column":8},"end":{"line":36,"column":11}},"17":{"start":{"line":38,"column":8},"end":{"line":38,"column":25}},"18":{"start":{"line":39,"column":8},"end":{"line":42,"column":11}}},"fnMap":{"0":{"name":"facebookAuth","decl":{"start":{"line":7,"column":15},"end":{"line":7,"column":27}},"loc":{"start":{"line":7,"column":55},"end":{"line":44,"column":null}}}},"branchMap":{"0":{"loc":{"start":{"line":11,"column":8},"end":{"line":13,"column":9}},"type":"if","locations":[{"start":{"line":11,"column":8},"end":{"line":13,"column":9}}]},"1":{"loc":{"start":{"line":18,"column":8},"end":{"line":20,"column":9}},"type":"if","locations":[{"start":{"line":18,"column":8},"end":{"line":20,"column":9}}]}},"s":{"0":14,"1":14,"2":14,"3":14,"4":0,"5":0,"6":0,"7":0,"8":0,"9":0,"10":0,"11":0,"12":0,"13":0,"14":0,"15":0,"16":0,"17":0,"18":0},"f":{"0":0},"b":{"0":[0],"1":[0]}}
,"C:\\omar\\faculty\\third year\\first term\\SW\\Project\\Whisper_BackEnd\\src\\controllers\\auth\\github.auth.controller.ts": {"path":"C:\\omar\\faculty\\third year\\first term\\SW\\Project\\Whisper_BackEnd\\src\\controllers\\auth\\github.auth.controller.ts","statementMap":{"0":{"start":{"line":41,"column":9},"end":{"line":41,"column":19}},"1":{"start":{"line":2,"column":0},"end":{"line":2,"column":81}},"2":{"start":{"line":3,"column":0},"end":{"line":3,"column":73}},"3":{"start":{"line":4,"column":0},"end":{"line":4,"column":81}},"4":{"start":{"line":8,"column":4},"end":{"line":38,"column":5}},"5":{"start":{"line":9,"column":33},"end":{"line":9,"column":46}},"6":{"start":{"line":10,"column":8},"end":{"line":12,"column":9}},"7":{"start":{"line":11,"column":12},"end":{"line":11,"column":62}},"8":{"start":{"line":14,"column":28},"end":{"line":14,"column":58}},"9":{"start":{"line":16,"column":58},"end":{"line":16,"column":88}},"10":{"start":{"line":17,"column":8},"end":{"line":19,"column":9}},"11":{"start":{"line":18,"column":12},"end":{"line":18,"column":54}},"12":{"start":{"line":21,"column":27},"end":{"line":21,"column":53}},"13":{"start":{"line":22,"column":53},"end":{"line":22,"column":57}},"14":{"start":{"line":22,"column":48},"end":{"line":22,"column":53}},"15":{"start":{"line":24,"column":26},"end":{"line":24,"column":55}},"16":{"start":{"line":25,"column":8},"end":{"line":25,"column":42}},"17":{"start":{"line":27,"column":8},"end":{"line":31,"column":11}},"18":{"start":{"line":33,"column":8},"end":{"line":33,"column":33}},"19":{"start":{"line":34,"column":8},"end":{"line":37,"column":11}}},"fnMap":{"0":{"name":"githubAuth","decl":{"start":{"line":7,"column":15},"end":{"line":7,"column":25}},"loc":{"start":{"line":7,"column":53},"end":{"line":39,"column":null}}}},"branchMap":{"0":{"loc":{"start":{"line":10,"column":8},"end":{"line":12,"column":9}},"type":"if","locations":[{"start":{"line":10,"column":8},"end":{"line":12,"column":9}}]},"1":{"loc":{"start":{"line":17,"column":8},"end":{"line":19,"column":9}},"type":"if","locations":[{"start":{"line":17,"column":8},"end":{"line":19,"column":9}}]}},"s":{"0":14,"1":14,"2":14,"3":14,"4":0,"5":0,"6":0,"7":0,"8":0,"9":0,"10":0,"11":0,"12":0,"13":0,"14":0,"15":0,"16":0,"17":0,"18":0,"19":0},"f":{"0":0},"b":{"0":[0],"1":[0]}}
,"C:\\omar\\faculty\\third year\\first term\\SW\\Project\\Whisper_BackEnd\\src\\controllers\\auth\\google.auth.controller.ts": {"path":"C:\\omar\\faculty\\third year\\first term\\SW\\Project\\Whisper_BackEnd\\src\\controllers\\auth\\google.auth.controller.ts","statementMap":{"0":{"start":{"line":2,"column":0},"end":{"line":2,"column":81}},"1":{"start":{"line":3,"column":0},"end":{"line":3,"column":73}},"2":{"start":{"line":4,"column":0},"end":{"line":4,"column":81}},"3":{"start":{"line":8,"column":4},"end":{"line":39,"column":5}},"4":{"start":{"line":9,"column":45},"end":{"line":9,"column":58}},"5":{"start":{"line":10,"column":8},"end":{"line":12,"column":9}},"6":{"start":{"line":11,"column":12},"end":{"line":11,"column":62}},"7":{"start":{"line":14,"column":28},"end":{"line":14,"column":58}},"8":{"start":{"line":16,"column":58},"end":{"line":16,"column":88}},"9":{"start":{"line":17,"column":8},"end":{"line":19,"column":9}},"10":{"start":{"line":18,"column":12},"end":{"line":18,"column":52}},"11":{"start":{"line":21,"column":27},"end":{"line":21,"column":53}},"12":{"start":{"line":22,"column":53},"end":{"line":22,"column":57}},"13":{"start":{"line":22,"column":48},"end":{"line":22,"column":53}},"14":{"start":{"line":24,"column":26},"end":{"line":24,"column":55}},"15":{"start":{"line":26,"column":8},"end":{"line":26,"column":42}},"16":{"start":{"line":28,"column":8},"end":{"line":32,"column":11}},"17":{"start":{"line":34,"column":8},"end":{"line":34,"column":33}},"18":{"start":{"line":35,"column":8},"end":{"line":38,"column":11}},"19":{"start":{"line":42,"column":0},"end":{"line":42,"column":26}}},"fnMap":{"0":{"name":"googleAuth","decl":{"start":{"line":7,"column":15},"end":{"line":7,"column":25}},"loc":{"start":{"line":7,"column":53},"end":{"line":40,"column":null}}}},"branchMap":{"0":{"loc":{"start":{"line":10,"column":8},"end":{"line":12,"column":9}},"type":"if","locations":[{"start":{"line":10,"column":8},"end":{"line":12,"column":9}}]},"1":{"loc":{"start":{"line":17,"column":8},"end":{"line":19,"column":9}},"type":"if","locations":[{"start":{"line":17,"column":8},"end":{"line":19,"column":9}}]}},"s":{"0":14,"1":14,"2":14,"3":0,"4":0,"5":0,"6":0,"7":0,"8":0,"9":0,"10":0,"11":0,"12":0,"13":0,"14":0,"15":0,"16":0,"17":0,"18":0,"19":14},"f":{"0":0},"b":{"0":[0],"1":[0]}}
,"C:\\omar\\faculty\\third year\\first term\\SW\\Project\\Whisper_BackEnd\\src\\controllers\\auth\\login.controller.ts": {"path":"C:\\omar\\faculty\\third year\\first term\\SW\\Project\\Whisper_BackEnd\\src\\controllers\\auth\\login.controller.ts","statementMap":{"0":{"start":{"line":2,"column":0},"end":{"line":2,"column":81}},"1":{"start":{"line":3,"column":0},"end":{"line":3,"column":87}},"2":{"start":{"line":4,"column":0},"end":{"line":4,"column":67}},"3":{"start":{"line":7,"column":14},"end":{"line":24,"column":2}},"4":{"start":{"line":7,"column":52},"end":{"line":24,"column":2}},"5":{"start":{"line":8,"column":4},"end":{"line":8,"column":58}},"6":{"start":{"line":9,"column":56},"end":{"line":9,"column":64}},"7":{"start":{"line":10,"column":4},"end":{"line":10,"column":25}},"8":{"start":{"line":11,"column":4},"end":{"line":11,"column":31}},"9":{"start":{"line":13,"column":17},"end":{"line":13,"column":47}},"10":{"start":{"line":14,"column":65},"end":{"line":14,"column":69}},"11":{"start":{"line":14,"column":60},"end":{"line":14,"column":65}},"12":{"start":{"line":15,"column":4},"end":{"line":15,"column":50}},"13":{"start":{"line":17,"column":22},"end":{"line":17,"column":51}},"14":{"start":{"line":18,"column":4},"end":{"line":18,"column":38}},"15":{"start":{"line":19,"column":4},"end":{"line":23,"column":7}},"16":{"start":{"line":26,"column":0},"end":{"line":26,"column":21}}},"fnMap":{"0":{"name":"(anonymous_8)","decl":{"start":{"line":7,"column":14},"end":{"line":7,"column":21}},"loc":{"start":{"line":7,"column":52},"end":{"line":24,"column":2}}},"1":{"name":"(anonymous_9)","decl":{"start":{"line":7,"column":52},"end":{"line":7,"column":null}},"loc":{"start":{"line":7,"column":52},"end":{"line":24,"column":1}}}},"branchMap":{"0":{"loc":{"start":{"line":8,"column":21},"end":{"line":8,"column":57}},"type":"cond-expr","locations":[{"start":{"line":8,"column":35},"end":{"line":8,"column":37}},{"start":{"line":8,"column":35},"end":{"line":8,"column":57}}]},"1":{"loc":{"start":{"line":8,"column":21},"end":{"line":8,"column":37}},"type":"binary-expr","locations":[{"start":{"line":8,"column":21},"end":{"line":8,"column":37}},{"start":{"line":8,"column":35},"end":{"line":8,"column":37}}]}},"s":{"0":14,"1":14,"2":14,"3":14,"4":2,"5":2,"6":2,"7":2,"8":1,"9":1,"10":1,"11":1,"12":1,"13":1,"14":1,"15":1,"16":14},"f":{"0":2,"1":2},"b":{"0":[0,2],"1":[2,2]}}
,"C:\\omar\\faculty\\third year\\first term\\SW\\Project\\Whisper_BackEnd\\src\\controllers\\auth\\logout.controller.ts": {"path":"C:\\omar\\faculty\\third year\\first term\\SW\\Project\\Whisper_BackEnd\\src\\controllers\\auth\\logout.controller.ts","statementMap":{"0":{"start":{"line":25,"column":9},"end":{"line":25,"column":18}},"1":{"start":{"line":25,"column":20},"end":{"line":25,"column":29}},"2":{"start":{"line":2,"column":0},"end":{"line":2,"column":64}},"3":{"start":{"line":3,"column":0},"end":{"line":3,"column":92}},"4":{"start":{"line":4,"column":0},"end":{"line":4,"column":56}},"5":{"start":{"line":7,"column":22},"end":{"line":7,"column":35}},"6":{"start":{"line":8,"column":4},"end":{"line":8,"column":49}},"7":{"start":{"line":9,"column":4},"end":{"line":9,"column":26}},"8":{"start":{"line":10,"column":4},"end":{"line":13,"column":7}},"9":{"start":{"line":17,"column":4},"end":{"line":17,"column":42}},"10":{"start":{"line":18,"column":4},"end":{"line":18,"column":26}},"11":{"start":{"line":19,"column":4},"end":{"line":22,"column":7}}},"fnMap":{"0":{"name":"logoutOne","decl":{"start":{"line":6,"column":15},"end":{"line":6,"column":24}},"loc":{"start":{"line":6,"column":52},"end":{"line":14,"column":null}}},"1":{"name":"logoutAll","decl":{"start":{"line":16,"column":15},"end":{"line":16,"column":24}},"loc":{"start":{"line":16,"column":52},"end":{"line":23,"column":null}}}},"branchMap":{},"s":{"0":14,"1":14,"2":14,"3":14,"4":14,"5":2,"6":2,"7":1,"8":1,"9":2,"10":2,"11":1},"f":{"0":2,"1":2},"b":{}}
,"C:\\omar\\faculty\\third year\\first term\\SW\\Project\\Whisper_BackEnd\\src\\controllers\\auth\\reset.password.controller.ts": {"path":"C:\\omar\\faculty\\third year\\first term\\SW\\Project\\Whisper_BackEnd\\src\\controllers\\auth\\reset.password.controller.ts","statementMap":{"0":{"start":{"line":60,"column":9},"end":{"line":60,"column":22}},"1":{"start":{"line":60,"column":24},"end":{"line":60,"column":37}},"2":{"start":{"line":3,"column":0},"end":{"line":3,"column":null}},"3":{"start":{"line":9,"column":0},"end":{"line":9,"column":70}},"4":{"start":{"line":10,"column":0},"end":{"line":10,"column":65}},"5":{"start":{"line":11,"column":0},"end":{"line":11,"column":79}},"6":{"start":{"line":12,"column":0},"end":{"line":12,"column":81}},"7":{"start":{"line":13,"column":0},"end":{"line":13,"column":57}},"8":{"start":{"line":16,"column":4},"end":{"line":16,"column":58}},"9":{"start":{"line":17,"column":22},"end":{"line":17,"column":56}},"10":{"start":{"line":18,"column":4},"end":{"line":18,"column":25}},"11":{"start":{"line":20,"column":4},"end":{"line":20,"column":35}},"12":{"start":{"line":22,"column":23},"end":{"line":22,"column":70}},"13":{"start":{"line":23,"column":17},"end":{"line":23,"column":82}},"14":{"start":{"line":25,"column":25},"end":{"line":25,"column":41}},"15":{"start":{"line":26,"column":22},"end":{"line":26,"column":101}},"16":{"start":{"line":27,"column":4},"end":{"line":27,"column":51}},"17":{"start":{"line":29,"column":4},"end":{"line":31,"column":7}},"18":{"start":{"line":35,"column":4},"end":{"line":35,"column":58}},"19":{"start":{"line":36,"column":4},"end":{"line":36,"column":42}},"20":{"start":{"line":37,"column":38},"end":{"line":37,"column":69}},"21":{"start":{"line":38,"column":4},"end":{"line":38,"column":25}},"22":{"start":{"line":39,"column":4},"end":{"line":39,"column":31}},"23":{"start":{"line":40,"column":4},"end":{"line":40,"column":64}},"24":{"start":{"line":41,"column":4},"end":{"line":41,"column":23}},"25":{"start":{"line":43,"column":4},"end":{"line":43,"column":35}},"26":{"start":{"line":45,"column":4},"end":{"line":45,"column":64}},"27":{"start":{"line":47,"column":23},"end":{"line":47,"column":60}},"28":{"start":{"line":48,"column":63},"end":{"line":48,"column":67}},"29":{"start":{"line":48,"column":58},"end":{"line":48,"column":63}},"30":{"start":{"line":50,"column":22},"end":{"line":50,"column":51}},"31":{"start":{"line":51,"column":4},"end":{"line":51,"column":38}},"32":{"start":{"line":53,"column":4},"end":{"line":57,"column":7}}},"fnMap":{"0":{"name":"sendResetCode","decl":{"start":{"line":15,"column":15},"end":{"line":15,"column":28}},"loc":{"start":{"line":15,"column":56},"end":{"line":32,"column":null}}},"1":{"name":"resetPassword","decl":{"start":{"line":34,"column":15},"end":{"line":34,"column":28}},"loc":{"start":{"line":34,"column":56},"end":{"line":58,"column":null}}}},"branchMap":{"0":{"loc":{"start":{"line":16,"column":21},"end":{"line":16,"column":57}},"type":"cond-expr","locations":[{"start":{"line":16,"column":35},"end":{"line":16,"column":37}},{"start":{"line":16,"column":35},"end":{"line":16,"column":57}}]},"1":{"loc":{"start":{"line":16,"column":21},"end":{"line":16,"column":37}},"type":"binary-expr","locations":[{"start":{"line":16,"column":21},"end":{"line":16,"column":37}},{"start":{"line":16,"column":35},"end":{"line":16,"column":37}}]},"2":{"loc":{"start":{"line":35,"column":21},"end":{"line":35,"column":57}},"type":"cond-expr","locations":[{"start":{"line":35,"column":35},"end":{"line":35,"column":37}},{"start":{"line":35,"column":35},"end":{"line":35,"column":57}}]},"3":{"loc":{"start":{"line":35,"column":21},"end":{"line":35,"column":37}},"type":"binary-expr","locations":[{"start":{"line":35,"column":21},"end":{"line":35,"column":37}},{"start":{"line":35,"column":35},"end":{"line":35,"column":37}}]},"4":{"loc":{"start":{"line":36,"column":20},"end":{"line":36,"column":41}},"type":"cond-expr","locations":[{"start":{"line":36,"column":33},"end":{"line":36,"column":35}},{"start":{"line":36,"column":33},"end":{"line":36,"column":41}}]},"5":{"loc":{"start":{"line":36,"column":20},"end":{"line":36,"column":35}},"type":"binary-expr","locations":[{"start":{"line":36,"column":20},"end":{"line":36,"column":35}},{"start":{"line":36,"column":33},"end":{"line":36,"column":35}}]}},"s":{"0":14,"1":14,"2":14,"3":14,"4":14,"5":14,"6":14,"7":14,"8":2,"9":2,"10":2,"11":2,"12":2,"13":2,"14":2,"15":2,"16":2,"17":1,"18":2,"19":2,"20":2,"21":2,"22":2,"23":2,"24":2,"25":2,"26":2,"27":2,"28":1,"29":1,"30":1,"31":1,"32":1},"f":{"0":2,"1":2},"b":{"0":[0,2],"1":[2,2],"2":[0,2],"3":[2,2],"4":[0,2],"5":[2,2]}}
,"C:\\omar\\faculty\\third year\\first term\\SW\\Project\\Whisper_BackEnd\\src\\controllers\\auth\\signup.controller.ts": {"path":"C:\\omar\\faculty\\third year\\first term\\SW\\Project\\Whisper_BackEnd\\src\\controllers\\auth\\signup.controller.ts","statementMap":{"0":{"start":{"line":2,"column":0},"end":{"line":2,"column":50}},"1":{"start":{"line":3,"column":0},"end":{"line":3,"column":79}},"2":{"start":{"line":4,"column":0},"end":{"line":4,"column":67}},"3":{"start":{"line":5,"column":0},"end":{"line":5,"column":57}},"4":{"start":{"line":6,"column":0},"end":{"line":6,"column":28}},"5":{"start":{"line":7,"column":0},"end":{"line":7,"column":72}},"6":{"start":{"line":9,"column":22},"end":{"line":13,"column":1}},"7":{"start":{"line":10,"column":4},"end":{"line":10,"column":50}},"8":{"start":{"line":11,"column":4},"end":{"line":11,"column":56}},"9":{"start":{"line":12,"column":4},"end":{"line":12,"column":48}},"10":{"start":{"line":14,"column":15},"end":{"line":46,"column":2}},"11":{"start":{"line":14,"column":68},"end":{"line":46,"column":2}},"12":{"start":{"line":15,"column":17},"end":{"line":15,"column":25}},"13":{"start":{"line":17,"column":4},"end":{"line":17,"column":24}},"14":{"start":{"line":18,"column":4},"end":{"line":18,"column":39}},"15":{"start":{"line":19,"column":4},"end":{"line":19,"column":55}},"16":{"start":{"line":21,"column":4},"end":{"line":21,"column":68}},"17":{"start":{"line":26,"column":23},"end":{"line":26,"column":70}},"18":{"start":{"line":27,"column":17},"end":{"line":27,"column":86}},"19":{"start":{"line":29,"column":25},"end":{"line":29,"column":45}},"20":{"start":{"line":30,"column":22},"end":{"line":30,"column":132}},"21":{"start":{"line":31,"column":4},"end":{"line":31,"column":56}},"22":{"start":{"line":33,"column":23},"end":{"line":33,"column":70}},"23":{"start":{"line":34,"column":59},"end":{"line":34,"column":63}},"24":{"start":{"line":34,"column":54},"end":{"line":34,"column":59}},"25":{"start":{"line":36,"column":4},"end":{"line":36,"column":71}},"26":{"start":{"line":37,"column":4},"end":{"line":37,"column":75}},"27":{"start":{"line":39,"column":4},"end":{"line":45,"column":7}},"28":{"start":{"line":48,"column":0},"end":{"line":48,"column":22}}},"fnMap":{"0":{"name":"(anonymous_15)","decl":{"start":{"line":9,"column":22},"end":{"line":9,"column":23}},"loc":{"start":{"line":9,"column":36},"end":{"line":13,"column":1}}},"1":{"name":"(anonymous_16)","decl":{"start":{"line":14,"column":15},"end":{"line":14,"column":22}},"loc":{"start":{"line":14,"column":68},"end":{"line":46,"column":2}}},"2":{"name":"(anonymous_17)","decl":{"start":{"line":14,"column":68},"end":{"line":14,"column":null}},"loc":{"start":{"line":14,"column":68},"end":{"line":46,"column":1}}}},"branchMap":{"0":{"loc":{"start":{"line":10,"column":17},"end":{"line":10,"column":49}},"type":"cond-expr","locations":[{"start":{"line":10,"column":27},"end":{"line":10,"column":29}},{"start":{"line":10,"column":27},"end":{"line":10,"column":49}}]},"1":{"loc":{"start":{"line":10,"column":17},"end":{"line":10,"column":29}},"type":"binary-expr","locations":[{"start":{"line":10,"column":17},"end":{"line":10,"column":29}},{"start":{"line":10,"column":27},"end":{"line":10,"column":29}}]},"2":{"loc":{"start":{"line":11,"column":20},"end":{"line":11,"column":55}},"type":"cond-expr","locations":[{"start":{"line":11,"column":33},"end":{"line":11,"column":35}},{"start":{"line":11,"column":33},"end":{"line":11,"column":55}}]},"3":{"loc":{"start":{"line":11,"column":20},"end":{"line":11,"column":35}},"type":"binary-expr","locations":[{"start":{"line":11,"column":20},"end":{"line":11,"column":35}},{"start":{"line":11,"column":33},"end":{"line":11,"column":35}}]},"4":{"loc":{"start":{"line":12,"column":23},"end":{"line":12,"column":47}},"type":"cond-expr","locations":[{"start":{"line":12,"column":39},"end":{"line":12,"column":41}},{"start":{"line":12,"column":39},"end":{"line":12,"column":47}}]},"5":{"loc":{"start":{"line":12,"column":23},"end":{"line":12,"column":41}},"type":"binary-expr","locations":[{"start":{"line":12,"column":23},"end":{"line":12,"column":41}},{"start":{"line":12,"column":39},"end":{"line":12,"column":41}}]}},"s":{"0":14,"1":14,"2":14,"3":14,"4":14,"5":14,"6":14,"7":2,"8":2,"9":2,"10":14,"11":2,"12":2,"13":2,"14":2,"15":2,"16":2,"17":2,"18":2,"19":2,"20":2,"21":2,"22":1,"23":1,"24":1,"25":1,"26":1,"27":1,"28":14},"f":{"0":2,"1":2,"2":2},"b":{"0":[0,2],"1":[2,2],"2":[0,2],"3":[2,2],"4":[0,2],"5":[2,2]}}
,"C:\\omar\\faculty\\third year\\first term\\SW\\Project\\Whisper_BackEnd\\src\\controllers\\call\\call.controller.ts": {"path":"C:\\omar\\faculty\\third year\\first term\\SW\\Project\\Whisper_BackEnd\\src\\controllers\\call\\call.controller.ts","statementMap":{"0":{"start":{"line":1,"column":0},"end":{"line":1,"column":60}},"1":{"start":{"line":6,"column":29},"end":{"line":14,"column":2}},"2":{"start":{"line":6,"column":67},"end":{"line":14,"column":2}},"3":{"start":{"line":7,"column":19},"end":{"line":7,"column":36}},"4":{"start":{"line":8,"column":19},"end":{"line":8,"column":29}},"5":{"start":{"line":9,"column":18},"end":{"line":9,"column":56}},"6":{"start":{"line":10,"column":4},"end":{"line":13,"column":7}},"7":{"start":{"line":6,"column":13},"end":{"line":6,"column":29}},"8":{"start":{"line":16,"column":24},"end":{"line":24,"column":null}},"9":{"start":{"line":16,"column":62},"end":{"line":24,"column":null}},"10":{"start":{"line":17,"column":19},"end":{"line":17,"column":36}},"11":{"start":{"line":18,"column":19},"end":{"line":18,"column":29}},"12":{"start":{"line":19,"column":18},"end":{"line":19,"column":61}},"13":{"start":{"line":20,"column":4},"end":{"line":23,"column":7}},"14":{"start":{"line":16,"column":13},"end":{"line":16,"column":24}}},"fnMap":{"0":{"name":"(anonymous_13)","decl":{"start":{"line":6,"column":29},"end":{"line":6,"column":36}},"loc":{"start":{"line":6,"column":67},"end":{"line":14,"column":2}}},"1":{"name":"(anonymous_14)","decl":{"start":{"line":6,"column":67},"end":{"line":6,"column":null}},"loc":{"start":{"line":6,"column":67},"end":{"line":14,"column":1}}},"2":{"name":"(anonymous_15)","decl":{"start":{"line":16,"column":24},"end":{"line":16,"column":31}},"loc":{"start":{"line":16,"column":62},"end":{"line":24,"column":null}}},"3":{"name":"(anonymous_16)","decl":{"start":{"line":16,"column":62},"end":{"line":16,"column":null}},"loc":{"start":{"line":16,"column":62},"end":{"line":24,"column":1}}}},"branchMap":{},"s":{"0":14,"1":14,"2":0,"3":0,"4":0,"5":0,"6":0,"7":14,"8":14,"9":0,"10":0,"11":0,"12":0,"13":0,"14":14},"f":{"0":0,"1":0,"2":0,"3":0},"b":{}}
,"C:\\omar\\faculty\\third year\\first term\\SW\\Project\\Whisper_BackEnd\\src\\controllers\\chat\\chat.participants.ts": {"path":"C:\\omar\\faculty\\third year\\first term\\SW\\Project\\Whisper_BackEnd\\src\\controllers\\chat\\chat.participants.ts","statementMap":{"0":{"start":{"line":2,"column":0},"end":{"line":2,"column":61}},"1":{"start":{"line":4,"column":36},"end":{"line":8,"column":2}},"2":{"start":{"line":4,"column":74},"end":{"line":8,"column":2}},"3":{"start":{"line":5,"column":19},"end":{"line":5,"column":44}},"4":{"start":{"line":6,"column":24},"end":{"line":6,"column":52}},"5":{"start":{"line":7,"column":4},"end":{"line":7,"column":38}},"6":{"start":{"line":4,"column":13},"end":{"line":4,"column":36}}},"fnMap":{"0":{"name":"(anonymous_7)","decl":{"start":{"line":4,"column":36},"end":{"line":4,"column":43}},"loc":{"start":{"line":4,"column":74},"end":{"line":8,"column":2}}},"1":{"name":"(anonymous_8)","decl":{"start":{"line":4,"column":74},"end":{"line":4,"column":null}},"loc":{"start":{"line":4,"column":74},"end":{"line":8,"column":1}}}},"branchMap":{},"s":{"0":14,"1":14,"2":0,"3":0,"4":0,"5":0,"6":14},"f":{"0":0,"1":0},"b":{}}
,"C:\\omar\\faculty\\third year\\first term\\SW\\Project\\Whisper_BackEnd\\src\\controllers\\chat\\create.chat.ts": {"path":"C:\\omar\\faculty\\third year\\first term\\SW\\Project\\Whisper_BackEnd\\src\\controllers\\chat\\create.chat.ts","statementMap":{"0":{"start":{"line":1,"column":0},"end":{"line":1,"column":66}},"1":{"start":{"line":4,"column":32},"end":{"line":17,"column":2}},"2":{"start":{"line":4,"column":93},"end":{"line":17,"column":2}},"3":{"start":{"line":5,"column":4},"end":{"line":16,"column":5}},"4":{"start":{"line":6,"column":23},"end":{"line":6,"column":81}},"5":{"start":{"line":7,"column":22},"end":{"line":10,"column":null}},"6":{"start":{"line":8,"column":37},"end":{"line":10,"column":14}},"7":{"start":{"line":9,"column":16},"end":{"line":9,"column":71}},"8":{"start":{"line":12,"column":8},"end":{"line":12,"column":21}},"9":{"start":{"line":14,"column":8},"end":{"line":14,"column":29}},"10":{"start":{"line":15,"column":8},"end":{"line":15,"column":20}},"11":{"start":{"line":4,"column":13},"end":{"line":4,"column":32}}},"fnMap":{"0":{"name":"(anonymous_7)","decl":{"start":{"line":4,"column":32},"end":{"line":4,"column":39}},"loc":{"start":{"line":4,"column":93},"end":{"line":17,"column":2}}},"1":{"name":"(anonymous_8)","decl":{"start":{"line":4,"column":93},"end":{"line":4,"column":null}},"loc":{"start":{"line":4,"column":93},"end":{"line":17,"column":1}}},"2":{"name":"(anonymous_9)","decl":{"start":{"line":8,"column":22},"end":{"line":8,"column":29}},"loc":{"start":{"line":8,"column":37},"end":{"line":10,"column":14}}},"3":{"name":"(anonymous_10)","decl":{"start":{"line":8,"column":37},"end":{"line":8,"column":null}},"loc":{"start":{"line":8,"column":37},"end":{"line":10,"column":13}}}},"branchMap":{},"s":{"0":14,"1":14,"2":0,"3":0,"4":0,"5":0,"6":0,"7":0,"8":0,"9":0,"10":0,"11":14},"f":{"0":0,"1":0,"2":0,"3":0},"b":{}}
,"C:\\omar\\faculty\\third year\\first term\\SW\\Project\\Whisper_BackEnd\\src\\controllers\\chat\\edit.chat.ts": {"path":"C:\\omar\\faculty\\third year\\first term\\SW\\Project\\Whisper_BackEnd\\src\\controllers\\chat\\edit.chat.ts","statementMap":{"0":{"start":{"line":2,"column":0},"end":{"line":2,"column":67}},"1":{"start":{"line":3,"column":0},"end":{"line":3,"column":64}},"2":{"start":{"line":5,"column":30},"end":{"line":13,"column":2}},"3":{"start":{"line":5,"column":68},"end":{"line":13,"column":2}},"4":{"start":{"line":6,"column":19},"end":{"line":6,"column":29}},"5":{"start":{"line":7,"column":19},"end":{"line":7,"column":44}},"6":{"start":{"line":8,"column":17},"end":{"line":8,"column":30}},"7":{"start":{"line":9,"column":21},"end":{"line":9,"column":38}},"8":{"start":{"line":10,"column":4},"end":{"line":10,"column":35}},"9":{"start":{"line":11,"column":4},"end":{"line":11,"column":67}},"10":{"start":{"line":11,"column":18},"end":{"line":11,"column":67}},"11":{"start":{"line":12,"column":4},"end":{"line":12,"column":75}},"12":{"start":{"line":5,"column":13},"end":{"line":5,"column":30}},"13":{"start":{"line":15,"column":32},"end":{"line":20,"column":2}},"14":{"start":{"line":15,"column":70},"end":{"line":20,"column":2}},"15":{"start":{"line":16,"column":19},"end":{"line":16,"column":29}},"16":{"start":{"line":17,"column":19},"end":{"line":17,"column":44}},"17":{"start":{"line":18,"column":4},"end":{"line":18,"column":37}},"18":{"start":{"line":19,"column":4},"end":{"line":19,"column":77}},"19":{"start":{"line":15,"column":13},"end":{"line":15,"column":32}}},"fnMap":{"0":{"name":"(anonymous_7)","decl":{"start":{"line":5,"column":30},"end":{"line":5,"column":37}},"loc":{"start":{"line":5,"column":68},"end":{"line":13,"column":2}}},"1":{"name":"(anonymous_8)","decl":{"start":{"line":5,"column":68},"end":{"line":5,"column":null}},"loc":{"start":{"line":5,"column":68},"end":{"line":13,"column":1}}},"2":{"name":"(anonymous_9)","decl":{"start":{"line":15,"column":32},"end":{"line":15,"column":39}},"loc":{"start":{"line":15,"column":70},"end":{"line":20,"column":2}}},"3":{"name":"(anonymous_10)","decl":{"start":{"line":15,"column":70},"end":{"line":15,"column":null}},"loc":{"start":{"line":15,"column":70},"end":{"line":20,"column":1}}}},"branchMap":{"0":{"loc":{"start":{"line":11,"column":4},"end":{"line":11,"column":67}},"type":"if","locations":[{"start":{"line":11,"column":4},"end":{"line":11,"column":67}}]}},"s":{"0":14,"1":14,"2":14,"3":0,"4":0,"5":0,"6":0,"7":0,"8":0,"9":0,"10":0,"11":0,"12":14,"13":14,"14":0,"15":0,"16":0,"17":0,"18":0,"19":14},"f":{"0":0,"1":0,"2":0,"3":0},"b":{"0":[0]}}
[...]
:{"line":139,"column":7}},"75":{"start":{"line":142,"column":69},"end":{"line":142,"column":78}}},"fnMap":{"0":{"name":"(anonymous_14)","decl":{"start":{"line":9,"column":26},"end":{"line":9,"column":33}},"loc":{"start":{"line":9,"column":96},"end":{"line":31,"column":2}}},"1":{"name":"(anonymous_15)","decl":{"start":{"line":9,"column":96},"end":{"line":9,"column":null}},"loc":{"start":{"line":9,"column":96},"end":{"line":31,"column":1}}},"2":{"name":"(anonymous_16)","decl":{"start":{"line":33,"column":18},"end":{"line":33,"column":null}},"loc":{"start":{"line":37,"column":19},"end":{"line":48,"column":2}}},"3":{"name":"(anonymous_17)","decl":{"start":{"line":37,"column":19},"end":{"line":37,"column":null}},"loc":{"start":{"line":37,"column":19},"end":{"line":48,"column":1}}},"4":{"name":"(anonymous_18)","decl":{"start":{"line":50,"column":18},"end":{"line":50,"column":null}},"loc":{"start":{"line":54,"column":19},"end":{"line":70,"column":2}}},"5":{"name":"(anonymous_19)","decl":{"start":{"line":54,"column":19},"end":{"line":54,"column":null}},"loc":{"start":{"line":54,"column":19},"end":{"line":70,"column":1}}},"6":{"name":"(anonymous_20)","decl":{"start":{"line":72,"column":21},"end":{"line":72,"column":28}},"loc":{"start":{"line":72,"column":88},"end":{"line":89,"column":2}}},"7":{"name":"(anonymous_21)","decl":{"start":{"line":72,"column":88},"end":{"line":72,"column":null}},"loc":{"start":{"line":72,"column":88},"end":{"line":89,"column":1}}},"8":{"name":"(anonymous_22)","decl":{"start":{"line":91,"column":20},"end":{"line":91,"column":null}},"loc":{"start":{"line":95,"column":19},"end":{"line":107,"column":2}}},"9":{"name":"(anonymous_23)","decl":{"start":{"line":95,"column":19},"end":{"line":95,"column":null}},"loc":{"start":{"line":95,"column":19},"end":{"line":107,"column":1}}},"10":{"name":"(anonymous_24)","decl":{"start":{"line":109,"column":18},"end":{"line":109,"column":null}},"loc":{"start":{"line":113,"column":19},"end":{"line":126,"column":2}}},"11":{"name":"(anonymous_25)","decl":{"start":{"line":113,"column":19},"end":{"line":113,"column":null}},"loc":{"start":{"line":113,"column":19},"end":{"line":126,"column":1}}},"12":{"name":"(anonymous_26)","decl":{"start":{"line":128,"column":18},"end":{"line":128,"column":null}},"loc":{"start":{"line":132,"column":19},"end":{"line":140,"column":2}}},"13":{"name":"(anonymous_27)","decl":{"start":{"line":132,"column":19},"end":{"line":132,"column":null}},"loc":{"start":{"line":132,"column":19},"end":{"line":140,"column":1}}}},"branchMap":{"0":{"loc":{"start":{"line":12,"column":8},"end":{"line":13,"column":37}},"type":"if","locations":[{"start":{"line":12,"column":8},"end":{"line":13,"column":37}},{"start":{"line":13,"column":13},"end":{"line":13,"column":37}}]},"1":{"loc":{"start":{"line":16,"column":8},"end":{"line":26,"column":9}},"type":"switch","locations":[{"start":{"line":17,"column":12},"end":{"line":19,"column":22}},{"start":{"line":20,"column":12},"end":{"line":22,"column":22}},{"start":{"line":23,"column":12},"end":{"line":25,"column":22}}]},"2":{"loc":{"start":{"line":40,"column":8},"end":{"line":44,"column":9}},"type":"if","locations":[{"start":{"line":40,"column":8},"end":{"line":44,"column":9}}]},"3":{"loc":{"start":{"line":75,"column":8},"end":{"line":75,"column":27}},"type":"if","locations":[{"start":{"line":75,"column":8},"end":{"line":75,"column":27}}]},"4":{"loc":{"start":{"line":78,"column":8},"end":{"line":78,"column":27}},"type":"if","locations":[{"start":{"line":78,"column":8},"end":{"line":78,"column":27}}]}},"s":{"0":14,"1":14,"2":14,"3":14,"4":14,"5":0,"6":0,"7":0,"8":0,"9":0,"10":0,"11":0,"12":0,"13":0,"14":0,"15":0,"16":0,"17":0,"18":0,"19":0,"20":14,"21":14,"22":0,"23":0,"24":0,"25":0,"26":0,"27":0,"28":0,"29":14,"30":14,"31":0,"32":0,"33":0,"34":0,"35":0,"36":0,"37":14,"38":14,"39":0,"40":0,"41":0,"42":0,"43":0,"44":0,"45":0,"46":0,"47":0,"48":0,"49":0,"50":0,"51":0,"52":0,"53":0,"54":0,"55":14,"56":14,"57":0,"58":0,"59":0,"60":0,"61":0,"62":0,"63":14,"64":14,"65":0,"66":0,"67":0,"68":0,"69":0,"70":14,"71":14,"72":0,"73":0,"74":0,"75":14},"f":{"0":0,"1":0,"2":0,"3":0,"4":0,"5":0,"6":0,"7":0,"8":0,"9":0,"10":0,"11":0,"12":0,"13":0},"b":{"0":[0,0],"1":[0,0,0],"2":[0],"3":[0],"4":[0]}}
,"C:\\omar\\faculty\\third year\\first term\\SW\\Project\\Whisper_BackEnd\\src\\socket\\utils\\socket.utils.ts": {"path":"C:\\omar\\faculty\\third year\\first term\\SW\\Project\\Whisper_BackEnd\\src\\socket\\utils\\socket.utils.ts","statementMap":{"0":{"start":{"line":3,"column":28},"end":{"line":15,"column":1}},"1":{"start":{"line":9,"column":4},"end":{"line":14,"column":5}},"2":{"start":{"line":10,"column":23},"end":{"line":10,"column":42}},"3":{"start":{"line":11,"column":8},"end":{"line":13,"column":9}},"4":{"start":{"line":12,"column":12},"end":{"line":12,"column":48}},"5":{"start":{"line":3,"column":13},"end":{"line":3,"column":28}}},"fnMap":{"0":{"name":"(anonymous_0)","decl":{"start":{"line":3,"column":28},"end":{"line":3,"column":null}},"loc":{"start":{"line":8,"column":4},"end":{"line":15,"column":1}}}},"branchMap":{"0":{"loc":{"start":{"line":9,"column":4},"end":{"line":14,"column":5}},"type":"if","locations":[{"start":{"line":9,"column":4},"end":{"line":14,"column":5}}]},"1":{"loc":{"start":{"line":11,"column":8},"end":{"line":13,"column":9}},"type":"if","locations":[{"start":{"line":11,"column":8},"end":{"line":13,"column":9}}]}},"s":{"0":14,"1":0,"2":0,"3":0,"4":0,"5":14},"f":{"0":0},"b":{"0":[0],"1":[0]}}
,"C:\\omar\\faculty\\third year\\first term\\SW\\Project\\Whisper_BackEnd\\src\\validators\\auth.ts": {"path":"C:\\omar\\faculty\\third year\\first term\\SW\\Project\\Whisper_BackEnd\\src\\validators\\auth.ts","statementMap":{"0":{"start":{"line":1,"column":0},"end":{"line":1,"column":46}},"1":{"start":{"line":2,"column":0},"end":{"line":2,"column":57}},"2":{"start":{"line":3,"column":0},"end":{"line":3,"column":43}},"3":{"start":{"line":5,"column":23},"end":{"line":13,"column":1}},"4":{"start":{"line":6,"column":4},"end":{"line":6,"column":28}},"5":{"start":{"line":7,"column":4},"end":{"line":7,"column":36}},"6":{"start":{"line":8,"column":4},"end":{"line":8,"column":30}},"7":{"start":{"line":9,"column":4},"end":{"line":9,"column":61}},"8":{"start":{"line":10,"column":4},"end":{"line":10,"column":36}},"9":{"start":{"line":11,"column":4},"end":{"line":11,"column":65}},"10":{"start":{"line":12,"column":4},"end":{"line":12,"column":40}},"11":{"start":{"line":200,"column":4},"end":{"line":200,"column":18}},"12":{"start":{"line":14,"column":21},"end":{"line":35,"column":1}},"13":{"start":{"line":15,"column":33},"end":{"line":27,"column":6}},"14":{"start":{"line":28,"column":47},"end":{"line":31,"column":11}},"15":{"start":{"line":32,"column":4},"end":{"line":34,"column":5}},"16":{"start":{"line":33,"column":8},"end":{"line":33,"column":59}},"17":{"start":{"line":192,"column":4},"end":{"line":192,"column":16}},"18":{"start":{"line":37,"column":25},"end":{"line":58,"column":1}},"19":{"start":{"line":38,"column":33},"end":{"line":50,"column":6}},"20":{"start":{"line":51,"column":47},"end":{"line":54,"column":11}},"21":{"start":{"line":55,"column":4},"end":{"line":57,"column":5}},"22":{"start":{"line":56,"column":8},"end":{"line":56,"column":59}},"23":{"start":{"line":193,"column":4},"end":{"line":193,"column":20}},"24":{"start":{"line":60,"column":22},"end":{"line":79,"column":1}},"25":{"start":{"line":61,"column":33},"end":{"line":71,"column":6}},"26":{"start":{"line":72,"column":47},"end":{"line":75,"column":11}},"27":{"start":{"line":76,"column":4},"end":{"line":78,"column":5}},"28":{"start":{"line":77,"column":8},"end":{"line":77,"column":59}},"29":{"start":{"line":194,"column":4},"end":{"line":194,"column":17}},"30":{"start":{"line":81,"column":28},"end":{"line":103,"column":1}},"31":{"start":{"line":82,"column":33},"end":{"line":92,"column":6}},"32":{"start":{"line":93,"column":47},"end":{"line":98,"column":11}},"33":{"start":{"line":99,"column":4},"end":{"line":101,"column":5}},"34":{"start":{"line":100,"column":8},"end":{"line":100,"column":59}},"35":{"start":{"line":102,"column":4},"end":{"line":102,"column":41}},"36":{"start":{"line":195,"column":4},"end":{"line":195,"column":23}},"37":{"start":{"line":105,"column":25},"end":{"line":126,"column":1}},"38":{"start":{"line":106,"column":33},"end":{"line":118,"column":6}},"39":{"start":{"line":119,"column":47},"end":{"line":122,"column":11}},"40":{"start":{"line":123,"column":4},"end":{"line":125,"column":5}},"41":{"start":{"line":124,"column":8},"end":{"line":124,"column":59}},"42":{"start":{"line":196,"column":4},"end":{"line":196,"column":20}},"43":{"start":{"line":128,"column":32},"end":{"line":149,"column":1}},"44":{"start":{"line":129,"column":33},"end":{"line":141,"column":6}},"45":{"start":{"line":142,"column":47},"end":{"line":145,"column":11}},"46":{"start":{"line":146,"column":4},"end":{"line":148,"column":5}},"47":{"start":{"line":147,"column":8},"end":{"line":147,"column":59}},"48":{"start":{"line":197,"column":4},"end":{"line":197,"column":27}},"49":{"start":{"line":151,"column":27},"end":{"line":168,"column":1}},"50":{"start":{"line":152,"column":33},"end":{"line":160,"column":6}},"51":{"start":{"line":161,"column":47},"end":{"line":164,"column":11}},"52":{"start":{"line":165,"column":4},"end":{"line":167,"column":5}},"53":{"start":{"line":166,"column":8},"end":{"line":166,"column":59}},"54":{"start":{"line":198,"column":4},"end":{"line":198,"column":22}},"55":{"start":{"line":170,"column":21},"end":{"line":189,"column":1}},"56":{"start":{"line":171,"column":33},"end":{"line":181,"column":6}},"57":{"start":{"line":182,"column":47},"end":{"line":185,"column":11}},"58":{"start":{"line":186,"column":4},"end":{"line":188,"column":5}},"59":{"start":{"line":187,"column":8},"end":{"line":187,"column":59}},"60":{"start":{"line":199,"column":4},"end":{"line":199,"column":16}}},"fnMap":{"0":{"name":"(anonymous_1)","decl":{"start":{"line":5,"column":23},"end":{"line":5,"column":24}},"loc":{"start":{"line":5,"column":42},"end":{"line":13,"column":1}}},"1":{"name":"(anonymous_2)","decl":{"start":{"line":14,"column":21},"end":{"line":14,"column":22}},"loc":{"start":{"line":14,"column":35},"end":{"line":35,"column":1}}},"2":{"name":"(anonymous_3)","decl":{"start":{"line":37,"column":25},"end":{"line":37,"column":26}},"loc":{"start":{"line":37,"column":43},"end":{"line":58,"column":1}}},"3":{"name":"(anonymous_4)","decl":{"start":{"line":60,"column":22},"end":{"line":60,"column":23}},"loc":{"start":{"line":60,"column":37},"end":{"line":79,"column":1}}},"4":{"name":"(anonymous_5)","decl":{"start":{"line":81,"column":28},"end":{"line":81,"column":29}},"loc":{"start":{"line":81,"column":49},"end":{"line":103,"column":1}}},"5":{"name":"(anonymous_6)","decl":{"start":{"line":105,"column":25},"end":{"line":105,"column":26}},"loc":{"start":{"line":105,"column":43},"end":{"line":126,"column":1}}},"6":{"name":"(anonymous_7)","decl":{"start":{"line":128,"column":32},"end":{"line":128,"column":33}},"loc":{"start":{"line":128,"column":72},"end":{"line":149,"column":1}}},"7":{"name":"(anonymous_8)","decl":{"start":{"line":151,"column":27},"end":{"line":151,"column":28}},"loc":{"start":{"line":151,"column":47},"end":{"line":168,"column":1}}},"8":{"name":"(anonymous_9)","decl":{"start":{"line":170,"column":21},"end":{"line":170,"column":22}},"loc":{"start":{"line":170,"column":35},"end":{"line":189,"column":1}}}},"branchMap":{"0":{"loc":{"start":{"line":32,"column":4},"end":{"line":34,"column":5}},"type":"if","locations":[{"start":{"line":32,"column":4},"end":{"line":34,"column":5}}]},"1":{"loc":{"start":{"line":55,"column":4},"end":{"line":57,"column":5}},"type":"if","locations":[{"start":{"line":55,"column":4},"end":{"line":57,"column":5}}]},"2":{"loc":{"start":{"line":76,"column":4},"end":{"line":78,"column":5}},"type":"if","locations":[{"start":{"line":76,"column":4},"end":{"line":78,"column":5}}]},"3":{"loc":{"start":{"line":99,"column":4},"end":{"line":101,"column":5}},"type":"if","locations":[{"start":{"line":99,"column":4},"end":{"line":101,"column":5}}]},"4":{"loc":{"start":{"line":123,"column":4},"end":{"line":125,"column":5}},"type":"if","locations":[{"start":{"line":123,"column":4},"end":{"line":125,"column":5}}]},"5":{"loc":{"start":{"line":146,"column":4},"end":{"line":148,"column":5}},"type":"if","locations":[{"start":{"line":146,"column":4},"end":{"line":148,"column":5}}]},"6":{"loc":{"start":{"line":165,"column":4},"end":{"line":167,"column":5}},"type":"if","locations":[{"start":{"line":165,"column":4},"end":{"line":167,"column":5}}]},"7":{"loc":{"start":{"line":186,"column":4},"end":{"line":188,"column":5}},"type":"if","locations":[{"start":{"line":186,"column":4},"end":{"line":188,"column":5}}]}},"s":{"0":29,"1":29,"2":29,"3":29,"4":0,"5":0,"6":0,"7":0,"8":0,"9":0,"10":0,"11":29,"12":29,"13":6,"14":6,"15":6,"16":5,"17":29,"18":29,"19":6,"20":6,"21":6,"22":5,"23":29,"24":29,"25":5,"26":5,"27":5,"28":4,"29":29,"30":29,"31":6,"32":6,"33":6,"34":5,"35":1,"36":29,"37":29,"38":6,"39":6,"40":6,"41":5,"42":29,"43":29,"44":8,"45":8,"46":8,"47":7,"48":29,"49":29,"50":4,"51":4,"52":4,"53":3,"54":29,"55":29,"56":5,"57":5,"58":5,"59":4,"60":29},"f":{"0":0,"1":6,"2":6,"3":5,"4":6,"5":6,"6":8,"7":4,"8":5},"b":{"0":[5],"1":[5],"2":[4],"3":[5],"4":[5],"5":[7],"6":[3],"7":[4]}}
,"C:\\omar\\faculty\\third year\\first term\\SW\\Project\\Whisper_BackEnd\\src\\validators\\phone.ts": {"path":"C:\\omar\\faculty\\third year\\first term\\SW\\Project\\Whisper_BackEnd\\src\\validators\\phone.ts","statementMap":{"0":{"start":{"line":20,"column":9},"end":{"line":20,"column":25}},"1":{"start":{"line":1,"column":0},"end":{"line":1,"column":30}},"2":{"start":{"line":2,"column":0},"end":{"line":2,"column":46}},"3":{"start":{"line":5,"column":17},"end":{"line":5,"column":33}},"4":{"start":{"line":6,"column":4},"end":{"line":8,"column":5}},"5":{"start":{"line":7,"column":8},"end":{"line":7,"column":72}},"6":{"start":{"line":9,"column":28},"end":{"line":9,"column":46}},"7":{"start":{"line":10,"column":4},"end":{"line":12,"column":5}},"8":{"start":{"line":11,"column":8},"end":{"line":11,"column":72}},"9":{"start":{"line":13,"column":26},"end":{"line":13,"column":70}},"10":{"start":{"line":14,"column":4},"end":{"line":16,"column":5}},"11":{"start":{"line":15,"column":8},"end":{"line":15,"column":72}},"12":{"start":{"line":17,"column":4},"end":{"line":17,"column":37}}},"fnMap":{"0":{"name":"checkPhoneNumber","decl":{"start":{"line":4,"column":9},"end":{"line":4,"column":25}},"loc":{"start":{"line":4,"column":45},"end":{"line":18,"column":1}}}},"branchMap":{"0":{"loc":{"start":{"line":6,"column":4},"end":{"line":8,"column":5}},"type":"if","locations":[{"start":{"line":6,"column":4},"end":{"line":8,"column":5}}]},"1":{"loc":{"start":{"line":10,"column":4},"end":{"line":12,"column":5}},"type":"if","locations":[{"start":{"line":10,"column":4},"end":{"line":12,"column":5}}]},"2":{"loc":{"start":{"line":14,"column":4},"end":{"line":16,"column":5}},"type":"if","locations":[{"start":{"line":14,"column":4},"end":{"line":16,"column":5}}]}},"s":{"0":30,"1":30,"2":30,"3":5,"4":5,"5":2,"6":3,"7":3,"8":2,"9":1,"10":1,"11":0,"12":1},"f":{"0":5},"b":{"0":[2],"1":[2],"2":[0]}}
,"C:\\omar\\faculty\\third year\\first term\\SW\\Project\\Whisper_BackEnd\\src\\validators\\socket.ts": {"path":"C:\\omar\\faculty\\third year\\first term\\SW\\Project\\Whisper_BackEnd\\src\\validators\\socket.ts","statementMap":{"0":{"start":{"line":3,"column":0},"end":{"line":3,"column":61}},"1":{"start":{"line":4,"column":0},"end":{"line":4,"column":63}},"2":{"start":{"line":6,"column":30},"end":{"line":16,"column":2}},"3":{"start":{"line":6,"column":84},"end":{"line":16,"column":2}},"4":{"start":{"line":7,"column":19},"end":{"line":7,"column":50}},"5":{"start":{"line":8,"column":18},"end":{"line":8,"column":46}},"6":{"start":{"line":9,"column":4},"end":{"line":15,"column":5}},"7":{"start":{"line":10,"column":8},"end":{"line":10,"column":61}},"8":{"start":{"line":11,"column":11},"end":{"line":15,"column":5}},"9":{"start":{"line":12,"column":8},"end":{"line":12,"column":85}},"10":{"start":{"line":14,"column":8},"end":{"line":14,"column":65}},"11":{"start":{"line":6,"column":13},"end":{"line":6,"column":30}}},"fnMap":{"0":{"name":"(anonymous_7)","decl":{"start":{"line":6,"column":30},"end":{"line":6,"column":37}},"loc":{"start":{"line":6,"column":84},"end":{"line":16,"column":2}}},"1":{"name":"(anonymous_8)","decl":{"start":{"line":6,"column":84},"end":{"line":6,"column":null}},"loc":{"start":{"line":6,"column":84},"end":{"line":16,"column":1}}}},"branchMap":{"0":{"loc":{"start":{"line":9,"column":4},"end":{"line":15,"column":5}},"type":"if","locations":[{"start":{"line":9,"column":4},"end":{"line":15,"column":5}},{"start":{"line":11,"column":11},"end":{"line":15,"column":5}}]},"1":{"loc":{"start":{"line":11,"column":11},"end":{"line":15,"column":5}},"type":"if","locations":[{"start":{"line":11,"column":11},"end":{"line":15,"column":5}},{"start":{"line":13,"column":11},"end":{"line":15,"column":5}}]}},"s":{"0":14,"1":14,"2":14,"3":0,"4":0,"5":0,"6":0,"7":0,"8":0,"9":0,"10":0,"11":14},"f":{"0":0,"1":0},"b":{"0":[0,0],"1":[0,0]}}
,"C:\\omar\\faculty\\third year\\first term\\SW\\Project\\Whisper_BackEnd\\src\\validators\\user.ts": {"path":"C:\\omar\\faculty\\third year\\first term\\SW\\Project\\Whisper_BackEnd\\src\\validators\\user.ts","statementMap":{"0":{"start":{"line":1,"column":0},"end":{"line":1,"column":57}},"1":{"start":{"line":2,"column":0},"end":{"line":2,"column":46}},"2":{"start":{"line":4,"column":26},"end":{"line":27,"column":1}},"3":{"start":{"line":5,"column":33},"end":{"line":20,"column":6}},"4":{"start":{"line":21,"column":47},"end":{"line":23,"column":12}},"5":{"start":{"line":24,"column":4},"end":{"line":26,"column":5}},"6":{"start":{"line":25,"column":8},"end":{"line":25,"column":59}},"7":{"start":{"line":59,"column":9},"end":{"line":59,"column":26}},"8":{"start":{"line":29,"column":28},"end":{"line":42,"column":1}},"9":{"start":{"line":30,"column":33},"end":{"line":35,"column":6}},"10":{"start":{"line":36,"column":47},"end":{"line":38,"column":12}},"11":{"start":{"line":39,"column":4},"end":{"line":41,"column":5}},"12":{"start":{"line":40,"column":8},"end":{"line":40,"column":59}},"13":{"start":{"line":59,"column":28},"end":{"line":59,"column":47}},"14":{"start":{"line":44,"column":25},"end":{"line":57,"column":1}},"15":{"start":{"line":45,"column":33},"end":{"line":50,"column":6}},"16":{"start":{"line":51,"column":47},"end":{"line":53,"column":12}},"17":{"start":{"line":54,"column":4},"end":{"line":56,"column":5}},"18":{"start":{"line":55,"column":8},"end":{"line":55,"column":59}},"19":{"start":{"line":59,"column":49},"end":{"line":59,"column":65}}},"fnMap":{"0":{"name":"(anonymous_1)","decl":{"start":{"line":4,"column":26},"end":{"line":4,"column":27}},"loc":{"start":{"line":4,"column":64},"end":{"line":27,"column":1}}},"1":{"name":"(anonymous_2)","decl":{"start":{"line":29,"column":28},"end":{"line":29,"column":29}},"loc":{"start":{"line":29,"column":54},"end":{"line":42,"column":1}}},"2":{"name":"(anonymous_3)","decl":{"start":{"line":44,"column":25},"end":{"line":44,"column":26}},"loc":{"start":{"line":44,"column":46},"end":{"line":57,"column":1}}}},"branchMap":{"0":{"loc":{"start":{"line":24,"column":4},"end":{"line":26,"column":5}},"type":"if","locations":[{"start":{"line":24,"column":4},"end":{"line":26,"column":5}}]},"1":{"loc":{"start":{"line":39,"column":4},"end":{"line":41,"column":5}},"type":"if","locations":[{"start":{"line":39,"column":4},"end":{"line":41,"column":5}}]},"2":{"loc":{"start":{"line":54,"column":4},"end":{"line":56,"column":5}},"type":"if","locations":[{"start":{"line":54,"column":4},"end":{"line":56,"column":5}}]}},"s":{"0":15,"1":15,"2":15,"3":5,"4":5,"5":5,"6":4,"7":15,"8":15,"9":3,"10":3,"11":3,"12":2,"13":15,"14":15,"15":3,"16":3,"17":3,"18":2,"19":15},"f":{"0":5,"1":3,"2":3},"b":{"0":[4],"1":[2],"2":[2]}}
}
