TN:
SF:src\app.ts
FN:24,(anonymous_8)
FN:54,(anonymous_9)
FN:56,(anonymous_10)
FN:56,(anonymous_11)
FNF:4
FNH:3
FNDA:62,(anonymous_8)
FNDA:0,(anonymous_9)
FNDA:16,(anonymous_10)
FNDA:16,(anonymous_11)
DA:1,16
DA:2,16
DA:3,16
DA:4,16
DA:5,16
DA:6,16
DA:7,16
DA:8,16
DA:9,16
DA:10,16
DA:11,16
DA:12,16
DA:13,16
DA:14,16
DA:15,16
DA:17,16
DA:19,16
DA:20,16
DA:22,16
DA:25,62
DA:26,0
DA:28,62
DA:36,16
DA:37,16
DA:38,16
DA:39,16
DA:46,16
DA:48,16
DA:49,16
DA:51,16
DA:53,16
DA:54,16
DA:56,16
DA:57,16
DA:58,16
DA:60,16
DA:61,16
DA:64,16
DA:65,16
DA:69,16
LF:40
LH:39
BRDA:25,0,0,0
BRDA:25,0,1,62
BRDA:60,1,0,16
BRDA:64,2,0,16
BRF:4
BRH:3
end_of_record
TN:
SF:src\@types\redis.operation.ts
FN:3,(anonymous_0)
FNF:1
FNH:1
FNDA:53,(anonymous_0)
DA:3,53
DA:4,53
DA:5,53
DA:6,53
DA:9,53
LF:5
LH:5
BRDA:3,0,0,53
BRDA:3,0,1,53
BRF:2
BRH:2
end_of_record
TN:
SF:src\config\constants.config.ts
FNF:0
FNH:0
DA:1,16
LF:1
LH:1
BRF:0
BRH:0
end_of_record
TN:
SF:src\config\email.config.ts
FNF:0
FNH:0
DA:1,52
DA:7,52
DA:17,52
LF:3
LH:3
BRF:0
BRH:0
end_of_record
TN:
SF:src\config\google.config.ts
FNF:0
FNH:0
DA:1,16
DA:8,16
DA:12,16
DA:18,16
LF:4
LH:4
BRF:0
BRH:0
end_of_record
TN:
SF:src\controllers\auth\confirmation.controller.ts
FN:13,(anonymous_9)
FN:13,(anonymous_10)
FN:30,(anonymous_11)
FN:30,(anonymous_12)
FNF:4
FNH:0
FNDA:0,(anonymous_9)
FNDA:0,(anonymous_10)
FNDA:0,(anonymous_11)
FNDA:0,(anonymous_12)
DA:2,16
DA:4,16
DA:5,16
DA:8,16
DA:9,16
DA:10,16
DA:11,16
DA:13,16
DA:14,0
DA:15,0
DA:16,0
DA:18,0
DA:19,0
DA:21,0
DA:22,0
DA:23,0
DA:25,0
DA:30,16
DA:31,0
DA:32,0
DA:33,0
DA:35,0
DA:36,0
DA:38,0
DA:40,0
DA:41,0
DA:42,0
DA:44,0
DA:45,0
DA:46,0
DA:47,0
DA:49,0
DA:56,16
LF:33
LH:10
BRDA:15,0,0,0
BRDA:15,0,1,0
BRDA:15,1,0,0
BRDA:15,1,1,0
BRDA:32,2,0,0
BRDA:32,2,1,0
BRDA:32,3,0,0
BRDA:32,3,1,0
BRDA:33,4,0,0
BRDA:33,4,1,0
BRDA:33,5,0,0
BRDA:33,5,1,0
BRDA:41,6,0,0
BRF:13
BRH:0
end_of_record
TN:
SF:src\controllers\auth\facebook.auth.controller.ts
FN:7,facebookAuth
FNF:1
FNH:0
FNDA:0,facebookAuth
DA:2,16
DA:3,16
DA:4,16
DA:8,0
DA:9,0
DA:11,0
DA:12,0
DA:15,0
DA:17,0
DA:18,0
DA:19,0
DA:21,0
DA:22,0
DA:24,0
DA:25,0
DA:27,0
DA:38,0
DA:39,0
DA:46,16
LF:19
LH:4
BRDA:11,0,0,0
BRDA:18,1,0,0
BRF:2
BRH:0
end_of_record
TN:
SF:src\controllers\auth\github.auth.controller.ts
FN:7,githubAuth
FNF:1
FNH:0
FNDA:0,githubAuth
DA:2,16
DA:3,16
DA:4,16
DA:8,0
DA:9,0
DA:10,0
DA:11,0
DA:14,0
DA:16,0
DA:17,0
DA:18,0
DA:21,0
DA:22,0
DA:24,0
DA:25,0
DA:27,0
DA:33,0
DA:34,0
DA:41,16
LF:19
LH:4
BRDA:10,0,0,0
BRDA:17,1,0,0
BRF:2
BRH:0
end_of_record
TN:
SF:src\controllers\auth\google.auth.controller.ts
FN:7,googleAuth
FNF:1
FNH:0
FNDA:0,googleAuth
DA:2,16
DA:3,16
DA:4,16
DA:8,0
DA:9,0
DA:10,0
DA:11,0
DA:14,0
DA:16,0
DA:17,0
DA:18,0
DA:21,0
DA:22,0
DA:24,0
DA:26,0
DA:28,0
DA:34,0
DA:35,0
DA:42,16
LF:19
LH:4
BRDA:10,0,0,0
BRDA:17,1,0,0
BRF:2
BRH:0
end_of_record
TN:
SF:src\controllers\auth\login.controller.ts
FN:7,(anonymous_8)
FN:7,(anonymous_9)
FNF:2
FNH:2
FNDA:2,(anonymous_8)
FNDA:2,(anonymous_9)
DA:2,16
DA:3,16
DA:4,16
DA:7,16
DA:8,2
DA:9,2
DA:10,2
DA:11,1
DA:13,1
DA:14,1
DA:15,1
DA:17,1
DA:18,1
DA:19,1
DA:26,16
LF:15
LH:15
BRDA:8,0,0,0
BRDA:8,0,1,2
BRDA:8,1,0,2
BRDA:8,1,1,2
BRF:4
BRH:3
end_of_record
TN:
SF:src\controllers\auth\logout.controller.ts
FN:6,logoutOne
FN:16,logoutAll
FNF:2
FNH:2
FNDA:2,logoutOne
FNDA:2,logoutAll
DA:2,16
DA:3,16
DA:4,16
DA:7,2
DA:8,2
DA:9,1
DA:10,1
DA:17,2
DA:18,2
DA:19,1
DA:25,16
LF:11
LH:11
BRF:0
BRH:0
end_of_record
TN:
SF:src\controllers\auth\reset.password.controller.ts
FN:15,sendResetCode
FN:34,resetPassword
FNF:2
FNH:0
FNDA:0,sendResetCode
FNDA:0,resetPassword
DA:3,16
DA:9,16
DA:10,16
DA:11,16
DA:12,16
DA:13,16
DA:16,0
DA:17,0
DA:18,0
DA:20,0
DA:22,0
DA:23,0
DA:25,0
DA:26,0
DA:27,0
DA:29,0
DA:35,0
DA:36,0
DA:37,0
DA:38,0
DA:39,0
DA:40,0
DA:41,0
DA:43,0
DA:45,0
DA:47,0
DA:48,0
DA:50,0
DA:51,0
DA:53,0
DA:60,16
LF:31
LH:7
BRDA:16,0,0,0
BRDA:16,0,1,0
BRDA:16,1,0,0
BRDA:16,1,1,0
BRDA:35,2,0,0
BRDA:35,2,1,0
BRDA:35,3,0,0
BRDA:35,3,1,0
BRDA:36,4,0,0
BRDA:36,4,1,0
BRDA:36,5,0,0
BRDA:36,5,1,0
BRF:12
BRH:0
end_of_record
TN:
SF:src\controllers\auth\signup.controller.ts
FN:9,(anonymous_15)
FN:14,(anonymous_16)
FN:14,(anonymous_17)
FNF:3
FNH:0
FNDA:0,(anonymous_15)
FNDA:0,(anonymous_16)
FNDA:0,(anonymous_17)
DA:2,16
DA:3,16
DA:4,16
DA:5,16
DA:6,16
DA:7,16
DA:9,16
DA:10,0
DA:11,0
DA:12,0
DA:14,16
DA:15,0
DA:17,0
DA:18,0
DA:19,0
DA:21,0
DA:26,0
DA:27,0
DA:29,0
DA:30,0
DA:31,0
DA:33,0
DA:34,0
DA:36,0
DA:37,0
DA:39,0
DA:48,16
LF:27
LH:9
BRDA:10,0,0,0
BRDA:10,0,1,0
BRDA:10,1,0,0
BRDA:10,1,1,0
BRDA:11,2,0,0
BRDA:11,2,1,0
BRDA:11,3,0,0
BRDA:11,3,1,0
BRDA:12,4,0,0
BRDA:12,4,1,0
BRDA:12,5,0,0
BRDA:12,5,1,0
BRF:12
BRH:0
end_of_record
TN:
SF:src\controllers\chat\chat.participants.ts
FN:5,(anonymous_7)
FN:5,(anonymous_8)
FNF:2
FNH:2
FNDA:3,(anonymous_7)
FNDA:3,(anonymous_8)
DA:2,16
DA:3,16
DA:5,16
DA:6,3
DA:7,3
DA:8,1
DA:9,1
LF:7
LH:7
BRDA:7,0,0,2
BRF:1
BRH:1
end_of_record
TN:
SF:src\controllers\chat\create.chat.ts
FN:5,(anonymous_7)
FN:5,(anonymous_8)
FN:10,(anonymous_9)
FN:10,(anonymous_10)
FNF:4
FNH:4
FNDA:4,(anonymous_7)
FNDA:4,(anonymous_8)
FNDA:2,(anonymous_9)
FNDA:2,(anonymous_10)
DA:1,17
DA:3,17
DA:5,17
DA:6,4
DA:7,4
DA:8,1
DA:9,1
DA:10,2
DA:11,2
DA:14,1
DA:16,3
DA:17,3
LF:12
LH:12
BRF:0
BRH:0
end_of_record
TN:
SF:src\controllers\chat\edit.chat.ts
FN:6,(anonymous_7)
FN:6,(anonymous_8)
FN:16,(anonymous_9)
FN:16,(anonymous_10)
FNF:4
FNH:4
FNDA:3,(anonymous_7)
FNDA:3,(anonymous_8)
FNDA:2,(anonymous_9)
FNDA:2,(anonymous_10)
DA:2,16
DA:3,16
DA:4,16
DA:6,16
DA:7,3
DA:8,3
DA:9,3
DA:10,2
DA:11,2
DA:12,2
DA:13,2
DA:16,16
DA:17,2
DA:18,2
DA:19,2
DA:21,1
DA:22,1
LF:17
LH:17
BRDA:9,0,0,1
BRDA:12,1,0,1
BRDA:19,2,0,1
BRF:3
BRH:3
end_of_record
TN:
SF:src\controllers\chat\encryption.ts
FN:10,(anonymous_7)
FN:10,(anonymous_8)
FN:17,(anonymous_9)
FN:17,(anonymous_10)
FN:32,(anonymous_11)
FN:32,(anonymous_12)
FN:46,(anonymous_13)
FN:46,(anonymous_14)
FNF:8
FNH:8
FNDA:1,(anonymous_7)
FNDA:1,(anonymous_8)
FNDA:3,(anonymous_9)
FNDA:3,(anonymous_10)
FNDA:2,(anonymous_11)
FNDA:2,(anonymous_12)
FNDA:2,(anonymous_13)
FNDA:2,(anonymous_14)
DA:2,16
DA:8,16
DA:10,16
DA:11,1
DA:12,1
DA:13,1
DA:14,1
DA:17,16
DA:18,3
DA:19,3
DA:20,3
DA:21,1
DA:22,1
DA:24,2
DA:25,2
DA:26,1
DA:27,1
DA:29,1
DA:32,16
DA:33,2
DA:34,2
DA:35,2
DA:36,2
DA:37,2
DA:38,2
DA:39,1
DA:40,1
DA:42,1
DA:43,1
DA:46,16
DA:47,2
DA:48,2
DA:49,2
DA:50,2
DA:51,2
DA:52,1
DA:53,1
DA:55,1
LF:38
LH:38
BRDA:20,0,0,1
BRDA:20,1,0,3
BRDA:20,1,1,3
BRDA:25,2,0,1
BRDA:38,3,0,1
BRDA:38,4,0,2
BRDA:38,4,1,2
BRDA:51,5,0,1
BRF:8
BRH:8
end_of_record
TN:
SF:src\controllers\chat\get.chats.ts
FN:5,(anonymous_7)
FN:5,(anonymous_8)
FNF:2
FNH:2
FNDA:6,(anonymous_7)
FNDA:6,(anonymous_8)
DA:2,16
DA:5,16
DA:6,6
DA:8,6
DA:9,6
DA:10,1
DA:12,6
DA:13,6
DA:14,1
DA:17,6
DA:18,6
DA:19,1
DA:22,6
DA:23,6
DA:24,6
LF:15
LH:15
BRDA:9,0,0,5
BRDA:9,0,1,1
BRDA:13,1,0,5
BRDA:13,1,1,1
BRDA:18,2,0,5
BRDA:18,2,1,1
BRDA:22,3,0,1
BRDA:22,3,1,5
BRF:8
BRH:8
end_of_record
TN:
SF:src\controllers\media\blob.controller.ts
FN:5,(anonymous_7)
FN:5,(anonymous_8)
FN:23,(anonymous_9)
FN:23,(anonymous_10)
FNF:4
FNH:0
FNDA:0,(anonymous_7)
FNDA:0,(anonymous_8)
FNDA:0,(anonymous_9)
FNDA:0,(anonymous_10)
DA:2,16
DA:3,16
DA:5,16
DA:6,0
DA:7,0
DA:8,0
DA:9,0
DA:10,0
DA:11,0
DA:13,0
DA:16,0
DA:18,0
DA:19,0
DA:23,16
DA:25,0
DA:26,0
DA:27,0
DA:28,0
DA:30,0
DA:31,0
DA:35,16
LF:21
LH:5
BRDA:10,0,0,0
BRF:1
BRH:0
end_of_record
TN:
SF:src\controllers\messages\delete.message.ts
FN:5,(anonymous_7)
FN:5,(anonymous_8)
FN:14,(anonymous_9)
FN:14,(anonymous_10)
FNF:4
FNH:0
FNDA:0,(anonymous_7)
FNDA:0,(anonymous_8)
FNDA:0,(anonymous_9)
FNDA:0,(anonymous_10)
DA:2,16
DA:3,16
DA:5,16
DA:6,0
DA:7,0
DA:8,0
DA:9,0
DA:10,0
DA:11,0
DA:14,16
DA:15,0
DA:16,0
DA:17,0
DA:19,0
DA:23,16
LF:15
LH:5
BRF:0
BRH:0
end_of_record
TN:
SF:src\controllers\messages\draft.message.ts
FN:6,(anonymous_7)
FN:6,(anonymous_8)
FN:14,(anonymous_9)
FN:14,(anonymous_10)
FN:26,(anonymous_11)
FN:26,(anonymous_12)
FNF:6
FNH:0
FNDA:0,(anonymous_7)
FNDA:0,(anonymous_8)
FNDA:0,(anonymous_9)
FNDA:0,(anonymous_10)
FNDA:0,(anonymous_11)
FNDA:0,(anonymous_12)
DA:2,16
DA:4,16
DA:6,16
DA:7,0
DA:8,0
DA:9,0
DA:10,0
DA:11,0
DA:14,16
DA:15,0
DA:16,0
DA:17,0
DA:18,0
DA:19,0
DA:20,0
DA:22,0
DA:23,0
DA:26,16
DA:27,0
DA:28,0
DA:29,0
DA:30,0
LF:22
LH:5
BRDA:18,0,0,0
BRDA:18,1,0,0
BRDA:18,1,1,0
BRDA:18,2,0,0
BRDA:18,2,1,0
BRDA:18,3,0,0
BRDA:18,3,1,0
BRF:7
BRH:0
end_of_record
TN:
SF:src\controllers\messages\edit.message.ts
FN:13,(anonymous_7)
FN:13,(anonymous_8)
FN:24,(anonymous_9)
FN:24,(anonymous_10)
FN:34,(anonymous_11)
FN:34,(anonymous_12)
FN:44,(anonymous_13)
FN:44,(anonymous_14)
FN:54,(anonymous_15)
FN:54,(anonymous_16)
FN:63,(anonymous_17)
FN:63,(anonymous_18)
FN:72,(anonymous_19)
FN:72,(anonymous_20)
FN:81,(anonymous_21)
FN:81,(anonymous_22)
FNF:16
FNH:0
FNDA:0,(anonymous_7)
FNDA:0,(anonymous_8)
FNDA:0,(anonymous_9)
FNDA:0,(anonymous_10)
FNDA:0,(anonymous_11)
FNDA:0,(anonymous_12)
FNDA:0,(anonymous_13)
FNDA:0,(anonymous_14)
FNDA:0,(anonymous_15)
FNDA:0,(anonymous_16)
FNDA:0,(anonymous_17)
FNDA:0,(anonymous_18)
FNDA:0,(anonymous_19)
FNDA:0,(anonymous_20)
FNDA:0,(anonymous_21)
FNDA:0,(anonymous_22)
DA:2,16
DA:13,16
DA:14,0
DA:15,0
DA:16,0
DA:17,0
DA:18,0
DA:19,0
DA:21,0
DA:24,16
DA:25,0
DA:26,0
DA:27,0
DA:29,0
DA:30,0
DA:34,16
DA:35,0
DA:36,0
DA:37,0
DA:39,0
DA:40,0
DA:44,16
DA:45,0
DA:46,0
DA:47,0
DA:49,0
DA:50,0
DA:54,16
DA:55,0
DA:56,0
DA:58,0
DA:59,0
DA:63,16
DA:64,0
DA:65,0
DA:67,0
DA:68,0
DA:72,16
DA:73,0
DA:74,0
DA:76,0
DA:77,0
DA:81,16
DA:82,0
DA:83,0
DA:85,0
DA:86,0
DA:90,16
LF:48
LH:10
BRDA:17,0,0,0
BRF:1
BRH:0
end_of_record
TN:
SF:src\controllers\messages\format.message.ts
FN:20,(anonymous_8)
FN:25,(anonymous_9)
FN:31,(anonymous_10)
FN:34,(anonymous_11)
FN:38,(anonymous_12)
FN:55,(anonymous_13)
FN:55,(anonymous_14)
FN:70,(anonymous_15)
FN:70,(anonymous_16)
FN:76,(anonymous_17)
FN:76,(anonymous_18)
FN:82,(anonymous_19)
FN:85,(anonymous_20)
FN:107,(anonymous_21)
FN:111,(anonymous_22)
FNF:15
FNH:2
FNDA:0,(anonymous_8)
FNDA:0,(anonymous_9)
FNDA:0,(anonymous_10)
FNDA:0,(anonymous_11)
FNDA:0,(anonymous_12)
FNDA:0,(anonymous_13)
FNDA:0,(anonymous_14)
FNDA:0,(anonymous_15)
FNDA:0,(anonymous_16)
FNDA:0,(anonymous_17)
FNDA:0,(anonymous_18)
FNDA:0,(anonymous_19)
FNDA:0,(anonymous_20)
FNDA:15,(anonymous_21)
FNDA:15,(anonymous_22)
DA:8,38
DA:18,38
DA:20,38
DA:25,0
DA:26,0
DA:27,0
DA:28,0
DA:31,38
DA:34,0
DA:35,0
DA:36,0
DA:38,0
DA:47,0
DA:48,0
DA:49,0
DA:52,0
DA:55,38
DA:56,0
DA:57,0
DA:58,0
DA:63,0
DA:70,38
DA:71,0
DA:72,0
DA:73,0
DA:76,38
DA:77,0
DA:78,0
DA:79,0
DA:82,38
DA:85,0
DA:86,0
DA:87,0
DA:88,0
DA:90,0
DA:92,0
DA:97,0
DA:104,0
DA:107,38
DA:111,15
DA:112,15
DA:113,0
DA:118,0
LF:43
LH:11
BRDA:27,0,0,0
BRDA:56,1,0,0
BRDA:57,2,0,0
BRDA:88,3,0,0
BRDA:112,4,0,15
BRF:5
BRH:1
end_of_record
TN:
SF:src\controllers\messages\get.messages.ts
FN:7,(anonymous_7)
FN:7,(anonymous_8)
FN:12,(anonymous_9)
FN:12,(anonymous_10)
FN:18,(anonymous_11)
FN:18,(anonymous_12)
FN:30,(anonymous_13)
FN:30,(anonymous_14)
FN:42,(anonymous_15)
FN:42,(anonymous_16)
FNF:10
FNH:0
FNDA:0,(anonymous_7)
FNDA:0,(anonymous_8)
FNDA:0,(anonymous_9)
FNDA:0,(anonymous_10)
FNDA:0,(anonymous_11)
FNDA:0,(anonymous_12)
FNDA:0,(anonymous_13)
FNDA:0,(anonymous_14)
FNDA:0,(anonymous_15)
FNDA:0,(anonymous_16)
DA:2,16
DA:3,16
DA:4,16
DA:7,16
DA:8,0
DA:9,0
DA:12,16
DA:13,0
DA:14,0
DA:15,0
DA:17,0
DA:18,0
DA:19,0
DA:23,0
DA:25,0
DA:27,0
DA:30,16
DA:31,0
DA:32,0
DA:33,0
DA:34,0
DA:35,0
DA:36,0
DA:38,0
DA:39,0
DA:42,16
DA:43,0
DA:44,0
DA:45,0
DA:46,0
LF:30
LH:7
BRDA:8,0,0,0
BRDA:8,0,1,0
BRDA:34,1,0,0
BRF:3
BRH:0
end_of_record
TN:
SF:src\controllers\messages\search.messages.ts
FN:4,(anonymous_8)
FN:5,(anonymous_9)
FN:20,(anonymous_10)
FN:20,(anonymous_11)
FNF:4
FNH:0
FNDA:0,(anonymous_8)
FNDA:0,(anonymous_9)
FNDA:0,(anonymous_10)
FNDA:0,(anonymous_11)
DA:4,16
DA:5,0
DA:6,0
DA:7,0
DA:8,0
DA:20,16
DA:21,0
DA:22,0
DA:23,0
DA:24,0
LF:10
LH:2
BRF:0
BRH:0
end_of_record
TN:
SF:src\controllers\messages\send.message.ts
FN:7,(anonymous_7)
FN:7,(anonymous_8)
FN:14,(anonymous_9)
FN:17,(anonymous_10)
FNF:4
FNH:0
FNDA:0,(anonymous_7)
FNDA:0,(anonymous_8)
FNDA:0,(anonymous_9)
FNDA:0,(anonymous_10)
DA:1,16
DA:2,16
DA:3,16
DA:5,16
DA:7,16
DA:8,0
DA:9,0
DA:10,0
DA:14,16
DA:17,0
DA:18,0
DA:19,0
DA:20,0
DA:21,0
DA:23,0
DA:24,0
DA:26,0
DA:27,0
DA:31,16
LF:19
LH:7
BRDA:20,0,0,0
BRDA:20,1,0,0
BRDA:20,1,1,0
BRF:3
BRH:0
end_of_record
TN:
SF:src\controllers\stickers\add.sticker.controller.ts
FN:4,(anonymous_14)
FN:4,(anonymous_15)
FNF:2
FNH:0
FNDA:0,(anonymous_14)
FNDA:0,(anonymous_15)
DA:2,16
DA:3,16
DA:4,16
DA:5,0
DA:6,0
DA:7,0
DA:8,0
DA:14,16
LF:8
LH:4
BRDA:6,0,0,0
BRF:1
BRH:0
end_of_record
TN:
SF:src\controllers\stickers\get.stickers.controller.ts
FN:3,(anonymous_13)
FN:3,(anonymous_14)
FNF:2
FNH:0
FNDA:0,(anonymous_13)
FNDA:0,(anonymous_14)
DA:2,16
DA:3,16
DA:4,0
DA:5,0
DA:8,16
LF:5
LH:3
BRF:0
BRH:0
end_of_record
TN:
SF:src\controllers\story\story.controller.ts
FN:9,(anonymous_14)
FN:9,(anonymous_15)
FN:19,(anonymous_16)
FN:19,(anonymous_17)
FN:25,(anonymous_18)
FN:25,(anonymous_19)
FN:29,(anonymous_20)
FN:29,(anonymous_21)
FN:32,(anonymous_22)
FN:32,(anonymous_23)
FNF:10
FNH:0
FNDA:0,(anonymous_14)
FNDA:0,(anonymous_15)
FNDA:0,(anonymous_16)
FNDA:0,(anonymous_17)
FNDA:0,(anonymous_18)
FNDA:0,(anonymous_19)
FNDA:0,(anonymous_20)
FNDA:0,(anonymous_21)
FNDA:0,(anonymous_22)
FNDA:0,(anonymous_23)
DA:1,16
DA:2,16
DA:3,16
DA:6,16
DA:9,16
DA:10,0
DA:11,0
DA:12,0
DA:13,0
DA:15,0
DA:19,16
DA:20,0
DA:21,0
DA:22,0
DA:25,16
DA:26,0
DA:29,16
DA:30,0
DA:32,16
DA:33,0
DA:34,0
DA:35,0
DA:36,0
DA:38,0
DA:39,0
DA:41,0
DA:42,0
DA:47,16
LF:28
LH:10
BRDA:35,0,0,0
BRDA:36,1,0,0
BRDA:38,2,0,0
BRF:3
BRH:0
end_of_record
TN:
SF:src\controllers\user\block.controller.ts
FN:8,(anonymous_7)
FN:8,(anonymous_8)
FN:12,(anonymous_9)
FN:21,(anonymous_10)
FN:21,(anonymous_11)
FNF:5
FNH:5
FNDA:3,(anonymous_7)
FNDA:3,(anonymous_8)
FNDA:4,(anonymous_9)
FNDA:2,(anonymous_10)
FNDA:2,(anonymous_11)
DA:2,16
DA:3,16
DA:4,16
DA:5,16
DA:6,16
DA:8,16
DA:9,3
DA:10,2
DA:12,4
DA:21,16
DA:22,2
DA:23,2
DA:24,2
DA:25,2
DA:26,1
DA:27,1
DA:33,16
LF:17
LH:17
BRF:0
BRH:0
end_of_record
TN:
SF:src\controllers\user\user.controller.ts
FN:14,(anonymous_14)
FN:14,(anonymous_15)
FN:25,(anonymous_16)
FN:25,(anonymous_17)
FN:35,(anonymous_18)
FN:35,(anonymous_19)
FN:45,(anonymous_20)
FN:45,(anonymous_21)
FN:63,(anonymous_22)
FN:63,(anonymous_23)
FN:73,(anonymous_24)
FN:73,(anonymous_25)
FN:83,(anonymous_26)
FN:83,(anonymous_27)
FN:89,(anonymous_28)
FN:89,(anonymous_29)
FN:98,(anonymous_30)
FN:98,(anonymous_31)
FN:108,(anonymous_32)
FN:108,(anonymous_33)
FN:117,(anonymous_34)
FN:117,(anonymous_35)
FN:129,(anonymous_36)
FN:129,(anonymous_37)
FN:143,(anonymous_38)
FN:143,(anonymous_39)
FN:157,(anonymous_40)
FN:157,(anonymous_41)
FN:172,(anonymous_42)
FN:172,(anonymous_43)
FN:185,(anonymous_44)
FN:185,(anonymous_45)
FN:194,(anonymous_46)
FN:194,(anonymous_47)
FN:203,(anonymous_48)
FN:203,(anonymous_49)
FN:211,(anonymous_50)
FN:211,(anonymous_51)
FNF:38
FNH:20
FNDA:1,(anonymous_14)
FNDA:1,(anonymous_15)
FNDA:2,(anonymous_16)
FNDA:2,(anonymous_17)
FNDA:2,(anonymous_18)
FNDA:2,(anonymous_19)
FNDA:0,(anonymous_20)
FNDA:0,(anonymous_21)
FNDA:3,(anonymous_22)
FNDA:3,(anonymous_23)
FNDA:0,(anonymous_24)
FNDA:0,(anonymous_25)
FNDA:1,(anonymous_26)
FNDA:1,(anonymous_27)
FNDA:0,(anonymous_28)
FNDA:0,(anonymous_29)
FNDA:3,(anonymous_30)
FNDA:3,(anonymous_31)
FNDA:3,(anonymous_32)
FNDA:3,(anonymous_33)
FNDA:0,(anonymous_34)
FNDA:0,(anonymous_35)
FNDA:4,(anonymous_36)
FNDA:4,(anonymous_37)
FNDA:4,(anonymous_38)
FNDA:4,(anonymous_39)
FNDA:4,(anonymous_40)
FNDA:4,(anonymous_41)
FNDA:0,(anonymous_42)
FNDA:0,(anonymous_43)
FNDA:0,(anonymous_44)
FNDA:0,(anonymous_45)
FNDA:0,(anonymous_46)
FNDA:0,(anonymous_47)
FNDA:0,(anonymous_48)
FNDA:0,(anonymous_49)
FNDA:0,(anonymous_50)
FNDA:0,(anonymous_51)
DA:2,16
DA:3,16
DA:4,16
DA:5,16
DA:6,16
DA:7,16
DA:8,16
DA:9,16
DA:10,16
DA:11,16
DA:12,16
DA:14,16
DA:15,1
DA:16,1
DA:17,1
DA:18,1
DA:19,1
DA:25,16
DA:26,2
DA:27,2
DA:28,2
DA:29,1
DA:35,16
DA:36,2
DA:37,2
DA:38,2
DA:39,1
DA:45,16
DA:46,0
DA:47,0
DA:49,0
DA:50,0
DA:52,0
DA:53,0
DA:55,0
DA:56,0
DA:58,0
DA:63,16
DA:64,3
DA:65,3
DA:66,3
DA:67,1
DA:73,16
DA:74,0
DA:75,0
DA:76,0
DA:77,0
DA:83,16
DA:84,1
DA:85,1
DA:89,16
DA:90,0
DA:91,0
DA:92,0
DA:93,0
DA:98,16
DA:99,3
DA:100,3
DA:101,3
DA:102,1
DA:108,16
DA:109,3
DA:110,2
DA:111,1
DA:117,16
DA:118,0
DA:119,0
DA:120,0
DA:121,0
DA:122,0
DA:123,0
DA:124,0
DA:129,16
DA:130,4
DA:131,4
DA:132,4
DA:134,3
DA:135,2
DA:137,2
DA:138,1
DA:143,16
DA:144,4
DA:145,4
DA:146,4
DA:148,3
DA:149,2
DA:151,2
DA:152,1
DA:157,16
DA:158,4
DA:159,4
DA:160,4
DA:162,3
DA:163,2
DA:165,2
DA:166,1
DA:172,16
DA:173,0
DA:174,0
DA:175,0
DA:176,0
DA:178,0
DA:179,0
DA:185,16
DA:186,0
DA:187,0
DA:188,0
DA:194,16
DA:195,0
DA:196,0
DA:197,0
DA:203,16
DA:204,0
DA:205,0
DA:206,0
DA:207,0
DA:211,16
DA:212,0
DA:213,0
DA:214,0
DA:220,16
DA:221,16
DA:222,16
DA:223,16
DA:224,16
DA:225,16
DA:226,16
DA:227,16
DA:228,16
DA:229,16
DA:230,16
DA:231,16
DA:232,16
DA:233,16
DA:234,16
DA:235,16
DA:236,16
DA:237,16
DA:238,16
LF:139
LH:96
BRDA:16,0,0,0
BRDA:26,1,0,0
BRDA:36,2,0,0
BRDA:36,3,0,2
BRDA:50,4,0,0
BRDA:64,5,0,2
BRDA:91,6,0,0
BRDA:99,7,0,0
BRDA:120,8,0,0
BRDA:120,9,0,0
BRDA:120,9,1,0
BRDA:122,10,0,0
BRDA:132,11,0,1
BRDA:134,12,0,1
BRDA:146,13,0,1
BRDA:148,14,0,1
BRDA:160,15,0,1
BRDA:162,16,0,1
BRDA:176,17,0,0
BRF:19
BRH:8
end_of_record
TN:
SF:src\errors\DuplicateUserError.ts
FN:6,(anonymous_1)
FNF:1
FNH:0
FNDA:0,(anonymous_1)
DA:1,17
DA:11,0
DA:12,0
DA:16,17
LF:4
LH:2
BRF:0
BRH:0
end_of_record
TN:
SF:src\errors\HttpError.ts
FN:5,(anonymous_0)
FNF:1
FNH:1
FNDA:140,(anonymous_0)
DA:6,140
DA:7,140
DA:10,91
LF:3
LH:3
BRF:0
BRH:0
end_of_record
TN:
SF:src\middlewares\auth.middleware.ts
FN:5,(anonymous_7)
FN:5,(anonymous_8)
FNF:2
FNH:2
FNDA:6,(anonymous_7)
FNDA:6,(anonymous_8)
DA:3,8
DA:5,8
DA:6,6
DA:7,6
DA:8,6
DA:9,5
DA:10,5
DA:12,1
DA:13,1
DA:20,8
LF:10
LH:10
BRF:0
BRH:0
end_of_record
TN:
SF:src\middlewares\error.handler.ts
FN:5,errorHandler
FNF:1
FNH:1
FNDA:22,errorHandler
DA:2,16
DA:5,16
DA:6,22
DA:8,22
DA:13,22
DA:14,0
DA:17,22
LF:7
LH:6
BRDA:6,0,0,20
BRDA:6,0,1,2
BRDA:10,1,0,22
BRDA:10,1,1,0
BRDA:11,2,0,0
BRDA:11,2,1,22
BRDA:13,3,0,0
BRF:7
BRH:4
end_of_record
TN:
SF:src\middlewares\socket.middleware.ts
FN:5,(anonymous_7)
FN:5,(anonymous_8)
FN:10,(anonymous_9)
FNF:3
FNH:0
FNDA:0,(anonymous_7)
FNDA:0,(anonymous_8)
FNDA:0,(anonymous_9)
DA:3,16
DA:5,16
DA:7,0
DA:8,0
DA:10,0
DA:11,0
DA:12,0
DA:15,0
LF:8
LH:2
BRDA:11,0,0,0
BRF:1
BRH:0
end_of_record
TN:
SF:src\prisma\PrismaClient.ts
FNF:0
FNH:0
DA:2,83
DA:4,83
DA:6,83
DA:8,83
DA:10,83
LF:5
LH:5
BRDA:6,0,0,83
BRDA:6,0,1,58
BRF:2
BRH:2
end_of_record
TN:
SF:src\redis\redis.client.ts
FN:6,(anonymous_8)
FN:10,(anonymous_9)
FN:17,(anonymous_10)
FN:21,(anonymous_11)
FN:28,(anonymous_12)
FNF:5
FNH:3
FNDA:0,(anonymous_8)
FNDA:25,(anonymous_9)
FNDA:3,(anonymous_10)
FNDA:0,(anonymous_11)
FNDA:18,(anonymous_12)
DA:1,53
DA:4,53
DA:11,25
DA:12,17
DA:17,17
DA:18,3
DA:21,17
DA:22,0
DA:25,25
DA:29,18
DA:30,17
DA:31,17
DA:32,17
DA:37,53
LF:14
LH:13
BRDA:11,0,0,17
BRDA:14,1,0,17
BRDA:14,1,1,0
BRDA:29,2,0,17
BRF:4
BRH:3
end_of_record
TN:
SF:src\redis\redis.sub.handlers.ts
FN:6,(anonymous_1)
FN:8,(anonymous_2)
FNF:2
FNH:1
FNDA:16,(anonymous_1)
FNDA:0,(anonymous_2)
DA:1,16
DA:2,16
DA:4,16
DA:6,16
DA:7,16
DA:8,16
DA:9,0
DA:10,0
DA:11,0
LF:9
LH:6
BRDA:9,0,0,0
BRF:1
BRH:0
end_of_record
TN:
SF:src\redis\redis.subscriber.ts
FN:6,(anonymous_8)
FN:10,(anonymous_9)
FN:17,(anonymous_10)
FN:21,(anonymous_11)
FN:28,(anonymous_12)
FNF:5
FNH:3
FNDA:0,(anonymous_8)
FNDA:48,(anonymous_9)
FNDA:16,(anonymous_10)
FNDA:0,(anonymous_11)
FNDA:16,(anonymous_12)
DA:1,16
DA:4,16
DA:11,48
DA:12,16
DA:17,16
DA:18,16
DA:21,16
DA:22,0
DA:25,48
DA:29,16
DA:30,16
DA:31,16
DA:32,16
DA:37,16
LF:14
LH:13
BRDA:11,0,0,16
BRDA:14,1,0,16
BRDA:14,1,1,0
BRDA:29,2,0,16
BRF:4
BRH:3
end_of_record
TN:
SF:src\routes\authentication.routes.ts
FNF:0
FNH:0
DA:1,16
DA:2,16
DA:3,16
DA:4,16
DA:5,16
DA:6,16
DA:7,16
DA:8,16
DA:9,16
DA:11,16
DA:13,16
DA:14,16
DA:15,16
DA:16,16
DA:17,16
DA:18,16
DA:19,16
DA:20,16
DA:21,16
DA:23,16
LF:20
LH:20
BRF:0
BRH:0
end_of_record
TN:
SF:src\routes\chat.routes.ts
FNF:0
FNH:0
DA:1,16
DA:2,16
DA:3,16
DA:5,16
DA:6,16
DA:8,16
DA:10,16
DA:11,16
DA:12,16
DA:13,16
DA:15,16
LF:11
LH:11
BRF:0
BRH:0
end_of_record
TN:
SF:src\routes\encryption.routes.ts
FNF:0
FNH:0
DA:1,16
DA:2,16
DA:3,16
DA:10,16
DA:12,16
DA:13,16
DA:18,16
LF:7
LH:7
BRF:0
BRH:0
end_of_record
TN:
SF:src\routes\index.routes.ts
FNF:0
FNH:0
DA:1,16
DA:2,16
DA:3,16
DA:4,16
DA:5,16
DA:6,16
DA:7,16
DA:8,16
DA:9,16
DA:10,16
DA:12,16
DA:13,16
DA:14,16
DA:15,16
DA:16,16
DA:17,16
DA:18,16
DA:19,16
DA:21,16
LF:19
LH:19
BRF:0
BRH:0
end_of_record
TN:
SF:src\routes\media.routes.ts
FNF:0
FNH:0
DA:1,16
DA:2,16
DA:3,16
DA:5,16
DA:6,16
DA:7,16
DA:8,16
LF:7
LH:7
BRF:0
BRH:0
end_of_record
TN:
SF:src\routes\message.routes.ts
FNF:0
FNH:0
DA:1,16
DA:2,16
DA:3,16
DA:4,16
DA:9,16
DA:10,16
DA:11,16
DA:17,16
DA:19,16
DA:20,16
DA:21,16
DA:22,16
DA:23,16
DA:24,16
DA:25,16
DA:29,16
DA:31,16
LF:17
LH:17
BRF:0
BRH:0
end_of_record
TN:
SF:src\routes\sticker.routes.ts
FNF:0
FNH:0
DA:1,16
DA:2,16
DA:3,16
DA:4,16
DA:6,16
DA:7,16
DA:8,16
DA:9,16
LF:8
LH:8
BRF:0
BRH:0
end_of_record
TN:
SF:src\routes\user.routes.ts
FN:13,(anonymous_15)
FN:13,(anonymous_16)
FNF:2
FNH:0
FNDA:0,(anonymous_15)
FNDA:0,(anonymous_16)
DA:1,16
DA:2,16
DA:3,16
DA:4,16
DA:5,16
DA:6,16
DA:7,16
DA:9,16
DA:11,16
DA:13,0
DA:14,0
DA:15,0
DA:16,0
DA:24,16
DA:25,16
DA:26,16
DA:27,16
DA:28,16
DA:29,16
DA:30,16
DA:31,16
DA:32,16
DA:33,16
DA:34,16
DA:35,16
DA:36,16
DA:37,16
DA:38,16
DA:39,16
DA:40,16
DA:41,16
DA:42,16
DA:43,16
DA:44,16
DA:45,16
DA:46,16
DA:47,16
DA:48,16
LF:38
LH:34
BRF:0
BRH:0
end_of_record
TN:
SF:src\services\auth\code.service.ts
FN:7,(anonymous_8)
FN:7,(anonymous_9)
FN:16,sendCode
FN:28,(anonymous_12)
FN:28,(anonymous_13)
FNF:5
FNH:0
FNDA:0,(anonymous_8)
FNDA:0,(anonymous_9)
FNDA:0,sendCode
FNDA:0,(anonymous_12)
FNDA:0,(anonymous_13)
DA:2,52
DA:3,52
DA:4,52
DA:5,52
DA:7,52
DA:8,0
DA:9,0
DA:11,0
DA:12,0
DA:13,0
DA:16,52
DA:17,0
DA:23,0
DA:24,0
DA:28,52
DA:29,0
DA:30,0
DA:31,0
LF:18
LH:7
BRDA:23,0,0,0
BRDA:30,1,0,0
BRDA:30,2,0,0
BRDA:30,2,1,0
BRF:4
BRH:0
end_of_record
TN:
SF:src\services\auth\facebook.auth.service.ts
FN:9,(anonymous_8)
FN:9,(anonymous_9)
FN:19,(anonymous_10)
FN:19,(anonymous_11)
FNF:4
FNH:0
FNDA:0,(anonymous_8)
FNDA:0,(anonymous_9)
FNDA:0,(anonymous_10)
FNDA:0,(anonymous_11)
DA:5,16
DA:9,16
DA:10,0
DA:11,0
DA:12,0
DA:13,0
DA:15,0
DA:19,16
DA:20,0
DA:21,0
DA:22,0
DA:23,0
DA:24,0
DA:26,0
DA:27,0
DA:31,16
LF:16
LH:4
BRF:0
BRH:0
end_of_record
TN:
SF:src\services\auth\github.auth.service.ts
FN:8,(anonymous_8)
FN:8,(anonymous_9)
FN:36,(anonymous_10)
FN:36,(anonymous_11)
FNF:4
FNH:0
FNDA:0,(anonymous_8)
FNDA:0,(anonymous_9)
FNDA:0,(anonymous_10)
FNDA:0,(anonymous_11)
DA:5,16
DA:8,16
DA:9,0
DA:10,0
DA:11,0
DA:13,0
DA:28,0
DA:29,0
DA:30,0
DA:32,0
DA:36,16
DA:37,0
DA:38,0
DA:44,0
DA:50,0
DA:51,0
DA:52,0
DA:53,0
DA:55,0
DA:56,0
DA:60,16
LF:21
LH:4
BRDA:29,0,0,0
BRF:1
BRH:0
end_of_record
TN:
SF:src\services\auth\google.auth.service.ts
FN:5,(anonymous_8)
FN:5,(anonymous_9)
FN:19,(anonymous_10)
FN:19,(anonymous_11)
FNF:4
FNH:0
FNDA:0,(anonymous_8)
FNDA:0,(anonymous_9)
FNDA:0,(anonymous_10)
FNDA:0,(anonymous_11)
DA:1,16
DA:5,16
DA:6,0
DA:7,0
DA:10,0
DA:12,0
DA:13,0
DA:15,0
DA:19,16
DA:20,0
DA:21,0
DA:24,0
DA:25,0
DA:26,0
DA:28,0
DA:29,0
DA:33,16
LF:17
LH:4
BRDA:12,0,0,0
BRF:1
BRH:0
end_of_record
TN:
SF:src\services\auth\login.service.ts
FN:5,checkEmailExistDB
FN:13,checkPasswordCorrect
FNF:2
FNH:2
FNDA:2,checkEmailExistDB
FNDA:2,checkPasswordCorrect
DA:1,17
DA:2,17
DA:3,17
DA:6,2
DA:7,2
DA:8,1
DA:10,1
DA:14,2
DA:15,1
DA:19,17
LF:10
LH:10
BRDA:7,0,0,1
BRDA:14,1,0,1
BRF:2
BRH:2
end_of_record
TN:
SF:src\services\auth\redis.service.ts
FN:4,(anonymous_8)
FN:4,(anonymous_9)
FN:7,(anonymous_10)
FN:7,(anonymous_11)
FN:10,(anonymous_12)
FN:10,(anonymous_13)
FN:14,(anonymous_14)
FN:14,(anonymous_15)
FNF:8
FNH:8
FNDA:1,(anonymous_8)
FNDA:1,(anonymous_9)
FNDA:2,(anonymous_10)
FNDA:2,(anonymous_11)
FNDA:1,(anonymous_12)
FNDA:1,(anonymous_13)
FNDA:2,(anonymous_14)
FNDA:2,(anonymous_15)
DA:1,53
DA:4,53
DA:5,1
DA:7,53
DA:8,2
DA:10,53
DA:11,1
DA:12,1
DA:14,53
DA:15,2
DA:16,2
DA:19,53
LF:12
LH:12
BRF:0
BRH:0
end_of_record
TN:
SF:src\services\auth\signup.service.ts
FN:10,fetchRobotTokenData
FN:17,verifyRobotToken
FN:28,(anonymous_12)
FN:28,(anonymous_13)
FNF:4
FNH:0
FNDA:0,fetchRobotTokenData
FNDA:0,verifyRobotToken
FNDA:0,(anonymous_12)
FNDA:0,(anonymous_13)
DA:1,17
DA:2,17
DA:8,17
DA:11,0
DA:12,0
DA:13,0
DA:14,0
DA:18,0
DA:19,0
DA:20,0
DA:21,0
DA:24,0
DA:28,17
DA:29,0
DA:30,0
DA:31,0
DA:32,0
DA:33,0
DA:35,0
DA:36,0
DA:39,17
LF:21
LH:5
BRDA:20,0,0,0
BRDA:20,1,0,0
BRDA:20,1,1,0
BRDA:30,2,0,0
BRDA:31,3,0,0
BRDA:32,4,0,0
BRDA:35,5,0,0
BRF:7
BRH:0
end_of_record
TN:
SF:src\services\auth\token.service.ts
FN:7,createTokenCookie
FN:17,clearTokenCookie
FN:23,createAddToken
FN:40,checkUserTokenExist
FN:47,getToken
FN:57,verifyUserToken
FNF:6
FNH:6
FNDA:1,createTokenCookie
FNDA:1,clearTokenCookie
FNDA:2,createAddToken
FNDA:4,checkUserTokenExist
FNDA:4,getToken
FNDA:3,verifyUserToken
DA:2,22
DA:3,22
DA:4,22
DA:5,22
DA:8,1
DA:18,1
DA:24,2
DA:25,2
DA:32,1
DA:33,1
DA:34,1
DA:36,1
DA:41,4
DA:42,4
DA:43,1
DA:48,4
DA:49,1
DA:50,3
DA:51,1
DA:53,2
DA:58,3
DA:59,3
DA:60,3
DA:65,2
DA:66,2
DA:68,2
DA:69,1
DA:71,2
DA:72,1
DA:73,1
DA:75,2
DA:79,22
DA:80,22
DA:81,22
DA:82,22
DA:83,22
DA:84,22
LF:37
LH:37
BRDA:42,0,0,1
BRDA:48,1,0,1
BRDA:48,1,1,3
BRDA:50,2,0,1
BRDA:50,2,1,2
BRDA:50,3,0,3
BRDA:50,3,1,2
BRDA:65,4,0,0
BRDA:71,5,0,1
BRDA:73,6,0,1
BRF:10
BRH:9
end_of_record
TN:
SF:src\services\auth\prisma\create.service.ts
FN:9,createRandomUser
FN:28,createUserToken
FN:42,(anonymous_12)
FN:42,(anonymous_13)
FNF:4
FNH:2
FNDA:278,createRandomUser
FNDA:20,createUserToken
FNDA:0,(anonymous_12)
FNDA:0,(anonymous_13)
DA:1,64
DA:3,64
DA:4,64
DA:5,64
DA:10,278
DA:11,278
DA:21,278
DA:23,0
DA:24,0
DA:29,20
DA:30,20
DA:38,1
DA:39,1
DA:42,64
DA:43,0
DA:46,0
DA:49,64
LF:17
LH:13
BRF:0
BRH:0
end_of_record
TN:
SF:src\services\auth\prisma\delete.service.ts
FN:4,deleteUserToken
FN:19,deleteAllUserTokens
FN:31,deleteExpiredTokens
FNF:3
FNH:3
FNDA:3,deleteUserToken
FNDA:2,deleteAllUserTokens
FNDA:2,deleteExpiredTokens
DA:1,25
DA:2,25
DA:5,3
DA:6,3
DA:15,2
DA:20,2
DA:21,2
DA:27,0
DA:32,2
DA:33,2
DA:41,0
DA:45,25
LF:12
LH:10
BRF:0
BRH:0
end_of_record
TN:
SF:src\services\auth\prisma\find.service.ts
FN:3,(anonymous_8)
FN:3,(anonymous_9)
FN:10,(anonymous_10)
FN:10,(anonymous_11)
FN:18,(anonymous_12)
FN:18,(anonymous_13)
FN:26,(anonymous_14)
FN:26,(anonymous_15)
FNF:8
FNH:8
FNDA:4,(anonymous_8)
FNDA:4,(anonymous_9)
FNDA:2,(anonymous_10)
FNDA:2,(anonymous_11)
FNDA:2,(anonymous_12)
FNDA:2,(anonymous_13)
FNDA:9,(anonymous_14)
FNDA:9,(anonymous_15)
DA:1,29
DA:3,29
DA:4,4
DA:7,4
DA:10,29
DA:11,2
DA:15,2
DA:18,29
DA:19,2
DA:23,2
DA:26,29
DA:27,9
DA:36,9
DA:39,29
LF:14
LH:14
BRDA:15,0,0,1
BRDA:15,0,1,1
BRDA:23,1,0,1
BRDA:23,1,1,1
BRF:4
BRH:4
end_of_record
TN:
SF:src\services\auth\prisma\update.create.service.ts
FN:8,(anonymous_8)
FN:8,(anonymous_9)
FNF:2
FNH:2
FNDA:3,(anonymous_8)
FNDA:3,(anonymous_9)
DA:1,17
DA:3,17
DA:4,17
DA:5,17
DA:8,17
DA:9,3
DA:14,3
DA:21,3
DA:28,3
DA:30,0
DA:31,0
DA:36,17
LF:12
LH:10
BRF:0
BRH:0
end_of_record
TN:
SF:src\services\auth\prisma\update.service.ts
FN:5,updatePassword
FNF:1
FNH:1
FNDA:2,updatePassword
DA:1,17
DA:2,17
DA:3,17
DA:6,2
DA:7,2
DA:13,1
DA:15,1
DA:19,17
LF:8
LH:8
BRF:0
BRH:0
end_of_record
TN:
SF:src\services\chat\chat.service.ts
FN:9,(anonymous_8)
FN:9,(anonymous_9)
FN:37,(anonymous_10)
FN:37,(anonymous_11)
FN:44,(anonymous_12)
FN:44,(anonymous_13)
FN:51,(anonymous_14)
FN:51,(anonymous_15)
FN:58,(anonymous_16)
FN:58,(anonymous_17)
FN:65,(anonymous_18)
FN:65,(anonymous_19)
FN:80,(anonymous_20)
FN:83,(anonymous_21)
FN:88,(anonymous_22)
FN:89,(anonymous_23)
FN:99,(anonymous_24)
FN:104,(anonymous_25)
FN:117,(anonymous_26)
FN:117,(anonymous_27)
FN:132,(anonymous_28)
FN:132,(anonymous_29)
FN:155,(anonymous_30)
FN:155,(anonymous_31)
FN:169,(anonymous_32)
FN:169,(anonymous_33)
FN:173,(anonymous_34)
FN:173,(anonymous_35)
FN:179,(anonymous_36)
FN:179,(anonymous_37)
FN:184,(anonymous_38)
FN:187,(anonymous_39)
FN:190,(anonymous_40)
FN:212,(anonymous_41)
FN:212,(anonymous_42)
FN:227,(anonymous_43)
FN:227,(anonymous_44)
FN:233,(anonymous_45)
FN:237,(anonymous_46)
FN:251,(anonymous_47)
FN:251,(anonymous_48)
FN:261,(anonymous_49)
FN:261,(anonymous_50)
FN:266,(anonymous_51)
FN:269,(anonymous_52)
FN:272,(anonymous_53)
FN:287,(anonymous_54)
FN:287,(anonymous_55)
FN:300,(anonymous_56)
FN:300,(anonymous_57)
FN:303,(anonymous_58)
FN:303,(anonymous_59)
FNF:52
FNH:52
FNDA:9,(anonymous_8)
FNDA:9,(anonymous_9)
FNDA:4,(anonymous_10)
FNDA:4,(anonymous_11)
FNDA:2,(anonymous_12)
FNDA:2,(anonymous_13)
FNDA:12,(anonymous_14)
FNDA:12,(anonymous_15)
FNDA:11,(anonymous_16)
FNDA:11,(anonymous_17)
FNDA:2,(anonymous_18)
FNDA:2,(anonymous_19)
FNDA:4,(anonymous_20)
FNDA:92,(anonymous_21)
FNDA:92,(anonymous_22)
FNDA:181,(anonymous_23)
FNDA:92,(anonymous_24)
FNDA:92,(anonymous_25)
FNDA:5,(anonymous_26)
FNDA:5,(anonymous_27)
FNDA:14,(anonymous_28)
FNDA:14,(anonymous_29)
FNDA:13,(anonymous_30)
FNDA:13,(anonymous_31)
FNDA:13,(anonymous_32)
FNDA:13,(anonymous_33)
FNDA:17,(anonymous_34)
FNDA:17,(anonymous_35)
FNDA:14,(anonymous_36)
FNDA:14,(anonymous_37)
FNDA:28,(anonymous_38)
FNDA:14,(anonymous_39)
FNDA:14,(anonymous_40)
FNDA:3,(anonymous_41)
FNDA:3,(anonymous_42)
FNDA:3,(anonymous_43)
FNDA:3,(anonymous_44)
FNDA:9,(anonymous_45)
FNDA:9,(anonymous_46)
FNDA:2,(anonymous_47)
FNDA:2,(anonymous_48)
FNDA:2,(anonymous_49)
FNDA:2,(anonymous_50)
FNDA:4,(anonymous_51)
FNDA:15,(anonymous_52)
FNDA:15,(anonymous_53)
FNDA:2,(anonymous_54)
FNDA:2,(anonymous_55)
FNDA:1,(anonymous_56)
FNDA:1,(anonymous_57)
FNDA:2,(anonymous_58)
FNDA:2,(anonymous_59)
DA:1,38
DA:4,38
DA:6,38
DA:7,38
DA:9,38
DA:11,9
DA:12,2
DA:13,7
DA:14,5
DA:16,2
DA:18,9
DA:37,38
DA:38,4
DA:44,38
DA:45,2
DA:51,38
DA:52,12
DA:55,12
DA:58,38
DA:59,11
DA:62,11
DA:65,38
DA:66,2
DA:80,4
DA:83,38
DA:88,92
DA:89,181
DA:94,92
DA:99,38
DA:104,92
DA:105,92
DA:113,92
DA:114,91
DA:117,38
DA:118,5
DA:129,5
DA:132,38
DA:133,14
DA:155,38
DA:156,13
DA:157,13
DA:169,38
DA:170,13
DA:173,38
DA:174,17
DA:175,17
DA:176,15
DA:179,38
DA:180,14
DA:184,28
DA:187,38
DA:190,14
DA:191,14
DA:192,14
DA:193,14
DA:195,14
DA:196,13
DA:201,13
DA:209,13
DA:212,38
DA:213,3
DA:227,38
DA:228,3
DA:229,3
DA:230,1
DA:233,38
DA:237,9
DA:238,9
DA:239,9
DA:241,9
DA:242,11
DA:243,11
DA:244,11
DA:248,9
DA:251,38
DA:252,2
DA:256,2
DA:257,1
DA:258,1
DA:261,38
DA:262,2
DA:266,4
DA:269,38
DA:272,15
DA:273,15
DA:277,15
DA:278,1
DA:279,1
DA:280,1
DA:281,1
DA:282,1
DA:284,14
DA:287,38
DA:288,2
DA:292,2
DA:293,2
DA:300,38
DA:301,1
DA:303,2
DA:304,2
DA:309,2
DA:310,1
LF:102
LH:102
BRDA:11,0,0,2
BRDA:11,0,1,7
BRDA:13,1,0,5
BRDA:13,1,1,2
BRDA:55,2,0,11
BRDA:55,2,1,1
BRDA:62,3,0,8
BRDA:62,3,1,3
BRDA:92,4,0,92
BRDA:92,4,1,89
BRDA:129,5,0,1
BRDA:129,5,1,4
BRDA:129,6,0,5
BRDA:129,6,1,4
BRDA:175,7,0,2
BRDA:195,8,0,1
BRDA:229,9,0,2
BRDA:243,10,0,11
BRDA:256,11,0,1
BRDA:256,11,1,1
BRDA:277,12,0,1
BRDA:277,13,0,15
BRDA:277,13,1,14
BRDA:309,14,0,1
BRF:24
BRH:24
end_of_record
TN:
SF:src\services\chat\encryption.service.ts
FN:4,(anonymous_8)
FN:4,(anonymous_9)
FN:14,(anonymous_10)
FN:14,(anonymous_11)
FN:22,(anonymous_12)
FN:26,(anonymous_13)
FN:37,(anonymous_14)
FN:37,(anonymous_15)
FNF:8
FNH:8
FNDA:8,(anonymous_8)
FNDA:8,(anonymous_9)
FNDA:4,(anonymous_10)
FNDA:4,(anonymous_11)
FNDA:5,(anonymous_12)
FNDA:5,(anonymous_13)
FNDA:4,(anonymous_14)
FNDA:4,(anonymous_15)
DA:1,17
DA:2,17
DA:4,17
DA:5,8
DA:11,8
DA:14,17
DA:15,4
DA:18,4
DA:19,2
DA:22,17
DA:26,5
DA:27,5
DA:37,17
DA:38,4
DA:39,4
DA:40,3
DA:52,3
DA:53,2
LF:18
LH:18
BRDA:18,0,0,2
BRDA:39,1,0,1
BRDA:52,2,0,1
BRDA:52,3,0,3
BRDA:52,3,1,3
BRF:5
BRH:5
end_of_record
TN:
SF:src\services\chat\message.service.ts
FN:6,(anonymous_8)
FN:6,(anonymous_9)
FN:15,(anonymous_10)
FN:18,(anonymous_11)
FN:32,(anonymous_12)
FN:32,(anonymous_13)
FN:50,(anonymous_14)
FN:53,(anonymous_15)
FN:53,(anonymous_16)
FN:73,(anonymous_17)
FN:73,(anonymous_18)
FN:93,(anonymous_19)
FN:93,(anonymous_20)
FN:112,(anonymous_21)
FN:112,(anonymous_22)
FN:121,(anonymous_23)
FN:121,(anonymous_24)
FN:141,(anonymous_25)
FN:141,(anonymous_26)
FN:154,(anonymous_27)
FN:154,(anonymous_28)
FN:169,(anonymous_29)
FN:169,(anonymous_30)
FN:186,(anonymous_31)
FN:189,(anonymous_32)
FN:193,(anonymous_33)
FN:195,(anonymous_34)
FN:203,(anonymous_35)
FN:203,(anonymous_36)
FN:212,(anonymous_37)
FN:212,(anonymous_38)
FN:225,(anonymous_39)
FN:225,(anonymous_40)
FN:238,(anonymous_41)
FN:238,(anonymous_42)
FN:246,(anonymous_43)
FN:246,(anonymous_44)
FN:254,(anonymous_45)
FN:254,(anonymous_46)
FN:262,(anonymous_47)
FN:262,(anonymous_48)
FN:270,(anonymous_49)
FN:282,(anonymous_50)
FN:282,(anonymous_51)
FN:290,(anonymous_52)
FN:299,(anonymous_53)
FN:299,(anonymous_54)
FN:321,(anonymous_55)
FN:321,(anonymous_56)
FN:342,(anonymous_57)
FN:342,(anonymous_58)
FN:348,(anonymous_59)
FN:348,(anonymous_60)
FN:363,(anonymous_61)
FN:366,(anonymous_62)
FN:366,(anonymous_63)
FN:380,(anonymous_64)
FN:407,(anonymous_65)
FN:407,(anonymous_66)
FN:410,(anonymous_67)
FN:416,(anonymous_68)
FN:416,(anonymous_69)
FN:425,(anonymous_70)
FN:425,(anonymous_71)
FN:430,(anonymous_72)
FN:430,(anonymous_73)
FN:437,(anonymous_74)
FN:437,(anonymous_75)
FN:450,(anonymous_76)
FN:450,(anonymous_77)
FN:455,(anonymous_78)
FN:460,(anonymous_79)
FN:491,(anonymous_80)
FN:494,(anonymous_81)
FN:494,(anonymous_82)
FN:508,(anonymous_83)
FN:508,(anonymous_84)
FN:512,(anonymous_85)
FN:518,(anonymous_86)
FN:518,(anonymous_87)
FN:527,(anonymous_88)
FN:527,(anonymous_89)
FN:532,(anonymous_90)
FN:532,(anonymous_91)
FN:537,(anonymous_92)
FN:537,(anonymous_93)
FN:550,(anonymous_94)
FN:550,(anonymous_95)
FN:566,(anonymous_96)
FN:566,(anonymous_97)
FN:582,(anonymous_98)
FN:585,(anonymous_99)
FNF:92
FNH:92
FNDA:1,(anonymous_8)
FNDA:1,(anonymous_9)
FNDA:3,(anonymous_10)
FNDA:3,(anonymous_11)
FNDA:2,(anonymous_12)
FNDA:2,(anonymous_13)
FNDA:1,(anonymous_14)
FNDA:2,(anonymous_15)
FNDA:2,(anonymous_16)
FNDA:2,(anonymous_17)
FNDA:2,(anonymous_18)
FNDA:2,(anonymous_19)
FNDA:2,(anonymous_20)
FNDA:1,(anonymous_21)
FNDA:1,(anonymous_22)
FNDA:2,(anonymous_23)
FNDA:2,(anonymous_24)
FNDA:1,(anonymous_25)
FNDA:1,(anonymous_26)
FNDA:1,(anonymous_27)
FNDA:1,(anonymous_28)
FNDA:1,(anonymous_29)
FNDA:1,(anonymous_30)
FNDA:1,(anonymous_31)
FNDA:2,(anonymous_32)
FNDA:2,(anonymous_33)
FNDA:4,(anonymous_34)
FNDA:6,(anonymous_35)
FNDA:6,(anonymous_36)
FNDA:3,(anonymous_37)
FNDA:3,(anonymous_38)
FNDA:1,(anonymous_39)
FNDA:1,(anonymous_40)
FNDA:1,(anonymous_41)
FNDA:1,(anonymous_42)
FNDA:1,(anonymous_43)
FNDA:1,(anonymous_44)
FNDA:1,(anonymous_45)
FNDA:1,(anonymous_46)
FNDA:2,(anonymous_47)
FNDA:2,(anonymous_48)
FNDA:1,(anonymous_49)
FNDA:2,(anonymous_50)
FNDA:2,(anonymous_51)
FNDA:1,(anonymous_52)
FNDA:2,(anonymous_53)
FNDA:2,(anonymous_54)
FNDA:2,(anonymous_55)
FNDA:2,(anonymous_56)
FNDA:1,(anonymous_57)
FNDA:1,(anonymous_58)
FNDA:2,(anonymous_59)
FNDA:2,(anonymous_60)
FNDA:2,(anonymous_61)
FNDA:3,(anonymous_62)
FNDA:3,(anonymous_63)
FNDA:6,(anonymous_64)
FNDA:3,(anonymous_65)
FNDA:3,(anonymous_66)
FNDA:3,(anonymous_67)
FNDA:2,(anonymous_68)
FNDA:2,(anonymous_69)
FNDA:1,(anonymous_70)
FNDA:1,(anonymous_71)
FNDA:2,(anonymous_72)
FNDA:2,(anonymous_73)
FNDA:3,(anonymous_74)
FNDA:3,(anonymous_75)
FNDA:1,(anonymous_76)
FNDA:1,(anonymous_77)
FNDA:3,(anonymous_78)
FNDA:3,(anonymous_79)
FNDA:3,(anonymous_80)
FNDA:4,(anonymous_81)
FNDA:4,(anonymous_82)
FNDA:4,(anonymous_83)
FNDA:4,(anonymous_84)
FNDA:4,(anonymous_85)
FNDA:3,(anonymous_86)
FNDA:3,(anonymous_87)
FNDA:1,(anonymous_88)
FNDA:1,(anonymous_89)
FNDA:1,(anonymous_90)
FNDA:1,(anonymous_91)
FNDA:2,(anonymous_92)
FNDA:2,(anonymous_93)
FNDA:1,(anonymous_94)
FNDA:1,(anonymous_95)
FNDA:1,(anonymous_96)
FNDA:1,(anonymous_97)
FNDA:17,(anonymous_98)
FNDA:17,(anonymous_99)
DA:1,38
DA:3,38
DA:6,38
DA:7,1
DA:15,38
DA:18,3
DA:19,3
DA:20,2
DA:28,2
DA:29,1
DA:32,38
DA:33,2
DA:39,2
DA:40,1
DA:50,1
DA:53,38
DA:54,2
DA:63,2
DA:69,1
DA:70,1
DA:73,38
DA:74,2
DA:83,2
DA:89,1
DA:90,1
DA:93,38
DA:94,2
DA:95,1
DA:109,1
DA:112,38
DA:113,1
DA:121,38
DA:122,2
DA:141,38
DA:142,1
DA:154,38
DA:155,1
DA:169,38
DA:170,1
DA:186,1
DA:189,38
DA:193,2
DA:194,2
DA:195,4
DA:203,38
DA:204,6
DA:205,5
DA:209,5
DA:212,38
DA:213,3
DA:214,1
DA:216,1
DA:225,38
DA:226,1
DA:228,1
DA:232,1
DA:233,1
DA:235,1
DA:238,38
DA:239,1
DA:243,1
DA:246,38
DA:247,1
DA:251,1
DA:254,38
DA:255,1
DA:259,1
DA:262,38
DA:263,2
DA:270,2
DA:271,2
DA:272,1
DA:282,38
DA:283,2
DA:290,2
DA:292,2
DA:293,1
DA:299,38
DA:300,2
DA:321,38
DA:322,2
DA:342,38
DA:343,1
DA:344,1
DA:345,1
DA:348,38
DA:349,2
DA:359,2
DA:363,2
DA:366,38
DA:367,3
DA:380,38
DA:383,6
DA:385,6
DA:386,9
DA:387,7
DA:390,9
DA:392,9
DA:393,8
DA:396,9
DA:399,6
DA:400,6
DA:401,7
DA:404,6
DA:407,38
DA:408,3
DA:410,3
DA:416,38
DA:417,2
DA:418,2
DA:420,2
DA:422,2
DA:425,38
DA:426,1
DA:427,1
DA:430,38
DA:431,2
DA:437,38
DA:438,3
DA:442,3
DA:443,2
DA:447,2
DA:450,38
DA:451,1
DA:452,1
DA:455,38
DA:460,3
DA:461,3
DA:479,3
DA:491,3
DA:494,38
DA:495,4
DA:508,38
DA:509,4
DA:512,4
DA:518,38
DA:519,3
DA:520,3
DA:522,3
DA:524,3
DA:527,38
DA:528,1
DA:529,1
DA:532,38
DA:533,1
DA:534,1
DA:537,38
DA:538,2
DA:540,1
DA:542,1
DA:550,38
DA:551,1
DA:553,1
DA:566,38
DA:567,1
DA:582,38
DA:585,17
DA:586,17
LF:158
LH:158
BRDA:19,0,0,1
BRDA:19,1,0,3
BRDA:19,1,1,2
BRDA:28,2,0,1
BRDA:39,3,0,1
BRDA:63,4,0,1
BRDA:83,5,0,1
BRDA:94,6,0,1
BRDA:198,7,0,2
BRDA:198,7,1,2
BRDA:204,8,0,1
BRDA:213,9,0,2
BRDA:271,10,0,1
BRDA:292,11,0,1
BRDA:386,12,0,7
BRDA:392,13,0,8
BRDA:442,14,0,1
BRDA:465,15,0,3
BRDA:465,15,1,1
BRDA:483,16,0,3
BRDA:483,16,1,1
BRDA:538,17,0,1
BRF:22
BRH:22
end_of_record
TN:
SF:src\services\chat\redis.service.ts
FN:3,(anonymous_8)
FN:6,(anonymous_9)
FN:13,(anonymous_10)
FN:17,(anonymous_11)
FNF:4
FNH:4
FNDA:2,(anonymous_8)
FNDA:2,(anonymous_9)
FNDA:1,(anonymous_10)
FNDA:1,(anonymous_11)
DA:1,16
DA:3,16
DA:6,2
DA:7,2
DA:8,1
DA:10,1
DA:13,16
DA:17,1
DA:18,1
LF:9
LH:9
BRDA:7,0,0,1
BRF:1
BRH:1
end_of_record
TN:
SF:src\services\media\blob.service.ts
FN:30,(anonymous_7)
FN:30,(anonymous_8)
FN:62,(anonymous_9)
FN:62,(anonymous_10)
FN:77,(anonymous_11)
FN:77,(anonymous_12)
FN:101,(anonymous_13)
FN:101,(anonymous_14)
FNF:8
FNH:0
FNDA:0,(anonymous_7)
FNDA:0,(anonymous_8)
FNDA:0,(anonymous_9)
FNDA:0,(anonymous_10)
FNDA:0,(anonymous_11)
FNDA:0,(anonymous_12)
FNDA:0,(anonymous_13)
FNDA:0,(anonymous_14)
DA:1,16
DA:9,16
DA:10,16
DA:11,16
DA:12,16
DA:13,16
DA:14,0
DA:16,16
DA:17,0
DA:19,16
DA:20,0
DA:22,16
DA:23,0
DA:26,16
DA:27,16
DA:28,16
DA:30,16
DA:31,0
DA:33,0
DA:34,0
DA:35,0
DA:36,0
DA:39,0
DA:40,0
DA:42,0
DA:43,0
DA:46,0
DA:48,0
DA:58,0
DA:59,0
DA:62,16
DA:63,0
DA:64,0
DA:66,0
DA:67,0
DA:69,0
DA:72,0
DA:73,0
DA:77,16
DA:78,0
DA:79,0
DA:81,0
DA:83,0
DA:84,0
DA:85,0
DA:86,0
DA:87,0
DA:88,0
DA:93,0
DA:94,0
DA:95,0
DA:98,0
DA:101,16
DA:102,0
DA:103,0
DA:104,0
DA:105,0
DA:106,0
DA:109,0
DA:110,0
DA:114,16
LF:61
LH:17
BRDA:13,0,0,0
BRDA:16,1,0,0
BRDA:19,2,0,0
BRDA:22,3,0,0
BRDA:34,4,0,0
BRDA:34,4,1,0
BRDA:42,5,0,0
BRDA:72,6,0,0
BRDA:72,6,1,0
BRDA:83,7,0,0
BRDA:87,8,0,0
BRDA:93,9,0,0
BRDA:93,9,1,0
BRDA:109,10,0,0
BRDA:109,10,1,0
BRF:15
BRH:0
end_of_record
TN:
SF:src\services\stickers\sticker.service.ts
FN:3,(anonymous_8)
FN:3,(anonymous_9)
FN:10,(anonymous_10)
FN:10,(anonymous_11)
FNF:4
FNH:0
FNDA:0,(anonymous_8)
FNDA:0,(anonymous_9)
FNDA:0,(anonymous_10)
FNDA:0,(anonymous_11)
DA:1,16
DA:3,16
DA:4,0
DA:10,16
DA:11,0
DA:12,0
DA:14,16
LF:7
LH:4
BRF:0
BRH:0
end_of_record
TN:
SF:src\services\story\story.service.ts
FN:8,(anonymous_8)
FN:8,(anonymous_9)
FN:26,(anonymous_10)
FN:26,(anonymous_11)
FN:43,(anonymous_12)
FN:43,(anonymous_13)
FN:58,(anonymous_14)
FN:58,(anonymous_15)
FN:111,(anonymous_16)
FN:111,(anonymous_17)
FN:127,(anonymous_18)
FN:127,(anonymous_19)
FN:143,(anonymous_20)
FN:143,(anonymous_21)
FN:176,(anonymous_22)
FN:176,(anonymous_23)
FN:190,(anonymous_24)
FN:190,(anonymous_25)
FN:195,(anonymous_26)
FN:218,(anonymous_27)
FN:242,(anonymous_28)
FN:242,(anonymous_29)
FN:246,(anonymous_30)
FN:273,(anonymous_31)
FN:273,(anonymous_32)
FN:290,(anonymous_33)
FN:300,(anonymous_34)
FN:300,(anonymous_35)
FNF:28
FNH:0
FNDA:0,(anonymous_8)
FNDA:0,(anonymous_9)
FNDA:0,(anonymous_10)
FNDA:0,(anonymous_11)
FNDA:0,(anonymous_12)
FNDA:0,(anonymous_13)
FNDA:0,(anonymous_14)
FNDA:0,(anonymous_15)
FNDA:0,(anonymous_16)
FNDA:0,(anonymous_17)
FNDA:0,(anonymous_18)
FNDA:0,(anonymous_19)
FNDA:0,(anonymous_20)
FNDA:0,(anonymous_21)
FNDA:0,(anonymous_22)
FNDA:0,(anonymous_23)
FNDA:0,(anonymous_24)
FNDA:0,(anonymous_25)
FNDA:0,(anonymous_26)
FNDA:0,(anonymous_27)
FNDA:0,(anonymous_28)
FNDA:0,(anonymous_29)
FNDA:0,(anonymous_30)
FNDA:0,(anonymous_31)
FNDA:0,(anonymous_32)
FNDA:0,(anonymous_33)
FNDA:0,(anonymous_34)
FNDA:0,(anonymous_35)
DA:1,16
DA:2,16
DA:4,16
DA:5,16
DA:8,16
DA:9,0
DA:10,0
DA:14,0
DA:20,0
DA:22,0
DA:26,16
DA:27,0
DA:28,0
DA:37,0
DA:39,0
DA:43,16
DA:44,0
DA:45,0
DA:51,0
DA:52,0
DA:54,0
DA:58,16
DA:59,0
DA:61,0
DA:69,0
DA:80,0
DA:81,0
DA:91,0
DA:92,0
DA:103,0
DA:104,0
DA:107,0
DA:111,16
DA:112,0
DA:113,0
DA:121,0
DA:122,0
DA:124,0
DA:127,16
DA:128,0
DA:129,0
DA:137,0
DA:138,0
DA:140,0
DA:143,16
DA:144,0
DA:145,0
DA:158,0
DA:159,0
DA:169,0
DA:171,0
DA:176,16
DA:177,0
DA:178,0
DA:184,0
DA:186,0
DA:190,16
DA:192,0
DA:193,0
DA:194,0
DA:195,0
DA:197,0
DA:218,0
DA:219,0
DA:232,0
DA:237,0
DA:242,16
DA:243,0
DA:244,0
DA:245,0
DA:246,0
DA:247,0
DA:267,0
DA:269,0
DA:273,16
DA:274,0
DA:275,0
DA:290,0
DA:297,0
DA:300,16
DA:301,0
DA:302,0
DA:307,0
DA:308,0
DA:310,0
DA:314,16
DA:315,16
DA:316,16
DA:317,16
DA:318,16
DA:319,16
DA:320,16
DA:321,16
DA:322,16
DA:323,16
DA:324,16
DA:325,16
LF:97
LH:28
BRDA:17,0,0,0
BRDA:17,0,1,0
BRDA:17,1,0,0
BRDA:17,1,1,0
BRDA:37,2,0,0
BRDA:51,3,0,0
BRDA:80,4,0,0
BRDA:80,4,1,0
BRDA:80,5,0,0
BRDA:80,5,1,0
BRDA:80,6,0,0
BRDA:80,6,1,0
BRDA:80,7,0,0
BRDA:80,7,1,0
BRDA:91,8,0,0
BRDA:91,9,0,0
BRDA:91,9,1,0
BRDA:91,10,0,0
BRDA:91,10,1,0
BRDA:91,11,0,0
BRDA:91,11,1,0
BRDA:103,12,0,0
BRDA:121,13,0,0
BRDA:137,14,0,0
BRDA:158,15,0,0
BRDA:307,16,0,0
BRDA:307,17,0,0
BRDA:307,17,1,0
BRF:28
BRH:0
end_of_record
TN:
SF:src\services\user\block.service.ts
FN:4,(anonymous_8)
FN:4,(anonymous_9)
FN:12,(anonymous_10)
FNF:3
FNH:3
FNDA:3,(anonymous_8)
FNDA:3,(anonymous_9)
FNDA:2,(anonymous_10)
DA:1,17
DA:2,17
DA:4,17
DA:5,3
DA:6,3
DA:7,2
DA:12,17
DA:13,2
DA:14,1
DA:18,17
LF:10
LH:10
BRDA:6,0,0,2
BRDA:13,1,0,1
BRF:2
BRH:2
end_of_record
TN:
SF:src\services\user\redis.service.ts
FN:5,(anonymous_8)
FN:5,(anonymous_9)
FN:11,(anonymous_10)
FN:11,(anonymous_11)
FNF:4
FNH:0
FNDA:0,(anonymous_8)
FNDA:0,(anonymous_9)
FNDA:0,(anonymous_10)
FNDA:0,(anonymous_11)
DA:1,16
DA:5,16
DA:6,0
DA:7,0
DA:8,0
DA:11,16
DA:12,0
DA:13,0
DA:14,0
DA:18,16
LF:10
LH:4
BRDA:13,0,0,0
BRF:1
BRH:0
end_of_record
TN:
SF:src\services\user\user.service.ts
FN:9,(anonymous_8)
FN:9,(anonymous_9)
FN:21,(anonymous_10)
FN:21,(anonymous_11)
FN:37,(anonymous_12)
FN:37,(anonymous_13)
FN:54,(anonymous_14)
FN:54,(anonymous_15)
FN:68,(anonymous_16)
FN:68,(anonymous_17)
FN:93,(anonymous_18)
FN:93,(anonymous_19)
FN:112,(anonymous_20)
FN:112,(anonymous_21)
FN:127,(anonymous_22)
FN:127,(anonymous_23)
FN:143,(anonymous_24)
FN:143,(anonymous_25)
FN:151,(anonymous_26)
FN:151,(anonymous_27)
FN:164,(anonymous_28)
FN:164,(anonymous_29)
FN:177,(anonymous_30)
FN:177,(anonymous_31)
FN:190,(anonymous_32)
FN:190,(anonymous_33)
FN:203,(anonymous_34)
FN:203,(anonymous_35)
FN:217,(anonymous_36)
FN:217,(anonymous_37)
FN:231,(anonymous_38)
FN:231,(anonymous_39)
FN:237,(anonymous_40)
FN:246,(anonymous_41)
FN:246,(anonymous_42)
FN:253,(anonymous_43)
FN:264,(anonymous_44)
FN:264,(anonymous_45)
FN:270,(anonymous_46)
FN:276,(anonymous_47)
FN:276,(anonymous_48)
FN:288,(anonymous_49)
FN:288,(anonymous_50)
FN:303,(anonymous_51)
FN:303,(anonymous_52)
FN:319,(anonymous_53)
FN:319,(anonymous_54)
FNF:47
FNH:20
FNDA:2,(anonymous_8)
FNDA:2,(anonymous_9)
FNDA:3,(anonymous_10)
FNDA:3,(anonymous_11)
FNDA:3,(anonymous_12)
FNDA:3,(anonymous_13)
FNDA:3,(anonymous_14)
FNDA:3,(anonymous_15)
FNDA:2,(anonymous_16)
FNDA:2,(anonymous_17)
FNDA:0,(anonymous_18)
FNDA:0,(anonymous_19)
FNDA:0,(anonymous_20)
FNDA:0,(anonymous_21)
FNDA:3,(anonymous_22)
FNDA:3,(anonymous_23)
FNDA:0,(anonymous_24)
FNDA:0,(anonymous_25)
FNDA:0,(anonymous_26)
FNDA:0,(anonymous_27)
FNDA:2,(anonymous_28)
FNDA:2,(anonymous_29)
FNDA:2,(anonymous_30)
FNDA:2,(anonymous_31)
FNDA:2,(anonymous_32)
FNDA:2,(anonymous_33)
FNDA:0,(anonymous_34)
FNDA:0,(anonymous_35)
FNDA:0,(anonymous_36)
FNDA:0,(anonymous_37)
FNDA:0,(anonymous_38)
FNDA:0,(anonymous_39)
FNDA:0,(anonymous_40)
FNDA:0,(anonymous_41)
FNDA:0,(anonymous_42)
FNDA:0,(anonymous_43)
FNDA:0,(anonymous_44)
FNDA:0,(anonymous_45)
FNDA:0,(anonymous_46)
FNDA:0,(anonymous_47)
FNDA:0,(anonymous_48)
FNDA:0,(anonymous_49)
FNDA:0,(anonymous_50)
FNDA:1,(anonymous_51)
FNDA:1,(anonymous_52)
FNDA:0,(anonymous_53)
FNDA:0,(anonymous_54)
DA:1,45
DA:2,45
DA:3,45
DA:4,45
DA:5,45
DA:6,45
DA:9,45
DA:10,2
DA:11,2
DA:15,1
DA:17,1
DA:21,45
DA:22,3
DA:23,1
DA:26,2
DA:27,2
DA:31,1
DA:33,1
DA:37,45
DA:38,3
DA:39,1
DA:41,2
DA:42,2
DA:43,2
DA:47,1
DA:49,1
DA:54,45
DA:55,3
DA:56,3
DA:57,3
DA:61,1
DA:63,2
DA:68,45
DA:69,2
DA:88,2
DA:89,1
DA:91,1
DA:93,45
DA:94,0
DA:106,0
DA:107,0
DA:109,0
DA:112,45
DA:113,0
DA:114,0
DA:118,0
DA:119,0
DA:120,0
DA:122,0
DA:123,0
DA:127,45
DA:128,3
DA:129,1
DA:131,2
DA:132,2
DA:137,1
DA:139,1
DA:143,45
DA:144,0
DA:148,0
DA:149,0
DA:151,45
DA:152,0
DA:153,0
DA:158,0
DA:159,0
DA:161,0
DA:164,45
DA:165,2
DA:166,2
DA:171,1
DA:172,1
DA:174,0
DA:177,45
DA:178,2
DA:179,2
DA:184,1
DA:185,1
DA:187,0
DA:190,45
DA:191,2
DA:192,2
DA:197,1
DA:198,1
DA:200,0
DA:203,45
DA:204,0
DA:205,0
DA:209,0
DA:211,0
DA:212,0
DA:214,0
DA:217,45
DA:218,0
DA:219,0
DA:223,0
DA:225,0
DA:226,0
DA:228,0
DA:231,45
DA:232,0
DA:233,0
DA:237,0
DA:238,0
DA:240,0
DA:241,0
DA:243,0
DA:246,45
DA:247,0
DA:248,0
DA:253,0
DA:254,0
DA:255,0
DA:257,0
DA:258,0
DA:260,0
DA:264,45
DA:265,0
DA:266,0
DA:270,0
DA:272,0
DA:276,45
DA:277,0
DA:278,0
DA:282,0
DA:283,0
DA:285,0
DA:288,45
DA:289,0
DA:290,0
DA:294,0
DA:296,0
DA:297,0
DA:299,0
DA:303,45
DA:304,1
DA:315,1
DA:316,1
DA:319,45
DA:320,0
LF:140
LH:75
BRDA:22,0,0,1
BRDA:38,1,0,1
BRDA:88,2,0,1
BRDA:106,3,0,0
BRDA:118,4,0,0
BRDA:119,5,0,0
BRDA:128,6,0,1
BRDA:148,7,0,0
BRDA:158,8,0,0
BRDA:158,9,0,0
BRDA:158,9,1,0
BRDA:171,10,0,1
BRDA:171,11,0,1
BRDA:171,11,1,1
BRDA:184,12,0,1
BRDA:184,13,0,1
BRDA:184,13,1,1
BRDA:197,14,0,1
BRDA:197,15,0,1
BRDA:197,15,1,1
BRDA:209,16,0,0
BRDA:209,16,1,0
BRDA:209,17,0,0
BRDA:209,17,1,0
BRDA:211,18,0,0
BRDA:211,19,0,0
BRDA:211,19,1,0
BRDA:223,20,0,0
BRDA:223,20,1,0
BRDA:223,21,0,0
BRDA:223,21,1,0
BRDA:225,22,0,0
BRDA:225,23,0,0
BRDA:225,23,1,0
BRDA:240,24,0,0
BRDA:240,25,0,0
BRDA:240,25,1,0
BRDA:257,26,0,0
BRDA:257,27,0,0
BRDA:257,27,1,0
BRDA:282,28,0,0
BRDA:282,29,0,0
BRDA:282,29,1,0
BRDA:296,30,0,0
BRDA:296,31,0,0
BRDA:296,31,1,0
BRDA:315,32,0,0
BRF:47
BRH:13
end_of_record
TN:
SF:src\services\user\prisma\create.service.ts
FN:4,(anonymous_8)
FN:4,(anonymous_9)
FN:7,(anonymous_10)
FNF:3
FNH:3
FNDA:4,(anonymous_8)
FNDA:4,(anonymous_9)
FNDA:8,(anonymous_10)
DA:1,17
DA:2,17
DA:4,17
DA:5,4
DA:6,4
DA:8,8
DA:18,0
DA:22,17
LF:8
LH:7
BRF:0
BRH:0
end_of_record
TN:
SF:src\services\user\prisma\delete.service.ts
FN:3,(anonymous_8)
FN:3,(anonymous_9)
FNF:2
FNH:2
FNDA:2,(anonymous_8)
FNDA:2,(anonymous_9)
DA:1,17
DA:3,17
DA:4,2
DA:5,2
DA:12,0
DA:16,17
LF:6
LH:5
BRF:0
BRH:0
end_of_record
TN:
SF:src\services\user\prisma\find.service.ts
FN:4,(anonymous_8)
FN:4,(anonymous_9)
FN:22,(anonymous_10)
FN:22,(anonymous_11)
FNF:4
FNH:4
FNDA:2,(anonymous_8)
FNDA:2,(anonymous_9)
FNDA:2,(anonymous_10)
FNDA:2,(anonymous_11)
DA:1,18
DA:4,18
DA:5,2
DA:22,18
DA:23,2
DA:34,18
LF:6
LH:6
BRF:0
BRH:0
end_of_record
TN:
SF:src\services\user\prisma\update.service.ts
FN:4,(anonymous_8)
FN:4,(anonymous_9)
FN:22,(anonymous_10)
FN:22,(anonymous_11)
FNF:4
FNH:4
FNDA:3,(anonymous_8)
FNDA:3,(anonymous_9)
FNDA:2,(anonymous_10)
FNDA:2,(anonymous_11)
DA:1,17
DA:2,17
DA:4,17
DA:5,3
DA:6,3
DA:18,0
DA:22,17
DA:23,2
DA:24,2
DA:29,1
DA:34,17
LF:11
LH:10
BRF:0
BRH:0
end_of_record
TN:
SF:src\socket\web.socket.ts
FN:23,(anonymous_13)
FN:34,(anonymous_14)
FN:37,(anonymous_15)
FN:49,(anonymous_16)
FN:49,(anonymous_17)
FN:71,(anonymous_18)
FN:71,(anonymous_19)
FNF:7
FNH:1
FNDA:0,(anonymous_13)
FNDA:16,(anonymous_14)
FNDA:0,(anonymous_15)
FNDA:0,(anonymous_16)
FNDA:0,(anonymous_17)
FNDA:0,(anonymous_18)
FNDA:0,(anonymous_19)
DA:1,16
DA:3,16
DA:4,16
DA:5,16
DA:6,16
DA:7,16
DA:8,16
DA:9,16
DA:10,16
DA:11,16
DA:12,16
DA:15,16
DA:17,16
DA:23,16
DA:24,0
DA:25,0
DA:27,0
DA:28,0
DA:30,0
DA:34,16
DA:35,16
DA:38,0
DA:39,0
DA:41,0
DA:49,16
DA:50,0
DA:52,0
DA:53,0
DA:54,0
DA:55,0
DA:57,0
DA:59,0
DA:61,0
DA:63,0
DA:65,0
DA:67,0
DA:69,0
DA:71,0
DA:72,0
LF:39
LH:17
BRDA:27,0,0,0
BRDA:27,0,1,0
BRDA:38,1,0,0
BRDA:38,1,1,0
BRDA:53,2,0,0
BRDA:72,3,0,0
BRF:6
BRH:0
end_of_record
TN:
SF:src\socket\events\chat.events.ts
FN:7,(anonymous_13)
FN:10,(anonymous_14)
FN:10,(anonymous_15)
FNF:3
FNH:0
FNDA:0,(anonymous_13)
FNDA:0,(anonymous_14)
FNDA:0,(anonymous_15)
DA:2,16
DA:4,16
DA:5,16
DA:7,16
DA:8,0
DA:10,0
DA:11,0
DA:12,0
DA:13,0
LF:9
LH:4
BRDA:12,0,0,0
BRF:1
BRH:0
end_of_record
TN:
SF:src\socket\events\message.events.ts
FN:10,(anonymous_13)
FN:17,(anonymous_14)
FN:17,(anonymous_15)
FN:36,(anonymous_16)
FN:36,(anonymous_17)
FN:53,(anonymous_18)
FN:53,(anonymous_19)
FN:66,(anonymous_20)
FN:66,(anonymous_21)
FN:79,(anonymous_22)
FN:79,(anonymous_23)
FN:87,(anonymous_24)
FN:87,(anonymous_25)
FN:99,(anonymous_26)
FN:99,(anonymous_27)
FN:109,(anonymous_28)
FN:109,(anonymous_29)
FNF:17
FNH:0
FNDA:0,(anonymous_13)
FNDA:0,(anonymous_14)
FNDA:0,(anonymous_15)
FNDA:0,(anonymous_16)
FNDA:0,(anonymous_17)
FNDA:0,(anonymous_18)
FNDA:0,(anonymous_19)
FNDA:0,(anonymous_20)
FNDA:0,(anonymous_21)
FNDA:0,(anonymous_22)
FNDA:0,(anonymous_23)
FNDA:0,(anonymous_24)
FNDA:0,(anonymous_25)
FNDA:0,(anonymous_26)
FNDA:0,(anonymous_27)
FNDA:0,(anonymous_28)
FNDA:0,(anonymous_29)
DA:2,16
DA:4,16
DA:5,16
DA:6,16
DA:7,16
DA:8,16
DA:10,16
DA:15,0
DA:17,0
DA:18,0
DA:22,0
DA:23,0
DA:34,0
DA:36,0
DA:37,0
DA:41,0
DA:42,0
DA:51,0
DA:53,0
DA:54,0
DA:55,0
DA:56,0
DA:64,0
DA:66,0
DA:67,0
DA:68,0
DA:69,0
DA:77,0
DA:79,0
DA:80,0
DA:81,0
DA:85,0
DA:87,0
DA:88,0
DA:89,0
DA:90,0
DA:97,0
DA:99,0
DA:100,0
DA:101,0
DA:102,0
DA:107,0
DA:109,0
DA:110,0
DA:111,0
DA:112,0
LF:46
LH:7
BRDA:22,0,0,0
BRDA:41,1,0,0
BRDA:55,2,0,0
BRDA:68,3,0,0
BRDA:89,4,0,0
BRDA:101,5,0,0
BRDA:111,6,0,0
BRF:7
BRH:0
end_of_record
TN:
SF:src\socket\events\pfp.events.ts
FN:5,(anonymous_13)
FN:8,(anonymous_14)
FN:8,(anonymous_15)
FNF:3
FNH:0
FNDA:0,(anonymous_13)
FNDA:0,(anonymous_14)
FNDA:0,(anonymous_15)
DA:2,16
DA:3,16
DA:4,16
DA:5,16
DA:6,0
DA:8,0
DA:9,0
DA:10,0
DA:11,0
DA:12,0
LF:10
LH:4
BRDA:9,0,0,0
BRDA:11,1,0,0
BRF:2
BRH:0
end_of_record
TN:
SF:src\socket\events\status.events.ts
FN:8,(anonymous_13)
FN:11,(anonymous_14)
FN:11,(anonymous_15)
FNF:3
FNH:0
FNDA:0,(anonymous_13)
FNDA:0,(anonymous_14)
FNDA:0,(anonymous_15)
DA:2,16
DA:3,16
DA:8,16
DA:9,0
DA:11,0
DA:12,0
DA:13,0
LF:7
LH:3
BRDA:12,0,0,0
BRDA:12,1,0,0
BRDA:12,1,1,0
BRF:3
BRH:0
end_of_record
TN:
SF:src\socket\events\story.events.ts
FN:9,(anonymous_13)
FN:16,(anonymous_14)
FN:16,(anonymous_15)
FN:34,(anonymous_16)
FN:34,(anonymous_17)
FN:43,(anonymous_18)
FN:48,(anonymous_19)
FN:63,(anonymous_20)
FN:63,(anonymous_21)
FNF:9
FNH:0
FNDA:0,(anonymous_13)
FNDA:0,(anonymous_14)
FNDA:0,(anonymous_15)
FNDA:0,(anonymous_16)
FNDA:0,(anonymous_17)
FNDA:0,(anonymous_18)
FNDA:0,(anonymous_19)
FNDA:0,(anonymous_20)
FNDA:0,(anonymous_21)
DA:2,16
DA:4,16
DA:5,16
DA:9,16
DA:14,0
DA:16,0
DA:17,0
DA:18,0
DA:23,0
DA:24,0
DA:27,0
DA:32,0
DA:34,0
DA:35,0
DA:36,0
DA:40,0
DA:48,0
DA:49,0
DA:50,0
DA:61,0
DA:63,0
DA:64,0
DA:65,0
LF:23
LH:4
BRDA:23,0,0,0
BRDA:36,1,0,0
BRF:2
BRH:0
end_of_record
TN:
SF:src\socket\handlers\chat.handlers.ts
FN:4,(anonymous_7)
FN:9,(anonymous_8)
FNF:2
FNH:0
FNDA:0,(anonymous_7)
FNDA:0,(anonymous_8)
DA:2,16
DA:4,16
DA:9,0
DA:10,0
DA:11,0
DA:12,0
DA:15,0
LF:7
LH:2
BRF:0
BRH:0
end_of_record
TN:
SF:src\socket\handlers\connection.handlers.ts
FN:7,(anonymous_13)
FN:7,(anonymous_14)
FN:15,(anonymous_15)
FN:15,(anonymous_16)
FN:25,(anonymous_17)
FN:29,(anonymous_18)
FN:36,(anonymous_19)
FN:39,(anonymous_20)
FNF:8
FNH:0
FNDA:0,(anonymous_13)
FNDA:0,(anonymous_14)
FNDA:0,(anonymous_15)
FNDA:0,(anonymous_16)
FNDA:0,(anonymous_17)
FNDA:0,(anonymous_18)
FNDA:0,(anonymous_19)
FNDA:0,(anonymous_20)
DA:2,16
DA:3,16
DA:4,16
DA:5,16
DA:7,16
DA:9,0
DA:10,0
DA:11,0
DA:12,0
DA:15,16
DA:16,0
DA:17,0
DA:18,0
DA:19,0
DA:20,0
DA:25,16
DA:29,0
DA:30,0
DA:31,0
DA:32,0
DA:33,0
DA:36,16
DA:39,0
DA:40,0
DA:41,0
DA:42,0
DA:43,0
LF:27
LH:8
BRDA:10,0,0,0
BRDA:10,0,1,0
BRDA:11,1,0,0
BRDA:11,1,1,0
BRDA:18,2,0,0
BRDA:42,3,0,0
BRF:6
BRH:0
end_of_record
TN:
SF:src\socket\handlers\error.handler.ts
FN:3,(anonymous_7)
FN:4,(anonymous_8)
FNF:2
FNH:0
FNDA:0,(anonymous_7)
FNDA:0,(anonymous_8)
DA:3,16
DA:4,0
DA:5,0
DA:6,0
DA:7,0
DA:9,0
DA:10,0
DA:13,0
LF:8
LH:1
BRDA:5,0,0,0
BRDA:5,0,1,0
BRDA:9,1,0,0
BRDA:9,1,1,0
BRDA:10,2,0,0
BRDA:10,2,1,0
BRDA:14,3,0,0
BRDA:14,3,1,0
BRF:8
BRH:0
end_of_record
TN:
SF:src\socket\handlers\message.handlers.ts
FN:9,(anonymous_7)
FN:14,(anonymous_8)
FN:28,(anonymous_9)
FN:34,(anonymous_10)
FN:38,(anonymous_11)
FN:52,(anonymous_12)
FN:66,(anonymous_13)
FN:66,(anonymous_14)
FN:73,(anonymous_15)
FN:73,(anonymous_16)
FN:88,(anonymous_17)
FN:88,(anonymous_18)
FNF:12
FNH:0
FNDA:0,(anonymous_7)
FNDA:0,(anonymous_8)
FNDA:0,(anonymous_9)
FNDA:0,(anonymous_10)
FNDA:0,(anonymous_11)
FNDA:0,(anonymous_12)
FNDA:0,(anonymous_13)
FNDA:0,(anonymous_14)
FNDA:0,(anonymous_15)
FNDA:0,(anonymous_16)
FNDA:0,(anonymous_17)
FNDA:0,(anonymous_18)
DA:2,16
DA:3,16
DA:4,16
DA:5,16
DA:6,16
DA:9,16
DA:14,0
DA:15,0
DA:16,0
DA:18,0
DA:19,0
DA:20,0
DA:24,0
DA:28,16
DA:34,0
DA:35,0
DA:36,0
DA:38,0
DA:40,0
DA:42,0
DA:43,0
DA:44,0
DA:48,0
DA:52,16
DA:57,0
DA:58,0
DA:59,0
DA:60,0
DA:61,0
DA:66,16
DA:67,0
DA:68,0
DA:69,0
DA:73,16
DA:74,0
DA:75,0
DA:76,0
DA:78,0
DA:79,0
DA:81,0
DA:82,0
DA:84,0
DA:88,16
DA:89,0
DA:90,0
DA:91,0
DA:93,0
DA:94,0
DA:95,0
DA:96,0
DA:98,0
DA:100,0
LF:52
LH:11
BRDA:18,0,0,0
BRDA:42,1,0,0
BRDA:68,2,0,0
BRDA:76,3,0,0
BRDA:91,4,0,0
BRDA:95,5,0,0
BRF:6
BRH:0
end_of_record
TN:
SF:src\socket\handlers\pfp.handlers.ts
FN:8,(anonymous_13)
FN:8,(anonymous_14)
FN:15,(anonymous_15)
FN:20,(anonymous_16)
FNF:4
FNH:0
FNDA:0,(anonymous_13)
FNDA:0,(anonymous_14)
FNDA:0,(anonymous_15)
FNDA:0,(anonymous_16)
DA:2,16
DA:5,16
DA:6,16
DA:8,16
DA:10,0
DA:11,0
DA:12,0
DA:13,0
DA:15,16
DA:20,0
DA:21,0
DA:22,0
DA:23,0
DA:24,0
DA:25,0
DA:29,0
LF:16
LH:5
BRDA:11,0,0,0
BRDA:11,0,1,0
BRDA:12,1,0,0
BRDA:12,1,1,0
BRDA:23,2,0,0
BRF:5
BRH:0
end_of_record
TN:
SF:src\socket\handlers\story.handlers.ts
FN:8,(anonymous_14)
FN:8,(anonymous_15)
FN:32,(anonymous_16)
FN:36,(anonymous_17)
FN:49,(anonymous_18)
FN:53,(anonymous_19)
FN:71,(anonymous_20)
FN:71,(anonymous_21)
FN:90,(anonymous_22)
FN:94,(anonymous_23)
FN:108,(anonymous_24)
FN:112,(anonymous_25)
FN:127,(anonymous_26)
FN:131,(anonymous_27)
FNF:14
FNH:0
FNDA:0,(anonymous_14)
FNDA:0,(anonymous_15)
FNDA:0,(anonymous_16)
FNDA:0,(anonymous_17)
FNDA:0,(anonymous_18)
FNDA:0,(anonymous_19)
FNDA:0,(anonymous_20)
FNDA:0,(anonymous_21)
FNDA:0,(anonymous_22)
FNDA:0,(anonymous_23)
FNDA:0,(anonymous_24)
FNDA:0,(anonymous_25)
FNDA:0,(anonymous_26)
FNDA:0,(anonymous_27)
DA:2,16
DA:3,16
DA:4,16
DA:5,16
DA:8,16
DA:9,0
DA:11,0
DA:12,0
DA:14,0
DA:15,0
DA:17,0
DA:18,0
DA:20,0
DA:21,0
DA:23,0
DA:24,0
DA:26,0
DA:28,0
DA:32,16
DA:36,0
DA:37,0
DA:38,0
DA:39,0
DA:40,0
DA:41,0
DA:45,0
DA:49,16
DA:53,0
DA:54,0
DA:55,0
DA:56,0
DA:57,0
DA:67,0
DA:71,16
DA:72,0
DA:73,0
DA:74,0
DA:75,0
DA:76,0
DA:77,0
DA:78,0
DA:79,0
DA:80,0
DA:81,0
DA:82,0
DA:83,0
DA:86,0
DA:90,16
DA:94,0
DA:95,0
DA:96,0
DA:97,0
DA:98,0
DA:104,0
DA:108,16
DA:112,0
DA:113,0
DA:114,0
DA:115,0
DA:123,0
DA:127,16
DA:131,0
DA:132,0
DA:133,0
DA:141,16
LF:65
LH:12
BRDA:11,0,0,0
BRDA:11,0,1,0
BRDA:15,1,0,0
BRDA:15,1,1,0
BRDA:15,1,2,0
BRDA:39,2,0,0
BRDA:74,3,0,0
BRDA:77,4,0,0
BRF:8
BRH:0
end_of_record
TN:
SF:src\socket\utils\socket.utils.ts
FN:3,(anonymous_0)
FNF:1
FNH:0
FNDA:0,(anonymous_0)
DA:3,16
DA:9,0
DA:10,0
DA:11,0
DA:12,0
LF:5
LH:1
BRDA:9,0,0,0
BRDA:11,1,0,0
BRF:2
BRH:0
end_of_record
TN:
SF:src\validators\auth.ts
FN:5,(anonymous_1)
FN:14,(anonymous_2)
FN:37,(anonymous_3)
FN:60,(anonymous_4)
FN:81,(anonymous_5)
FN:105,(anonymous_6)
FN:128,(anonymous_7)
FN:151,(anonymous_8)
FN:170,(anonymous_9)
FNF:9
FNH:8
FNDA:0,(anonymous_1)
FNDA:6,(anonymous_2)
FNDA:6,(anonymous_3)
FNDA:5,(anonymous_4)
FNDA:6,(anonymous_5)
FNDA:6,(anonymous_6)
FNDA:8,(anonymous_7)
FNDA:4,(anonymous_8)
FNDA:5,(anonymous_9)
DA:1,53
DA:2,53
DA:3,53
DA:5,53
DA:6,0
DA:7,0
DA:8,0
DA:9,0
DA:10,0
DA:11,0
DA:12,0
DA:14,53
DA:15,6
DA:28,6
DA:32,6
DA:33,5
DA:37,53
DA:38,6
DA:51,6
DA:55,6
DA:56,5
DA:60,53
DA:61,5
DA:72,5
DA:76,5
DA:77,4
DA:81,53
DA:82,6
DA:93,6
DA:99,6
DA:100,5
DA:102,1
DA:105,53
DA:106,6
DA:119,6
DA:123,6
DA:124,5
DA:128,53
DA:129,8
DA:142,8
DA:146,8
DA:147,7
DA:151,53
DA:152,4
DA:161,4
DA:165,4
DA:166,3
DA:170,53
DA:171,5
DA:182,5
DA:186,5
DA:187,4
DA:192,53
DA:193,53
DA:194,53
DA:195,53
DA:196,53
DA:197,53
DA:198,53
DA:199,53
DA:200,53
LF:61
LH:54
BRDA:32,0,0,5
BRDA:55,1,0,5
BRDA:76,2,0,4
BRDA:99,3,0,5
BRDA:123,4,0,5
BRDA:146,5,0,7
BRDA:165,6,0,3
BRDA:186,7,0,4
BRF:8
BRH:8
end_of_record
TN:
SF:src\validators\chat.ts
FN:5,(anonymous_7)
FN:9,(anonymous_8)
FN:21,(anonymous_9)
FNF:3
FNH:3
FNDA:12,(anonymous_7)
FNDA:12,(anonymous_8)
FNDA:4,(anonymous_9)
DA:2,17
DA:5,17
DA:9,12
DA:10,12
DA:11,1
DA:12,1
DA:14,11
DA:15,3
DA:16,3
DA:18,8
DA:21,17
DA:22,4
DA:23,4
DA:24,1
DA:26,3
DA:27,1
DA:29,2
DA:30,2
DA:31,1
LF:19
LH:19
BRDA:10,0,0,1
BRDA:14,1,0,3
BRDA:23,2,0,1
BRDA:26,3,0,1
BRDA:29,4,0,2
BRDA:30,5,0,1
BRF:6
BRH:6
end_of_record
TN:
SF:src\validators\phone.ts
FN:4,checkPhoneNumber
FNF:1
FNH:1
FNDA:5,checkPhoneNumber
DA:1,54
DA:2,54
DA:5,5
DA:6,5
DA:7,2
DA:9,3
DA:10,3
DA:11,2
DA:13,1
DA:14,1
DA:15,0
DA:17,1
DA:20,54
LF:13
LH:12
BRDA:6,0,0,2
BRDA:10,1,0,2
BRDA:14,2,0,0
BRF:3
BRH:2
end_of_record
TN:
SF:src\validators\socket.ts
FN:6,(anonymous_7)
FN:6,(anonymous_8)
FNF:2
FNH:0
FNDA:0,(anonymous_7)
FNDA:0,(anonymous_8)
DA:3,16
DA:4,16
DA:6,16
DA:7,0
DA:8,0
DA:9,0
DA:10,0
DA:11,0
DA:12,0
DA:14,0
LF:10
LH:3
BRDA:9,0,0,0
BRDA:9,0,1,0
BRDA:11,1,0,0
BRDA:11,1,1,0
BRF:4
BRH:0
end_of_record
TN:
SF:src\validators\user.ts
FN:4,(anonymous_1)
FN:29,(anonymous_2)
FNF:2
FNH:2
FNDA:5,(anonymous_1)
FNDA:3,(anonymous_2)
DA:1,17
DA:2,17
DA:4,17
DA:5,5
DA:21,5
DA:24,5
DA:25,4
DA:29,17
DA:30,3
DA:36,3
DA:39,3
DA:40,2
DA:44,17
LF:13
LH:13
BRDA:24,0,0,4
BRDA:39,1,0,2
BRF:2
BRH:2
end_of_record
