TN:
SF:src\app.ts
FN:24,(anonymous_8)
FN:54,(anonymous_9)
FN:56,(anonymous_10)
FN:56,(anonymous_11)
FNF:4
FNH:3
FNDA:90,(anonymous_8)
FNDA:0,(anonymous_9)
FNDA:22,(anonymous_10)
FNDA:22,(anonymous_11)
DA:1,21
DA:2,21
DA:3,21
DA:4,21
DA:5,21
DA:6,21
DA:7,21
DA:8,21
DA:9,21
DA:10,21
DA:11,21
DA:12,21
DA:13,21
DA:14,21
DA:15,21
DA:17,21
DA:19,21
DA:20,21
DA:22,21
DA:25,90
DA:26,0
DA:28,90
DA:36,21
DA:37,21
DA:38,21
DA:39,21
DA:46,21
DA:48,21
DA:49,21
DA:51,21
DA:53,21
DA:54,21
DA:56,22
DA:57,22
DA:58,22
DA:60,22
DA:61,22
DA:64,22
DA:65,22
DA:69,21
LF:40
LH:39
BRDA:25,0,0,0
BRDA:25,0,1,90
BRDA:60,1,0,22
BRDA:64,2,0,22
BRF:4
BRH:3
end_of_record
TN:
SF:src\@types\redis.operation.ts
FN:3,(anonymous_0)
FNF:1
FNH:1
FNDA:59,(anonymous_0)
DA:3,59
DA:4,59
DA:5,59
DA:6,59
DA:9,59
LF:5
LH:5
BRDA:3,0,0,59
BRDA:3,0,1,59
BRF:2
BRH:2
end_of_record
TN:
SF:src\config\constants.config.ts
FNF:0
FNH:0
DA:1,21
LF:1
LH:1
BRF:0
BRH:0
end_of_record
TN:
SF:src\config\email.config.ts
FNF:0
FNH:0
DA:1,58
DA:7,58
DA:17,58
LF:3
LH:3
BRF:0
BRH:0
end_of_record
TN:
SF:src\config\google.config.ts
FNF:0
FNH:0
DA:1,21
DA:8,21
DA:12,21
DA:18,21
LF:4
LH:4
BRF:0
BRH:0
end_of_record
TN:
SF:src\controllers\auth\confirmation.controller.ts
FN:13,(anonymous_9)
FN:13,(anonymous_10)
FN:30,(anonymous_11)
FN:30,(anonymous_12)
FNF:4
FNH:0
FNDA:0,(anonymous_9)
FNDA:0,(anonymous_10)
FNDA:0,(anonymous_11)
FNDA:0,(anonymous_12)
DA:2,21
DA:4,21
DA:5,21
DA:8,21
DA:9,21
DA:10,21
DA:11,21
DA:13,21
DA:14,0
DA:15,0
DA:16,0
DA:18,0
DA:19,0
DA:21,0
DA:22,0
DA:23,0
DA:25,0
DA:30,21
DA:31,0
DA:32,0
DA:33,0
DA:35,0
DA:36,0
DA:38,0
DA:40,0
DA:41,0
DA:42,0
DA:44,0
DA:45,0
DA:46,0
DA:47,0
DA:49,0
DA:56,21
LF:33
LH:10
BRDA:15,0,0,0
BRDA:15,0,1,0
BRDA:15,1,0,0
BRDA:15,1,1,0
BRDA:32,2,0,0
BRDA:32,2,1,0
BRDA:32,3,0,0
BRDA:32,3,1,0
BRDA:33,4,0,0
BRDA:33,4,1,0
BRDA:33,5,0,0
BRDA:33,5,1,0
BRDA:41,6,0,0
BRF:13
BRH:0
end_of_record
TN:
SF:src\controllers\auth\facebook.auth.controller.ts
FN:7,facebookAuth
FNF:1
FNH:0
FNDA:0,facebookAuth
DA:2,21
DA:3,21
DA:4,21
DA:8,0
DA:9,0
DA:11,0
DA:12,0
DA:15,0
DA:17,0
DA:18,0
DA:19,0
DA:21,0
DA:22,0
DA:24,0
DA:25,0
DA:27,0
DA:38,0
DA:39,0
DA:46,21
LF:19
LH:4
BRDA:11,0,0,0
BRDA:18,1,0,0
BRF:2
BRH:0
end_of_record
TN:
SF:src\controllers\auth\github.auth.controller.ts
FN:7,githubAuth
FNF:1
FNH:0
FNDA:0,githubAuth
DA:2,21
DA:3,21
DA:4,21
DA:8,0
DA:9,0
DA:10,0
DA:11,0
DA:14,0
DA:16,0
DA:17,0
DA:18,0
DA:21,0
DA:22,0
DA:24,0
DA:25,0
DA:27,0
DA:33,0
DA:34,0
DA:41,21
LF:19
LH:4
BRDA:10,0,0,0
BRDA:17,1,0,0
BRF:2
BRH:0
end_of_record
TN:
SF:src\controllers\auth\google.auth.controller.ts
FN:7,googleAuth
FNF:1
FNH:0
FNDA:0,googleAuth
DA:2,21
DA:3,21
DA:4,21
DA:8,0
DA:9,0
DA:10,0
DA:11,0
DA:14,0
DA:16,0
DA:17,0
DA:18,0
DA:21,0
DA:22,0
DA:24,0
DA:26,0
DA:28,0
DA:34,0
DA:35,0
DA:42,21
LF:19
LH:4
BRDA:10,0,0,0
BRDA:17,1,0,0
BRF:2
BRH:0
end_of_record
TN:
SF:src\controllers\auth\login.controller.ts
FN:7,(anonymous_8)
FN:7,(anonymous_9)
FNF:2
FNH:2
FNDA:2,(anonymous_8)
FNDA:2,(anonymous_9)
DA:2,21
DA:3,21
DA:4,21
DA:7,21
DA:8,2
DA:9,2
DA:10,2
DA:11,1
DA:13,1
DA:14,1
DA:15,1
DA:17,1
DA:18,1
DA:19,1
DA:26,21
LF:15
LH:15
BRDA:8,0,0,0
BRDA:8,0,1,2
BRDA:8,1,0,2
BRDA:8,1,1,2
BRF:4
BRH:3
end_of_record
TN:
SF:src\controllers\auth\logout.controller.ts
FN:6,logoutOne
FN:16,logoutAll
FNF:2
FNH:2
FNDA:2,logoutOne
FNDA:2,logoutAll
DA:2,21
DA:3,21
DA:4,21
DA:7,2
DA:8,2
DA:9,1
DA:10,1
DA:17,2
DA:18,2
DA:19,1
DA:25,21
LF:11
LH:11
BRF:0
BRH:0
end_of_record
TN:
SF:src\controllers\auth\reset.password.controller.ts
FN:15,sendResetCode
FN:34,resetPassword
FNF:2
FNH:0
FNDA:0,sendResetCode
FNDA:0,resetPassword
DA:3,21
DA:9,21
DA:10,21
DA:11,21
DA:12,21
DA:13,21
DA:16,0
DA:17,0
DA:18,0
DA:20,0
DA:22,0
DA:23,0
DA:25,0
DA:26,0
DA:27,0
DA:29,0
DA:35,0
DA:36,0
DA:37,0
DA:38,0
DA:39,0
DA:40,0
DA:41,0
DA:43,0
DA:45,0
DA:47,0
DA:48,0
DA:50,0
DA:51,0
DA:53,0
DA:60,21
LF:31
LH:7
BRDA:16,0,0,0
BRDA:16,0,1,0
BRDA:16,1,0,0
BRDA:16,1,1,0
BRDA:35,2,0,0
BRDA:35,2,1,0
BRDA:35,3,0,0
BRDA:35,3,1,0
BRDA:36,4,0,0
BRDA:36,4,1,0
BRDA:36,5,0,0
BRDA:36,5,1,0
BRF:12
BRH:0
end_of_record
TN:
SF:src\controllers\auth\signup.controller.ts
FN:9,(anonymous_15)
FN:14,(anonymous_16)
FN:14,(anonymous_17)
FNF:3
FNH:0
FNDA:0,(anonymous_15)
FNDA:0,(anonymous_16)
FNDA:0,(anonymous_17)
DA:2,21
DA:3,21
DA:4,21
DA:5,21
DA:6,21
DA:7,21
DA:9,21
DA:10,0
DA:11,0
DA:12,0
DA:14,21
DA:15,0
DA:17,0
DA:18,0
DA:19,0
DA:21,0
DA:26,0
DA:27,0
DA:29,0
DA:30,0
DA:31,0
DA:33,0
DA:34,0
DA:36,0
DA:37,0
DA:39,0
DA:48,21
LF:27
LH:9
BRDA:10,0,0,0
BRDA:10,0,1,0
BRDA:10,1,0,0
BRDA:10,1,1,0
BRDA:11,2,0,0
BRDA:11,2,1,0
BRDA:11,3,0,0
BRDA:11,3,1,0
BRDA:12,4,0,0
BRDA:12,4,1,0
BRDA:12,5,0,0
BRDA:12,5,1,0
BRF:12
BRH:0
end_of_record
TN:
SF:src\controllers\chat\chat.participants.ts
FN:5,(anonymous_7)
FN:5,(anonymous_8)
FNF:2
FNH:2
FNDA:3,(anonymous_7)
FNDA:3,(anonymous_8)
DA:2,21
DA:3,21
DA:5,21
DA:6,3
DA:7,3
DA:8,1
DA:9,1
LF:7
LH:7
BRDA:7,0,0,2
BRF:1
BRH:1
end_of_record
TN:
SF:src\controllers\chat\create.chat.ts
FN:5,(anonymous_7)
FN:5,(anonymous_8)
FN:9,(anonymous_9)
FN:9,(anonymous_10)
FNF:4
FNH:4
FNDA:5,(anonymous_7)
FNDA:5,(anonymous_8)
FNDA:2,(anonymous_9)
FNDA:2,(anonymous_10)
DA:1,22
DA:3,22
DA:5,22
DA:6,5
DA:7,2
DA:8,1
DA:9,2
DA:10,2
DA:13,1
LF:9
LH:9
BRF:0
BRH:0
end_of_record
TN:
SF:src\controllers\chat\edit.chat.ts
FN:6,(anonymous_7)
FN:6,(anonymous_8)
FN:16,(anonymous_9)
FN:16,(anonymous_10)
FNF:4
FNH:4
FNDA:3,(anonymous_7)
FNDA:3,(anonymous_8)
FNDA:2,(anonymous_9)
FNDA:2,(anonymous_10)
DA:2,21
DA:3,21
DA:4,21
DA:6,21
DA:7,3
DA:8,3
DA:9,3
DA:10,2
DA:11,2
DA:12,2
DA:13,2
DA:16,21
DA:17,2
DA:18,2
DA:19,2
DA:21,1
DA:22,1
LF:17
LH:17
BRDA:9,0,0,1
BRDA:12,1,0,1
BRDA:19,2,0,1
BRF:3
BRH:3
end_of_record
TN:
SF:src\controllers\chat\encryption.ts
FN:11,(anonymous_7)
FN:11,(anonymous_8)
FN:18,(anonymous_9)
FN:18,(anonymous_10)
FN:33,(anonymous_11)
FN:33,(anonymous_12)
FN:47,(anonymous_13)
FN:47,(anonymous_14)
FNF:8
FNH:8
FNDA:1,(anonymous_7)
FNDA:1,(anonymous_8)
FNDA:3,(anonymous_9)
FNDA:3,(anonymous_10)
FNDA:4,(anonymous_11)
FNDA:4,(anonymous_12)
FNDA:4,(anonymous_13)
FNDA:4,(anonymous_14)
DA:2,21
DA:9,21
DA:11,21
DA:12,1
DA:13,1
DA:14,1
DA:15,1
DA:18,21
DA:19,3
DA:20,3
DA:21,3
DA:22,1
DA:23,1
DA:25,2
DA:26,1
DA:27,1
DA:29,1
DA:30,1
DA:33,21
DA:34,4
DA:35,4
DA:36,4
DA:37,2
DA:38,2
DA:39,2
DA:40,1
DA:41,1
DA:43,1
DA:44,1
DA:47,21
DA:48,4
DA:49,4
DA:50,4
DA:51,2
DA:52,2
DA:53,1
DA:54,1
DA:56,1
LF:38
LH:38
BRDA:21,0,0,1
BRDA:21,1,0,3
BRDA:21,1,1,3
BRDA:25,2,0,1
BRDA:36,3,0,2
BRDA:39,4,0,1
BRDA:39,5,0,2
BRDA:39,5,1,2
BRDA:50,6,0,2
BRDA:52,7,0,1
BRF:10
BRH:10
end_of_record
TN:
SF:src\controllers\chat\get.chats.ts
FN:5,(anonymous_7)
FN:5,(anonymous_8)
FNF:2
FNH:2
FNDA:6,(anonymous_7)
FNDA:6,(anonymous_8)
DA:2,21
DA:5,21
DA:6,6
DA:8,6
DA:9,6
DA:10,1
DA:12,6
DA:13,6
DA:14,1
DA:17,6
DA:18,6
DA:19,1
DA:22,6
DA:23,6
DA:24,6
LF:15
LH:15
BRDA:9,0,0,5
BRDA:9,0,1,1
BRDA:13,1,0,5
BRDA:13,1,1,1
BRDA:18,2,0,5
BRDA:18,2,1,1
BRDA:22,3,0,1
BRDA:22,3,1,5
BRF:8
BRH:8
end_of_record
TN:
SF:src\controllers\media\blob.controller.ts
FN:5,(anonymous_7)
FN:5,(anonymous_8)
FN:23,(anonymous_9)
FN:23,(anonymous_10)
FNF:4
FNH:0
FNDA:0,(anonymous_7)
FNDA:0,(anonymous_8)
FNDA:0,(anonymous_9)
FNDA:0,(anonymous_10)
DA:2,21
DA:3,21
DA:5,21
DA:6,0
DA:7,0
DA:8,0
DA:9,0
DA:10,0
DA:11,0
DA:13,0
DA:16,0
DA:18,0
DA:19,0
DA:23,21
DA:25,0
DA:26,0
DA:27,0
DA:28,0
DA:30,0
DA:31,0
DA:35,21
LF:21
LH:5
BRDA:10,0,0,0
BRF:1
BRH:0
end_of_record
TN:
SF:src\controllers\messages\delete.message.ts
FN:6,(anonymous_7)
FN:6,(anonymous_8)
FN:23,(anonymous_9)
FN:23,(anonymous_10)
FNF:4
FNH:4
FNDA:4,(anonymous_7)
FNDA:4,(anonymous_8)
FNDA:1,(anonymous_9)
FNDA:1,(anonymous_10)
DA:2,21
DA:3,21
DA:4,21
DA:6,21
DA:7,4
DA:9,4
DA:10,4
DA:12,1
DA:13,1
DA:15,3
DA:16,3
DA:17,1
DA:18,1
DA:19,1
DA:20,1
DA:23,21
DA:24,1
DA:25,1
DA:28,21
LF:19
LH:19
BRDA:16,0,0,2
BRF:1
BRH:1
end_of_record
TN:
SF:src\controllers\messages\draft.message.ts
FN:7,(anonymous_7)
FN:7,(anonymous_8)
FN:16,(anonymous_9)
FN:16,(anonymous_10)
FN:29,(anonymous_11)
FN:29,(anonymous_12)
FNF:6
FNH:6
FNDA:3,(anonymous_7)
FNDA:3,(anonymous_8)
FNDA:4,(anonymous_9)
FNDA:4,(anonymous_10)
FNDA:3,(anonymous_11)
FNDA:3,(anonymous_12)
DA:2,21
DA:4,21
DA:5,21
DA:7,21
DA:8,3
DA:9,3
DA:10,3
DA:11,1
DA:12,1
DA:13,1
DA:16,21
DA:17,4
DA:18,4
DA:19,4
DA:20,2
DA:21,2
DA:22,1
DA:23,1
DA:25,1
DA:26,1
DA:29,21
DA:30,3
DA:31,3
DA:32,3
DA:33,1
DA:34,1
LF:26
LH:26
BRDA:10,0,0,2
BRDA:19,1,0,2
BRDA:21,2,0,1
BRDA:21,3,0,2
BRDA:21,3,1,2
BRDA:21,4,0,0
BRDA:21,4,1,2
BRDA:21,5,0,2
BRDA:21,5,1,2
BRDA:32,6,0,2
BRF:10
BRH:9
end_of_record
TN:
SF:src\controllers\messages\edit.message.ts
FN:19,(anonymous_7)
FN:19,(anonymous_8)
FN:28,(anonymous_9)
FN:28,(anonymous_10)
FN:39,(anonymous_11)
FN:42,(anonymous_12)
FN:50,(anonymous_13)
FN:53,(anonymous_14)
FN:61,(anonymous_15)
FN:61,(anonymous_16)
FN:65,(anonymous_17)
FN:65,(anonymous_18)
FN:72,(anonymous_19)
FN:72,(anonymous_20)
FN:77,(anonymous_21)
FN:77,(anonymous_22)
FNF:16
FNH:16
FNDA:4,(anonymous_7)
FNDA:4,(anonymous_8)
FNDA:3,(anonymous_9)
FNDA:3,(anonymous_10)
FNDA:2,(anonymous_11)
FNDA:2,(anonymous_12)
FNDA:2,(anonymous_13)
FNDA:2,(anonymous_14)
FNDA:1,(anonymous_15)
FNDA:1,(anonymous_16)
FNDA:2,(anonymous_17)
FNDA:2,(anonymous_18)
FNDA:1,(anonymous_19)
FNDA:1,(anonymous_20)
FNDA:2,(anonymous_21)
FNDA:2,(anonymous_22)
DA:2,21
DA:12,21
DA:17,21
DA:19,21
DA:20,4
DA:21,4
DA:22,4
DA:23,2
DA:24,1
DA:25,1
DA:28,21
DA:29,3
DA:30,1
DA:32,2
DA:33,1
DA:35,1
DA:36,1
DA:39,21
DA:42,2
DA:43,2
DA:44,1
DA:46,1
DA:47,1
DA:50,21
DA:53,2
DA:54,2
DA:55,1
DA:57,1
DA:58,1
DA:61,21
DA:62,1
DA:65,21
DA:66,2
DA:67,1
DA:69,1
DA:72,21
DA:73,1
DA:74,1
DA:77,21
DA:78,2
DA:79,1
DA:81,1
DA:84,21
LF:43
LH:43
BRDA:22,0,0,2
BRDA:23,1,0,1
BRDA:29,2,0,1
BRDA:32,3,0,1
BRDA:43,4,0,1
BRDA:54,5,0,1
BRDA:66,6,0,1
BRDA:78,7,0,1
BRF:8
BRH:8
end_of_record
TN:
SF:src\controllers\messages\format.message.ts
FN:20,(anonymous_8)
FN:25,(anonymous_9)
FN:31,(anonymous_10)
FN:34,(anonymous_11)
FN:37,(anonymous_12)
FN:54,(anonymous_13)
FN:54,(anonymous_14)
FN:69,(anonymous_15)
FN:69,(anonymous_16)
FN:75,(anonymous_17)
FN:79,(anonymous_18)
FN:85,(anonymous_19)
FN:88,(anonymous_20)
FN:110,(anonymous_21)
FN:114,(anonymous_22)
FNF:15
FNH:15
FNDA:13,(anonymous_8)
FNDA:13,(anonymous_9)
FNDA:7,(anonymous_10)
FNDA:7,(anonymous_11)
FNDA:12,(anonymous_12)
FNDA:12,(anonymous_13)
FNDA:12,(anonymous_14)
FNDA:7,(anonymous_15)
FNDA:7,(anonymous_16)
FNDA:2,(anonymous_17)
FNDA:2,(anonymous_18)
FNDA:6,(anonymous_19)
FNDA:6,(anonymous_20)
FNDA:17,(anonymous_21)
FNDA:17,(anonymous_22)
DA:8,44
DA:18,44
DA:20,44
DA:25,13
DA:26,13
DA:27,13
DA:28,12
DA:31,44
DA:34,7
DA:35,7
DA:36,6
DA:37,6
DA:46,12
DA:47,12
DA:48,12
DA:51,6
DA:54,44
DA:55,12
DA:56,7
DA:57,6
DA:62,6
DA:69,44
DA:70,7
DA:71,7
DA:72,7
DA:75,44
DA:79,2
DA:80,2
DA:81,2
DA:82,2
DA:85,44
DA:88,6
DA:89,6
DA:90,6
DA:92,6
DA:94,6
DA:99,6
DA:107,6
DA:110,44
DA:114,17
DA:115,17
DA:116,1
DA:121,1
LF:43
LH:43
BRDA:27,0,0,1
BRDA:55,1,0,5
BRDA:56,2,0,1
BRDA:115,3,0,16
BRF:4
BRH:4
end_of_record
TN:
SF:src\controllers\messages\get.messages.ts
FN:8,(anonymous_7)
FN:8,(anonymous_8)
FN:13,(anonymous_9)
FN:13,(anonymous_10)
FN:20,(anonymous_11)
FN:20,(anonymous_12)
FN:32,(anonymous_13)
FN:32,(anonymous_14)
FN:41,(anonymous_15)
FN:41,(anonymous_16)
FNF:10
FNH:10
FNDA:2,(anonymous_7)
FNDA:2,(anonymous_8)
FNDA:2,(anonymous_9)
FNDA:2,(anonymous_10)
FNDA:1,(anonymous_11)
FNDA:1,(anonymous_12)
FNDA:2,(anonymous_13)
FNDA:2,(anonymous_14)
FNDA:2,(anonymous_15)
FNDA:2,(anonymous_16)
DA:2,21
DA:3,21
DA:4,21
DA:6,21
DA:8,21
DA:9,2
DA:10,2
DA:13,21
DA:14,2
DA:15,2
DA:16,2
DA:17,1
DA:19,1
DA:20,1
DA:21,1
DA:25,1
DA:27,1
DA:29,1
DA:32,21
DA:33,2
DA:34,2
DA:35,2
DA:36,1
DA:37,1
DA:38,1
DA:41,21
DA:42,2
DA:43,2
DA:44,2
DA:45,1
DA:46,1
LF:31
LH:31
BRDA:9,0,0,1
BRDA:9,0,1,1
BRDA:16,1,0,1
BRDA:35,2,0,1
BRDA:44,3,0,1
BRF:5
BRH:5
end_of_record
TN:
SF:src\controllers\messages\send.message.ts
FN:8,(anonymous_7)
FN:8,(anonymous_8)
FN:14,(anonymous_9)
FN:17,(anonymous_10)
FNF:4
FNH:4
FNDA:2,(anonymous_7)
FNDA:2,(anonymous_8)
FNDA:3,(anonymous_9)
FNDA:3,(anonymous_10)
DA:1,21
DA:2,21
DA:3,21
DA:5,21
DA:6,21
DA:8,21
DA:9,2
DA:10,2
DA:11,2
DA:14,21
DA:17,3
DA:18,3
DA:19,1
DA:21,2
DA:22,2
DA:23,2
DA:25,2
DA:26,2
DA:29,21
LF:19
LH:19
BRDA:18,0,0,1
BRDA:22,1,0,2
BRDA:22,2,0,2
BRDA:22,2,1,1
BRF:4
BRH:4
end_of_record
TN:
SF:src\controllers\stickers\add.sticker.controller.ts
FN:4,(anonymous_14)
FN:4,(anonymous_15)
FNF:2
FNH:0
FNDA:0,(anonymous_14)
FNDA:0,(anonymous_15)
DA:2,21
DA:3,21
DA:4,21
DA:5,0
DA:6,0
DA:7,0
DA:8,0
DA:14,21
LF:8
LH:4
BRDA:6,0,0,0
BRF:1
BRH:0
end_of_record
TN:
SF:src\controllers\stickers\get.stickers.controller.ts
FN:3,(anonymous_13)
FN:3,(anonymous_14)
FNF:2
FNH:0
FNDA:0,(anonymous_13)
FNDA:0,(anonymous_14)
DA:2,21
DA:3,21
DA:4,0
DA:5,0
DA:8,21
LF:5
LH:3
BRF:0
BRH:0
end_of_record
TN:
SF:src\controllers\story\story.controller.ts
FN:9,(anonymous_14)
FN:9,(anonymous_15)
FN:19,(anonymous_16)
FN:19,(anonymous_17)
FN:25,(anonymous_18)
FN:25,(anonymous_19)
FN:29,(anonymous_20)
FN:29,(anonymous_21)
FN:32,(anonymous_22)
FN:32,(anonymous_23)
FNF:10
FNH:0
FNDA:0,(anonymous_14)
FNDA:0,(anonymous_15)
FNDA:0,(anonymous_16)
FNDA:0,(anonymous_17)
FNDA:0,(anonymous_18)
FNDA:0,(anonymous_19)
FNDA:0,(anonymous_20)
FNDA:0,(anonymous_21)
FNDA:0,(anonymous_22)
FNDA:0,(anonymous_23)
DA:1,21
DA:2,21
DA:3,21
DA:6,21
DA:9,21
DA:10,0
DA:11,0
DA:12,0
DA:13,0
DA:15,0
DA:19,21
DA:20,0
DA:21,0
DA:22,0
DA:25,21
DA:26,0
DA:29,21
DA:30,0
DA:32,21
DA:33,0
DA:34,0
DA:35,0
DA:36,0
DA:38,0
DA:39,0
DA:41,0
DA:42,0
DA:47,21
LF:28
LH:10
BRDA:35,0,0,0
BRDA:36,1,0,0
BRDA:38,2,0,0
BRF:3
BRH:0
end_of_record
TN:
SF:src\controllers\user\block.controller.ts
FN:8,(anonymous_7)
FN:8,(anonymous_8)
FN:12,(anonymous_9)
FN:21,(anonymous_10)
FN:21,(anonymous_11)
FNF:5
FNH:5
FNDA:3,(anonymous_7)
FNDA:3,(anonymous_8)
FNDA:4,(anonymous_9)
FNDA:2,(anonymous_10)
FNDA:2,(anonymous_11)
DA:2,21
DA:3,21
DA:4,21
DA:5,21
DA:6,21
DA:8,21
DA:9,3
DA:10,2
DA:12,4
DA:21,21
DA:22,2
DA:23,2
DA:24,2
DA:25,2
DA:26,1
DA:27,1
DA:33,21
LF:17
LH:17
BRF:0
BRH:0
end_of_record
TN:
SF:src\controllers\user\user.controller.ts
FN:14,(anonymous_14)
FN:14,(anonymous_15)
FN:25,(anonymous_16)
FN:25,(anonymous_17)
FN:35,(anonymous_18)
FN:35,(anonymous_19)
FN:45,(anonymous_20)
FN:45,(anonymous_21)
FN:63,(anonymous_22)
FN:63,(anonymous_23)
FN:73,(anonymous_24)
FN:73,(anonymous_25)
FN:83,(anonymous_26)
FN:83,(anonymous_27)
FN:89,(anonymous_28)
FN:89,(anonymous_29)
FN:98,(anonymous_30)
FN:98,(anonymous_31)
FN:108,(anonymous_32)
FN:108,(anonymous_33)
FN:117,(anonymous_34)
FN:117,(anonymous_35)
FN:129,(anonymous_36)
FN:129,(anonymous_37)
FN:143,(anonymous_38)
FN:143,(anonymous_39)
FN:157,(anonymous_40)
FN:157,(anonymous_41)
FN:172,(anonymous_42)
FN:172,(anonymous_43)
FN:185,(anonymous_44)
FN:185,(anonymous_45)
FN:194,(anonymous_46)
FN:194,(anonymous_47)
FN:203,(anonymous_48)
FN:203,(anonymous_49)
FN:211,(anonymous_50)
FN:211,(anonymous_51)
FNF:38
FNH:20
FNDA:1,(anonymous_14)
FNDA:1,(anonymous_15)
FNDA:2,(anonymous_16)
FNDA:2,(anonymous_17)
FNDA:2,(anonymous_18)
FNDA:2,(anonymous_19)
FNDA:0,(anonymous_20)
FNDA:0,(anonymous_21)
FNDA:3,(anonymous_22)
FNDA:3,(anonymous_23)
FNDA:0,(anonymous_24)
FNDA:0,(anonymous_25)
FNDA:1,(anonymous_26)
FNDA:1,(anonymous_27)
FNDA:0,(anonymous_28)
FNDA:0,(anonymous_29)
FNDA:3,(anonymous_30)
FNDA:3,(anonymous_31)
FNDA:3,(anonymous_32)
FNDA:3,(anonymous_33)
FNDA:0,(anonymous_34)
FNDA:0,(anonymous_35)
FNDA:4,(anonymous_36)
FNDA:4,(anonymous_37)
FNDA:4,(anonymous_38)
FNDA:4,(anonymous_39)
FNDA:4,(anonymous_40)
FNDA:4,(anonymous_41)
FNDA:0,(anonymous_42)
FNDA:0,(anonymous_43)
FNDA:0,(anonymous_44)
FNDA:0,(anonymous_45)
FNDA:0,(anonymous_46)
FNDA:0,(anonymous_47)
FNDA:0,(anonymous_48)
FNDA:0,(anonymous_49)
FNDA:0,(anonymous_50)
FNDA:0,(anonymous_51)
DA:2,21
DA:3,21
DA:4,21
DA:5,21
DA:6,21
DA:7,21
DA:8,21
DA:9,21
DA:10,21
DA:11,21
DA:12,21
DA:14,21
DA:15,1
DA:16,1
DA:17,1
DA:18,1
DA:19,1
DA:25,21
DA:26,2
DA:27,2
DA:28,2
DA:29,1
DA:35,21
DA:36,2
DA:37,2
DA:38,2
DA:39,1
DA:45,21
DA:46,0
DA:47,0
DA:49,0
DA:50,0
DA:52,0
DA:53,0
DA:55,0
DA:56,0
DA:58,0
DA:63,21
DA:64,3
DA:65,3
DA:66,3
DA:67,1
DA:73,21
DA:74,0
DA:75,0
DA:76,0
DA:77,0
DA:83,21
DA:84,1
DA:85,1
DA:89,21
DA:90,0
DA:91,0
DA:92,0
DA:93,0
DA:98,21
DA:99,3
DA:100,3
DA:101,3
DA:102,1
DA:108,21
DA:109,3
DA:110,2
DA:111,1
DA:117,21
DA:118,0
DA:119,0
DA:120,0
DA:121,0
DA:122,0
DA:123,0
DA:124,0
DA:129,21
DA:130,4
DA:131,4
DA:132,4
DA:134,3
DA:135,2
DA:137,2
DA:138,1
DA:143,21
DA:144,4
DA:145,4
DA:146,4
DA:148,3
DA:149,2
DA:151,2
DA:152,1
DA:157,21
DA:158,4
DA:159,4
DA:160,4
DA:162,3
DA:163,2
DA:165,2
DA:166,1
DA:172,21
DA:173,0
DA:174,0
DA:175,0
DA:176,0
DA:178,0
DA:179,0
DA:185,21
DA:186,0
DA:187,0
DA:188,0
DA:194,21
DA:195,0
DA:196,0
DA:197,0
DA:203,21
DA:204,0
DA:205,0
DA:206,0
DA:207,0
DA:211,21
DA:212,0
DA:213,0
DA:214,0
DA:220,21
DA:221,21
DA:222,21
DA:223,21
DA:224,21
DA:225,21
DA:226,21
DA:227,21
DA:228,21
DA:229,21
DA:230,21
DA:231,21
DA:232,21
DA:233,21
DA:234,21
DA:235,21
DA:236,21
DA:237,21
DA:238,21
LF:139
LH:96
BRDA:16,0,0,0
BRDA:26,1,0,0
BRDA:36,2,0,0
BRDA:36,3,0,2
BRDA:50,4,0,0
BRDA:64,5,0,2
BRDA:91,6,0,0
BRDA:99,7,0,0
BRDA:120,8,0,0
BRDA:120,9,0,0
BRDA:120,9,1,0
BRDA:122,10,0,0
BRDA:132,11,0,1
BRDA:134,12,0,1
BRDA:146,13,0,1
BRDA:148,14,0,1
BRDA:160,15,0,1
BRDA:162,16,0,1
BRDA:176,17,0,0
BRF:19
BRH:8
end_of_record
TN:
SF:src\errors\DuplicateUserError.ts
FN:6,(anonymous_1)
FNF:1
FNH:0
FNDA:0,(anonymous_1)
DA:1,22
DA:11,0
DA:12,0
DA:16,22
LF:4
LH:2
BRF:0
BRH:0
end_of_record
TN:
SF:src\errors\HttpError.ts
FN:5,(anonymous_0)
FNF:1
FNH:1
FNDA:140,(anonymous_0)
DA:6,140
DA:7,140
DA:10,101
LF:3
LH:3
BRF:0
BRH:0
end_of_record
TN:
SF:src\middlewares\auth.middleware.ts
FN:5,(anonymous_7)
FN:5,(anonymous_8)
FNF:2
FNH:2
FNDA:6,(anonymous_7)
FNDA:6,(anonymous_8)
DA:3,13
DA:5,13
DA:6,6
DA:7,6
DA:8,6
DA:9,5
DA:10,5
DA:12,1
DA:13,1
DA:20,13
LF:10
LH:10
BRF:0
BRH:0
end_of_record
TN:
SF:src\middlewares\error.handler.ts
FN:5,errorHandler
FNF:1
FNH:1
FNDA:22,errorHandler
DA:2,21
DA:5,21
DA:6,22
DA:8,22
DA:13,22
DA:14,0
DA:17,22
LF:7
LH:6
BRDA:6,0,0,20
BRDA:6,0,1,2
BRDA:10,1,0,22
BRDA:10,1,1,0
BRDA:11,2,0,0
BRDA:11,2,1,22
BRDA:13,3,0,0
BRF:7
BRH:4
end_of_record
TN:
SF:src\middlewares\socket.middleware.ts
FN:5,(anonymous_7)
FN:5,(anonymous_8)
FN:10,(anonymous_9)
FNF:3
FNH:0
FNDA:0,(anonymous_7)
FNDA:0,(anonymous_8)
FNDA:0,(anonymous_9)
DA:3,21
DA:5,21
DA:7,0
DA:8,0
DA:10,0
DA:11,0
DA:12,0
DA:15,0
LF:8
LH:2
BRDA:11,0,0,0
BRF:1
BRH:0
end_of_record
TN:
SF:src\prisma\PrismaClient.ts
FNF:0
FNH:0
DA:2,93
DA:4,93
DA:6,93
DA:8,93
DA:10,93
LF:5
LH:5
BRDA:6,0,0,93
BRDA:6,0,1,64
BRF:2
BRH:2
end_of_record
TN:
SF:src\redis\redis.client.ts
FN:6,(anonymous_8)
FN:10,(anonymous_9)
FN:17,(anonymous_10)
FN:21,(anonymous_11)
FN:28,(anonymous_12)
FNF:5
FNH:3
FNDA:0,(anonymous_8)
FNDA:33,(anonymous_9)
FNDA:4,(anonymous_10)
FNDA:0,(anonymous_11)
FNDA:24,(anonymous_12)
DA:1,59
DA:4,59
DA:11,33
DA:12,23
DA:17,23
DA:18,4
DA:21,23
DA:22,0
DA:25,33
DA:29,24
DA:30,23
DA:31,23
DA:32,23
DA:37,59
LF:14
LH:13
BRDA:11,0,0,23
BRDA:14,1,0,23
BRDA:14,1,1,0
BRDA:29,2,0,23
BRF:4
BRH:3
end_of_record
TN:
SF:src\redis\redis.sub.handlers.ts
FN:6,(anonymous_1)
FN:8,(anonymous_2)
FNF:2
FNH:1
FNDA:21,(anonymous_1)
FNDA:0,(anonymous_2)
DA:1,21
DA:2,21
DA:4,21
DA:6,21
DA:7,21
DA:8,21
DA:9,0
DA:10,0
DA:11,0
LF:9
LH:6
BRDA:9,0,0,0
BRF:1
BRH:0
end_of_record
TN:
SF:src\redis\redis.subscriber.ts
FN:6,(anonymous_8)
FN:10,(anonymous_9)
FN:17,(anonymous_10)
FN:21,(anonymous_11)
FN:28,(anonymous_12)
FNF:5
FNH:3
FNDA:0,(anonymous_8)
FNDA:64,(anonymous_9)
FNDA:21,(anonymous_10)
FNDA:0,(anonymous_11)
FNDA:22,(anonymous_12)
DA:1,21
DA:4,21
DA:11,64
DA:12,22
DA:17,22
DA:18,21
DA:21,22
DA:22,0
DA:25,64
DA:29,22
DA:30,22
DA:31,22
DA:32,22
DA:37,21
LF:14
LH:13
BRDA:11,0,0,22
BRDA:14,1,0,22
BRDA:14,1,1,0
BRDA:29,2,0,22
BRF:4
BRH:3
end_of_record
TN:
SF:src\routes\authentication.routes.ts
FNF:0
FNH:0
DA:1,21
DA:2,21
DA:3,21
DA:4,21
DA:5,21
DA:6,21
DA:7,21
DA:8,21
DA:9,21
DA:11,21
DA:13,21
DA:14,21
DA:15,21
DA:16,21
DA:17,21
DA:18,21
DA:19,21
DA:20,21
DA:21,21
DA:23,21
LF:20
LH:20
BRF:0
BRH:0
end_of_record
TN:
SF:src\routes\chat.routes.ts
FNF:0
FNH:0
DA:1,21
DA:2,21
DA:3,21
DA:5,21
DA:6,21
DA:8,21
DA:10,21
DA:11,21
DA:12,21
DA:13,21
DA:15,21
LF:11
LH:11
BRF:0
BRH:0
end_of_record
TN:
SF:src\routes\encryption.routes.ts
FNF:0
FNH:0
DA:1,21
DA:2,21
DA:3,21
DA:10,21
DA:12,21
DA:13,21
DA:18,21
LF:7
LH:7
BRF:0
BRH:0
end_of_record
TN:
SF:src\routes\index.routes.ts
FNF:0
FNH:0
DA:1,21
DA:2,21
DA:3,21
DA:4,21
DA:5,21
DA:6,21
DA:7,21
DA:8,21
DA:9,21
DA:10,21
DA:12,21
DA:13,21
DA:14,21
DA:15,21
DA:16,21
DA:17,21
DA:18,21
DA:19,21
DA:21,21
LF:19
LH:19
BRF:0
BRH:0
end_of_record
TN:
SF:src\routes\media.routes.ts
FNF:0
FNH:0
DA:1,21
DA:2,21
DA:3,21
DA:5,21
DA:6,21
DA:7,21
DA:8,21
LF:7
LH:7
BRF:0
BRH:0
end_of_record
TN:
SF:src\routes\message.routes.ts
FNF:0
FNH:0
DA:1,21
DA:2,21
DA:3,21
DA:4,21
DA:9,21
DA:10,21
DA:16,21
DA:18,21
DA:19,21
DA:20,21
DA:21,21
DA:22,21
DA:23,21
DA:27,21
DA:29,21
LF:15
LH:15
BRF:0
BRH:0
end_of_record
TN:
SF:src\routes\sticker.routes.ts
FNF:0
FNH:0
DA:1,21
DA:2,21
DA:3,21
DA:4,21
DA:6,21
DA:7,21
DA:8,21
DA:9,21
LF:8
LH:8
BRF:0
BRH:0
end_of_record
TN:
SF:src\routes\user.routes.ts
FN:13,(anonymous_15)
FN:13,(anonymous_16)
FNF:2
FNH:0
FNDA:0,(anonymous_15)
FNDA:0,(anonymous_16)
DA:1,21
DA:2,21
DA:3,21
DA:4,21
DA:5,21
DA:6,21
DA:7,21
DA:9,21
DA:11,21
DA:13,0
DA:14,0
DA:15,0
DA:16,0
DA:24,21
DA:25,21
DA:26,21
DA:27,21
DA:28,21
DA:29,21
DA:30,21
DA:31,21
DA:32,21
DA:33,21
DA:34,21
DA:35,21
DA:36,21
DA:37,21
DA:38,21
DA:39,21
DA:40,21
DA:41,21
DA:42,21
DA:43,21
DA:44,21
DA:45,21
DA:46,21
DA:47,21
DA:48,21
LF:38
LH:34
BRF:0
BRH:0
end_of_record
TN:
SF:src\services\auth\code.service.ts
FN:7,(anonymous_8)
FN:7,(anonymous_9)
FN:16,sendCode
FN:28,(anonymous_12)
FN:28,(anonymous_13)
FNF:5
FNH:0
FNDA:0,(anonymous_8)
FNDA:0,(anonymous_9)
FNDA:0,sendCode
FNDA:0,(anonymous_12)
FNDA:0,(anonymous_13)
DA:2,58
DA:3,58
DA:4,58
DA:5,58
DA:7,58
DA:8,0
DA:9,0
DA:11,0
DA:12,0
DA:13,0
DA:16,58
DA:17,0
DA:23,0
DA:24,0
DA:28,58
DA:29,0
DA:30,0
DA:31,0
LF:18
LH:7
BRDA:23,0,0,0
BRDA:30,1,0,0
BRDA:30,2,0,0
BRDA:30,2,1,0
BRF:4
BRH:0
end_of_record
TN:
SF:src\services\auth\facebook.auth.service.ts
FN:9,(anonymous_8)
FN:9,(anonymous_9)
FN:19,(anonymous_10)
FN:19,(anonymous_11)
FNF:4
FNH:0
FNDA:0,(anonymous_8)
FNDA:0,(anonymous_9)
FNDA:0,(anonymous_10)
FNDA:0,(anonymous_11)
DA:5,21
DA:9,21
DA:10,0
DA:11,0
DA:12,0
DA:13,0
DA:15,0
DA:19,21
DA:20,0
DA:21,0
DA:22,0
DA:23,0
DA:24,0
DA:26,0
DA:27,0
DA:31,21
LF:16
LH:4
BRF:0
BRH:0
end_of_record
TN:
SF:src\services\auth\github.auth.service.ts
FN:8,(anonymous_8)
FN:8,(anonymous_9)
FN:36,(anonymous_10)
FN:36,(anonymous_11)
FNF:4
FNH:0
FNDA:0,(anonymous_8)
FNDA:0,(anonymous_9)
FNDA:0,(anonymous_10)
FNDA:0,(anonymous_11)
DA:5,21
DA:8,21
DA:9,0
DA:10,0
DA:11,0
DA:13,0
DA:28,0
DA:29,0
DA:30,0
DA:32,0
DA:36,21
DA:37,0
DA:38,0
DA:44,0
DA:50,0
DA:51,0
DA:52,0
DA:53,0
DA:55,0
DA:56,0
DA:60,21
LF:21
LH:4
BRDA:29,0,0,0
BRF:1
BRH:0
end_of_record
TN:
SF:src\services\auth\google.auth.service.ts
FN:5,(anonymous_8)
FN:5,(anonymous_9)
FN:19,(anonymous_10)
FN:19,(anonymous_11)
FNF:4
FNH:0
FNDA:0,(anonymous_8)
FNDA:0,(anonymous_9)
FNDA:0,(anonymous_10)
FNDA:0,(anonymous_11)
DA:1,21
DA:5,21
DA:6,0
DA:7,0
DA:10,0
DA:12,0
DA:13,0
DA:15,0
DA:19,21
DA:20,0
DA:21,0
DA:24,0
DA:25,0
DA:26,0
DA:28,0
DA:29,0
DA:33,21
LF:17
LH:4
BRDA:12,0,0,0
BRF:1
BRH:0
end_of_record
TN:
SF:src\services\auth\login.service.ts
FN:5,checkEmailExistDB
FN:13,checkPasswordCorrect
FNF:2
FNH:2
FNDA:2,checkEmailExistDB
FNDA:2,checkPasswordCorrect
DA:1,22
DA:2,22
DA:3,22
DA:6,2
DA:7,2
DA:8,1
DA:10,1
DA:14,2
DA:15,1
DA:19,22
LF:10
LH:10
BRDA:7,0,0,1
BRDA:14,1,0,1
BRF:2
BRH:2
end_of_record
TN:
SF:src\services\auth\redis.service.ts
FN:4,(anonymous_8)
FN:4,(anonymous_9)
FN:7,(anonymous_10)
FN:7,(anonymous_11)
FN:10,(anonymous_12)
FN:10,(anonymous_13)
FN:14,(anonymous_14)
FN:14,(anonymous_15)
FNF:8
FNH:8
FNDA:1,(anonymous_8)
FNDA:1,(anonymous_9)
FNDA:2,(anonymous_10)
FNDA:2,(anonymous_11)
FNDA:1,(anonymous_12)
FNDA:1,(anonymous_13)
FNDA:2,(anonymous_14)
FNDA:2,(anonymous_15)
DA:1,59
DA:4,59
DA:5,1
DA:7,59
DA:8,2
DA:10,59
DA:11,1
DA:12,1
DA:14,59
DA:15,2
DA:16,2
DA:19,59
LF:12
LH:12
BRF:0
BRH:0
end_of_record
TN:
SF:src\services\auth\signup.service.ts
FN:10,fetchRobotTokenData
FN:17,verifyRobotToken
FN:28,(anonymous_12)
FN:28,(anonymous_13)
FNF:4
FNH:0
FNDA:0,fetchRobotTokenData
FNDA:0,verifyRobotToken
FNDA:0,(anonymous_12)
FNDA:0,(anonymous_13)
DA:1,22
DA:2,22
DA:8,22
DA:11,0
DA:12,0
DA:13,0
DA:14,0
DA:18,0
DA:19,0
DA:20,0
DA:21,0
DA:24,0
DA:28,22
DA:29,0
DA:30,0
DA:31,0
DA:32,0
DA:33,0
DA:35,0
DA:36,0
DA:39,22
LF:21
LH:5
BRDA:20,0,0,0
BRDA:20,1,0,0
BRDA:20,1,1,0
BRDA:30,2,0,0
BRDA:31,3,0,0
BRDA:32,4,0,0
BRDA:35,5,0,0
BRF:7
BRH:0
end_of_record
TN:
SF:src\services\auth\token.service.ts
FN:7,createTokenCookie
FN:17,clearTokenCookie
FN:23,createAddToken
FN:40,checkUserTokenExist
FN:47,getToken
FN:57,verifyUserToken
FNF:6
FNH:6
FNDA:1,createTokenCookie
FNDA:1,clearTokenCookie
FNDA:2,createAddToken
FNDA:4,checkUserTokenExist
FNDA:4,getToken
FNDA:3,verifyUserToken
DA:2,31
DA:3,31
DA:4,31
DA:5,31
DA:8,1
DA:18,1
DA:24,2
DA:25,2
DA:32,1
DA:33,1
DA:34,1
DA:36,1
DA:41,4
DA:42,4
DA:43,1
DA:48,4
DA:49,1
DA:50,3
DA:51,1
DA:53,2
DA:58,3
DA:59,3
DA:60,3
DA:65,2
DA:66,2
DA:68,2
DA:69,1
DA:71,2
DA:72,1
DA:73,1
DA:75,2
DA:79,31
DA:80,31
DA:81,31
DA:82,31
DA:83,31
DA:84,31
LF:37
LH:37
BRDA:42,0,0,1
BRDA:48,1,0,1
BRDA:48,1,1,3
BRDA:50,2,0,1
BRDA:50,2,1,2
BRDA:50,3,0,3
BRDA:50,3,1,2
BRDA:65,4,0,0
BRDA:71,5,0,1
BRDA:73,6,0,1
BRF:10
BRH:9
end_of_record
TN:
SF:src\services\auth\prisma\create.service.ts
FN:9,createRandomUser
FN:28,createUserToken
FN:42,(anonymous_12)
FN:42,(anonymous_13)
FNF:4
FNH:2
FNDA:385,createRandomUser
FNDA:20,createUserToken
FNDA:0,(anonymous_12)
FNDA:0,(anonymous_13)
DA:1,74
DA:3,74
DA:4,74
DA:5,74
DA:10,385
DA:11,385
DA:21,385
DA:23,0
DA:24,0
DA:29,20
DA:30,20
DA:38,1
DA:39,1
DA:42,74
DA:43,0
DA:46,0
DA:49,74
LF:17
LH:13
BRF:0
BRH:0
end_of_record
TN:
SF:src\services\auth\prisma\delete.service.ts
FN:4,deleteUserToken
FN:19,deleteAllUserTokens
FN:31,deleteExpiredTokens
FNF:3
FNH:3
FNDA:3,deleteUserToken
FNDA:2,deleteAllUserTokens
FNDA:2,deleteExpiredTokens
DA:1,34
DA:2,34
DA:5,3
DA:6,3
DA:15,2
DA:20,2
DA:21,2
DA:27,0
DA:32,2
DA:33,2
DA:41,0
DA:45,34
LF:12
LH:10
BRF:0
BRH:0
end_of_record
TN:
SF:src\services\auth\prisma\find.service.ts
FN:3,(anonymous_8)
FN:3,(anonymous_9)
FN:10,(anonymous_10)
FN:10,(anonymous_11)
FN:18,(anonymous_12)
FN:18,(anonymous_13)
FN:26,(anonymous_14)
FN:26,(anonymous_15)
FNF:8
FNH:8
FNDA:4,(anonymous_8)
FNDA:4,(anonymous_9)
FNDA:2,(anonymous_10)
FNDA:2,(anonymous_11)
FNDA:2,(anonymous_12)
FNDA:2,(anonymous_13)
FNDA:9,(anonymous_14)
FNDA:9,(anonymous_15)
DA:1,38
DA:3,38
DA:4,4
DA:7,4
DA:10,38
DA:11,2
DA:15,2
DA:18,38
DA:19,2
DA:23,2
DA:26,38
DA:27,9
DA:36,9
DA:39,38
LF:14
LH:14
BRDA:15,0,0,1
BRDA:15,0,1,1
BRDA:23,1,0,1
BRDA:23,1,1,1
BRF:4
BRH:4
end_of_record
TN:
SF:src\services\auth\prisma\update.create.service.ts
FN:8,(anonymous_8)
FN:8,(anonymous_9)
FNF:2
FNH:2
FNDA:3,(anonymous_8)
FNDA:3,(anonymous_9)
DA:1,22
DA:3,22
DA:4,22
DA:5,22
DA:8,22
DA:9,3
DA:14,3
DA:21,3
DA:28,3
DA:30,0
DA:31,0
DA:36,22
LF:12
LH:10
BRF:0
BRH:0
end_of_record
TN:
SF:src\services\auth\prisma\update.service.ts
FN:5,updatePassword
FNF:1
FNH:1
FNDA:2,updatePassword
DA:1,22
DA:2,22
DA:3,22
DA:6,2
DA:7,2
DA:13,1
DA:15,1
DA:19,22
LF:8
LH:8
BRF:0
BRH:0
end_of_record
TN:
SF:src\services\chat\chat.service.ts
FN:9,(anonymous_8)
FN:9,(anonymous_9)
FN:37,(anonymous_10)
FN:37,(anonymous_11)
FN:44,(anonymous_12)
FN:44,(anonymous_13)
FN:51,(anonymous_14)
FN:51,(anonymous_15)
FN:58,(anonymous_16)
FN:58,(anonymous_17)
FN:65,(anonymous_18)
FN:65,(anonymous_19)
FN:72,(anonymous_20)
FN:76,(anonymous_21)
FN:85,(anonymous_22)
FN:88,(anonymous_23)
FN:92,(anonymous_24)
FN:97,(anonymous_25)
FN:100,(anonymous_26)
FN:100,(anonymous_27)
FN:108,(anonymous_28)
FN:108,(anonymous_29)
FN:115,(anonymous_30)
FN:115,(anonymous_31)
FN:130,(anonymous_32)
FN:133,(anonymous_33)
FN:138,(anonymous_34)
FN:139,(anonymous_35)
FN:149,(anonymous_36)
FN:154,(anonymous_37)
FN:167,(anonymous_38)
FN:167,(anonymous_39)
FN:182,(anonymous_40)
FN:182,(anonymous_41)
FN:205,(anonymous_42)
FN:205,(anonymous_43)
FN:219,(anonymous_44)
FN:219,(anonymous_45)
FN:223,(anonymous_46)
FN:223,(anonymous_47)
FN:229,(anonymous_48)
FN:229,(anonymous_49)
FN:234,(anonymous_50)
FN:237,(anonymous_51)
FN:240,(anonymous_52)
FN:262,(anonymous_53)
FN:262,(anonymous_54)
FN:277,(anonymous_55)
FN:277,(anonymous_56)
FN:283,(anonymous_57)
FN:287,(anonymous_58)
FN:301,(anonymous_59)
FN:301,(anonymous_60)
FN:311,(anonymous_61)
FN:311,(anonymous_62)
FN:316,(anonymous_63)
FN:319,(anonymous_64)
FN:322,(anonymous_65)
FN:337,(anonymous_66)
FN:337,(anonymous_67)
FN:350,(anonymous_68)
FN:350,(anonymous_69)
FN:353,(anonymous_70)
FN:353,(anonymous_71)
FNF:64
FNH:64
FNDA:9,(anonymous_8)
FNDA:9,(anonymous_9)
FNDA:4,(anonymous_10)
FNDA:4,(anonymous_11)
FNDA:2,(anonymous_12)
FNDA:2,(anonymous_13)
FNDA:38,(anonymous_14)
FNDA:38,(anonymous_15)
FNDA:29,(anonymous_16)
FNDA:29,(anonymous_17)
FNDA:17,(anonymous_18)
FNDA:17,(anonymous_19)
FNDA:2,(anonymous_20)
FNDA:2,(anonymous_21)
FNDA:2,(anonymous_22)
FNDA:1,(anonymous_23)
FNDA:1,(anonymous_24)
FNDA:2,(anonymous_25)
FNDA:4,(anonymous_26)
FNDA:4,(anonymous_27)
FNDA:11,(anonymous_28)
FNDA:11,(anonymous_29)
FNDA:2,(anonymous_30)
FNDA:2,(anonymous_31)
FNDA:4,(anonymous_32)
FNDA:135,(anonymous_33)
FNDA:135,(anonymous_34)
FNDA:261,(anonymous_35)
FNDA:135,(anonymous_36)
FNDA:135,(anonymous_37)
FNDA:5,(anonymous_38)
FNDA:5,(anonymous_39)
FNDA:14,(anonymous_40)
FNDA:14,(anonymous_41)
FNDA:13,(anonymous_42)
FNDA:13,(anonymous_43)
FNDA:13,(anonymous_44)
FNDA:13,(anonymous_45)
FNDA:17,(anonymous_46)
FNDA:17,(anonymous_47)
FNDA:14,(anonymous_48)
FNDA:14,(anonymous_49)
FNDA:28,(anonymous_50)
FNDA:14,(anonymous_51)
FNDA:14,(anonymous_52)
FNDA:3,(anonymous_53)
FNDA:3,(anonymous_54)
FNDA:3,(anonymous_55)
FNDA:3,(anonymous_56)
FNDA:9,(anonymous_57)
FNDA:9,(anonymous_58)
FNDA:2,(anonymous_59)
FNDA:2,(anonymous_60)
FNDA:6,(anonymous_61)
FNDA:6,(anonymous_62)
FNDA:12,(anonymous_63)
FNDA:16,(anonymous_64)
FNDA:16,(anonymous_65)
FNDA:4,(anonymous_66)
FNDA:4,(anonymous_67)
FNDA:3,(anonymous_68)
FNDA:3,(anonymous_69)
FNDA:6,(anonymous_70)
FNDA:6,(anonymous_71)
DA:1,44
DA:4,44
DA:6,44
DA:7,44
DA:9,44
DA:11,9
DA:12,2
DA:13,7
DA:14,5
DA:16,2
DA:18,9
DA:37,44
DA:38,4
DA:44,44
DA:45,2
DA:51,44
DA:52,38
DA:55,38
DA:58,44
DA:59,29
DA:62,29
DA:65,44
DA:66,17
DA:69,17
DA:72,44
DA:76,2
DA:77,2
DA:85,2
DA:88,44
DA:92,1
DA:93,1
DA:97,2
DA:100,44
DA:101,4
DA:105,4
DA:108,44
DA:109,11
DA:112,11
DA:115,44
DA:116,2
DA:130,4
DA:133,44
DA:138,135
DA:139,261
DA:144,135
DA:149,44
DA:154,135
DA:155,135
DA:163,135
DA:164,134
DA:167,44
DA:168,5
DA:179,5
DA:182,44
DA:183,14
DA:205,44
DA:206,13
DA:207,13
DA:219,44
DA:220,13
DA:223,44
DA:224,17
DA:225,17
DA:226,15
DA:229,44
DA:230,14
DA:234,28
DA:237,44
DA:240,14
DA:241,14
DA:242,14
DA:243,14
DA:245,14
DA:246,13
DA:251,13
DA:259,13
DA:262,44
DA:263,3
DA:277,44
DA:278,3
DA:279,3
DA:280,1
DA:283,44
DA:287,9
DA:288,9
DA:289,9
DA:291,9
DA:292,11
DA:293,11
DA:294,11
DA:298,9
DA:301,44
DA:302,2
DA:306,2
DA:307,1
DA:308,1
DA:311,44
DA:312,6
DA:316,12
DA:319,44
DA:322,16
DA:323,16
DA:327,16
DA:328,2
DA:329,2
DA:330,2
DA:331,2
DA:332,2
DA:334,14
DA:337,44
DA:338,4
DA:342,4
DA:343,6
DA:350,44
DA:351,3
DA:353,6
DA:354,6
DA:359,5
DA:360,3
LF:119
LH:119
BRDA:11,0,0,2
BRDA:11,0,1,7
BRDA:13,1,0,5
BRDA:13,1,1,2
BRDA:55,2,0,29
BRDA:55,2,1,9
BRDA:62,3,0,18
BRDA:62,3,1,11
BRDA:69,4,0,10
BRDA:69,4,1,7
BRDA:105,5,0,2
BRDA:105,5,1,2
BRDA:112,6,0,9
BRDA:112,6,1,2
BRDA:142,7,0,135
BRDA:142,7,1,126
BRDA:179,8,0,1
BRDA:179,8,1,4
BRDA:179,9,0,5
BRDA:179,9,1,4
BRDA:225,10,0,2
BRDA:245,11,0,1
BRDA:279,12,0,2
BRDA:293,13,0,11
BRDA:306,14,0,1
BRDA:306,14,1,1
BRDA:327,15,0,2
BRDA:327,16,0,16
BRDA:327,16,1,15
BRDA:359,17,0,3
BRF:30
BRH:30
end_of_record
TN:
SF:src\services\chat\encryption.service.ts
FN:4,(anonymous_8)
FN:4,(anonymous_9)
FN:14,(anonymous_10)
FN:14,(anonymous_11)
FN:22,(anonymous_12)
FN:22,(anonymous_13)
FN:30,(anonymous_14)
FN:34,(anonymous_15)
FN:45,(anonymous_16)
FN:45,(anonymous_17)
FNF:10
FNH:10
FNDA:10,(anonymous_8)
FNDA:10,(anonymous_9)
FNDA:2,(anonymous_10)
FNDA:2,(anonymous_11)
FNDA:3,(anonymous_12)
FNDA:3,(anonymous_13)
FNDA:5,(anonymous_14)
FNDA:5,(anonymous_15)
FNDA:4,(anonymous_16)
FNDA:4,(anonymous_17)
DA:1,22
DA:2,22
DA:4,22
DA:5,10
DA:11,10
DA:14,22
DA:15,2
DA:18,2
DA:19,1
DA:22,22
DA:23,3
DA:26,3
DA:27,2
DA:30,22
DA:34,5
DA:35,5
DA:45,22
DA:46,4
DA:47,4
DA:48,3
DA:60,3
DA:61,2
LF:22
LH:22
BRDA:18,0,0,1
BRDA:26,1,0,1
BRDA:47,2,0,1
BRDA:60,3,0,1
BRDA:60,4,0,3
BRDA:60,4,1,3
BRF:6
BRH:6
end_of_record
TN:
SF:src\services\chat\message.service.ts
FN:6,(anonymous_8)
FN:6,(anonymous_9)
FN:15,(anonymous_10)
FN:18,(anonymous_11)
FN:32,(anonymous_12)
FN:32,(anonymous_13)
FN:50,(anonymous_14)
FN:53,(anonymous_15)
FN:53,(anonymous_16)
FN:73,(anonymous_17)
FN:73,(anonymous_18)
FN:93,(anonymous_19)
FN:93,(anonymous_20)
FN:112,(anonymous_21)
FN:112,(anonymous_22)
FN:121,(anonymous_23)
FN:121,(anonymous_24)
FN:141,(anonymous_25)
FN:141,(anonymous_26)
FN:154,(anonymous_27)
FN:154,(anonymous_28)
FN:169,(anonymous_29)
FN:169,(anonymous_30)
FN:186,(anonymous_31)
FN:189,(anonymous_32)
FN:193,(anonymous_33)
FN:195,(anonymous_34)
FN:203,(anonymous_35)
FN:203,(anonymous_36)
FN:212,(anonymous_37)
FN:212,(anonymous_38)
FN:225,(anonymous_39)
FN:225,(anonymous_40)
FN:238,(anonymous_41)
FN:238,(anonymous_42)
FN:246,(anonymous_43)
FN:246,(anonymous_44)
FN:254,(anonymous_45)
FN:254,(anonymous_46)
FN:262,(anonymous_47)
FN:262,(anonymous_48)
FN:270,(anonymous_49)
FN:282,(anonymous_50)
FN:282,(anonymous_51)
FN:290,(anonymous_52)
FN:299,(anonymous_53)
FN:299,(anonymous_54)
FN:321,(anonymous_55)
FN:321,(anonymous_56)
FN:342,(anonymous_57)
FN:342,(anonymous_58)
FN:348,(anonymous_59)
FN:348,(anonymous_60)
FN:363,(anonymous_61)
FN:366,(anonymous_62)
FN:366,(anonymous_63)
FN:380,(anonymous_64)
FN:407,(anonymous_65)
FN:407,(anonymous_66)
FN:410,(anonymous_67)
FN:416,(anonymous_68)
FN:416,(anonymous_69)
FN:425,(anonymous_70)
FN:425,(anonymous_71)
FN:430,(anonymous_72)
FN:430,(anonymous_73)
FN:437,(anonymous_74)
FN:437,(anonymous_75)
FN:450,(anonymous_76)
FN:450,(anonymous_77)
FN:455,(anonymous_78)
FN:460,(anonymous_79)
FN:491,(anonymous_80)
FN:494,(anonymous_81)
FN:494,(anonymous_82)
FN:508,(anonymous_83)
FN:508,(anonymous_84)
FN:512,(anonymous_85)
FN:518,(anonymous_86)
FN:518,(anonymous_87)
FN:527,(anonymous_88)
FN:527,(anonymous_89)
FN:532,(anonymous_90)
FN:532,(anonymous_91)
FN:537,(anonymous_92)
FN:537,(anonymous_93)
FN:550,(anonymous_94)
FN:550,(anonymous_95)
FN:566,(anonymous_96)
FN:566,(anonymous_97)
FN:582,(anonymous_98)
FN:585,(anonymous_99)
FNF:92
FNH:92
FNDA:7,(anonymous_8)
FNDA:7,(anonymous_9)
FNDA:9,(anonymous_10)
FNDA:9,(anonymous_11)
FNDA:8,(anonymous_12)
FNDA:8,(anonymous_13)
FNDA:1,(anonymous_14)
FNDA:9,(anonymous_15)
FNDA:9,(anonymous_16)
FNDA:4,(anonymous_17)
FNDA:4,(anonymous_18)
FNDA:11,(anonymous_19)
FNDA:11,(anonymous_20)
FNDA:8,(anonymous_21)
FNDA:8,(anonymous_22)
FNDA:3,(anonymous_23)
FNDA:3,(anonymous_24)
FNDA:2,(anonymous_25)
FNDA:2,(anonymous_26)
FNDA:2,(anonymous_27)
FNDA:2,(anonymous_28)
FNDA:2,(anonymous_29)
FNDA:2,(anonymous_30)
FNDA:2,(anonymous_31)
FNDA:4,(anonymous_32)
FNDA:4,(anonymous_33)
FNDA:8,(anonymous_34)
FNDA:6,(anonymous_35)
FNDA:6,(anonymous_36)
FNDA:5,(anonymous_37)
FNDA:5,(anonymous_38)
FNDA:3,(anonymous_39)
FNDA:3,(anonymous_40)
FNDA:2,(anonymous_41)
FNDA:2,(anonymous_42)
FNDA:2,(anonymous_43)
FNDA:2,(anonymous_44)
FNDA:2,(anonymous_45)
FNDA:2,(anonymous_46)
FNDA:3,(anonymous_47)
FNDA:3,(anonymous_48)
FNDA:3,(anonymous_49)
FNDA:3,(anonymous_50)
FNDA:3,(anonymous_51)
FNDA:3,(anonymous_52)
FNDA:3,(anonymous_53)
FNDA:3,(anonymous_54)
FNDA:3,(anonymous_55)
FNDA:3,(anonymous_56)
FNDA:2,(anonymous_57)
FNDA:2,(anonymous_58)
FNDA:3,(anonymous_59)
FNDA:3,(anonymous_60)
FNDA:3,(anonymous_61)
FNDA:4,(anonymous_62)
FNDA:4,(anonymous_63)
FNDA:9,(anonymous_64)
FNDA:4,(anonymous_65)
FNDA:4,(anonymous_66)
FNDA:4,(anonymous_67)
FNDA:3,(anonymous_68)
FNDA:3,(anonymous_69)
FNDA:2,(anonymous_70)
FNDA:2,(anonymous_71)
FNDA:3,(anonymous_72)
FNDA:3,(anonymous_73)
FNDA:4,(anonymous_74)
FNDA:4,(anonymous_75)
FNDA:2,(anonymous_76)
FNDA:2,(anonymous_77)
FNDA:5,(anonymous_78)
FNDA:5,(anonymous_79)
FNDA:5,(anonymous_80)
FNDA:6,(anonymous_81)
FNDA:6,(anonymous_82)
FNDA:6,(anonymous_83)
FNDA:6,(anonymous_84)
FNDA:6,(anonymous_85)
FNDA:5,(anonymous_86)
FNDA:5,(anonymous_87)
FNDA:2,(anonymous_88)
FNDA:2,(anonymous_89)
FNDA:2,(anonymous_90)
FNDA:2,(anonymous_91)
FNDA:3,(anonymous_92)
FNDA:3,(anonymous_93)
FNDA:2,(anonymous_94)
FNDA:2,(anonymous_95)
FNDA:2,(anonymous_96)
FNDA:2,(anonymous_97)
FNDA:19,(anonymous_98)
FNDA:19,(anonymous_99)
DA:1,44
DA:3,44
DA:6,44
DA:7,7
DA:15,44
DA:18,9
DA:19,9
DA:20,2
DA:28,2
DA:29,1
DA:32,44
DA:33,8
DA:39,8
DA:40,7
DA:50,7
DA:53,44
DA:54,9
DA:63,9
DA:69,8
DA:70,8
DA:73,44
DA:74,4
DA:83,4
DA:89,3
DA:90,3
DA:93,44
DA:94,11
DA:95,6
DA:109,6
DA:112,44
DA:113,8
DA:121,44
DA:122,3
DA:141,44
DA:142,2
DA:154,44
DA:155,2
DA:169,44
DA:170,2
DA:186,2
DA:189,44
DA:193,4
DA:194,4
DA:195,8
DA:203,44
DA:204,6
DA:205,5
DA:209,5
DA:212,44
DA:213,5
DA:214,1
DA:216,1
DA:225,44
DA:226,3
DA:228,3
DA:232,3
DA:233,3
DA:235,3
DA:238,44
DA:239,2
DA:243,2
DA:246,44
DA:247,2
DA:251,2
DA:254,44
DA:255,2
DA:259,2
DA:262,44
DA:263,3
DA:270,3
DA:271,3
DA:272,2
DA:282,44
DA:283,3
DA:290,3
DA:292,3
DA:293,2
DA:299,44
DA:300,3
DA:321,44
DA:322,3
DA:342,44
DA:343,2
DA:344,2
DA:345,2
DA:348,44
DA:349,3
DA:359,3
DA:363,3
DA:366,44
DA:367,4
DA:380,44
DA:383,9
DA:385,9
DA:386,12
DA:387,10
DA:390,12
DA:392,12
DA:393,11
DA:396,12
DA:399,9
DA:400,9
DA:401,10
DA:404,9
DA:407,44
DA:408,4
DA:410,4
DA:416,44
DA:417,3
DA:418,3
DA:420,3
DA:422,3
DA:425,44
DA:426,2
DA:427,2
DA:430,44
DA:431,3
DA:437,44
DA:438,4
DA:442,4
DA:443,3
DA:447,3
DA:450,44
DA:451,2
DA:452,2
DA:455,44
DA:460,5
DA:461,5
DA:479,5
DA:491,5
DA:494,44
DA:495,6
DA:508,44
DA:509,6
DA:512,6
DA:518,44
DA:519,5
DA:520,5
DA:522,5
DA:524,5
DA:527,44
DA:528,2
DA:529,2
DA:532,44
DA:533,2
DA:534,2
DA:537,44
DA:538,3
DA:540,1
DA:542,1
DA:550,44
DA:551,2
DA:553,2
DA:566,44
DA:567,2
DA:582,44
DA:585,19
DA:586,19
LF:158
LH:158
BRDA:19,0,0,7
BRDA:19,1,0,9
BRDA:19,1,1,2
BRDA:28,2,0,1
BRDA:39,3,0,1
BRDA:63,4,0,1
BRDA:83,5,0,1
BRDA:94,6,0,5
BRDA:198,7,0,4
BRDA:198,7,1,4
BRDA:204,8,0,1
BRDA:213,9,0,4
BRDA:271,10,0,2
BRDA:292,11,0,2
BRDA:386,12,0,10
BRDA:392,13,0,11
BRDA:442,14,0,1
BRDA:465,15,0,5
BRDA:465,15,1,2
BRDA:483,16,0,5
BRDA:483,16,1,2
BRDA:538,17,0,2
BRF:22
BRH:22
end_of_record
TN:
SF:src\services\chat\redis.service.ts
FN:3,(anonymous_8)
FN:6,(anonymous_9)
FN:13,(anonymous_10)
FN:17,(anonymous_11)
FNF:4
FNH:4
FNDA:4,(anonymous_8)
FNDA:4,(anonymous_9)
FNDA:1,(anonymous_10)
FNDA:1,(anonymous_11)
DA:1,21
DA:3,21
DA:6,4
DA:7,4
DA:8,1
DA:10,3
DA:13,21
DA:17,1
DA:18,1
LF:9
LH:9
BRDA:7,0,0,1
BRF:1
BRH:1
end_of_record
TN:
SF:src\services\media\blob.service.ts
FN:30,(anonymous_7)
FN:30,(anonymous_8)
FN:62,(anonymous_9)
FN:62,(anonymous_10)
FN:77,(anonymous_11)
FN:77,(anonymous_12)
FN:101,(anonymous_13)
FN:101,(anonymous_14)
FNF:8
FNH:0
FNDA:0,(anonymous_7)
FNDA:0,(anonymous_8)
FNDA:0,(anonymous_9)
FNDA:0,(anonymous_10)
FNDA:0,(anonymous_11)
FNDA:0,(anonymous_12)
FNDA:0,(anonymous_13)
FNDA:0,(anonymous_14)
DA:1,21
DA:9,21
DA:10,21
DA:11,21
DA:12,21
DA:13,21
DA:14,0
DA:16,21
DA:17,0
DA:19,21
DA:20,0
DA:22,21
DA:23,0
DA:26,21
DA:27,21
DA:28,21
DA:30,21
DA:31,0
DA:33,0
DA:34,0
DA:35,0
DA:36,0
DA:39,0
DA:40,0
DA:42,0
DA:43,0
DA:46,0
DA:48,0
DA:58,0
DA:59,0
DA:62,21
DA:63,0
DA:64,0
DA:66,0
DA:67,0
DA:69,0
DA:72,0
DA:73,0
DA:77,21
DA:78,0
DA:79,0
DA:81,0
DA:83,0
DA:84,0
DA:85,0
DA:86,0
DA:87,0
DA:88,0
DA:93,0
DA:94,0
DA:95,0
DA:98,0
DA:101,21
DA:102,0
DA:103,0
DA:104,0
DA:105,0
DA:106,0
DA:109,0
DA:110,0
DA:114,21
LF:61
LH:17
BRDA:13,0,0,0
BRDA:16,1,0,0
BRDA:19,2,0,0
BRDA:22,3,0,0
BRDA:34,4,0,0
BRDA:34,4,1,0
BRDA:42,5,0,0
BRDA:72,6,0,0
BRDA:72,6,1,0
BRDA:83,7,0,0
BRDA:87,8,0,0
BRDA:93,9,0,0
BRDA:93,9,1,0
BRDA:109,10,0,0
BRDA:109,10,1,0
BRF:15
BRH:0
end_of_record
TN:
SF:src\services\stickers\sticker.service.ts
FN:3,(anonymous_8)
FN:3,(anonymous_9)
FN:10,(anonymous_10)
FN:10,(anonymous_11)
FNF:4
FNH:0
FNDA:0,(anonymous_8)
FNDA:0,(anonymous_9)
FNDA:0,(anonymous_10)
FNDA:0,(anonymous_11)
DA:1,21
DA:3,21
DA:4,0
DA:10,21
DA:11,0
DA:12,0
DA:14,21
LF:7
LH:4
BRF:0
BRH:0
end_of_record
TN:
SF:src\services\story\story.service.ts
FN:8,(anonymous_8)
FN:8,(anonymous_9)
FN:26,(anonymous_10)
FN:26,(anonymous_11)
FN:43,(anonymous_12)
FN:43,(anonymous_13)
FN:58,(anonymous_14)
FN:58,(anonymous_15)
FN:111,(anonymous_16)
FN:111,(anonymous_17)
FN:127,(anonymous_18)
FN:127,(anonymous_19)
FN:143,(anonymous_20)
FN:143,(anonymous_21)
FN:176,(anonymous_22)
FN:176,(anonymous_23)
FN:190,(anonymous_24)
FN:190,(anonymous_25)
FN:195,(anonymous_26)
FN:218,(anonymous_27)
FN:242,(anonymous_28)
FN:242,(anonymous_29)
FN:246,(anonymous_30)
FN:273,(anonymous_31)
FN:273,(anonymous_32)
FN:290,(anonymous_33)
FN:300,(anonymous_34)
FN:300,(anonymous_35)
FNF:28
FNH:0
FNDA:0,(anonymous_8)
FNDA:0,(anonymous_9)
FNDA:0,(anonymous_10)
FNDA:0,(anonymous_11)
FNDA:0,(anonymous_12)
FNDA:0,(anonymous_13)
FNDA:0,(anonymous_14)
FNDA:0,(anonymous_15)
FNDA:0,(anonymous_16)
FNDA:0,(anonymous_17)
FNDA:0,(anonymous_18)
FNDA:0,(anonymous_19)
FNDA:0,(anonymous_20)
FNDA:0,(anonymous_21)
FNDA:0,(anonymous_22)
FNDA:0,(anonymous_23)
FNDA:0,(anonymous_24)
FNDA:0,(anonymous_25)
FNDA:0,(anonymous_26)
FNDA:0,(anonymous_27)
FNDA:0,(anonymous_28)
FNDA:0,(anonymous_29)
FNDA:0,(anonymous_30)
FNDA:0,(anonymous_31)
FNDA:0,(anonymous_32)
FNDA:0,(anonymous_33)
FNDA:0,(anonymous_34)
FNDA:0,(anonymous_35)
DA:1,21
DA:2,21
DA:4,21
DA:5,21
DA:8,21
DA:9,0
DA:10,0
DA:14,0
DA:20,0
DA:22,0
DA:26,21
DA:27,0
DA:28,0
DA:37,0
DA:39,0
DA:43,21
DA:44,0
DA:45,0
DA:51,0
DA:52,0
DA:54,0
DA:58,21
DA:59,0
DA:61,0
DA:69,0
DA:80,0
DA:81,0
DA:91,0
DA:92,0
DA:103,0
DA:104,0
DA:107,0
DA:111,21
DA:112,0
DA:113,0
DA:121,0
DA:122,0
DA:124,0
DA:127,21
DA:128,0
DA:129,0
DA:137,0
DA:138,0
DA:140,0
DA:143,21
DA:144,0
DA:145,0
DA:158,0
DA:159,0
DA:169,0
DA:171,0
DA:176,21
DA:177,0
DA:178,0
DA:184,0
DA:186,0
DA:190,21
DA:192,0
DA:193,0
DA:194,0
DA:195,0
DA:197,0
DA:218,0
DA:219,0
DA:232,0
DA:237,0
DA:242,21
DA:243,0
DA:244,0
DA:245,0
DA:246,0
DA:247,0
DA:267,0
DA:269,0
DA:273,21
DA:274,0
DA:275,0
DA:290,0
DA:297,0
DA:300,21
DA:301,0
DA:302,0
DA:307,0
DA:308,0
DA:310,0
DA:314,21
DA:315,21
DA:316,21
DA:317,21
DA:318,21
DA:319,21
DA:320,21
DA:321,21
DA:322,21
DA:323,21
DA:324,21
DA:325,21
LF:97
LH:28
BRDA:17,0,0,0
BRDA:17,0,1,0
BRDA:17,1,0,0
BRDA:17,1,1,0
BRDA:37,2,0,0
BRDA:51,3,0,0
BRDA:80,4,0,0
BRDA:80,4,1,0
BRDA:80,5,0,0
BRDA:80,5,1,0
BRDA:80,6,0,0
BRDA:80,6,1,0
BRDA:80,7,0,0
BRDA:80,7,1,0
BRDA:91,8,0,0
BRDA:91,9,0,0
BRDA:91,9,1,0
BRDA:91,10,0,0
BRDA:91,10,1,0
BRDA:91,11,0,0
BRDA:91,11,1,0
BRDA:103,12,0,0
BRDA:121,13,0,0
BRDA:137,14,0,0
BRDA:158,15,0,0
BRDA:307,16,0,0
BRDA:307,17,0,0
BRDA:307,17,1,0
BRF:28
BRH:0
end_of_record
TN:
SF:src\services\user\block.service.ts
FN:4,(anonymous_8)
FN:4,(anonymous_9)
FN:12,(anonymous_10)
FNF:3
FNH:3
FNDA:3,(anonymous_8)
FNDA:3,(anonymous_9)
FNDA:2,(anonymous_10)
DA:1,22
DA:2,22
DA:4,22
DA:5,3
DA:6,3
DA:7,2
DA:12,22
DA:13,2
DA:14,1
DA:18,22
LF:10
LH:10
BRDA:6,0,0,2
BRDA:13,1,0,1
BRF:2
BRH:2
end_of_record
TN:
SF:src\services\user\redis.service.ts
FN:5,(anonymous_8)
FN:5,(anonymous_9)
FN:11,(anonymous_10)
FN:11,(anonymous_11)
FNF:4
FNH:0
FNDA:0,(anonymous_8)
FNDA:0,(anonymous_9)
FNDA:0,(anonymous_10)
FNDA:0,(anonymous_11)
DA:1,21
DA:5,21
DA:6,0
DA:7,0
DA:8,0
DA:11,21
DA:12,0
DA:13,0
DA:14,0
DA:18,21
LF:10
LH:4
BRDA:13,0,0,0
BRF:1
BRH:0
end_of_record
TN:
SF:src\services\user\user.service.ts
FN:9,(anonymous_8)
FN:9,(anonymous_9)
FN:21,(anonymous_10)
FN:21,(anonymous_11)
FN:37,(anonymous_12)
FN:37,(anonymous_13)
FN:54,(anonymous_14)
FN:54,(anonymous_15)
FN:68,(anonymous_16)
FN:68,(anonymous_17)
FN:93,(anonymous_18)
FN:93,(anonymous_19)
FN:112,(anonymous_20)
FN:112,(anonymous_21)
FN:127,(anonymous_22)
FN:127,(anonymous_23)
FN:143,(anonymous_24)
FN:143,(anonymous_25)
FN:151,(anonymous_26)
FN:151,(anonymous_27)
FN:164,(anonymous_28)
FN:164,(anonymous_29)
FN:177,(anonymous_30)
FN:177,(anonymous_31)
FN:190,(anonymous_32)
FN:190,(anonymous_33)
FN:203,(anonymous_34)
FN:203,(anonymous_35)
FN:217,(anonymous_36)
FN:217,(anonymous_37)
FN:231,(anonymous_38)
FN:231,(anonymous_39)
FN:237,(anonymous_40)
FN:246,(anonymous_41)
FN:246,(anonymous_42)
FN:253,(anonymous_43)
FN:264,(anonymous_44)
FN:264,(anonymous_45)
FN:270,(anonymous_46)
FN:276,(anonymous_47)
FN:276,(anonymous_48)
FN:288,(anonymous_49)
FN:288,(anonymous_50)
FN:303,(anonymous_51)
FN:303,(anonymous_52)
FN:319,(anonymous_53)
FN:319,(anonymous_54)
FNF:47
FNH:22
FNDA:2,(anonymous_8)
FNDA:2,(anonymous_9)
FNDA:3,(anonymous_10)
FNDA:3,(anonymous_11)
FNDA:3,(anonymous_12)
FNDA:3,(anonymous_13)
FNDA:3,(anonymous_14)
FNDA:3,(anonymous_15)
FNDA:2,(anonymous_16)
FNDA:2,(anonymous_17)
FNDA:0,(anonymous_18)
FNDA:0,(anonymous_19)
FNDA:0,(anonymous_20)
FNDA:0,(anonymous_21)
FNDA:3,(anonymous_22)
FNDA:3,(anonymous_23)
FNDA:0,(anonymous_24)
FNDA:0,(anonymous_25)
FNDA:0,(anonymous_26)
FNDA:0,(anonymous_27)
FNDA:2,(anonymous_28)
FNDA:2,(anonymous_29)
FNDA:2,(anonymous_30)
FNDA:2,(anonymous_31)
FNDA:2,(anonymous_32)
FNDA:2,(anonymous_33)
FNDA:0,(anonymous_34)
FNDA:0,(anonymous_35)
FNDA:0,(anonymous_36)
FNDA:0,(anonymous_37)
FNDA:0,(anonymous_38)
FNDA:0,(anonymous_39)
FNDA:0,(anonymous_40)
FNDA:0,(anonymous_41)
FNDA:0,(anonymous_42)
FNDA:0,(anonymous_43)
FNDA:0,(anonymous_44)
FNDA:0,(anonymous_45)
FNDA:0,(anonymous_46)
FNDA:0,(anonymous_47)
FNDA:0,(anonymous_48)
FNDA:0,(anonymous_49)
FNDA:0,(anonymous_50)
FNDA:2,(anonymous_51)
FNDA:2,(anonymous_52)
FNDA:6,(anonymous_53)
FNDA:6,(anonymous_54)
DA:1,51
DA:2,51
DA:3,51
DA:4,51
DA:5,51
DA:6,51
DA:9,51
DA:10,2
DA:11,2
DA:15,1
DA:17,1
DA:21,51
DA:22,3
DA:23,1
DA:26,2
DA:27,2
DA:31,1
DA:33,1
DA:37,51
DA:38,3
DA:39,1
DA:41,2
DA:42,2
DA:43,2
DA:47,1
DA:49,1
DA:54,51
DA:55,3
DA:56,3
DA:57,3
DA:61,1
DA:63,2
DA:68,51
DA:69,2
DA:88,2
DA:89,1
DA:91,1
DA:93,51
DA:94,0
DA:106,0
DA:107,0
DA:109,0
DA:112,51
DA:113,0
DA:114,0
DA:118,0
DA:119,0
DA:120,0
DA:122,0
DA:123,0
DA:127,51
DA:128,3
DA:129,1
DA:131,2
DA:132,2
DA:137,1
DA:139,1
DA:143,51
DA:144,0
DA:148,0
DA:149,0
DA:151,51
DA:152,0
DA:153,0
DA:158,0
DA:159,0
DA:161,0
DA:164,51
DA:165,2
DA:166,2
DA:171,1
DA:172,1
DA:174,0
DA:177,51
DA:178,2
DA:179,2
DA:184,1
DA:185,1
DA:187,0
DA:190,51
DA:191,2
DA:192,2
DA:197,1
DA:198,1
DA:200,0
DA:203,51
DA:204,0
DA:205,0
DA:209,0
DA:211,0
DA:212,0
DA:214,0
DA:217,51
DA:218,0
DA:219,0
DA:223,0
DA:225,0
DA:226,0
DA:228,0
DA:231,51
DA:232,0
DA:233,0
DA:237,0
DA:238,0
DA:240,0
DA:241,0
DA:243,0
DA:246,51
DA:247,0
DA:248,0
DA:253,0
DA:254,0
DA:255,0
DA:257,0
DA:258,0
DA:260,0
DA:264,51
DA:265,0
DA:266,0
DA:270,0
DA:272,0
DA:276,51
DA:277,0
DA:278,0
DA:282,0
DA:283,0
DA:285,0
DA:288,51
DA:289,0
DA:290,0
DA:294,0
DA:296,0
DA:297,0
DA:299,0
DA:303,51
DA:304,2
DA:315,2
DA:316,2
DA:319,51
DA:320,6
LF:140
LH:76
BRDA:22,0,0,1
BRDA:38,1,0,1
BRDA:88,2,0,1
BRDA:106,3,0,0
BRDA:118,4,0,0
BRDA:119,5,0,0
BRDA:128,6,0,1
BRDA:148,7,0,0
BRDA:158,8,0,0
BRDA:158,9,0,0
BRDA:158,9,1,0
BRDA:171,10,0,1
BRDA:171,11,0,1
BRDA:171,11,1,1
BRDA:184,12,0,1
BRDA:184,13,0,1
BRDA:184,13,1,1
BRDA:197,14,0,1
BRDA:197,15,0,1
BRDA:197,15,1,1
BRDA:209,16,0,0
BRDA:209,16,1,0
BRDA:209,17,0,0
BRDA:209,17,1,0
BRDA:211,18,0,0
BRDA:211,19,0,0
BRDA:211,19,1,0
BRDA:223,20,0,0
BRDA:223,20,1,0
BRDA:223,21,0,0
BRDA:223,21,1,0
BRDA:225,22,0,0
BRDA:225,23,0,0
BRDA:225,23,1,0
BRDA:240,24,0,0
BRDA:240,25,0,0
BRDA:240,25,1,0
BRDA:257,26,0,0
BRDA:257,27,0,0
BRDA:257,27,1,0
BRDA:282,28,0,0
BRDA:282,29,0,0
BRDA:282,29,1,0
BRDA:296,30,0,0
BRDA:296,31,0,0
BRDA:296,31,1,0
BRDA:315,32,0,0
BRF:47
BRH:13
end_of_record
TN:
SF:src\services\user\prisma\create.service.ts
FN:4,(anonymous_8)
FN:4,(anonymous_9)
FN:7,(anonymous_10)
FNF:3
FNH:3
FNDA:4,(anonymous_8)
FNDA:4,(anonymous_9)
FNDA:8,(anonymous_10)
DA:1,22
DA:2,22
DA:4,22
DA:5,4
DA:6,4
DA:8,8
DA:18,0
DA:22,22
LF:8
LH:7
BRF:0
BRH:0
end_of_record
TN:
SF:src\services\user\prisma\delete.service.ts
FN:3,(anonymous_8)
FN:3,(anonymous_9)
FNF:2
FNH:2
FNDA:2,(anonymous_8)
FNDA:2,(anonymous_9)
DA:1,22
DA:3,22
DA:4,2
DA:5,2
DA:12,0
DA:16,22
LF:6
LH:5
BRF:0
BRH:0
end_of_record
TN:
SF:src\services\user\prisma\find.service.ts
FN:4,(anonymous_8)
FN:4,(anonymous_9)
FN:22,(anonymous_10)
FN:22,(anonymous_11)
FNF:4
FNH:4
FNDA:2,(anonymous_8)
FNDA:2,(anonymous_9)
FNDA:2,(anonymous_10)
FNDA:2,(anonymous_11)
DA:1,23
DA:4,23
DA:5,2
DA:22,23
DA:23,2
DA:34,23
LF:6
LH:6
BRF:0
BRH:0
end_of_record
TN:
SF:src\services\user\prisma\update.service.ts
FN:4,(anonymous_8)
FN:4,(anonymous_9)
FN:22,(anonymous_10)
FN:22,(anonymous_11)
FNF:4
FNH:4
FNDA:3,(anonymous_8)
FNDA:3,(anonymous_9)
FNDA:2,(anonymous_10)
FNDA:2,(anonymous_11)
DA:1,22
DA:2,22
DA:4,22
DA:5,3
DA:6,3
DA:18,0
DA:22,22
DA:23,2
DA:24,2
DA:29,1
DA:34,22
LF:11
LH:10
BRF:0
BRH:0
end_of_record
TN:
SF:src\socket\web.socket.ts
FN:23,(anonymous_13)
FN:34,(anonymous_14)
FN:37,(anonymous_15)
FN:49,(anonymous_16)
FN:49,(anonymous_17)
FN:71,(anonymous_18)
FN:71,(anonymous_19)
FNF:7
FNH:1
FNDA:0,(anonymous_13)
FNDA:21,(anonymous_14)
FNDA:0,(anonymous_15)
FNDA:0,(anonymous_16)
FNDA:0,(anonymous_17)
FNDA:0,(anonymous_18)
FNDA:0,(anonymous_19)
DA:1,21
DA:3,21
DA:4,21
DA:5,21
DA:6,21
DA:7,21
DA:8,21
DA:9,21
DA:10,21
DA:11,21
DA:12,21
DA:15,21
DA:17,21
DA:23,21
DA:24,0
DA:25,0
DA:27,0
DA:28,0
DA:30,0
DA:34,21
DA:35,21
DA:38,0
DA:39,0
DA:41,0
DA:49,21
DA:50,0
DA:52,0
DA:53,0
DA:54,0
DA:55,0
DA:57,0
DA:59,0
DA:61,0
DA:63,0
DA:65,0
DA:67,0
DA:69,0
DA:71,0
DA:72,0
LF:39
LH:17
BRDA:27,0,0,0
BRDA:27,0,1,0
BRDA:38,1,0,0
BRDA:38,1,1,0
BRDA:53,2,0,0
BRDA:72,3,0,0
BRF:6
BRH:0
end_of_record
TN:
SF:src\socket\events\chat.events.ts
FN:7,(anonymous_13)
FN:10,(anonymous_14)
FN:10,(anonymous_15)
FNF:3
FNH:0
FNDA:0,(anonymous_13)
FNDA:0,(anonymous_14)
FNDA:0,(anonymous_15)
DA:2,21
DA:4,21
DA:5,21
DA:7,21
DA:8,0
DA:10,0
DA:11,0
DA:12,0
DA:13,0
LF:9
LH:4
BRDA:12,0,0,0
BRF:1
BRH:0
end_of_record
TN:
SF:src\socket\events\message.events.ts
FN:10,(anonymous_13)
FN:17,(anonymous_14)
FN:17,(anonymous_15)
FN:36,(anonymous_16)
FN:36,(anonymous_17)
FN:54,(anonymous_18)
FN:54,(anonymous_19)
FN:67,(anonymous_20)
FN:67,(anonymous_21)
FN:80,(anonymous_22)
FN:80,(anonymous_23)
FN:88,(anonymous_24)
FN:88,(anonymous_25)
FN:100,(anonymous_26)
FN:100,(anonymous_27)
FN:110,(anonymous_28)
FN:110,(anonymous_29)
FNF:17
FNH:0
FNDA:0,(anonymous_13)
FNDA:0,(anonymous_14)
FNDA:0,(anonymous_15)
FNDA:0,(anonymous_16)
FNDA:0,(anonymous_17)
FNDA:0,(anonymous_18)
FNDA:0,(anonymous_19)
FNDA:0,(anonymous_20)
FNDA:0,(anonymous_21)
FNDA:0,(anonymous_22)
FNDA:0,(anonymous_23)
FNDA:0,(anonymous_24)
FNDA:0,(anonymous_25)
FNDA:0,(anonymous_26)
FNDA:0,(anonymous_27)
FNDA:0,(anonymous_28)
FNDA:0,(anonymous_29)
DA:2,21
DA:4,21
DA:5,21
DA:6,21
DA:7,21
DA:8,21
DA:10,21
DA:15,0
DA:17,0
DA:18,0
DA:22,0
DA:23,0
DA:34,0
DA:36,0
DA:37,0
DA:42,0
DA:43,0
DA:52,0
DA:54,0
DA:55,0
DA:56,0
DA:57,0
DA:65,0
DA:67,0
DA:68,0
DA:69,0
DA:70,0
DA:78,0
DA:80,0
DA:81,0
DA:82,0
DA:86,0
DA:88,0
DA:89,0
DA:90,0
DA:91,0
DA:98,0
DA:100,0
DA:101,0
DA:102,0
DA:103,0
DA:108,0
DA:110,0
DA:111,0
DA:112,0
DA:113,0
LF:46
LH:7
BRDA:22,0,0,0
BRDA:42,1,0,0
BRDA:56,2,0,0
BRDA:69,3,0,0
BRDA:90,4,0,0
BRDA:102,5,0,0
BRDA:112,6,0,0
BRF:7
BRH:0
end_of_record
TN:
SF:src\socket\events\pfp.events.ts
FN:5,(anonymous_13)
FN:8,(anonymous_14)
FN:8,(anonymous_15)
FNF:3
FNH:0
FNDA:0,(anonymous_13)
FNDA:0,(anonymous_14)
FNDA:0,(anonymous_15)
DA:2,21
DA:3,21
DA:4,21
DA:5,21
DA:6,0
DA:8,0
DA:9,0
DA:10,0
DA:11,0
DA:12,0
LF:10
LH:4
BRDA:9,0,0,0
BRDA:11,1,0,0
BRF:2
BRH:0
end_of_record
TN:
SF:src\socket\events\status.events.ts
FN:8,(anonymous_13)
FN:11,(anonymous_14)
FN:11,(anonymous_15)
FNF:3
FNH:0
FNDA:0,(anonymous_13)
FNDA:0,(anonymous_14)
FNDA:0,(anonymous_15)
DA:2,21
DA:3,21
DA:8,21
DA:9,0
DA:11,0
DA:12,0
DA:13,0
LF:7
LH:3
BRDA:12,0,0,0
BRDA:12,1,0,0
BRDA:12,1,1,0
BRF:3
BRH:0
end_of_record
TN:
SF:src\socket\events\story.events.ts
FN:9,(anonymous_13)
FN:16,(anonymous_14)
FN:16,(anonymous_15)
FN:34,(anonymous_16)
FN:34,(anonymous_17)
FN:43,(anonymous_18)
FN:48,(anonymous_19)
FN:63,(anonymous_20)
FN:63,(anonymous_21)
FNF:9
FNH:0
FNDA:0,(anonymous_13)
FNDA:0,(anonymous_14)
FNDA:0,(anonymous_15)
FNDA:0,(anonymous_16)
FNDA:0,(anonymous_17)
FNDA:0,(anonymous_18)
FNDA:0,(anonymous_19)
FNDA:0,(anonymous_20)
FNDA:0,(anonymous_21)
DA:2,21
DA:4,21
DA:5,21
DA:9,21
DA:14,0
DA:16,0
DA:17,0
DA:18,0
DA:23,0
DA:24,0
DA:27,0
DA:32,0
DA:34,0
DA:35,0
DA:36,0
DA:40,0
DA:48,0
DA:49,0
DA:50,0
DA:61,0
DA:63,0
DA:64,0
DA:65,0
LF:23
LH:4
BRDA:23,0,0,0
BRDA:36,1,0,0
BRF:2
BRH:0
end_of_record
TN:
SF:src\socket\handlers\chat.handlers.ts
FN:4,(anonymous_7)
FN:9,(anonymous_8)
FNF:2
FNH:0
FNDA:0,(anonymous_7)
FNDA:0,(anonymous_8)
DA:2,21
DA:4,21
DA:9,0
DA:10,0
DA:11,0
DA:12,0
DA:15,0
LF:7
LH:2
BRF:0
BRH:0
end_of_record
TN:
SF:src\socket\handlers\connection.handlers.ts
FN:7,(anonymous_13)
FN:7,(anonymous_14)
FN:15,(anonymous_15)
FN:15,(anonymous_16)
FN:25,(anonymous_17)
FN:29,(anonymous_18)
FN:36,(anonymous_19)
FN:39,(anonymous_20)
FNF:8
FNH:0
FNDA:0,(anonymous_13)
FNDA:0,(anonymous_14)
FNDA:0,(anonymous_15)
FNDA:0,(anonymous_16)
FNDA:0,(anonymous_17)
FNDA:0,(anonymous_18)
FNDA:0,(anonymous_19)
FNDA:0,(anonymous_20)
DA:2,21
DA:3,21
DA:4,21
DA:5,21
DA:7,21
DA:9,0
DA:10,0
DA:11,0
DA:12,0
DA:15,21
DA:16,0
DA:17,0
DA:18,0
DA:19,0
DA:20,0
DA:25,21
DA:29,0
DA:30,0
DA:31,0
DA:32,0
DA:33,0
DA:36,21
DA:39,0
DA:40,0
DA:41,0
DA:42,0
DA:43,0
LF:27
LH:8
BRDA:10,0,0,0
BRDA:10,0,1,0
BRDA:11,1,0,0
BRDA:11,1,1,0
BRDA:18,2,0,0
BRDA:42,3,0,0
BRF:6
BRH:0
end_of_record
TN:
SF:src\socket\handlers\error.handler.ts
FN:3,(anonymous_7)
FN:4,(anonymous_8)
FNF:2
FNH:0
FNDA:0,(anonymous_7)
FNDA:0,(anonymous_8)
DA:3,21
DA:4,0
DA:5,0
DA:6,0
DA:7,0
DA:9,0
DA:10,0
DA:13,0
LF:8
LH:1
BRDA:5,0,0,0
BRDA:5,0,1,0
BRDA:9,1,0,0
BRDA:9,1,1,0
BRDA:10,2,0,0
BRDA:10,2,1,0
BRDA:14,3,0,0
BRDA:14,3,1,0
BRF:8
BRH:0
end_of_record
TN:
SF:src\socket\handlers\message.handlers.ts
FN:9,(anonymous_7)
FN:14,(anonymous_8)
FN:28,(anonymous_9)
FN:34,(anonymous_10)
FN:38,(anonymous_11)
FN:52,(anonymous_12)
FN:66,(anonymous_13)
FN:66,(anonymous_14)
FN:73,(anonymous_15)
FN:73,(anonymous_16)
FN:88,(anonymous_17)
FN:88,(anonymous_18)
FNF:12
FNH:0
FNDA:0,(anonymous_7)
FNDA:0,(anonymous_8)
FNDA:0,(anonymous_9)
FNDA:0,(anonymous_10)
FNDA:0,(anonymous_11)
FNDA:0,(anonymous_12)
FNDA:0,(anonymous_13)
FNDA:0,(anonymous_14)
FNDA:0,(anonymous_15)
FNDA:0,(anonymous_16)
FNDA:0,(anonymous_17)
FNDA:0,(anonymous_18)
DA:2,21
DA:3,21
DA:4,21
DA:5,21
DA:6,21
DA:9,21
DA:14,0
DA:15,0
DA:16,0
DA:18,0
DA:19,0
DA:20,0
DA:24,0
DA:28,21
DA:34,0
DA:35,0
DA:36,0
DA:38,0
DA:40,0
DA:42,0
DA:43,0
DA:44,0
DA:48,0
DA:52,21
DA:57,0
DA:58,0
DA:59,0
DA:60,0
DA:61,0
DA:66,21
DA:67,0
DA:68,0
DA:69,0
DA:73,21
DA:74,0
DA:75,0
DA:76,0
DA:78,0
DA:79,0
DA:81,0
DA:82,0
DA:84,0
DA:88,21
DA:89,0
DA:90,0
DA:91,0
DA:93,0
DA:94,0
DA:95,0
DA:96,0
DA:98,0
DA:100,0
LF:52
LH:11
BRDA:18,0,0,0
BRDA:42,1,0,0
BRDA:68,2,0,0
BRDA:76,3,0,0
BRDA:91,4,0,0
BRDA:95,5,0,0
BRF:6
BRH:0
end_of_record
TN:
SF:src\socket\handlers\pfp.handlers.ts
FN:8,(anonymous_13)
FN:8,(anonymous_14)
FN:15,(anonymous_15)
FN:20,(anonymous_16)
FNF:4
FNH:0
FNDA:0,(anonymous_13)
FNDA:0,(anonymous_14)
FNDA:0,(anonymous_15)
FNDA:0,(anonymous_16)
DA:2,21
DA:5,21
DA:6,21
DA:8,21
DA:10,0
DA:11,0
DA:12,0
DA:13,0
DA:15,21
DA:20,0
DA:21,0
DA:22,0
DA:23,0
DA:24,0
DA:25,0
DA:29,0
LF:16
LH:5
BRDA:11,0,0,0
BRDA:11,0,1,0
BRDA:12,1,0,0
BRDA:12,1,1,0
BRDA:23,2,0,0
BRF:5
BRH:0
end_of_record
TN:
SF:src\socket\handlers\story.handlers.ts
FN:8,(anonymous_14)
FN:8,(anonymous_15)
FN:32,(anonymous_16)
FN:36,(anonymous_17)
FN:49,(anonymous_18)
FN:53,(anonymous_19)
FN:71,(anonymous_20)
FN:71,(anonymous_21)
FN:90,(anonymous_22)
FN:94,(anonymous_23)
FN:108,(anonymous_24)
FN:112,(anonymous_25)
FN:127,(anonymous_26)
FN:131,(anonymous_27)
FNF:14
FNH:0
FNDA:0,(anonymous_14)
FNDA:0,(anonymous_15)
FNDA:0,(anonymous_16)
FNDA:0,(anonymous_17)
FNDA:0,(anonymous_18)
FNDA:0,(anonymous_19)
FNDA:0,(anonymous_20)
FNDA:0,(anonymous_21)
FNDA:0,(anonymous_22)
FNDA:0,(anonymous_23)
FNDA:0,(anonymous_24)
FNDA:0,(anonymous_25)
FNDA:0,(anonymous_26)
FNDA:0,(anonymous_27)
DA:2,21
DA:3,21
DA:4,21
DA:5,21
DA:8,21
DA:9,0
DA:11,0
DA:12,0
DA:14,0
DA:15,0
DA:17,0
DA:18,0
DA:20,0
DA:21,0
DA:23,0
DA:24,0
DA:26,0
DA:28,0
DA:32,21
DA:36,0
DA:37,0
DA:38,0
DA:39,0
DA:40,0
DA:41,0
DA:45,0
DA:49,21
DA:53,0
DA:54,0
DA:55,0
DA:56,0
DA:57,0
DA:67,0
DA:71,21
DA:72,0
DA:73,0
DA:74,0
DA:75,0
DA:76,0
DA:77,0
DA:78,0
DA:79,0
DA:80,0
DA:81,0
DA:82,0
DA:83,0
DA:86,0
DA:90,21
DA:94,0
DA:95,0
DA:96,0
DA:97,0
DA:98,0
DA:104,0
DA:108,21
DA:112,0
DA:113,0
DA:114,0
DA:115,0
DA:123,0
DA:127,21
DA:131,0
DA:132,0
DA:133,0
DA:141,21
LF:65
LH:12
BRDA:11,0,0,0
BRDA:11,0,1,0
BRDA:15,1,0,0
BRDA:15,1,1,0
BRDA:15,1,2,0
BRDA:39,2,0,0
BRDA:74,3,0,0
BRDA:77,4,0,0
BRF:8
BRH:0
end_of_record
TN:
SF:src\socket\utils\socket.utils.ts
FN:3,(anonymous_0)
FNF:1
FNH:0
FNDA:0,(anonymous_0)
DA:3,21
DA:9,0
DA:10,0
DA:11,0
DA:12,0
LF:5
LH:1
BRDA:9,0,0,0
BRDA:11,1,0,0
BRF:2
BRH:0
end_of_record
TN:
SF:src\validators\auth.ts
FN:5,(anonymous_1)
FN:14,(anonymous_2)
FN:37,(anonymous_3)
FN:60,(anonymous_4)
FN:81,(anonymous_5)
FN:105,(anonymous_6)
FN:128,(anonymous_7)
FN:151,(anonymous_8)
FN:170,(anonymous_9)
FNF:9
FNH:8
FNDA:0,(anonymous_1)
FNDA:6,(anonymous_2)
FNDA:6,(anonymous_3)
FNDA:5,(anonymous_4)
FNDA:6,(anonymous_5)
FNDA:6,(anonymous_6)
FNDA:8,(anonymous_7)
FNDA:4,(anonymous_8)
FNDA:5,(anonymous_9)
DA:1,59
DA:2,59
DA:3,59
DA:5,59
DA:6,0
DA:7,0
DA:8,0
DA:9,0
DA:10,0
DA:11,0
DA:12,0
DA:14,59
DA:15,6
DA:28,6
DA:32,6
DA:33,5
DA:37,59
DA:38,6
DA:51,6
DA:55,6
DA:56,5
DA:60,59
DA:61,5
DA:72,5
DA:76,5
DA:77,4
DA:81,59
DA:82,6
DA:93,6
DA:99,6
DA:100,5
DA:102,1
DA:105,59
DA:106,6
DA:119,6
DA:123,6
DA:124,5
DA:128,59
DA:129,8
DA:142,8
DA:146,8
DA:147,7
DA:151,59
DA:152,4
DA:161,4
DA:165,4
DA:166,3
DA:170,59
DA:171,5
DA:182,5
DA:186,5
DA:187,4
DA:192,59
DA:193,59
DA:194,59
DA:195,59
DA:196,59
DA:197,59
DA:198,59
DA:199,59
DA:200,59
LF:61
LH:54
BRDA:32,0,0,5
BRDA:55,1,0,5
BRDA:76,2,0,4
BRDA:99,3,0,5
BRDA:123,4,0,5
BRDA:146,5,0,7
BRDA:165,6,0,3
BRDA:186,7,0,4
BRF:8
BRH:8
end_of_record
TN:
SF:src\validators\chat.ts
FN:11,(anonymous_7)
FN:15,(anonymous_8)
FN:27,(anonymous_9)
FN:31,(anonymous_10)
FN:43,(anonymous_11)
FN:47,(anonymous_12)
FN:55,(anonymous_13)
FNF:7
FNH:7
FNDA:38,(anonymous_7)
FNDA:38,(anonymous_8)
FNDA:15,(anonymous_9)
FNDA:15,(anonymous_10)
FNDA:4,(anonymous_11)
FNDA:4,(anonymous_12)
FNDA:5,(anonymous_13)
DA:2,22
DA:11,22
DA:15,38
DA:16,38
DA:17,9
DA:18,9
DA:20,29
DA:21,11
DA:22,11
DA:24,18
DA:27,22
DA:31,15
DA:32,15
DA:33,6
DA:34,6
DA:36,9
DA:37,1
DA:38,1
DA:40,8
DA:43,22
DA:47,4
DA:48,4
DA:49,2
DA:50,2
DA:52,2
DA:55,22
DA:56,5
DA:57,5
DA:58,1
DA:60,4
DA:61,1
DA:63,3
DA:64,3
DA:65,1
LF:34
LH:34
BRDA:16,0,0,9
BRDA:17,1,0,9
BRDA:20,2,0,11
BRDA:21,3,0,9
BRDA:32,4,0,6
BRDA:33,5,0,2
BRDA:36,6,0,1
BRDA:37,7,0,1
BRDA:48,8,0,2
BRDA:49,9,0,1
BRDA:57,10,0,1
BRDA:60,11,0,1
BRDA:63,12,0,3
BRDA:64,13,0,1
BRF:14
BRH:14
end_of_record
TN:
SF:src\validators\phone.ts
FN:4,checkPhoneNumber
FNF:1
FNH:1
FNDA:5,checkPhoneNumber
DA:1,60
DA:2,60
DA:5,5
DA:6,5
DA:7,2
DA:9,3
DA:10,3
DA:11,2
DA:13,1
DA:14,1
DA:15,0
DA:17,1
DA:20,60
LF:13
LH:12
BRDA:6,0,0,2
BRDA:10,1,0,2
BRDA:14,2,0,0
BRF:3
BRH:2
end_of_record
TN:
SF:src\validators\socket.ts
FN:6,(anonymous_7)
FN:6,(anonymous_8)
FNF:2
FNH:0
FNDA:0,(anonymous_7)
FNDA:0,(anonymous_8)
DA:3,21
DA:4,21
DA:6,21
DA:7,0
DA:8,0
DA:9,0
DA:10,0
DA:11,0
DA:12,0
DA:14,0
LF:10
LH:3
BRDA:9,0,0,0
BRDA:9,0,1,0
BRDA:11,1,0,0
BRDA:11,1,1,0
BRF:4
BRH:0
end_of_record
TN:
SF:src\validators\user.ts
FN:4,(anonymous_1)
FN:29,(anonymous_2)
FNF:2
FNH:2
FNDA:5,(anonymous_1)
FNDA:3,(anonymous_2)
DA:1,22
DA:2,22
DA:4,22
DA:5,5
DA:21,5
DA:24,5
DA:25,4
DA:29,22
DA:30,3
DA:36,3
DA:39,3
DA:40,2
DA:44,22
LF:13
LH:13
BRDA:24,0,0,4
BRDA:39,1,0,2
BRF:2
BRH:2
end_of_record
